[0.030s] Invoking command in '/home/otavio/scicobot_rasp/src/build/scicobot_encoder': /usr/bin/cmake /home/otavio/scicobot_rasp/src/scicobot_encoder -DCMAKE_INSTALL_PREFIX=/home/otavio/scicobot_rasp/src/install/scicobot_encoder
[0.154s] -- The C compiler identification is GNU 9.3.0
[0.249s] -- The CXX compiler identification is GNU 9.3.0
[0.258s] -- Check for working C compiler: /usr/bin/cc
[0.364s] -- Check for working C compiler: /usr/bin/cc -- works
[0.366s] -- Detecting C compiler ABI info
[0.462s] -- Detecting C compiler ABI info - done
[0.484s] -- Detecting C compile features
[0.484s] -- Detecting C compile features - done
[0.488s] -- Check for working CXX compiler: /usr/bin/c++
[0.588s] -- Check for working CXX compiler: /usr/bin/c++ -- works
[0.590s] -- Detecting CXX compiler ABI info
[0.698s] -- Detecting CXX compiler ABI info - done
[0.716s] -- Detecting CXX compile features
[0.717s] -- Detecting CXX compile features - done
[0.733s] CMake Error at CMakeLists.txt:13 (find_package):
[0.734s]   By not providing "Findament_cmake.cmake" in CMAKE_MODULE_PATH this project
[0.734s]   has asked CMake to find a package configuration file provided by
[0.734s]   "ament_cmake", but CMake did not find one.
[0.734s] 
[0.734s]   Could not find a package configuration file provided by "ament_cmake" with
[0.734s]   any of the following names:
[0.734s] 
[0.734s]     ament_cmakeConfig.cmake
[0.737s]     ament_cmake-config.cmake
[0.738s] 
[0.738s]   Add the installation prefix of "ament_cmake" to CMAKE_PREFIX_PATH or set
[0.738s]   "ament_cmake_DIR" to a directory containing one of the above files.  If
[0.738s]   "ament_cmake" provides a separate development package or SDK, be sure it
[0.738s]   has been installed.
[0.739s] 
[0.739s] 
[0.740s] -- Configuring incomplete, errors occurred!
[0.740s] See also "/home/otavio/scicobot_rasp/src/build/scicobot_encoder/CMakeFiles/CMakeOutput.log".
[0.744s] Invoked command in '/home/otavio/scicobot_rasp/src/build/scicobot_encoder' returned '1': /usr/bin/cmake /home/otavio/scicobot_rasp/src/scicobot_encoder -DCMAKE_INSTALL_PREFIX=/home/otavio/scicobot_rasp/src/install/scicobot_encoder
