[0.034s] Invoking command in '/home/otavio/scicobot_rasp/build/scicobot_encoder': CMAKE_PREFIX_PATH=/opt/ros/foxy /usr/bin/cmake --build /home/otavio/scicobot_rasp/build/scicobot_encoder -- -j4 -l4
[0.139s] [100%] Built target listener_encoder
[0.155s] Invoked command in '/home/otavio/scicobot_rasp/build/scicobot_encoder' returned '0': CMAKE_PREFIX_PATH=/opt/ros/foxy /usr/bin/cmake --build /home/otavio/scicobot_rasp/build/scicobot_encoder -- -j4 -l4
[0.200s] Invoking command in '/home/otavio/scicobot_rasp/build/scicobot_encoder': CMAKE_PREFIX_PATH=/opt/ros/foxy /usr/bin/cmake --install /home/otavio/scicobot_rasp/build/scicobot_encoder
[0.212s] -- Install configuration: ""
[0.212s] -- Installing: /home/otavio/scicobot_rasp/install/scicobot_encoder/lib/scicobot_encoder/listener_encoder
[0.216s] -- Set runtime path of "/home/otavio/scicobot_rasp/install/scicobot_encoder/lib/scicobot_encoder/listener_encoder" to ""
[0.218s] -- Installing: /home/otavio/scicobot_rasp/install/scicobot_encoder/share/ament_index/resource_index/package_run_dependencies/scicobot_encoder
[0.218s] -- Installing: /home/otavio/scicobot_rasp/install/scicobot_encoder/share/ament_index/resource_index/parent_prefix_path/scicobot_encoder
[0.219s] -- Installing: /home/otavio/scicobot_rasp/install/scicobot_encoder/share/scicobot_encoder/environment/ament_prefix_path.sh
[0.219s] -- Installing: /home/otavio/scicobot_rasp/install/scicobot_encoder/share/scicobot_encoder/environment/ament_prefix_path.dsv
[0.220s] -- Installing: /home/otavio/scicobot_rasp/install/scicobot_encoder/share/scicobot_encoder/environment/path.sh
[0.220s] -- Installing: /home/otavio/scicobot_rasp/install/scicobot_encoder/share/scicobot_encoder/environment/path.dsv
[0.220s] -- Installing: /home/otavio/scicobot_rasp/install/scicobot_encoder/share/scicobot_encoder/local_setup.bash
[0.220s] -- Installing: /home/otavio/scicobot_rasp/install/scicobot_encoder/share/scicobot_encoder/local_setup.sh
[0.220s] -- Installing: /home/otavio/scicobot_rasp/install/scicobot_encoder/share/scicobot_encoder/local_setup.zsh
[0.220s] -- Installing: /home/otavio/scicobot_rasp/install/scicobot_encoder/share/scicobot_encoder/local_setup.dsv
[0.220s] -- Installing: /home/otavio/scicobot_rasp/install/scicobot_encoder/share/scicobot_encoder/package.dsv
[0.221s] -- Installing: /home/otavio/scicobot_rasp/install/scicobot_encoder/share/ament_index/resource_index/packages/scicobot_encoder
[0.221s] -- Installing: /home/otavio/scicobot_rasp/install/scicobot_encoder/share/scicobot_encoder/cmake/scicobot_encoderConfig.cmake
[0.221s] -- Installing: /home/otavio/scicobot_rasp/install/scicobot_encoder/share/scicobot_encoder/cmake/scicobot_encoderConfig-version.cmake
[0.222s] -- Installing: /home/otavio/scicobot_rasp/install/scicobot_encoder/share/scicobot_encoder/package.xml
[0.253s] Invoked command in '/home/otavio/scicobot_rasp/build/scicobot_encoder' returned '0': CMAKE_PREFIX_PATH=/opt/ros/foxy /usr/bin/cmake --install /home/otavio/scicobot_rasp/build/scicobot_encoder
