[0.048s] Invoking command in '/home/otavio/scicobot_rasp/build/scicobot_ultrasonic': CMAKE_PREFIX_PATH=/opt/ros/foxy /usr/bin/cmake /home/otavio/scicobot_rasp/src/scicobot_ultrasonic -DCMAKE_INSTALL_PREFIX=/home/otavio/scicobot_rasp/install/scicobot_ultrasonic
[1.465s] -- The C compiler identification is GNU 9.3.0
[2.106s] -- The CXX compiler identification is GNU 9.3.0
[2.114s] -- Check for working C compiler: /usr/bin/cc
[2.232s] -- Check for working C compiler: /usr/bin/cc -- works
[2.233s] -- Detecting C compiler ABI info
[2.312s] -- Detecting C compiler ABI info - done
[2.323s] -- Detecting C compile features
[2.323s] -- Detecting C compile features - done
[2.326s] -- Check for working CXX compiler: /usr/bin/c++
[2.416s] -- Check for working CXX compiler: /usr/bin/c++ -- works
[2.417s] -- Detecting CXX compiler ABI info
[2.511s] -- Detecting CXX compiler ABI info - done
[2.523s] -- Detecting CXX compile features
[2.524s] -- Detecting CXX compile features - done
[2.577s] -- Found ament_cmake: 0.9.9 (/opt/ros/foxy/share/ament_cmake/cmake)
[2.633s] -- Found PythonInterp: /usr/bin/python3 (found suitable version "3.8.10", minimum required is "3") 
[2.633s] -- Using PYTHON_EXECUTABLE: /usr/bin/python3
[2.884s] -- Found rclcpp: 2.4.0 (/opt/ros/foxy/share/rclcpp/cmake)
[3.046s] -- Using all available rosidl_typesupport_c: rosidl_typesupport_fastrtps_c;rosidl_typesupport_introspection_c
[3.071s] -- Found rosidl_adapter: 1.2.1 (/opt/ros/foxy/share/rosidl_adapter/cmake)
[3.592s] -- Found OpenSSL: /usr/lib/x86_64-linux-gnu/libcrypto.so (found version "1.1.1f")  
[3.625s] -- Found FastRTPS: /opt/ros/foxy/include  
[3.854s] -- Using all available rosidl_typesupport_cpp: rosidl_typesupport_fastrtps_cpp;rosidl_typesupport_introspection_cpp
[3.946s] -- Found rmw_implementation_cmake: 1.0.3 (/opt/ros/foxy/share/rmw_implementation_cmake/cmake)
[3.949s] -- Using RMW implementation 'rmw_fastrtps_cpp' as default
[3.965s] -- Looking for pthread.h
[4.424s] -- Looking for pthread.h - found
[4.424s] -- Performing Test CMAKE_HAVE_LIBC_PTHREAD
[4.535s] -- Performing Test CMAKE_HAVE_LIBC_PTHREAD - Failed
[4.535s] -- Looking for pthread_create in pthreads
[4.610s] -- Looking for pthread_create in pthreads - not found
[4.611s] -- Looking for pthread_create in pthread
[4.691s] -- Looking for pthread_create in pthread - found
[4.692s] -- Found Threads: TRUE  
[5.177s] -- Configuring done
[5.187s] -- Generating done
[5.189s] -- Build files have been written to: /home/otavio/scicobot_rasp/build/scicobot_ultrasonic
