[0.128s] DEBUG:colcon:Command line arguments: ['/usr/bin/colcon', 'build']
[0.128s] DEBUG:colcon:Parsed command line arguments: Namespace(allow_overriding=[], ament_cmake_args=None, base_paths=['.'], build_base='build', catkin_cmake_args=None, catkin_skip_building_tests=False, cmake_args=None, cmake_clean_cache=False, cmake_clean_first=False, cmake_force_configure=False, cmake_target=None, cmake_target_skip_unavailable=False, continue_on_error=False, event_handlers=None, executor='parallel', ignore_user_meta=False, install_base='install', log_base=None, log_level=None, main=<bound method BuildVerb.main of <colcon_core.verb.build.BuildVerb object at 0x7f2beeedf280>>, merge_install=False, metas=['./colcon.meta'], packages_above=None, packages_above_and_dependencies=None, packages_above_depth=None, packages_end=None, packages_ignore=None, packages_ignore_regex=None, packages_select=None, packages_select_build_failed=False, packages_select_by_dep=None, packages_select_regex=None, packages_select_test_failures=False, packages_skip=None, packages_skip_build_finished=False, packages_skip_by_dep=None, packages_skip_regex=None, packages_skip_test_passed=False, packages_skip_up_to=None, packages_start=None, packages_up_to=None, packages_up_to_regex=None, parallel_workers=4, paths=None, symlink_install=False, test_result_base=None, verb_extension=<colcon_core.verb.build.BuildVerb object at 0x7f2beeedf280>, verb_name='build', verb_parser=<colcon_defaults.argument_parser.defaults.DefaultArgumentsDecorator object at 0x7f2beeedf7c0>)
[0.132s] Level 1:colcon.colcon_core.package_discovery:discover_packages(colcon_meta) check parameters
[0.132s] Level 1:colcon.colcon_core.package_discovery:discover_packages(recursive) check parameters
[0.132s] Level 1:colcon.colcon_core.package_discovery:discover_packages(ignore) check parameters
[0.133s] Level 1:colcon.colcon_core.package_discovery:discover_packages(path) check parameters
[0.133s] Level 1:colcon.colcon_core.package_discovery:discover_packages(colcon_meta) discover
[0.133s] Level 1:colcon.colcon_core.package_discovery:discover_packages(recursive) discover
[0.133s] INFO:colcon.colcon_core.package_discovery:Crawling recursively for packages in '/home/otavio/excluir/scicobot_rasp'
[0.133s] Level 1:colcon.colcon_core.package_identification:_identify(.) by extensions ['ignore', 'ignore_ament_install']
[0.133s] Level 1:colcon.colcon_core.package_identification:_identify(.) by extension 'ignore'
[0.133s] Level 1:colcon.colcon_core.package_identification:_identify(.) by extension 'ignore_ament_install'
[0.133s] Level 1:colcon.colcon_core.package_identification:_identify(.) by extensions ['colcon_pkg']
[0.133s] Level 1:colcon.colcon_core.package_identification:_identify(.) by extension 'colcon_pkg'
[0.133s] Level 1:colcon.colcon_core.package_identification:_identify(.) by extensions ['colcon_meta']
[0.133s] Level 1:colcon.colcon_core.package_identification:_identify(.) by extension 'colcon_meta'
[0.133s] Level 1:colcon.colcon_core.package_identification:_identify(.) by extensions ['ros']
[0.133s] Level 1:colcon.colcon_core.package_identification:_identify(.) by extension 'ros'
[0.143s] Level 1:colcon.colcon_core.package_identification:_identify(.) by extensions ['cmake', 'python']
[0.144s] Level 1:colcon.colcon_core.package_identification:_identify(.) by extension 'cmake'
[0.144s] Level 1:colcon.colcon_core.package_identification:_identify(.) by extension 'python'
[0.144s] Level 1:colcon.colcon_core.package_identification:_identify(.) by extensions ['python_setup_py']
[0.144s] Level 1:colcon.colcon_core.package_identification:_identify(.) by extension 'python_setup_py'
[0.144s] Level 1:colcon.colcon_core.package_identification:_identify(build) by extensions ['ignore', 'ignore_ament_install']
[0.144s] Level 1:colcon.colcon_core.package_identification:_identify(build) by extension 'ignore'
[0.144s] Level 1:colcon.colcon_core.package_identification:_identify(build) ignored
[0.144s] Level 1:colcon.colcon_core.package_identification:_identify(install) by extensions ['ignore', 'ignore_ament_install']
[0.144s] Level 1:colcon.colcon_core.package_identification:_identify(install) by extension 'ignore'
[0.144s] Level 1:colcon.colcon_core.package_identification:_identify(install) ignored
[0.144s] Level 1:colcon.colcon_core.package_identification:_identify(log) by extensions ['ignore', 'ignore_ament_install']
[0.144s] Level 1:colcon.colcon_core.package_identification:_identify(log) by extension 'ignore'
[0.144s] Level 1:colcon.colcon_core.package_identification:_identify(log) ignored
[0.144s] Level 1:colcon.colcon_core.package_identification:_identify(src) by extensions ['ignore', 'ignore_ament_install']
[0.145s] Level 1:colcon.colcon_core.package_identification:_identify(src) by extension 'ignore'
[0.145s] Level 1:colcon.colcon_core.package_identification:_identify(src) by extension 'ignore_ament_install'
[0.145s] Level 1:colcon.colcon_core.package_identification:_identify(src) by extensions ['colcon_pkg']
[0.145s] Level 1:colcon.colcon_core.package_identification:_identify(src) by extension 'colcon_pkg'
[0.145s] Level 1:colcon.colcon_core.package_identification:_identify(src) by extensions ['colcon_meta']
[0.145s] Level 1:colcon.colcon_core.package_identification:_identify(src) by extension 'colcon_meta'
[0.145s] Level 1:colcon.colcon_core.package_identification:_identify(src) by extensions ['ros']
[0.145s] Level 1:colcon.colcon_core.package_identification:_identify(src) by extension 'ros'
[0.145s] Level 1:colcon.colcon_core.package_identification:_identify(src) by extensions ['cmake', 'python']
[0.145s] Level 1:colcon.colcon_core.package_identification:_identify(src) by extension 'cmake'
[0.145s] Level 1:colcon.colcon_core.package_identification:_identify(src) by extension 'python'
[0.145s] Level 1:colcon.colcon_core.package_identification:_identify(src) by extensions ['python_setup_py']
[0.145s] Level 1:colcon.colcon_core.package_identification:_identify(src) by extension 'python_setup_py'
[0.145s] Level 1:colcon.colcon_core.package_identification:_identify(src/publisher_teste) by extensions ['ignore', 'ignore_ament_install']
[0.145s] Level 1:colcon.colcon_core.package_identification:_identify(src/publisher_teste) by extension 'ignore'
[0.145s] Level 1:colcon.colcon_core.package_identification:_identify(src/publisher_teste) by extension 'ignore_ament_install'
[0.145s] Level 1:colcon.colcon_core.package_identification:_identify(src/publisher_teste) by extensions ['colcon_pkg']
[0.145s] Level 1:colcon.colcon_core.package_identification:_identify(src/publisher_teste) by extension 'colcon_pkg'
[0.145s] Level 1:colcon.colcon_core.package_identification:_identify(src/publisher_teste) by extensions ['colcon_meta']
[0.145s] Level 1:colcon.colcon_core.package_identification:_identify(src/publisher_teste) by extension 'colcon_meta'
[0.145s] Level 1:colcon.colcon_core.package_identification:_identify(src/publisher_teste) by extensions ['ros']
[0.145s] Level 1:colcon.colcon_core.package_identification:_identify(src/publisher_teste) by extension 'ros'
[0.148s] DEBUG:colcon.colcon_core.package_identification:Package 'src/publisher_teste' with type 'ros.ament_cmake' and name 'publisher_teste'
[0.148s] Level 1:colcon.colcon_core.package_identification:_identify(src/scicobot_encoder) by extensions ['ignore', 'ignore_ament_install']
[0.148s] Level 1:colcon.colcon_core.package_identification:_identify(src/scicobot_encoder) by extension 'ignore'
[0.148s] Level 1:colcon.colcon_core.package_identification:_identify(src/scicobot_encoder) by extension 'ignore_ament_install'
[0.148s] Level 1:colcon.colcon_core.package_identification:_identify(src/scicobot_encoder) by extensions ['colcon_pkg']
[0.148s] Level 1:colcon.colcon_core.package_identification:_identify(src/scicobot_encoder) by extension 'colcon_pkg'
[0.148s] Level 1:colcon.colcon_core.package_identification:_identify(src/scicobot_encoder) by extensions ['colcon_meta']
[0.148s] Level 1:colcon.colcon_core.package_identification:_identify(src/scicobot_encoder) by extension 'colcon_meta'
[0.148s] Level 1:colcon.colcon_core.package_identification:_identify(src/scicobot_encoder) by extensions ['ros']
[0.148s] Level 1:colcon.colcon_core.package_identification:_identify(src/scicobot_encoder) by extension 'ros'
[0.149s] DEBUG:colcon.colcon_core.package_identification:Package 'src/scicobot_encoder' with type 'ros.ament_cmake' and name 'scicobot_encoder'
[0.149s] Level 1:colcon.colcon_core.package_identification:_identify(src/scicobot_move_on) by extensions ['ignore', 'ignore_ament_install']
[0.149s] Level 1:colcon.colcon_core.package_identification:_identify(src/scicobot_move_on) by extension 'ignore'
[0.149s] Level 1:colcon.colcon_core.package_identification:_identify(src/scicobot_move_on) by extension 'ignore_ament_install'
[0.149s] Level 1:colcon.colcon_core.package_identification:_identify(src/scicobot_move_on) by extensions ['colcon_pkg']
[0.149s] Level 1:colcon.colcon_core.package_identification:_identify(src/scicobot_move_on) by extension 'colcon_pkg'
[0.149s] Level 1:colcon.colcon_core.package_identification:_identify(src/scicobot_move_on) by extensions ['colcon_meta']
[0.149s] Level 1:colcon.colcon_core.package_identification:_identify(src/scicobot_move_on) by extension 'colcon_meta'
[0.149s] Level 1:colcon.colcon_core.package_identification:_identify(src/scicobot_move_on) by extensions ['ros']
[0.149s] Level 1:colcon.colcon_core.package_identification:_identify(src/scicobot_move_on) by extension 'ros'
[0.150s] DEBUG:colcon.colcon_core.package_identification:Package 'src/scicobot_move_on' with type 'ros.ament_cmake' and name 'scicobot_move_on'
[0.150s] Level 1:colcon.colcon_core.package_identification:_identify(src/scicobot_ultrasonic) by extensions ['ignore', 'ignore_ament_install']
[0.150s] Level 1:colcon.colcon_core.package_identification:_identify(src/scicobot_ultrasonic) by extension 'ignore'
[0.150s] Level 1:colcon.colcon_core.package_identification:_identify(src/scicobot_ultrasonic) by extension 'ignore_ament_install'
[0.150s] Level 1:colcon.colcon_core.package_identification:_identify(src/scicobot_ultrasonic) by extensions ['colcon_pkg']
[0.150s] Level 1:colcon.colcon_core.package_identification:_identify(src/scicobot_ultrasonic) by extension 'colcon_pkg'
[0.150s] Level 1:colcon.colcon_core.package_identification:_identify(src/scicobot_ultrasonic) by extensions ['colcon_meta']
[0.150s] Level 1:colcon.colcon_core.package_identification:_identify(src/scicobot_ultrasonic) by extension 'colcon_meta'
[0.150s] Level 1:colcon.colcon_core.package_identification:_identify(src/scicobot_ultrasonic) by extensions ['ros']
[0.150s] Level 1:colcon.colcon_core.package_identification:_identify(src/scicobot_ultrasonic) by extension 'ros'
[0.151s] DEBUG:colcon.colcon_core.package_identification:Package 'src/scicobot_ultrasonic' with type 'ros.ament_cmake' and name 'scicobot_ultrasonic'
[0.151s] Level 1:colcon.colcon_core.package_identification:_identify(src/test_cooperation_rasp) by extensions ['ignore', 'ignore_ament_install']
[0.151s] Level 1:colcon.colcon_core.package_identification:_identify(src/test_cooperation_rasp) by extension 'ignore'
[0.151s] Level 1:colcon.colcon_core.package_identification:_identify(src/test_cooperation_rasp) by extension 'ignore_ament_install'
[0.151s] Level 1:colcon.colcon_core.package_identification:_identify(src/test_cooperation_rasp) by extensions ['colcon_pkg']
[0.151s] Level 1:colcon.colcon_core.package_identification:_identify(src/test_cooperation_rasp) by extension 'colcon_pkg'
[0.151s] Level 1:colcon.colcon_core.package_identification:_identify(src/test_cooperation_rasp) by extensions ['colcon_meta']
[0.151s] Level 1:colcon.colcon_core.package_identification:_identify(src/test_cooperation_rasp) by extension 'colcon_meta'
[0.151s] Level 1:colcon.colcon_core.package_identification:_identify(src/test_cooperation_rasp) by extensions ['ros']
[0.151s] Level 1:colcon.colcon_core.package_identification:_identify(src/test_cooperation_rasp) by extension 'ros'
[0.152s] DEBUG:colcon.colcon_core.package_identification:Package 'src/test_cooperation_rasp' with type 'ros.ament_cmake' and name 'test_cooperation_rasp'
[0.152s] Level 1:colcon.colcon_core.package_identification:_identify(src/test_cooperation_scicobot) by extensions ['ignore', 'ignore_ament_install']
[0.152s] Level 1:colcon.colcon_core.package_identification:_identify(src/test_cooperation_scicobot) by extension 'ignore'
[0.152s] Level 1:colcon.colcon_core.package_identification:_identify(src/test_cooperation_scicobot) by extension 'ignore_ament_install'
[0.152s] Level 1:colcon.colcon_core.package_identification:_identify(src/test_cooperation_scicobot) by extensions ['colcon_pkg']
[0.152s] Level 1:colcon.colcon_core.package_identification:_identify(src/test_cooperation_scicobot) by extension 'colcon_pkg'
[0.152s] Level 1:colcon.colcon_core.package_identification:_identify(src/test_cooperation_scicobot) by extensions ['colcon_meta']
[0.152s] Level 1:colcon.colcon_core.package_identification:_identify(src/test_cooperation_scicobot) by extension 'colcon_meta'
[0.152s] Level 1:colcon.colcon_core.package_identification:_identify(src/test_cooperation_scicobot) by extensions ['ros']
[0.152s] Level 1:colcon.colcon_core.package_identification:_identify(src/test_cooperation_scicobot) by extension 'ros'
[0.153s] DEBUG:colcon.colcon_core.package_identification:Package 'src/test_cooperation_scicobot' with type 'ros.ament_cmake' and name 'test_cooperation_scicobot'
[0.153s] Level 1:colcon.colcon_core.package_identification:_identify(src/teste) by extensions ['ignore', 'ignore_ament_install']
[0.153s] Level 1:colcon.colcon_core.package_identification:_identify(src/teste) by extension 'ignore'
[0.153s] Level 1:colcon.colcon_core.package_identification:_identify(src/teste) by extension 'ignore_ament_install'
[0.153s] Level 1:colcon.colcon_core.package_identification:_identify(src/teste) by extensions ['colcon_pkg']
[0.153s] Level 1:colcon.colcon_core.package_identification:_identify(src/teste) by extension 'colcon_pkg'
[0.153s] Level 1:colcon.colcon_core.package_identification:_identify(src/teste) by extensions ['colcon_meta']
[0.153s] Level 1:colcon.colcon_core.package_identification:_identify(src/teste) by extension 'colcon_meta'
[0.153s] Level 1:colcon.colcon_core.package_identification:_identify(src/teste) by extensions ['ros']
[0.153s] Level 1:colcon.colcon_core.package_identification:_identify(src/teste) by extension 'ros'
[0.154s] DEBUG:colcon.colcon_core.package_identification:Package 'src/teste' with type 'ros.ament_cmake' and name 'teste'
[0.154s] Level 1:colcon.colcon_core.package_discovery:discover_packages(recursive) using defaults
[0.154s] Level 1:colcon.colcon_core.package_discovery:discover_packages(ignore) discover
[0.154s] Level 1:colcon.colcon_core.package_discovery:discover_packages(ignore) using defaults
[0.154s] Level 1:colcon.colcon_core.package_discovery:discover_packages(path) discover
[0.154s] Level 1:colcon.colcon_core.package_discovery:discover_packages(path) using defaults
[0.170s] Level 5:colcon.colcon_core.verb:set package 'publisher_teste' build argument 'cmake_args' from command line to 'None'
[0.170s] Level 5:colcon.colcon_core.verb:set package 'publisher_teste' build argument 'cmake_target' from command line to 'None'
[0.170s] Level 5:colcon.colcon_core.verb:set package 'publisher_teste' build argument 'cmake_target_skip_unavailable' from command line to 'False'
[0.170s] Level 5:colcon.colcon_core.verb:set package 'publisher_teste' build argument 'cmake_clean_cache' from command line to 'False'
[0.170s] Level 5:colcon.colcon_core.verb:set package 'publisher_teste' build argument 'cmake_clean_first' from command line to 'False'
[0.170s] Level 5:colcon.colcon_core.verb:set package 'publisher_teste' build argument 'cmake_force_configure' from command line to 'False'
[0.170s] Level 5:colcon.colcon_core.verb:set package 'publisher_teste' build argument 'ament_cmake_args' from command line to 'None'
[0.170s] Level 5:colcon.colcon_core.verb:set package 'publisher_teste' build argument 'catkin_cmake_args' from command line to 'None'
[0.170s] Level 5:colcon.colcon_core.verb:set package 'publisher_teste' build argument 'catkin_skip_building_tests' from command line to 'False'
[0.170s] DEBUG:colcon.colcon_core.verb:Building package 'publisher_teste' with the following arguments: {'ament_cmake_args': None, 'build_base': '/home/otavio/excluir/scicobot_rasp/build/publisher_teste', 'catkin_cmake_args': None, 'catkin_skip_building_tests': False, 'cmake_args': None, 'cmake_clean_cache': False, 'cmake_clean_first': False, 'cmake_force_configure': False, 'cmake_target': None, 'cmake_target_skip_unavailable': False, 'install_base': '/home/otavio/excluir/scicobot_rasp/install/publisher_teste', 'merge_install': False, 'path': '/home/otavio/excluir/scicobot_rasp/src/publisher_teste', 'symlink_install': False, 'test_result_base': None}
[0.171s] Level 5:colcon.colcon_core.verb:set package 'scicobot_encoder' build argument 'cmake_args' from command line to 'None'
[0.171s] Level 5:colcon.colcon_core.verb:set package 'scicobot_encoder' build argument 'cmake_target' from command line to 'None'
[0.171s] Level 5:colcon.colcon_core.verb:set package 'scicobot_encoder' build argument 'cmake_target_skip_unavailable' from command line to 'False'
[0.171s] Level 5:colcon.colcon_core.verb:set package 'scicobot_encoder' build argument 'cmake_clean_cache' from command line to 'False'
[0.171s] Level 5:colcon.colcon_core.verb:set package 'scicobot_encoder' build argument 'cmake_clean_first' from command line to 'False'
[0.171s] Level 5:colcon.colcon_core.verb:set package 'scicobot_encoder' build argument 'cmake_force_configure' from command line to 'False'
[0.171s] Level 5:colcon.colcon_core.verb:set package 'scicobot_encoder' build argument 'ament_cmake_args' from command line to 'None'
[0.171s] Level 5:colcon.colcon_core.verb:set package 'scicobot_encoder' build argument 'catkin_cmake_args' from command line to 'None'
[0.171s] Level 5:colcon.colcon_core.verb:set package 'scicobot_encoder' build argument 'catkin_skip_building_tests' from command line to 'False'
[0.171s] DEBUG:colcon.colcon_core.verb:Building package 'scicobot_encoder' with the following arguments: {'ament_cmake_args': None, 'build_base': '/home/otavio/excluir/scicobot_rasp/build/scicobot_encoder', 'catkin_cmake_args': None, 'catkin_skip_building_tests': False, 'cmake_args': None, 'cmake_clean_cache': False, 'cmake_clean_first': False, 'cmake_force_configure': False, 'cmake_target': None, 'cmake_target_skip_unavailable': False, 'install_base': '/home/otavio/excluir/scicobot_rasp/install/scicobot_encoder', 'merge_install': False, 'path': '/home/otavio/excluir/scicobot_rasp/src/scicobot_encoder', 'symlink_install': False, 'test_result_base': None}
[0.172s] Level 5:colcon.colcon_core.verb:set package 'scicobot_move_on' build argument 'cmake_args' from command line to 'None'
[0.172s] Level 5:colcon.colcon_core.verb:set package 'scicobot_move_on' build argument 'cmake_target' from command line to 'None'
[0.172s] Level 5:colcon.colcon_core.verb:set package 'scicobot_move_on' build argument 'cmake_target_skip_unavailable' from command line to 'False'
[0.172s] Level 5:colcon.colcon_core.verb:set package 'scicobot_move_on' build argument 'cmake_clean_cache' from command line to 'False'
[0.172s] Level 5:colcon.colcon_core.verb:set package 'scicobot_move_on' build argument 'cmake_clean_first' from command line to 'False'
[0.172s] Level 5:colcon.colcon_core.verb:set package 'scicobot_move_on' build argument 'cmake_force_configure' from command line to 'False'
[0.172s] Level 5:colcon.colcon_core.verb:set package 'scicobot_move_on' build argument 'ament_cmake_args' from command line to 'None'
[0.172s] Level 5:colcon.colcon_core.verb:set package 'scicobot_move_on' build argument 'catkin_cmake_args' from command line to 'None'
[0.172s] Level 5:colcon.colcon_core.verb:set package 'scicobot_move_on' build argument 'catkin_skip_building_tests' from command line to 'False'
[0.172s] DEBUG:colcon.colcon_core.verb:Building package 'scicobot_move_on' with the following arguments: {'ament_cmake_args': None, 'build_base': '/home/otavio/excluir/scicobot_rasp/build/scicobot_move_on', 'catkin_cmake_args': None, 'catkin_skip_building_tests': False, 'cmake_args': None, 'cmake_clean_cache': False, 'cmake_clean_first': False, 'cmake_force_configure': False, 'cmake_target': None, 'cmake_target_skip_unavailable': False, 'install_base': '/home/otavio/excluir/scicobot_rasp/install/scicobot_move_on', 'merge_install': False, 'path': '/home/otavio/excluir/scicobot_rasp/src/scicobot_move_on', 'symlink_install': False, 'test_result_base': None}
[0.173s] Level 5:colcon.colcon_core.verb:set package 'scicobot_ultrasonic' build argument 'cmake_args' from command line to 'None'
[0.173s] Level 5:colcon.colcon_core.verb:set package 'scicobot_ultrasonic' build argument 'cmake_target' from command line to 'None'
[0.173s] Level 5:colcon.colcon_core.verb:set package 'scicobot_ultrasonic' build argument 'cmake_target_skip_unavailable' from command line to 'False'
[0.173s] Level 5:colcon.colcon_core.verb:set package 'scicobot_ultrasonic' build argument 'cmake_clean_cache' from command line to 'False'
[0.173s] Level 5:colcon.colcon_core.verb:set package 'scicobot_ultrasonic' build argument 'cmake_clean_first' from command line to 'False'
[0.173s] Level 5:colcon.colcon_core.verb:set package 'scicobot_ultrasonic' build argument 'cmake_force_configure' from command line to 'False'
[0.173s] Level 5:colcon.colcon_core.verb:set package 'scicobot_ultrasonic' build argument 'ament_cmake_args' from command line to 'None'
[0.173s] Level 5:colcon.colcon_core.verb:set package 'scicobot_ultrasonic' build argument 'catkin_cmake_args' from command line to 'None'
[0.173s] Level 5:colcon.colcon_core.verb:set package 'scicobot_ultrasonic' build argument 'catkin_skip_building_tests' from command line to 'False'
[0.173s] DEBUG:colcon.colcon_core.verb:Building package 'scicobot_ultrasonic' with the following arguments: {'ament_cmake_args': None, 'build_base': '/home/otavio/excluir/scicobot_rasp/build/scicobot_ultrasonic', 'catkin_cmake_args': None, 'catkin_skip_building_tests': False, 'cmake_args': None, 'cmake_clean_cache': False, 'cmake_clean_first': False, 'cmake_force_configure': False, 'cmake_target': None, 'cmake_target_skip_unavailable': False, 'install_base': '/home/otavio/excluir/scicobot_rasp/install/scicobot_ultrasonic', 'merge_install': False, 'path': '/home/otavio/excluir/scicobot_rasp/src/scicobot_ultrasonic', 'symlink_install': False, 'test_result_base': None}
[0.173s] Level 5:colcon.colcon_core.verb:set package 'test_cooperation_rasp' build argument 'cmake_args' from command line to 'None'
[0.173s] Level 5:colcon.colcon_core.verb:set package 'test_cooperation_rasp' build argument 'cmake_target' from command line to 'None'
[0.174s] Level 5:colcon.colcon_core.verb:set package 'test_cooperation_rasp' build argument 'cmake_target_skip_unavailable' from command line to 'False'
[0.174s] Level 5:colcon.colcon_core.verb:set package 'test_cooperation_rasp' build argument 'cmake_clean_cache' from command line to 'False'
[0.174s] Level 5:colcon.colcon_core.verb:set package 'test_cooperation_rasp' build argument 'cmake_clean_first' from command line to 'False'
[0.174s] Level 5:colcon.colcon_core.verb:set package 'test_cooperation_rasp' build argument 'cmake_force_configure' from command line to 'False'
[0.174s] Level 5:colcon.colcon_core.verb:set package 'test_cooperation_rasp' build argument 'ament_cmake_args' from command line to 'None'
[0.174s] Level 5:colcon.colcon_core.verb:set package 'test_cooperation_rasp' build argument 'catkin_cmake_args' from command line to 'None'
[0.174s] Level 5:colcon.colcon_core.verb:set package 'test_cooperation_rasp' build argument 'catkin_skip_building_tests' from command line to 'False'
[0.174s] DEBUG:colcon.colcon_core.verb:Building package 'test_cooperation_rasp' with the following arguments: {'ament_cmake_args': None, 'build_base': '/home/otavio/excluir/scicobot_rasp/build/test_cooperation_rasp', 'catkin_cmake_args': None, 'catkin_skip_building_tests': False, 'cmake_args': None, 'cmake_clean_cache': False, 'cmake_clean_first': False, 'cmake_force_configure': False, 'cmake_target': None, 'cmake_target_skip_unavailable': False, 'install_base': '/home/otavio/excluir/scicobot_rasp/install/test_cooperation_rasp', 'merge_install': False, 'path': '/home/otavio/excluir/scicobot_rasp/src/test_cooperation_rasp', 'symlink_install': False, 'test_result_base': None}
[0.174s] Level 5:colcon.colcon_core.verb:set package 'test_cooperation_scicobot' build argument 'cmake_args' from command line to 'None'
[0.174s] Level 5:colcon.colcon_core.verb:set package 'test_cooperation_scicobot' build argument 'cmake_target' from command line to 'None'
[0.174s] Level 5:colcon.colcon_core.verb:set package 'test_cooperation_scicobot' build argument 'cmake_target_skip_unavailable' from command line to 'False'
[0.174s] Level 5:colcon.colcon_core.verb:set package 'test_cooperation_scicobot' build argument 'cmake_clean_cache' from command line to 'False'
[0.174s] Level 5:colcon.colcon_core.verb:set package 'test_cooperation_scicobot' build argument 'cmake_clean_first' from command line to 'False'
[0.174s] Level 5:colcon.colcon_core.verb:set package 'test_cooperation_scicobot' build argument 'cmake_force_configure' from command line to 'False'
[0.174s] Level 5:colcon.colcon_core.verb:set package 'test_cooperation_scicobot' build argument 'ament_cmake_args' from command line to 'None'
[0.174s] Level 5:colcon.colcon_core.verb:set package 'test_cooperation_scicobot' build argument 'catkin_cmake_args' from command line to 'None'
[0.174s] Level 5:colcon.colcon_core.verb:set package 'test_cooperation_scicobot' build argument 'catkin_skip_building_tests' from command line to 'False'
[0.174s] DEBUG:colcon.colcon_core.verb:Building package 'test_cooperation_scicobot' with the following arguments: {'ament_cmake_args': None, 'build_base': '/home/otavio/excluir/scicobot_rasp/build/test_cooperation_scicobot', 'catkin_cmake_args': None, 'catkin_skip_building_tests': False, 'cmake_args': None, 'cmake_clean_cache': False, 'cmake_clean_first': False, 'cmake_force_configure': False, 'cmake_target': None, 'cmake_target_skip_unavailable': False, 'install_base': '/home/otavio/excluir/scicobot_rasp/install/test_cooperation_scicobot', 'merge_install': False, 'path': '/home/otavio/excluir/scicobot_rasp/src/test_cooperation_scicobot', 'symlink_install': False, 'test_result_base': None}
[0.175s] Level 5:colcon.colcon_core.verb:set package 'teste' build argument 'cmake_args' from command line to 'None'
[0.175s] Level 5:colcon.colcon_core.verb:set package 'teste' build argument 'cmake_target' from command line to 'None'
[0.175s] Level 5:colcon.colcon_core.verb:set package 'teste' build argument 'cmake_target_skip_unavailable' from command line to 'False'
[0.175s] Level 5:colcon.colcon_core.verb:set package 'teste' build argument 'cmake_clean_cache' from command line to 'False'
[0.175s] Level 5:colcon.colcon_core.verb:set package 'teste' build argument 'cmake_clean_first' from command line to 'False'
[0.175s] Level 5:colcon.colcon_core.verb:set package 'teste' build argument 'cmake_force_configure' from command line to 'False'
[0.175s] Level 5:colcon.colcon_core.verb:set package 'teste' build argument 'ament_cmake_args' from command line to 'None'
[0.175s] Level 5:colcon.colcon_core.verb:set package 'teste' build argument 'catkin_cmake_args' from command line to 'None'
[0.175s] Level 5:colcon.colcon_core.verb:set package 'teste' build argument 'catkin_skip_building_tests' from command line to 'False'
[0.175s] DEBUG:colcon.colcon_core.verb:Building package 'teste' with the following arguments: {'ament_cmake_args': None, 'build_base': '/home/otavio/excluir/scicobot_rasp/build/teste', 'catkin_cmake_args': None, 'catkin_skip_building_tests': False, 'cmake_args': None, 'cmake_clean_cache': False, 'cmake_clean_first': False, 'cmake_force_configure': False, 'cmake_target': None, 'cmake_target_skip_unavailable': False, 'install_base': '/home/otavio/excluir/scicobot_rasp/install/teste', 'merge_install': False, 'path': '/home/otavio/excluir/scicobot_rasp/src/teste', 'symlink_install': False, 'test_result_base': None}
[0.178s] INFO:colcon.colcon_core.executor:Executing jobs using 'parallel' executor
[0.180s] DEBUG:colcon.colcon_parallel_executor.executor.parallel:run_until_complete
[0.180s] INFO:colcon.colcon_ros.task.ament_cmake.build:Building ROS package in '/home/otavio/excluir/scicobot_rasp/src/publisher_teste' with build type 'ament_cmake'
[0.180s] INFO:colcon.colcon_cmake.task.cmake.build:Building CMake package in '/home/otavio/excluir/scicobot_rasp/src/publisher_teste'
[0.183s] INFO:colcon.colcon_core.plugin_system:Skipping extension 'colcon_core.shell.bat': Not used on non-Windows systems
[0.184s] INFO:colcon.colcon_core.shell:Skip shell extension 'powershell' for command environment: Not usable outside of PowerShell
[0.184s] DEBUG:colcon.colcon_core.shell:Skip shell extension 'dsv' for command environment
[0.187s] INFO:colcon.colcon_ros.task.ament_cmake.build:Building ROS package in '/home/otavio/excluir/scicobot_rasp/src/scicobot_encoder' with build type 'ament_cmake'
[0.188s] INFO:colcon.colcon_cmake.task.cmake.build:Building CMake package in '/home/otavio/excluir/scicobot_rasp/src/scicobot_encoder'
[0.189s] INFO:colcon.colcon_core.shell:Skip shell extension 'powershell' for command environment: Not usable outside of PowerShell
[0.189s] DEBUG:colcon.colcon_core.shell:Skip shell extension 'dsv' for command environment
[0.194s] INFO:colcon.colcon_ros.task.ament_cmake.build:Building ROS package in '/home/otavio/excluir/scicobot_rasp/src/scicobot_move_on' with build type 'ament_cmake'
[0.194s] INFO:colcon.colcon_cmake.task.cmake.build:Building CMake package in '/home/otavio/excluir/scicobot_rasp/src/scicobot_move_on'
[0.195s] INFO:colcon.colcon_core.shell:Skip shell extension 'powershell' for command environment: Not usable outside of PowerShell
[0.195s] DEBUG:colcon.colcon_core.shell:Skip shell extension 'dsv' for command environment
[0.200s] INFO:colcon.colcon_ros.task.ament_cmake.build:Building ROS package in '/home/otavio/excluir/scicobot_rasp/src/scicobot_ultrasonic' with build type 'ament_cmake'
[0.200s] INFO:colcon.colcon_cmake.task.cmake.build:Building CMake package in '/home/otavio/excluir/scicobot_rasp/src/scicobot_ultrasonic'
[0.201s] INFO:colcon.colcon_core.shell:Skip shell extension 'powershell' for command environment: Not usable outside of PowerShell
[0.201s] DEBUG:colcon.colcon_core.shell:Skip shell extension 'dsv' for command environment
[0.215s] DEBUG:colcon.colcon_core.event_handler.log_command:Invoking command in '/home/otavio/excluir/scicobot_rasp/build/publisher_teste': CMAKE_PREFIX_PATH=/opt/ros/foxy /usr/bin/cmake --build /home/otavio/excluir/scicobot_rasp/build/publisher_teste -- -j4 -l4
[0.221s] DEBUG:colcon.colcon_core.event_handler.log_command:Invoking command in '/home/otavio/excluir/scicobot_rasp/build/scicobot_encoder': CMAKE_PREFIX_PATH=/opt/ros/foxy /usr/bin/cmake --build /home/otavio/excluir/scicobot_rasp/build/scicobot_encoder -- -j4 -l4
[0.226s] DEBUG:colcon.colcon_core.event_handler.log_command:Invoking command in '/home/otavio/excluir/scicobot_rasp/build/scicobot_move_on': CMAKE_PREFIX_PATH=/opt/ros/foxy /usr/bin/cmake --build /home/otavio/excluir/scicobot_rasp/build/scicobot_move_on -- -j4 -l4
[0.236s] DEBUG:colcon.colcon_core.event_handler.log_command:Invoking command in '/home/otavio/excluir/scicobot_rasp/build/scicobot_ultrasonic': CMAKE_PREFIX_PATH=/opt/ros/foxy /usr/bin/cmake --build /home/otavio/excluir/scicobot_rasp/build/scicobot_ultrasonic -- -j4 -l4
[0.326s] DEBUG:colcon.colcon_core.event_handler.log_command:Invoked command in '/home/otavio/excluir/scicobot_rasp/build/scicobot_move_on' returned '0': CMAKE_PREFIX_PATH=/opt/ros/foxy /usr/bin/cmake --build /home/otavio/excluir/scicobot_rasp/build/scicobot_move_on -- -j4 -l4
[0.331s] DEBUG:colcon.colcon_core.event_handler.log_command:Invoked command in '/home/otavio/excluir/scicobot_rasp/build/publisher_teste' returned '0': CMAKE_PREFIX_PATH=/opt/ros/foxy /usr/bin/cmake --build /home/otavio/excluir/scicobot_rasp/build/publisher_teste -- -j4 -l4
[0.338s] DEBUG:colcon.colcon_core.event_handler.log_command:Invoked command in '/home/otavio/excluir/scicobot_rasp/build/scicobot_encoder' returned '0': CMAKE_PREFIX_PATH=/opt/ros/foxy /usr/bin/cmake --build /home/otavio/excluir/scicobot_rasp/build/scicobot_encoder -- -j4 -l4
[0.346s] DEBUG:colcon.colcon_core.event_handler.log_command:Invoked command in '/home/otavio/excluir/scicobot_rasp/build/scicobot_ultrasonic' returned '0': CMAKE_PREFIX_PATH=/opt/ros/foxy /usr/bin/cmake --build /home/otavio/excluir/scicobot_rasp/build/scicobot_ultrasonic -- -j4 -l4
[0.374s] DEBUG:colcon.colcon_core.event_handler.log_command:Invoking command in '/home/otavio/excluir/scicobot_rasp/build/scicobot_move_on': CMAKE_PREFIX_PATH=/opt/ros/foxy /usr/bin/cmake --install /home/otavio/excluir/scicobot_rasp/build/scicobot_move_on
[0.378s] DEBUG:colcon.colcon_core.event_handler.log_command:Invoking command in '/home/otavio/excluir/scicobot_rasp/build/publisher_teste': CMAKE_PREFIX_PATH=/opt/ros/foxy /usr/bin/cmake --install /home/otavio/excluir/scicobot_rasp/build/publisher_teste
[0.384s] DEBUG:colcon.colcon_core.event_handler.log_command:Invoking command in '/home/otavio/excluir/scicobot_rasp/build/scicobot_encoder': CMAKE_PREFIX_PATH=/opt/ros/foxy /usr/bin/cmake --install /home/otavio/excluir/scicobot_rasp/build/scicobot_encoder
[0.390s] DEBUG:colcon.colcon_core.event_handler.log_command:Invoking command in '/home/otavio/excluir/scicobot_rasp/build/scicobot_ultrasonic': CMAKE_PREFIX_PATH=/opt/ros/foxy /usr/bin/cmake --install /home/otavio/excluir/scicobot_rasp/build/scicobot_ultrasonic
[0.395s] Level 1:colcon.colcon_core.environment:create_environment_scripts_only(scicobot_move_on)
[0.395s] DEBUG:colcon.colcon_core.event_handler.log_command:Invoked command in '/home/otavio/excluir/scicobot_rasp/build/scicobot_move_on' returned '0': CMAKE_PREFIX_PATH=/opt/ros/foxy /usr/bin/cmake --install /home/otavio/excluir/scicobot_rasp/build/scicobot_move_on
[0.404s] Level 1:colcon.colcon_core.environment:checking '/home/otavio/excluir/scicobot_rasp/install/scicobot_move_on' for CMake module files
[0.404s] Level 1:colcon.colcon_core.environment:checking '/home/otavio/excluir/scicobot_rasp/install/scicobot_move_on' for CMake config files
[0.405s] Level 1:colcon.colcon_core.shell:create_environment_hook('scicobot_move_on', 'cmake_prefix_path')
[0.405s] INFO:colcon.colcon_core.shell:Creating environment hook '/home/otavio/excluir/scicobot_rasp/install/scicobot_move_on/share/scicobot_move_on/hook/cmake_prefix_path.ps1'
[0.406s] INFO:colcon.colcon_core.shell:Creating environment descriptor '/home/otavio/excluir/scicobot_rasp/install/scicobot_move_on/share/scicobot_move_on/hook/cmake_prefix_path.dsv'
[0.407s] INFO:colcon.colcon_core.shell:Creating environment hook '/home/otavio/excluir/scicobot_rasp/install/scicobot_move_on/share/scicobot_move_on/hook/cmake_prefix_path.sh'
[0.407s] Level 1:colcon.colcon_core.environment:checking '/home/otavio/excluir/scicobot_rasp/install/scicobot_move_on/lib'
[0.408s] Level 1:colcon.colcon_core.environment:checking '/home/otavio/excluir/scicobot_rasp/install/scicobot_move_on/bin'
[0.408s] Level 1:colcon.colcon_core.environment:checking '/home/otavio/excluir/scicobot_rasp/install/scicobot_move_on/lib/pkgconfig/scicobot_move_on.pc'
[0.408s] Level 1:colcon.colcon_core.environment:checking '/home/otavio/excluir/scicobot_rasp/install/scicobot_move_on/lib/python3.8/site-packages'
[0.409s] INFO:colcon.colcon_core.shell:Creating package script '/home/otavio/excluir/scicobot_rasp/install/scicobot_move_on/share/scicobot_move_on/package.ps1'
[0.409s] INFO:colcon.colcon_core.shell:Creating package descriptor '/home/otavio/excluir/scicobot_rasp/install/scicobot_move_on/share/scicobot_move_on/package.dsv'
[0.410s] INFO:colcon.colcon_core.shell:Creating package script '/home/otavio/excluir/scicobot_rasp/install/scicobot_move_on/share/scicobot_move_on/package.sh'
[0.410s] INFO:colcon.colcon_core.shell:Creating package script '/home/otavio/excluir/scicobot_rasp/install/scicobot_move_on/share/scicobot_move_on/package.bash'
[0.411s] INFO:colcon.colcon_core.shell:Creating package script '/home/otavio/excluir/scicobot_rasp/install/scicobot_move_on/share/scicobot_move_on/package.zsh'
[0.412s] Level 1:colcon.colcon_core.environment:create_file_with_runtime_dependencies(/home/otavio/excluir/scicobot_rasp/install/scicobot_move_on/share/colcon-core/packages/scicobot_move_on)
[0.414s] Level 1:colcon.colcon_core.environment:create_environment_scripts_only(publisher_teste)
[0.416s] Level 1:colcon.colcon_core.environment:checking '/home/otavio/excluir/scicobot_rasp/install/publisher_teste' for CMake module files
[0.417s] DEBUG:colcon.colcon_core.event_handler.log_command:Invoked command in '/home/otavio/excluir/scicobot_rasp/build/publisher_teste' returned '0': CMAKE_PREFIX_PATH=/opt/ros/foxy /usr/bin/cmake --install /home/otavio/excluir/scicobot_rasp/build/publisher_teste
[0.417s] Level 1:colcon.colcon_core.environment:checking '/home/otavio/excluir/scicobot_rasp/install/publisher_teste' for CMake config files
[0.418s] Level 1:colcon.colcon_core.shell:create_environment_hook('publisher_teste', 'cmake_prefix_path')
[0.418s] INFO:colcon.colcon_core.shell:Creating environment hook '/home/otavio/excluir/scicobot_rasp/install/publisher_teste/share/publisher_teste/hook/cmake_prefix_path.ps1'
[0.419s] INFO:colcon.colcon_core.shell:Creating environment descriptor '/home/otavio/excluir/scicobot_rasp/install/publisher_teste/share/publisher_teste/hook/cmake_prefix_path.dsv'
[0.419s] INFO:colcon.colcon_core.shell:Creating environment hook '/home/otavio/excluir/scicobot_rasp/install/publisher_teste/share/publisher_teste/hook/cmake_prefix_path.sh'
[0.420s] Level 1:colcon.colcon_core.environment:checking '/home/otavio/excluir/scicobot_rasp/install/publisher_teste/lib'
[0.420s] Level 1:colcon.colcon_core.environment:checking '/home/otavio/excluir/scicobot_rasp/install/publisher_teste/bin'
[0.420s] Level 1:colcon.colcon_core.environment:checking '/home/otavio/excluir/scicobot_rasp/install/publisher_teste/lib/pkgconfig/publisher_teste.pc'
[0.421s] Level 1:colcon.colcon_core.environment:checking '/home/otavio/excluir/scicobot_rasp/install/publisher_teste/lib/python3.8/site-packages'
[0.421s] INFO:colcon.colcon_core.shell:Creating package script '/home/otavio/excluir/scicobot_rasp/install/publisher_teste/share/publisher_teste/package.ps1'
[0.422s] INFO:colcon.colcon_core.shell:Creating package descriptor '/home/otavio/excluir/scicobot_rasp/install/publisher_teste/share/publisher_teste/package.dsv'
[0.422s] INFO:colcon.colcon_core.shell:Creating package script '/home/otavio/excluir/scicobot_rasp/install/publisher_teste/share/publisher_teste/package.sh'
[0.423s] INFO:colcon.colcon_core.shell:Creating package script '/home/otavio/excluir/scicobot_rasp/install/publisher_teste/share/publisher_teste/package.bash'
[0.423s] INFO:colcon.colcon_core.shell:Creating package script '/home/otavio/excluir/scicobot_rasp/install/publisher_teste/share/publisher_teste/package.zsh'
[0.423s] Level 1:colcon.colcon_core.environment:create_file_with_runtime_dependencies(/home/otavio/excluir/scicobot_rasp/install/publisher_teste/share/colcon-core/packages/publisher_teste)
[0.428s] Level 1:colcon.colcon_core.environment:create_environment_scripts_only(scicobot_encoder)
[0.429s] Level 1:colcon.colcon_core.environment:checking '/home/otavio/excluir/scicobot_rasp/install/scicobot_encoder' for CMake module files
[0.430s] DEBUG:colcon.colcon_core.event_handler.log_command:Invoked command in '/home/otavio/excluir/scicobot_rasp/build/scicobot_encoder' returned '0': CMAKE_PREFIX_PATH=/opt/ros/foxy /usr/bin/cmake --install /home/otavio/excluir/scicobot_rasp/build/scicobot_encoder
[0.431s] Level 1:colcon.colcon_core.environment:checking '/home/otavio/excluir/scicobot_rasp/install/scicobot_encoder' for CMake config files
[0.431s] Level 1:colcon.colcon_core.shell:create_environment_hook('scicobot_encoder', 'cmake_prefix_path')
[0.432s] INFO:colcon.colcon_core.shell:Creating environment hook '/home/otavio/excluir/scicobot_rasp/install/scicobot_encoder/share/scicobot_encoder/hook/cmake_prefix_path.ps1'
[0.433s] INFO:colcon.colcon_core.shell:Creating environment descriptor '/home/otavio/excluir/scicobot_rasp/install/scicobot_encoder/share/scicobot_encoder/hook/cmake_prefix_path.dsv'
[0.433s] INFO:colcon.colcon_core.shell:Creating environment hook '/home/otavio/excluir/scicobot_rasp/install/scicobot_encoder/share/scicobot_encoder/hook/cmake_prefix_path.sh'
[0.434s] Level 1:colcon.colcon_core.environment:checking '/home/otavio/excluir/scicobot_rasp/install/scicobot_encoder/lib'
[0.434s] Level 1:colcon.colcon_core.environment:checking '/home/otavio/excluir/scicobot_rasp/install/scicobot_encoder/bin'
[0.434s] Level 1:colcon.colcon_core.environment:checking '/home/otavio/excluir/scicobot_rasp/install/scicobot_encoder/lib/pkgconfig/scicobot_encoder.pc'
[0.434s] Level 1:colcon.colcon_core.environment:checking '/home/otavio/excluir/scicobot_rasp/install/scicobot_encoder/lib/python3.8/site-packages'
[0.435s] INFO:colcon.colcon_core.shell:Creating package script '/home/otavio/excluir/scicobot_rasp/install/scicobot_encoder/share/scicobot_encoder/package.ps1'
[0.435s] INFO:colcon.colcon_core.shell:Creating package descriptor '/home/otavio/excluir/scicobot_rasp/install/scicobot_encoder/share/scicobot_encoder/package.dsv'
[0.436s] INFO:colcon.colcon_core.shell:Creating package script '/home/otavio/excluir/scicobot_rasp/install/scicobot_encoder/share/scicobot_encoder/package.sh'
[0.436s] INFO:colcon.colcon_core.shell:Creating package script '/home/otavio/excluir/scicobot_rasp/install/scicobot_encoder/share/scicobot_encoder/package.bash'
[0.437s] INFO:colcon.colcon_core.shell:Creating package script '/home/otavio/excluir/scicobot_rasp/install/scicobot_encoder/share/scicobot_encoder/package.zsh'
[0.437s] Level 1:colcon.colcon_core.environment:create_file_with_runtime_dependencies(/home/otavio/excluir/scicobot_rasp/install/scicobot_encoder/share/colcon-core/packages/scicobot_encoder)
[0.440s] Level 1:colcon.colcon_core.environment:create_environment_scripts_only(scicobot_ultrasonic)
[0.442s] Level 1:colcon.colcon_core.environment:checking '/home/otavio/excluir/scicobot_rasp/install/scicobot_ultrasonic' for CMake module files
[0.443s] DEBUG:colcon.colcon_core.event_handler.log_command:Invoked command in '/home/otavio/excluir/scicobot_rasp/build/scicobot_ultrasonic' returned '0': CMAKE_PREFIX_PATH=/opt/ros/foxy /usr/bin/cmake --install /home/otavio/excluir/scicobot_rasp/build/scicobot_ultrasonic
[0.444s] Level 1:colcon.colcon_core.environment:checking '/home/otavio/excluir/scicobot_rasp/install/scicobot_ultrasonic' for CMake config files
[0.444s] Level 1:colcon.colcon_core.shell:create_environment_hook('scicobot_ultrasonic', 'cmake_prefix_path')
[0.445s] INFO:colcon.colcon_core.shell:Creating environment hook '/home/otavio/excluir/scicobot_rasp/install/scicobot_ultrasonic/share/scicobot_ultrasonic/hook/cmake_prefix_path.ps1'
[0.446s] INFO:colcon.colcon_core.shell:Creating environment descriptor '/home/otavio/excluir/scicobot_rasp/install/scicobot_ultrasonic/share/scicobot_ultrasonic/hook/cmake_prefix_path.dsv'
[0.446s] INFO:colcon.colcon_core.shell:Creating environment hook '/home/otavio/excluir/scicobot_rasp/install/scicobot_ultrasonic/share/scicobot_ultrasonic/hook/cmake_prefix_path.sh'
[0.447s] Level 1:colcon.colcon_core.environment:checking '/home/otavio/excluir/scicobot_rasp/install/scicobot_ultrasonic/lib'
[0.447s] Level 1:colcon.colcon_core.environment:checking '/home/otavio/excluir/scicobot_rasp/install/scicobot_ultrasonic/bin'
[0.447s] Level 1:colcon.colcon_core.environment:checking '/home/otavio/excluir/scicobot_rasp/install/scicobot_ultrasonic/lib/pkgconfig/scicobot_ultrasonic.pc'
[0.447s] Level 1:colcon.colcon_core.environment:checking '/home/otavio/excluir/scicobot_rasp/install/scicobot_ultrasonic/lib/python3.8/site-packages'
[0.448s] INFO:colcon.colcon_core.shell:Creating package script '/home/otavio/excluir/scicobot_rasp/install/scicobot_ultrasonic/share/scicobot_ultrasonic/package.ps1'
[0.449s] INFO:colcon.colcon_core.shell:Creating package descriptor '/home/otavio/excluir/scicobot_rasp/install/scicobot_ultrasonic/share/scicobot_ultrasonic/package.dsv'
[0.449s] INFO:colcon.colcon_core.shell:Creating package script '/home/otavio/excluir/scicobot_rasp/install/scicobot_ultrasonic/share/scicobot_ultrasonic/package.sh'
[0.450s] INFO:colcon.colcon_core.shell:Creating package script '/home/otavio/excluir/scicobot_rasp/install/scicobot_ultrasonic/share/scicobot_ultrasonic/package.bash'
[0.450s] INFO:colcon.colcon_core.shell:Creating package script '/home/otavio/excluir/scicobot_rasp/install/scicobot_ultrasonic/share/scicobot_ultrasonic/package.zsh'
[0.451s] Level 1:colcon.colcon_core.environment:create_file_with_runtime_dependencies(/home/otavio/excluir/scicobot_rasp/install/scicobot_ultrasonic/share/colcon-core/packages/scicobot_ultrasonic)
[0.456s] Level 1:colcon.colcon_core.environment:create_environment_scripts_only(scicobot_move_on)
[0.458s] Level 1:colcon.colcon_core.environment:checking '/home/otavio/excluir/scicobot_rasp/install/scicobot_move_on' for CMake module files
[0.458s] Level 1:colcon.colcon_core.environment:checking '/home/otavio/excluir/scicobot_rasp/install/scicobot_move_on' for CMake config files
[0.459s] Level 1:colcon.colcon_core.shell:create_environment_hook('scicobot_move_on', 'cmake_prefix_path')
[0.460s] INFO:colcon.colcon_core.shell:Creating environment hook '/home/otavio/excluir/scicobot_rasp/install/scicobot_move_on/share/scicobot_move_on/hook/cmake_prefix_path.ps1'
[0.460s] INFO:colcon.colcon_core.shell:Creating environment descriptor '/home/otavio/excluir/scicobot_rasp/install/scicobot_move_on/share/scicobot_move_on/hook/cmake_prefix_path.dsv'
[0.461s] INFO:colcon.colcon_core.shell:Creating environment hook '/home/otavio/excluir/scicobot_rasp/install/scicobot_move_on/share/scicobot_move_on/hook/cmake_prefix_path.sh'
[0.462s] Level 1:colcon.colcon_core.environment:checking '/home/otavio/excluir/scicobot_rasp/install/scicobot_move_on/lib'
[0.462s] Level 1:colcon.colcon_core.environment:checking '/home/otavio/excluir/scicobot_rasp/install/scicobot_move_on/bin'
[0.462s] Level 1:colcon.colcon_core.environment:checking '/home/otavio/excluir/scicobot_rasp/install/scicobot_move_on/lib/pkgconfig/scicobot_move_on.pc'
[0.462s] Level 1:colcon.colcon_core.environment:checking '/home/otavio/excluir/scicobot_rasp/install/scicobot_move_on/lib/python3.8/site-packages'
[0.463s] INFO:colcon.colcon_core.shell:Creating package script '/home/otavio/excluir/scicobot_rasp/install/scicobot_move_on/share/scicobot_move_on/package.ps1'
[0.464s] INFO:colcon.colcon_core.shell:Creating package descriptor '/home/otavio/excluir/scicobot_rasp/install/scicobot_move_on/share/scicobot_move_on/package.dsv'
[0.464s] INFO:colcon.colcon_core.shell:Creating package script '/home/otavio/excluir/scicobot_rasp/install/scicobot_move_on/share/scicobot_move_on/package.sh'
[0.465s] INFO:colcon.colcon_core.shell:Creating package script '/home/otavio/excluir/scicobot_rasp/install/scicobot_move_on/share/scicobot_move_on/package.bash'
[0.465s] INFO:colcon.colcon_core.shell:Creating package script '/home/otavio/excluir/scicobot_rasp/install/scicobot_move_on/share/scicobot_move_on/package.zsh'
[0.465s] Level 1:colcon.colcon_core.environment:create_file_with_runtime_dependencies(/home/otavio/excluir/scicobot_rasp/install/scicobot_move_on/share/colcon-core/packages/scicobot_move_on)
[0.466s] Level 1:colcon.colcon_core.environment:create_environment_scripts_only(publisher_teste)
[0.467s] Level 1:colcon.colcon_core.environment:checking '/home/otavio/excluir/scicobot_rasp/install/publisher_teste' for CMake module files
[0.468s] Level 1:colcon.colcon_core.environment:checking '/home/otavio/excluir/scicobot_rasp/install/publisher_teste' for CMake config files
[0.468s] Level 1:colcon.colcon_core.shell:create_environment_hook('publisher_teste', 'cmake_prefix_path')
[0.469s] INFO:colcon.colcon_core.shell:Creating environment hook '/home/otavio/excluir/scicobot_rasp/install/publisher_teste/share/publisher_teste/hook/cmake_prefix_path.ps1'
[0.469s] INFO:colcon.colcon_core.shell:Creating environment descriptor '/home/otavio/excluir/scicobot_rasp/install/publisher_teste/share/publisher_teste/hook/cmake_prefix_path.dsv'
[0.470s] INFO:colcon.colcon_core.shell:Creating environment hook '/home/otavio/excluir/scicobot_rasp/install/publisher_teste/share/publisher_teste/hook/cmake_prefix_path.sh'
[0.470s] Level 1:colcon.colcon_core.environment:checking '/home/otavio/excluir/scicobot_rasp/install/publisher_teste/lib'
[0.470s] Level 1:colcon.colcon_core.environment:checking '/home/otavio/excluir/scicobot_rasp/install/publisher_teste/bin'
[0.470s] Level 1:colcon.colcon_core.environment:checking '/home/otavio/excluir/scicobot_rasp/install/publisher_teste/lib/pkgconfig/publisher_teste.pc'
[0.470s] Level 1:colcon.colcon_core.environment:checking '/home/otavio/excluir/scicobot_rasp/install/publisher_teste/lib/python3.8/site-packages'
[0.471s] INFO:colcon.colcon_core.shell:Creating package script '/home/otavio/excluir/scicobot_rasp/install/publisher_teste/share/publisher_teste/package.ps1'
[0.472s] INFO:colcon.colcon_core.shell:Creating package descriptor '/home/otavio/excluir/scicobot_rasp/install/publisher_teste/share/publisher_teste/package.dsv'
[0.472s] INFO:colcon.colcon_core.shell:Creating package script '/home/otavio/excluir/scicobot_rasp/install/publisher_teste/share/publisher_teste/package.sh'
[0.472s] INFO:colcon.colcon_core.shell:Creating package script '/home/otavio/excluir/scicobot_rasp/install/publisher_teste/share/publisher_teste/package.bash'
[0.473s] INFO:colcon.colcon_core.shell:Creating package script '/home/otavio/excluir/scicobot_rasp/install/publisher_teste/share/publisher_teste/package.zsh'
[0.473s] Level 1:colcon.colcon_core.environment:create_file_with_runtime_dependencies(/home/otavio/excluir/scicobot_rasp/install/publisher_teste/share/colcon-core/packages/publisher_teste)
[0.474s] INFO:colcon.colcon_ros.task.ament_cmake.build:Building ROS package in '/home/otavio/excluir/scicobot_rasp/src/test_cooperation_rasp' with build type 'ament_cmake'
[0.475s] INFO:colcon.colcon_cmake.task.cmake.build:Building CMake package in '/home/otavio/excluir/scicobot_rasp/src/test_cooperation_rasp'
[0.475s] INFO:colcon.colcon_core.shell:Skip shell extension 'powershell' for command environment: Not usable outside of PowerShell
[0.475s] DEBUG:colcon.colcon_core.shell:Skip shell extension 'dsv' for command environment
[0.480s] INFO:colcon.colcon_ros.task.ament_cmake.build:Building ROS package in '/home/otavio/excluir/scicobot_rasp/src/test_cooperation_scicobot' with build type 'ament_cmake'
[0.481s] INFO:colcon.colcon_cmake.task.cmake.build:Building CMake package in '/home/otavio/excluir/scicobot_rasp/src/test_cooperation_scicobot'
[0.482s] INFO:colcon.colcon_core.shell:Skip shell extension 'powershell' for command environment: Not usable outside of PowerShell
[0.482s] DEBUG:colcon.colcon_core.shell:Skip shell extension 'dsv' for command environment
[0.489s] Level 1:colcon.colcon_core.environment:create_environment_scripts_only(scicobot_encoder)
[0.490s] Level 1:colcon.colcon_core.environment:checking '/home/otavio/excluir/scicobot_rasp/install/scicobot_encoder' for CMake module files
[0.490s] Level 1:colcon.colcon_core.environment:checking '/home/otavio/excluir/scicobot_rasp/install/scicobot_encoder' for CMake config files
[0.490s] Level 1:colcon.colcon_core.shell:create_environment_hook('scicobot_encoder', 'cmake_prefix_path')
[0.491s] INFO:colcon.colcon_core.shell:Creating environment hook '/home/otavio/excluir/scicobot_rasp/install/scicobot_encoder/share/scicobot_encoder/hook/cmake_prefix_path.ps1'
[0.492s] INFO:colcon.colcon_core.shell:Creating environment descriptor '/home/otavio/excluir/scicobot_rasp/install/scicobot_encoder/share/scicobot_encoder/hook/cmake_prefix_path.dsv'
[0.492s] INFO:colcon.colcon_core.shell:Creating environment hook '/home/otavio/excluir/scicobot_rasp/install/scicobot_encoder/share/scicobot_encoder/hook/cmake_prefix_path.sh'
[0.493s] Level 1:colcon.colcon_core.environment:checking '/home/otavio/excluir/scicobot_rasp/install/scicobot_encoder/lib'
[0.493s] Level 1:colcon.colcon_core.environment:checking '/home/otavio/excluir/scicobot_rasp/install/scicobot_encoder/bin'
[0.493s] Level 1:colcon.colcon_core.environment:checking '/home/otavio/excluir/scicobot_rasp/install/scicobot_encoder/lib/pkgconfig/scicobot_encoder.pc'
[0.493s] Level 1:colcon.colcon_core.environment:checking '/home/otavio/excluir/scicobot_rasp/install/scicobot_encoder/lib/python3.8/site-packages'
[0.494s] INFO:colcon.colcon_core.shell:Creating package script '/home/otavio/excluir/scicobot_rasp/install/scicobot_encoder/share/scicobot_encoder/package.ps1'
[0.494s] INFO:colcon.colcon_core.shell:Creating package descriptor '/home/otavio/excluir/scicobot_rasp/install/scicobot_encoder/share/scicobot_encoder/package.dsv'
[0.495s] INFO:colcon.colcon_core.shell:Creating package script '/home/otavio/excluir/scicobot_rasp/install/scicobot_encoder/share/scicobot_encoder/package.sh'
[0.496s] INFO:colcon.colcon_core.shell:Creating package script '/home/otavio/excluir/scicobot_rasp/install/scicobot_encoder/share/scicobot_encoder/package.bash'
[0.496s] INFO:colcon.colcon_core.shell:Creating package script '/home/otavio/excluir/scicobot_rasp/install/scicobot_encoder/share/scicobot_encoder/package.zsh'
[0.497s] Level 1:colcon.colcon_core.environment:create_file_with_runtime_dependencies(/home/otavio/excluir/scicobot_rasp/install/scicobot_encoder/share/colcon-core/packages/scicobot_encoder)
[0.499s] INFO:colcon.colcon_ros.task.ament_cmake.build:Building ROS package in '/home/otavio/excluir/scicobot_rasp/src/teste' with build type 'ament_cmake'
[0.499s] INFO:colcon.colcon_cmake.task.cmake.build:Building CMake package in '/home/otavio/excluir/scicobot_rasp/src/teste'
[0.500s] INFO:colcon.colcon_core.shell:Skip shell extension 'powershell' for command environment: Not usable outside of PowerShell
[0.500s] DEBUG:colcon.colcon_core.shell:Skip shell extension 'dsv' for command environment
[0.506s] Level 1:colcon.colcon_core.environment:create_environment_scripts_only(scicobot_ultrasonic)
[0.507s] Level 1:colcon.colcon_core.environment:checking '/home/otavio/excluir/scicobot_rasp/install/scicobot_ultrasonic' for CMake module files
[0.508s] Level 1:colcon.colcon_core.environment:checking '/home/otavio/excluir/scicobot_rasp/install/scicobot_ultrasonic' for CMake config files
[0.508s] Level 1:colcon.colcon_core.shell:create_environment_hook('scicobot_ultrasonic', 'cmake_prefix_path')
[0.508s] INFO:colcon.colcon_core.shell:Creating environment hook '/home/otavio/excluir/scicobot_rasp/install/scicobot_ultrasonic/share/scicobot_ultrasonic/hook/cmake_prefix_path.ps1'
[0.509s] INFO:colcon.colcon_core.shell:Creating environment descriptor '/home/otavio/excluir/scicobot_rasp/install/scicobot_ultrasonic/share/scicobot_ultrasonic/hook/cmake_prefix_path.dsv'
[0.509s] INFO:colcon.colcon_core.shell:Creating environment hook '/home/otavio/excluir/scicobot_rasp/install/scicobot_ultrasonic/share/scicobot_ultrasonic/hook/cmake_prefix_path.sh'
[0.510s] Level 1:colcon.colcon_core.environment:checking '/home/otavio/excluir/scicobot_rasp/install/scicobot_ultrasonic/lib'
[0.510s] Level 1:colcon.colcon_core.environment:checking '/home/otavio/excluir/scicobot_rasp/install/scicobot_ultrasonic/bin'
[0.510s] Level 1:colcon.colcon_core.environment:checking '/home/otavio/excluir/scicobot_rasp/install/scicobot_ultrasonic/lib/pkgconfig/scicobot_ultrasonic.pc'
[0.510s] Level 1:colcon.colcon_core.environment:checking '/home/otavio/excluir/scicobot_rasp/install/scicobot_ultrasonic/lib/python3.8/site-packages'
[0.511s] INFO:colcon.colcon_core.shell:Creating package script '/home/otavio/excluir/scicobot_rasp/install/scicobot_ultrasonic/share/scicobot_ultrasonic/package.ps1'
[0.511s] INFO:colcon.colcon_core.shell:Creating package descriptor '/home/otavio/excluir/scicobot_rasp/install/scicobot_ultrasonic/share/scicobot_ultrasonic/package.dsv'
[0.511s] INFO:colcon.colcon_core.shell:Creating package script '/home/otavio/excluir/scicobot_rasp/install/scicobot_ultrasonic/share/scicobot_ultrasonic/package.sh'
[0.512s] INFO:colcon.colcon_core.shell:Creating package script '/home/otavio/excluir/scicobot_rasp/install/scicobot_ultrasonic/share/scicobot_ultrasonic/package.bash'
[0.512s] INFO:colcon.colcon_core.shell:Creating package script '/home/otavio/excluir/scicobot_rasp/install/scicobot_ultrasonic/share/scicobot_ultrasonic/package.zsh'
[0.512s] Level 1:colcon.colcon_core.environment:create_file_with_runtime_dependencies(/home/otavio/excluir/scicobot_rasp/install/scicobot_ultrasonic/share/colcon-core/packages/scicobot_ultrasonic)
[0.518s] DEBUG:colcon.colcon_core.event_handler.log_command:Invoking command in '/home/otavio/excluir/scicobot_rasp/build/test_cooperation_rasp': CMAKE_PREFIX_PATH=/opt/ros/foxy /usr/bin/cmake --build /home/otavio/excluir/scicobot_rasp/build/test_cooperation_rasp -- -j4 -l4
[0.522s] DEBUG:colcon.colcon_core.event_handler.log_command:Invoking command in '/home/otavio/excluir/scicobot_rasp/build/test_cooperation_scicobot': CMAKE_PREFIX_PATH=/opt/ros/foxy /usr/bin/cmake --build /home/otavio/excluir/scicobot_rasp/build/test_cooperation_scicobot -- -j4 -l4
[0.528s] DEBUG:colcon.colcon_core.event_handler.log_command:Invoking command in '/home/otavio/excluir/scicobot_rasp/build/teste': CMAKE_PREFIX_PATH=/opt/ros/foxy /usr/bin/cmake --build /home/otavio/excluir/scicobot_rasp/build/teste -- -j4 -l4
[0.608s] DEBUG:colcon.colcon_core.event_handler.log_command:Invoked command in '/home/otavio/excluir/scicobot_rasp/build/test_cooperation_rasp' returned '0': CMAKE_PREFIX_PATH=/opt/ros/foxy /usr/bin/cmake --build /home/otavio/excluir/scicobot_rasp/build/test_cooperation_rasp -- -j4 -l4
[0.624s] DEBUG:colcon.colcon_core.event_handler.log_command:Invoked command in '/home/otavio/excluir/scicobot_rasp/build/teste' returned '0': CMAKE_PREFIX_PATH=/opt/ros/foxy /usr/bin/cmake --build /home/otavio/excluir/scicobot_rasp/build/teste -- -j4 -l4
[0.639s] DEBUG:colcon.colcon_core.event_handler.log_command:Invoking command in '/home/otavio/excluir/scicobot_rasp/build/test_cooperation_rasp': CMAKE_PREFIX_PATH=/opt/ros/foxy /usr/bin/cmake --install /home/otavio/excluir/scicobot_rasp/build/test_cooperation_rasp
[0.654s] DEBUG:colcon.colcon_core.event_handler.log_command:Invoking command in '/home/otavio/excluir/scicobot_rasp/build/teste': CMAKE_PREFIX_PATH=/opt/ros/foxy /usr/bin/cmake --install /home/otavio/excluir/scicobot_rasp/build/teste
[0.658s] Level 1:colcon.colcon_core.environment:create_environment_scripts_only(test_cooperation_rasp)
[0.659s] Level 1:colcon.colcon_core.environment:checking '/home/otavio/excluir/scicobot_rasp/install/test_cooperation_rasp' for CMake module files
[0.660s] DEBUG:colcon.colcon_core.event_handler.log_command:Invoked command in '/home/otavio/excluir/scicobot_rasp/build/test_cooperation_rasp' returned '0': CMAKE_PREFIX_PATH=/opt/ros/foxy /usr/bin/cmake --install /home/otavio/excluir/scicobot_rasp/build/test_cooperation_rasp
[0.661s] Level 1:colcon.colcon_core.environment:checking '/home/otavio/excluir/scicobot_rasp/install/test_cooperation_rasp' for CMake config files
[0.661s] Level 1:colcon.colcon_core.shell:create_environment_hook('test_cooperation_rasp', 'cmake_prefix_path')
[0.662s] INFO:colcon.colcon_core.shell:Creating environment hook '/home/otavio/excluir/scicobot_rasp/install/test_cooperation_rasp/share/test_cooperation_rasp/hook/cmake_prefix_path.ps1'
[0.662s] INFO:colcon.colcon_core.shell:Creating environment descriptor '/home/otavio/excluir/scicobot_rasp/install/test_cooperation_rasp/share/test_cooperation_rasp/hook/cmake_prefix_path.dsv'
[0.663s] INFO:colcon.colcon_core.shell:Creating environment hook '/home/otavio/excluir/scicobot_rasp/install/test_cooperation_rasp/share/test_cooperation_rasp/hook/cmake_prefix_path.sh'
[0.664s] Level 1:colcon.colcon_core.environment:checking '/home/otavio/excluir/scicobot_rasp/install/test_cooperation_rasp/lib'
[0.664s] Level 1:colcon.colcon_core.environment:checking '/home/otavio/excluir/scicobot_rasp/install/test_cooperation_rasp/bin'
[0.664s] Level 1:colcon.colcon_core.environment:checking '/home/otavio/excluir/scicobot_rasp/install/test_cooperation_rasp/lib/pkgconfig/test_cooperation_rasp.pc'
[0.664s] Level 1:colcon.colcon_core.environment:checking '/home/otavio/excluir/scicobot_rasp/install/test_cooperation_rasp/lib/python3.8/site-packages'
[0.665s] INFO:colcon.colcon_core.shell:Creating package script '/home/otavio/excluir/scicobot_rasp/install/test_cooperation_rasp/share/test_cooperation_rasp/package.ps1'
[0.667s] INFO:colcon.colcon_core.shell:Creating package descriptor '/home/otavio/excluir/scicobot_rasp/install/test_cooperation_rasp/share/test_cooperation_rasp/package.dsv'
[0.668s] INFO:colcon.colcon_core.shell:Creating package script '/home/otavio/excluir/scicobot_rasp/install/test_cooperation_rasp/share/test_cooperation_rasp/package.sh'
[0.668s] INFO:colcon.colcon_core.shell:Creating package script '/home/otavio/excluir/scicobot_rasp/install/test_cooperation_rasp/share/test_cooperation_rasp/package.bash'
[0.669s] INFO:colcon.colcon_core.shell:Creating package script '/home/otavio/excluir/scicobot_rasp/install/test_cooperation_rasp/share/test_cooperation_rasp/package.zsh'
[0.669s] Level 1:colcon.colcon_core.environment:create_file_with_runtime_dependencies(/home/otavio/excluir/scicobot_rasp/install/test_cooperation_rasp/share/colcon-core/packages/test_cooperation_rasp)
[0.674s] Level 1:colcon.colcon_core.environment:create_environment_scripts_only(teste)
[0.675s] Level 1:colcon.colcon_core.environment:checking '/home/otavio/excluir/scicobot_rasp/install/teste' for CMake module files
[0.676s] DEBUG:colcon.colcon_core.event_handler.log_command:Invoked command in '/home/otavio/excluir/scicobot_rasp/build/teste' returned '0': CMAKE_PREFIX_PATH=/opt/ros/foxy /usr/bin/cmake --install /home/otavio/excluir/scicobot_rasp/build/teste
[0.677s] Level 1:colcon.colcon_core.environment:checking '/home/otavio/excluir/scicobot_rasp/install/teste' for CMake config files
[0.677s] Level 1:colcon.colcon_core.shell:create_environment_hook('teste', 'cmake_prefix_path')
[0.678s] INFO:colcon.colcon_core.shell:Creating environment hook '/home/otavio/excluir/scicobot_rasp/install/teste/share/teste/hook/cmake_prefix_path.ps1'
[0.679s] INFO:colcon.colcon_core.shell:Creating environment descriptor '/home/otavio/excluir/scicobot_rasp/install/teste/share/teste/hook/cmake_prefix_path.dsv'
[0.679s] INFO:colcon.colcon_core.shell:Creating environment hook '/home/otavio/excluir/scicobot_rasp/install/teste/share/teste/hook/cmake_prefix_path.sh'
[0.680s] Level 1:colcon.colcon_core.environment:checking '/home/otavio/excluir/scicobot_rasp/install/teste/lib'
[0.680s] Level 1:colcon.colcon_core.environment:checking '/home/otavio/excluir/scicobot_rasp/install/teste/bin'
[0.680s] Level 1:colcon.colcon_core.environment:checking '/home/otavio/excluir/scicobot_rasp/install/teste/lib/pkgconfig/teste.pc'
[0.680s] Level 1:colcon.colcon_core.environment:checking '/home/otavio/excluir/scicobot_rasp/install/teste/lib/python3.8/site-packages'
[0.681s] INFO:colcon.colcon_core.shell:Creating package script '/home/otavio/excluir/scicobot_rasp/install/teste/share/teste/package.ps1'
[0.682s] INFO:colcon.colcon_core.shell:Creating package descriptor '/home/otavio/excluir/scicobot_rasp/install/teste/share/teste/package.dsv'
[0.683s] INFO:colcon.colcon_core.shell:Creating package script '/home/otavio/excluir/scicobot_rasp/install/teste/share/teste/package.sh'
[0.683s] INFO:colcon.colcon_core.shell:Creating package script '/home/otavio/excluir/scicobot_rasp/install/teste/share/teste/package.bash'
[0.684s] INFO:colcon.colcon_core.shell:Creating package script '/home/otavio/excluir/scicobot_rasp/install/teste/share/teste/package.zsh'
[0.684s] Level 1:colcon.colcon_core.environment:create_file_with_runtime_dependencies(/home/otavio/excluir/scicobot_rasp/install/teste/share/colcon-core/packages/teste)
[0.694s] Level 1:colcon.colcon_core.environment:create_environment_scripts_only(test_cooperation_rasp)
[0.695s] Level 1:colcon.colcon_core.environment:checking '/home/otavio/excluir/scicobot_rasp/install/test_cooperation_rasp' for CMake module files
[0.696s] Level 1:colcon.colcon_core.environment:checking '/home/otavio/excluir/scicobot_rasp/install/test_cooperation_rasp' for CMake config files
[0.696s] Level 1:colcon.colcon_core.shell:create_environment_hook('test_cooperation_rasp', 'cmake_prefix_path')
[0.697s] INFO:colcon.colcon_core.shell:Creating environment hook '/home/otavio/excluir/scicobot_rasp/install/test_cooperation_rasp/share/test_cooperation_rasp/hook/cmake_prefix_path.ps1'
[0.698s] INFO:colcon.colcon_core.shell:Creating environment descriptor '/home/otavio/excluir/scicobot_rasp/install/test_cooperation_rasp/share/test_cooperation_rasp/hook/cmake_prefix_path.dsv'
[0.698s] INFO:colcon.colcon_core.shell:Creating environment hook '/home/otavio/excluir/scicobot_rasp/install/test_cooperation_rasp/share/test_cooperation_rasp/hook/cmake_prefix_path.sh'
[0.699s] Level 1:colcon.colcon_core.environment:checking '/home/otavio/excluir/scicobot_rasp/install/test_cooperation_rasp/lib'
[0.699s] Level 1:colcon.colcon_core.environment:checking '/home/otavio/excluir/scicobot_rasp/install/test_cooperation_rasp/bin'
[0.699s] Level 1:colcon.colcon_core.environment:checking '/home/otavio/excluir/scicobot_rasp/install/test_cooperation_rasp/lib/pkgconfig/test_cooperation_rasp.pc'
[0.699s] Level 1:colcon.colcon_core.environment:checking '/home/otavio/excluir/scicobot_rasp/install/test_cooperation_rasp/lib/python3.8/site-packages'
[0.700s] INFO:colcon.colcon_core.shell:Creating package script '/home/otavio/excluir/scicobot_rasp/install/test_cooperation_rasp/share/test_cooperation_rasp/package.ps1'
[0.701s] INFO:colcon.colcon_core.shell:Creating package descriptor '/home/otavio/excluir/scicobot_rasp/install/test_cooperation_rasp/share/test_cooperation_rasp/package.dsv'
[0.702s] INFO:colcon.colcon_core.shell:Creating package script '/home/otavio/excluir/scicobot_rasp/install/test_cooperation_rasp/share/test_cooperation_rasp/package.sh'
[0.702s] INFO:colcon.colcon_core.shell:Creating package script '/home/otavio/excluir/scicobot_rasp/install/test_cooperation_rasp/share/test_cooperation_rasp/package.bash'
[0.703s] INFO:colcon.colcon_core.shell:Creating package script '/home/otavio/excluir/scicobot_rasp/install/test_cooperation_rasp/share/test_cooperation_rasp/package.zsh'
[0.704s] Level 1:colcon.colcon_core.environment:create_file_with_runtime_dependencies(/home/otavio/excluir/scicobot_rasp/install/test_cooperation_rasp/share/colcon-core/packages/test_cooperation_rasp)
[0.709s] Level 1:colcon.colcon_core.environment:create_environment_scripts_only(teste)
[0.709s] Level 1:colcon.colcon_core.environment:checking '/home/otavio/excluir/scicobot_rasp/install/teste' for CMake module files
[0.710s] Level 1:colcon.colcon_core.environment:checking '/home/otavio/excluir/scicobot_rasp/install/teste' for CMake config files
[0.710s] Level 1:colcon.colcon_core.shell:create_environment_hook('teste', 'cmake_prefix_path')
[0.711s] INFO:colcon.colcon_core.shell:Creating environment hook '/home/otavio/excluir/scicobot_rasp/install/teste/share/teste/hook/cmake_prefix_path.ps1'
[0.711s] INFO:colcon.colcon_core.shell:Creating environment descriptor '/home/otavio/excluir/scicobot_rasp/install/teste/share/teste/hook/cmake_prefix_path.dsv'
[0.711s] INFO:colcon.colcon_core.shell:Creating environment hook '/home/otavio/excluir/scicobot_rasp/install/teste/share/teste/hook/cmake_prefix_path.sh'
[0.712s] Level 1:colcon.colcon_core.environment:checking '/home/otavio/excluir/scicobot_rasp/install/teste/lib'
[0.712s] Level 1:colcon.colcon_core.environment:checking '/home/otavio/excluir/scicobot_rasp/install/teste/bin'
[0.712s] Level 1:colcon.colcon_core.environment:checking '/home/otavio/excluir/scicobot_rasp/install/teste/lib/pkgconfig/teste.pc'
[0.712s] Level 1:colcon.colcon_core.environment:checking '/home/otavio/excluir/scicobot_rasp/install/teste/lib/python3.8/site-packages'
[0.713s] INFO:colcon.colcon_core.shell:Creating package script '/home/otavio/excluir/scicobot_rasp/install/teste/share/teste/package.ps1'
[0.713s] INFO:colcon.colcon_core.shell:Creating package descriptor '/home/otavio/excluir/scicobot_rasp/install/teste/share/teste/package.dsv'
[0.714s] INFO:colcon.colcon_core.shell:Creating package script '/home/otavio/excluir/scicobot_rasp/install/teste/share/teste/package.sh'
[0.714s] INFO:colcon.colcon_core.shell:Creating package script '/home/otavio/excluir/scicobot_rasp/install/teste/share/teste/package.bash'
[0.714s] INFO:colcon.colcon_core.shell:Creating package script '/home/otavio/excluir/scicobot_rasp/install/teste/share/teste/package.zsh'
[0.715s] Level 1:colcon.colcon_core.environment:create_file_with_runtime_dependencies(/home/otavio/excluir/scicobot_rasp/install/teste/share/colcon-core/packages/teste)
[6.653s] DEBUG:colcon.colcon_core.event_handler.log_command:Invoked command in '/home/otavio/excluir/scicobot_rasp/build/test_cooperation_scicobot' returned '0': CMAKE_PREFIX_PATH=/opt/ros/foxy /usr/bin/cmake --build /home/otavio/excluir/scicobot_rasp/build/test_cooperation_scicobot -- -j4 -l4
[6.675s] DEBUG:colcon.colcon_core.event_handler.log_command:Invoking command in '/home/otavio/excluir/scicobot_rasp/build/test_cooperation_scicobot': CMAKE_PREFIX_PATH=/opt/ros/foxy /usr/bin/cmake --install /home/otavio/excluir/scicobot_rasp/build/test_cooperation_scicobot
[6.688s] Level 1:colcon.colcon_core.environment:create_environment_scripts_only(test_cooperation_scicobot)
[6.689s] Level 1:colcon.colcon_core.environment:checking '/home/otavio/excluir/scicobot_rasp/install/test_cooperation_scicobot' for CMake module files
[6.689s] DEBUG:colcon.colcon_core.event_handler.log_command:Invoked command in '/home/otavio/excluir/scicobot_rasp/build/test_cooperation_scicobot' returned '0': CMAKE_PREFIX_PATH=/opt/ros/foxy /usr/bin/cmake --install /home/otavio/excluir/scicobot_rasp/build/test_cooperation_scicobot
[6.690s] Level 1:colcon.colcon_core.environment:checking '/home/otavio/excluir/scicobot_rasp/install/test_cooperation_scicobot' for CMake config files
[6.690s] Level 1:colcon.colcon_core.shell:create_environment_hook('test_cooperation_scicobot', 'cmake_prefix_path')
[6.690s] INFO:colcon.colcon_core.shell:Creating environment hook '/home/otavio/excluir/scicobot_rasp/install/test_cooperation_scicobot/share/test_cooperation_scicobot/hook/cmake_prefix_path.ps1'
[6.691s] INFO:colcon.colcon_core.shell:Creating environment descriptor '/home/otavio/excluir/scicobot_rasp/install/test_cooperation_scicobot/share/test_cooperation_scicobot/hook/cmake_prefix_path.dsv'
[6.691s] INFO:colcon.colcon_core.shell:Creating environment hook '/home/otavio/excluir/scicobot_rasp/install/test_cooperation_scicobot/share/test_cooperation_scicobot/hook/cmake_prefix_path.sh'
[6.691s] Level 1:colcon.colcon_core.environment:checking '/home/otavio/excluir/scicobot_rasp/install/test_cooperation_scicobot/lib'
[6.692s] Level 1:colcon.colcon_core.environment:checking '/home/otavio/excluir/scicobot_rasp/install/test_cooperation_scicobot/bin'
[6.692s] Level 1:colcon.colcon_core.environment:checking '/home/otavio/excluir/scicobot_rasp/install/test_cooperation_scicobot/lib/pkgconfig/test_cooperation_scicobot.pc'
[6.692s] Level 1:colcon.colcon_core.environment:checking '/home/otavio/excluir/scicobot_rasp/install/test_cooperation_scicobot/lib/python3.8/site-packages'
[6.692s] INFO:colcon.colcon_core.shell:Creating package script '/home/otavio/excluir/scicobot_rasp/install/test_cooperation_scicobot/share/test_cooperation_scicobot/package.ps1'
[6.693s] INFO:colcon.colcon_core.shell:Creating package descriptor '/home/otavio/excluir/scicobot_rasp/install/test_cooperation_scicobot/share/test_cooperation_scicobot/package.dsv'
[6.693s] INFO:colcon.colcon_core.shell:Creating package script '/home/otavio/excluir/scicobot_rasp/install/test_cooperation_scicobot/share/test_cooperation_scicobot/package.sh'
[6.693s] INFO:colcon.colcon_core.shell:Creating package script '/home/otavio/excluir/scicobot_rasp/install/test_cooperation_scicobot/share/test_cooperation_scicobot/package.bash'
[6.694s] INFO:colcon.colcon_core.shell:Creating package script '/home/otavio/excluir/scicobot_rasp/install/test_cooperation_scicobot/share/test_cooperation_scicobot/package.zsh'
[6.694s] Level 1:colcon.colcon_core.environment:create_file_with_runtime_dependencies(/home/otavio/excluir/scicobot_rasp/install/test_cooperation_scicobot/share/colcon-core/packages/test_cooperation_scicobot)
[6.714s] Level 1:colcon.colcon_core.environment:create_environment_scripts_only(test_cooperation_scicobot)
[6.715s] Level 1:colcon.colcon_core.environment:checking '/home/otavio/excluir/scicobot_rasp/install/test_cooperation_scicobot' for CMake module files
[6.715s] Level 1:colcon.colcon_core.environment:checking '/home/otavio/excluir/scicobot_rasp/install/test_cooperation_scicobot' for CMake config files
[6.716s] Level 1:colcon.colcon_core.shell:create_environment_hook('test_cooperation_scicobot', 'cmake_prefix_path')
[6.716s] INFO:colcon.colcon_core.shell:Creating environment hook '/home/otavio/excluir/scicobot_rasp/install/test_cooperation_scicobot/share/test_cooperation_scicobot/hook/cmake_prefix_path.ps1'
[6.716s] INFO:colcon.colcon_core.shell:Creating environment descriptor '/home/otavio/excluir/scicobot_rasp/install/test_cooperation_scicobot/share/test_cooperation_scicobot/hook/cmake_prefix_path.dsv'
[6.717s] INFO:colcon.colcon_core.shell:Creating environment hook '/home/otavio/excluir/scicobot_rasp/install/test_cooperation_scicobot/share/test_cooperation_scicobot/hook/cmake_prefix_path.sh'
[6.717s] Level 1:colcon.colcon_core.environment:checking '/home/otavio/excluir/scicobot_rasp/install/test_cooperation_scicobot/lib'
[6.717s] Level 1:colcon.colcon_core.environment:checking '/home/otavio/excluir/scicobot_rasp/install/test_cooperation_scicobot/bin'
[6.717s] Level 1:colcon.colcon_core.environment:checking '/home/otavio/excluir/scicobot_rasp/install/test_cooperation_scicobot/lib/pkgconfig/test_cooperation_scicobot.pc'
[6.717s] Level 1:colcon.colcon_core.environment:checking '/home/otavio/excluir/scicobot_rasp/install/test_cooperation_scicobot/lib/python3.8/site-packages'
[6.718s] INFO:colcon.colcon_core.shell:Creating package script '/home/otavio/excluir/scicobot_rasp/install/test_cooperation_scicobot/share/test_cooperation_scicobot/package.ps1'
[6.718s] INFO:colcon.colcon_core.shell:Creating package descriptor '/home/otavio/excluir/scicobot_rasp/install/test_cooperation_scicobot/share/test_cooperation_scicobot/package.dsv'
[6.719s] INFO:colcon.colcon_core.shell:Creating package script '/home/otavio/excluir/scicobot_rasp/install/test_cooperation_scicobot/share/test_cooperation_scicobot/package.sh'
[6.719s] INFO:colcon.colcon_core.shell:Creating package script '/home/otavio/excluir/scicobot_rasp/install/test_cooperation_scicobot/share/test_cooperation_scicobot/package.bash'
[6.719s] INFO:colcon.colcon_core.shell:Creating package script '/home/otavio/excluir/scicobot_rasp/install/test_cooperation_scicobot/share/test_cooperation_scicobot/package.zsh'
[6.720s] Level 1:colcon.colcon_core.environment:create_file_with_runtime_dependencies(/home/otavio/excluir/scicobot_rasp/install/test_cooperation_scicobot/share/colcon-core/packages/test_cooperation_scicobot)
[6.720s] DEBUG:colcon.colcon_parallel_executor.executor.parallel:closing loop
[6.721s] DEBUG:colcon.colcon_parallel_executor.executor.parallel:loop closed
[6.721s] DEBUG:colcon.colcon_parallel_executor.executor.parallel:run_until_complete finished with '0'
[6.721s] DEBUG:colcon.colcon_core.event_reactor:joining thread
[6.739s] INFO:colcon.colcon_core.plugin_system:Skipping extension 'colcon_notification.desktop_notification.terminal_notifier': Not used on non-Darwin systems
[6.740s] INFO:colcon.colcon_core.plugin_system:Skipping extension 'colcon_notification.desktop_notification.win32': Not used on non-Windows systems
[6.740s] INFO:colcon.colcon_notification.desktop_notification:Sending desktop notification using 'notify2'
[6.754s] DEBUG:colcon.colcon_core.event_reactor:joined thread
[6.755s] INFO:colcon.colcon_core.shell:Creating prefix script '/home/otavio/excluir/scicobot_rasp/install/local_setup.ps1'
[6.757s] INFO:colcon.colcon_core.shell:Creating prefix util module '/home/otavio/excluir/scicobot_rasp/install/_local_setup_util_ps1.py'
[6.758s] INFO:colcon.colcon_core.shell:Creating prefix chain script '/home/otavio/excluir/scicobot_rasp/install/setup.ps1'
[6.760s] INFO:colcon.colcon_core.shell:Creating prefix script '/home/otavio/excluir/scicobot_rasp/install/local_setup.sh'
[6.761s] INFO:colcon.colcon_core.shell:Creating prefix util module '/home/otavio/excluir/scicobot_rasp/install/_local_setup_util_sh.py'
[6.761s] INFO:colcon.colcon_core.shell:Creating prefix chain script '/home/otavio/excluir/scicobot_rasp/install/setup.sh'
[6.763s] INFO:colcon.colcon_core.shell:Creating prefix script '/home/otavio/excluir/scicobot_rasp/install/local_setup.bash'
[6.764s] INFO:colcon.colcon_core.shell:Creating prefix chain script '/home/otavio/excluir/scicobot_rasp/install/setup.bash'
[6.765s] INFO:colcon.colcon_core.shell:Creating prefix script '/home/otavio/excluir/scicobot_rasp/install/local_setup.zsh'
[6.766s] INFO:colcon.colcon_core.shell:Creating prefix chain script '/home/otavio/excluir/scicobot_rasp/install/setup.zsh'
