[0.128s] DEBUG:colcon:Command line arguments: ['/usr/bin/colcon', 'build']
[0.128s] DEBUG:colcon:Parsed command line arguments: Namespace(allow_overriding=[], ament_cmake_args=None, base_paths=['.'], build_base='build', catkin_cmake_args=None, catkin_skip_building_tests=False, cmake_args=None, cmake_clean_cache=False, cmake_clean_first=False, cmake_force_configure=False, cmake_target=None, cmake_target_skip_unavailable=False, continue_on_error=False, event_handlers=None, executor='parallel', ignore_user_meta=False, install_base='install', log_base=None, log_level=None, main=<bound method BuildVerb.main of <colcon_core.verb.build.BuildVerb object at 0x7fd9919391f0>>, merge_install=False, metas=['./colcon.meta'], packages_above=None, packages_above_and_dependencies=None, packages_above_depth=None, packages_end=None, packages_ignore=None, packages_ignore_regex=None, packages_select=None, packages_select_build_failed=False, packages_select_by_dep=None, packages_select_regex=None, packages_select_test_failures=False, packages_skip=None, packages_skip_build_finished=False, packages_skip_by_dep=None, packages_skip_regex=None, packages_skip_test_passed=False, packages_skip_up_to=None, packages_start=None, packages_up_to=None, packages_up_to_regex=None, parallel_workers=4, paths=None, symlink_install=False, test_result_base=None, verb_extension=<colcon_core.verb.build.BuildVerb object at 0x7fd9919391f0>, verb_name='build', verb_parser=<colcon_defaults.argument_parser.defaults.DefaultArgumentsDecorator object at 0x7fd991939730>)
[0.132s] Level 1:colcon.colcon_core.package_discovery:discover_packages(colcon_meta) check parameters
[0.132s] Level 1:colcon.colcon_core.package_discovery:discover_packages(recursive) check parameters
[0.132s] Level 1:colcon.colcon_core.package_discovery:discover_packages(ignore) check parameters
[0.132s] Level 1:colcon.colcon_core.package_discovery:discover_packages(path) check parameters
[0.132s] Level 1:colcon.colcon_core.package_discovery:discover_packages(colcon_meta) discover
[0.132s] Level 1:colcon.colcon_core.package_discovery:discover_packages(recursive) discover
[0.132s] INFO:colcon.colcon_core.package_discovery:Crawling recursively for packages in '/home/otavio/scicobot_rasp'
[0.132s] Level 1:colcon.colcon_core.package_identification:_identify(.) by extensions ['ignore', 'ignore_ament_install']
[0.133s] Level 1:colcon.colcon_core.package_identification:_identify(.) by extension 'ignore'
[0.133s] Level 1:colcon.colcon_core.package_identification:_identify(.) by extension 'ignore_ament_install'
[0.133s] Level 1:colcon.colcon_core.package_identification:_identify(.) by extensions ['colcon_pkg']
[0.133s] Level 1:colcon.colcon_core.package_identification:_identify(.) by extension 'colcon_pkg'
[0.133s] Level 1:colcon.colcon_core.package_identification:_identify(.) by extensions ['colcon_meta']
[0.133s] Level 1:colcon.colcon_core.package_identification:_identify(.) by extension 'colcon_meta'
[0.133s] Level 1:colcon.colcon_core.package_identification:_identify(.) by extensions ['ros']
[0.133s] Level 1:colcon.colcon_core.package_identification:_identify(.) by extension 'ros'
[0.143s] Level 1:colcon.colcon_core.package_identification:_identify(.) by extensions ['cmake', 'python']
[0.143s] Level 1:colcon.colcon_core.package_identification:_identify(.) by extension 'cmake'
[0.143s] Level 1:colcon.colcon_core.package_identification:_identify(.) by extension 'python'
[0.143s] Level 1:colcon.colcon_core.package_identification:_identify(.) by extensions ['python_setup_py']
[0.143s] Level 1:colcon.colcon_core.package_identification:_identify(.) by extension 'python_setup_py'
[0.143s] Level 1:colcon.colcon_core.package_identification:_identify(build) by extensions ['ignore', 'ignore_ament_install']
[0.144s] Level 1:colcon.colcon_core.package_identification:_identify(build) by extension 'ignore'
[0.144s] Level 1:colcon.colcon_core.package_identification:_identify(build) ignored
[0.144s] Level 1:colcon.colcon_core.package_identification:_identify(install) by extensions ['ignore', 'ignore_ament_install']
[0.144s] Level 1:colcon.colcon_core.package_identification:_identify(install) by extension 'ignore'
[0.144s] Level 1:colcon.colcon_core.package_identification:_identify(install) ignored
[0.144s] Level 1:colcon.colcon_core.package_identification:_identify(log) by extensions ['ignore', 'ignore_ament_install']
[0.144s] Level 1:colcon.colcon_core.package_identification:_identify(log) by extension 'ignore'
[0.144s] Level 1:colcon.colcon_core.package_identification:_identify(log) ignored
[0.144s] Level 1:colcon.colcon_core.package_identification:_identify(src) by extensions ['ignore', 'ignore_ament_install']
[0.144s] Level 1:colcon.colcon_core.package_identification:_identify(src) by extension 'ignore'
[0.144s] Level 1:colcon.colcon_core.package_identification:_identify(src) by extension 'ignore_ament_install'
[0.144s] Level 1:colcon.colcon_core.package_identification:_identify(src) by extensions ['colcon_pkg']
[0.144s] Level 1:colcon.colcon_core.package_identification:_identify(src) by extension 'colcon_pkg'
[0.144s] Level 1:colcon.colcon_core.package_identification:_identify(src) by extensions ['colcon_meta']
[0.144s] Level 1:colcon.colcon_core.package_identification:_identify(src) by extension 'colcon_meta'
[0.144s] Level 1:colcon.colcon_core.package_identification:_identify(src) by extensions ['ros']
[0.144s] Level 1:colcon.colcon_core.package_identification:_identify(src) by extension 'ros'
[0.145s] Level 1:colcon.colcon_core.package_identification:_identify(src) by extensions ['cmake', 'python']
[0.145s] Level 1:colcon.colcon_core.package_identification:_identify(src) by extension 'cmake'
[0.145s] Level 1:colcon.colcon_core.package_identification:_identify(src) by extension 'python'
[0.145s] Level 1:colcon.colcon_core.package_identification:_identify(src) by extensions ['python_setup_py']
[0.145s] Level 1:colcon.colcon_core.package_identification:_identify(src) by extension 'python_setup_py'
[0.145s] Level 1:colcon.colcon_core.package_identification:_identify(src/publisher_teste) by extensions ['ignore', 'ignore_ament_install']
[0.145s] Level 1:colcon.colcon_core.package_identification:_identify(src/publisher_teste) by extension 'ignore'
[0.145s] Level 1:colcon.colcon_core.package_identification:_identify(src/publisher_teste) by extension 'ignore_ament_install'
[0.145s] Level 1:colcon.colcon_core.package_identification:_identify(src/publisher_teste) by extensions ['colcon_pkg']
[0.145s] Level 1:colcon.colcon_core.package_identification:_identify(src/publisher_teste) by extension 'colcon_pkg'
[0.145s] Level 1:colcon.colcon_core.package_identification:_identify(src/publisher_teste) by extensions ['colcon_meta']
[0.145s] Level 1:colcon.colcon_core.package_identification:_identify(src/publisher_teste) by extension 'colcon_meta'
[0.145s] Level 1:colcon.colcon_core.package_identification:_identify(src/publisher_teste) by extensions ['ros']
[0.145s] Level 1:colcon.colcon_core.package_identification:_identify(src/publisher_teste) by extension 'ros'
[0.147s] DEBUG:colcon.colcon_core.package_identification:Package 'src/publisher_teste' with type 'ros.ament_cmake' and name 'publisher_teste'
[0.147s] Level 1:colcon.colcon_core.package_identification:_identify(src/scicobot_encoder) by extensions ['ignore', 'ignore_ament_install']
[0.147s] Level 1:colcon.colcon_core.package_identification:_identify(src/scicobot_encoder) by extension 'ignore'
[0.148s] Level 1:colcon.colcon_core.package_identification:_identify(src/scicobot_encoder) by extension 'ignore_ament_install'
[0.148s] Level 1:colcon.colcon_core.package_identification:_identify(src/scicobot_encoder) by extensions ['colcon_pkg']
[0.148s] Level 1:colcon.colcon_core.package_identification:_identify(src/scicobot_encoder) by extension 'colcon_pkg'
[0.148s] Level 1:colcon.colcon_core.package_identification:_identify(src/scicobot_encoder) by extensions ['colcon_meta']
[0.148s] Level 1:colcon.colcon_core.package_identification:_identify(src/scicobot_encoder) by extension 'colcon_meta'
[0.148s] Level 1:colcon.colcon_core.package_identification:_identify(src/scicobot_encoder) by extensions ['ros']
[0.148s] Level 1:colcon.colcon_core.package_identification:_identify(src/scicobot_encoder) by extension 'ros'
[0.148s] DEBUG:colcon.colcon_core.package_identification:Package 'src/scicobot_encoder' with type 'ros.ament_cmake' and name 'scicobot_encoder'
[0.148s] Level 1:colcon.colcon_core.package_identification:_identify(src/scicobot_move_on) by extensions ['ignore', 'ignore_ament_install']
[0.148s] Level 1:colcon.colcon_core.package_identification:_identify(src/scicobot_move_on) by extension 'ignore'
[0.149s] Level 1:colcon.colcon_core.package_identification:_identify(src/scicobot_move_on) by extension 'ignore_ament_install'
[0.149s] Level 1:colcon.colcon_core.package_identification:_identify(src/scicobot_move_on) by extensions ['colcon_pkg']
[0.149s] Level 1:colcon.colcon_core.package_identification:_identify(src/scicobot_move_on) by extension 'colcon_pkg'
[0.149s] Level 1:colcon.colcon_core.package_identification:_identify(src/scicobot_move_on) by extensions ['colcon_meta']
[0.149s] Level 1:colcon.colcon_core.package_identification:_identify(src/scicobot_move_on) by extension 'colcon_meta'
[0.149s] Level 1:colcon.colcon_core.package_identification:_identify(src/scicobot_move_on) by extensions ['ros']
[0.149s] Level 1:colcon.colcon_core.package_identification:_identify(src/scicobot_move_on) by extension 'ros'
[0.149s] DEBUG:colcon.colcon_core.package_identification:Package 'src/scicobot_move_on' with type 'ros.ament_cmake' and name 'scicobot_move_on'
[0.149s] Level 1:colcon.colcon_core.package_identification:_identify(src/scicobot_ultrasonic) by extensions ['ignore', 'ignore_ament_install']
[0.150s] Level 1:colcon.colcon_core.package_identification:_identify(src/scicobot_ultrasonic) by extension 'ignore'
[0.150s] Level 1:colcon.colcon_core.package_identification:_identify(src/scicobot_ultrasonic) by extension 'ignore_ament_install'
[0.150s] Level 1:colcon.colcon_core.package_identification:_identify(src/scicobot_ultrasonic) by extensions ['colcon_pkg']
[0.150s] Level 1:colcon.colcon_core.package_identification:_identify(src/scicobot_ultrasonic) by extension 'colcon_pkg'
[0.150s] Level 1:colcon.colcon_core.package_identification:_identify(src/scicobot_ultrasonic) by extensions ['colcon_meta']
[0.150s] Level 1:colcon.colcon_core.package_identification:_identify(src/scicobot_ultrasonic) by extension 'colcon_meta'
[0.150s] Level 1:colcon.colcon_core.package_identification:_identify(src/scicobot_ultrasonic) by extensions ['ros']
[0.150s] Level 1:colcon.colcon_core.package_identification:_identify(src/scicobot_ultrasonic) by extension 'ros'
[0.150s] DEBUG:colcon.colcon_core.package_identification:Package 'src/scicobot_ultrasonic' with type 'ros.ament_cmake' and name 'scicobot_ultrasonic'
[0.150s] Level 1:colcon.colcon_core.package_identification:_identify(src/teste) by extensions ['ignore', 'ignore_ament_install']
[0.150s] Level 1:colcon.colcon_core.package_identification:_identify(src/teste) by extension 'ignore'
[0.151s] Level 1:colcon.colcon_core.package_identification:_identify(src/teste) by extension 'ignore_ament_install'
[0.151s] Level 1:colcon.colcon_core.package_identification:_identify(src/teste) by extensions ['colcon_pkg']
[0.151s] Level 1:colcon.colcon_core.package_identification:_identify(src/teste) by extension 'colcon_pkg'
[0.151s] Level 1:colcon.colcon_core.package_identification:_identify(src/teste) by extensions ['colcon_meta']
[0.151s] Level 1:colcon.colcon_core.package_identification:_identify(src/teste) by extension 'colcon_meta'
[0.151s] Level 1:colcon.colcon_core.package_identification:_identify(src/teste) by extensions ['ros']
[0.151s] Level 1:colcon.colcon_core.package_identification:_identify(src/teste) by extension 'ros'
[0.151s] DEBUG:colcon.colcon_core.package_identification:Package 'src/teste' with type 'ros.ament_cmake' and name 'teste'
[0.151s] Level 1:colcon.colcon_core.package_discovery:discover_packages(recursive) using defaults
[0.151s] Level 1:colcon.colcon_core.package_discovery:discover_packages(ignore) discover
[0.151s] Level 1:colcon.colcon_core.package_discovery:discover_packages(ignore) using defaults
[0.151s] Level 1:colcon.colcon_core.package_discovery:discover_packages(path) discover
[0.151s] Level 1:colcon.colcon_core.package_discovery:discover_packages(path) using defaults
[0.168s] Level 5:colcon.colcon_core.verb:set package 'publisher_teste' build argument 'cmake_args' from command line to 'None'
[0.168s] Level 5:colcon.colcon_core.verb:set package 'publisher_teste' build argument 'cmake_target' from command line to 'None'
[0.168s] Level 5:colcon.colcon_core.verb:set package 'publisher_teste' build argument 'cmake_target_skip_unavailable' from command line to 'False'
[0.168s] Level 5:colcon.colcon_core.verb:set package 'publisher_teste' build argument 'cmake_clean_cache' from command line to 'False'
[0.168s] Level 5:colcon.colcon_core.verb:set package 'publisher_teste' build argument 'cmake_clean_first' from command line to 'False'
[0.168s] Level 5:colcon.colcon_core.verb:set package 'publisher_teste' build argument 'cmake_force_configure' from command line to 'False'
[0.168s] Level 5:colcon.colcon_core.verb:set package 'publisher_teste' build argument 'ament_cmake_args' from command line to 'None'
[0.168s] Level 5:colcon.colcon_core.verb:set package 'publisher_teste' build argument 'catkin_cmake_args' from command line to 'None'
[0.168s] Level 5:colcon.colcon_core.verb:set package 'publisher_teste' build argument 'catkin_skip_building_tests' from command line to 'False'
[0.168s] DEBUG:colcon.colcon_core.verb:Building package 'publisher_teste' with the following arguments: {'ament_cmake_args': None, 'build_base': '/home/otavio/scicobot_rasp/build/publisher_teste', 'catkin_cmake_args': None, 'catkin_skip_building_tests': False, 'cmake_args': None, 'cmake_clean_cache': False, 'cmake_clean_first': False, 'cmake_force_configure': False, 'cmake_target': None, 'cmake_target_skip_unavailable': False, 'install_base': '/home/otavio/scicobot_rasp/install/publisher_teste', 'merge_install': False, 'path': '/home/otavio/scicobot_rasp/src/publisher_teste', 'symlink_install': False, 'test_result_base': None}
[0.169s] Level 5:colcon.colcon_core.verb:set package 'scicobot_encoder' build argument 'cmake_args' from command line to 'None'
[0.169s] Level 5:colcon.colcon_core.verb:set package 'scicobot_encoder' build argument 'cmake_target' from command line to 'None'
[0.169s] Level 5:colcon.colcon_core.verb:set package 'scicobot_encoder' build argument 'cmake_target_skip_unavailable' from command line to 'False'
[0.169s] Level 5:colcon.colcon_core.verb:set package 'scicobot_encoder' build argument 'cmake_clean_cache' from command line to 'False'
[0.169s] Level 5:colcon.colcon_core.verb:set package 'scicobot_encoder' build argument 'cmake_clean_first' from command line to 'False'
[0.169s] Level 5:colcon.colcon_core.verb:set package 'scicobot_encoder' build argument 'cmake_force_configure' from command line to 'False'
[0.169s] Level 5:colcon.colcon_core.verb:set package 'scicobot_encoder' build argument 'ament_cmake_args' from command line to 'None'
[0.169s] Level 5:colcon.colcon_core.verb:set package 'scicobot_encoder' build argument 'catkin_cmake_args' from command line to 'None'
[0.169s] Level 5:colcon.colcon_core.verb:set package 'scicobot_encoder' build argument 'catkin_skip_building_tests' from command line to 'False'
[0.169s] DEBUG:colcon.colcon_core.verb:Building package 'scicobot_encoder' with the following arguments: {'ament_cmake_args': None, 'build_base': '/home/otavio/scicobot_rasp/build/scicobot_encoder', 'catkin_cmake_args': None, 'catkin_skip_building_tests': False, 'cmake_args': None, 'cmake_clean_cache': False, 'cmake_clean_first': False, 'cmake_force_configure': False, 'cmake_target': None, 'cmake_target_skip_unavailable': False, 'install_base': '/home/otavio/scicobot_rasp/install/scicobot_encoder', 'merge_install': False, 'path': '/home/otavio/scicobot_rasp/src/scicobot_encoder', 'symlink_install': False, 'test_result_base': None}
[0.169s] Level 5:colcon.colcon_core.verb:set package 'scicobot_move_on' build argument 'cmake_args' from command line to 'None'
[0.169s] Level 5:colcon.colcon_core.verb:set package 'scicobot_move_on' build argument 'cmake_target' from command line to 'None'
[0.169s] Level 5:colcon.colcon_core.verb:set package 'scicobot_move_on' build argument 'cmake_target_skip_unavailable' from command line to 'False'
[0.169s] Level 5:colcon.colcon_core.verb:set package 'scicobot_move_on' build argument 'cmake_clean_cache' from command line to 'False'
[0.169s] Level 5:colcon.colcon_core.verb:set package 'scicobot_move_on' build argument 'cmake_clean_first' from command line to 'False'
[0.169s] Level 5:colcon.colcon_core.verb:set package 'scicobot_move_on' build argument 'cmake_force_configure' from command line to 'False'
[0.169s] Level 5:colcon.colcon_core.verb:set package 'scicobot_move_on' build argument 'ament_cmake_args' from command line to 'None'
[0.169s] Level 5:colcon.colcon_core.verb:set package 'scicobot_move_on' build argument 'catkin_cmake_args' from command line to 'None'
[0.170s] Level 5:colcon.colcon_core.verb:set package 'scicobot_move_on' build argument 'catkin_skip_building_tests' from command line to 'False'
[0.170s] DEBUG:colcon.colcon_core.verb:Building package 'scicobot_move_on' with the following arguments: {'ament_cmake_args': None, 'build_base': '/home/otavio/scicobot_rasp/build/scicobot_move_on', 'catkin_cmake_args': None, 'catkin_skip_building_tests': False, 'cmake_args': None, 'cmake_clean_cache': False, 'cmake_clean_first': False, 'cmake_force_configure': False, 'cmake_target': None, 'cmake_target_skip_unavailable': False, 'install_base': '/home/otavio/scicobot_rasp/install/scicobot_move_on', 'merge_install': False, 'path': '/home/otavio/scicobot_rasp/src/scicobot_move_on', 'symlink_install': False, 'test_result_base': None}
[0.170s] Level 5:colcon.colcon_core.verb:set package 'scicobot_ultrasonic' build argument 'cmake_args' from command line to 'None'
[0.170s] Level 5:colcon.colcon_core.verb:set package 'scicobot_ultrasonic' build argument 'cmake_target' from command line to 'None'
[0.170s] Level 5:colcon.colcon_core.verb:set package 'scicobot_ultrasonic' build argument 'cmake_target_skip_unavailable' from command line to 'False'
[0.170s] Level 5:colcon.colcon_core.verb:set package 'scicobot_ultrasonic' build argument 'cmake_clean_cache' from command line to 'False'
[0.170s] Level 5:colcon.colcon_core.verb:set package 'scicobot_ultrasonic' build argument 'cmake_clean_first' from command line to 'False'
[0.170s] Level 5:colcon.colcon_core.verb:set package 'scicobot_ultrasonic' build argument 'cmake_force_configure' from command line to 'False'
[0.170s] Level 5:colcon.colcon_core.verb:set package 'scicobot_ultrasonic' build argument 'ament_cmake_args' from command line to 'None'
[0.170s] Level 5:colcon.colcon_core.verb:set package 'scicobot_ultrasonic' build argument 'catkin_cmake_args' from command line to 'None'
[0.170s] Level 5:colcon.colcon_core.verb:set package 'scicobot_ultrasonic' build argument 'catkin_skip_building_tests' from command line to 'False'
[0.170s] DEBUG:colcon.colcon_core.verb:Building package 'scicobot_ultrasonic' with the following arguments: {'ament_cmake_args': None, 'build_base': '/home/otavio/scicobot_rasp/build/scicobot_ultrasonic', 'catkin_cmake_args': None, 'catkin_skip_building_tests': False, 'cmake_args': None, 'cmake_clean_cache': False, 'cmake_clean_first': False, 'cmake_force_configure': False, 'cmake_target': None, 'cmake_target_skip_unavailable': False, 'install_base': '/home/otavio/scicobot_rasp/install/scicobot_ultrasonic', 'merge_install': False, 'path': '/home/otavio/scicobot_rasp/src/scicobot_ultrasonic', 'symlink_install': False, 'test_result_base': None}
[0.171s] Level 5:colcon.colcon_core.verb:set package 'teste' build argument 'cmake_args' from command line to 'None'
[0.171s] Level 5:colcon.colcon_core.verb:set package 'teste' build argument 'cmake_target' from command line to 'None'
[0.171s] Level 5:colcon.colcon_core.verb:set package 'teste' build argument 'cmake_target_skip_unavailable' from command line to 'False'
[0.171s] Level 5:colcon.colcon_core.verb:set package 'teste' build argument 'cmake_clean_cache' from command line to 'False'
[0.171s] Level 5:colcon.colcon_core.verb:set package 'teste' build argument 'cmake_clean_first' from command line to 'False'
[0.171s] Level 5:colcon.colcon_core.verb:set package 'teste' build argument 'cmake_force_configure' from command line to 'False'
[0.171s] Level 5:colcon.colcon_core.verb:set package 'teste' build argument 'ament_cmake_args' from command line to 'None'
[0.171s] Level 5:colcon.colcon_core.verb:set package 'teste' build argument 'catkin_cmake_args' from command line to 'None'
[0.171s] Level 5:colcon.colcon_core.verb:set package 'teste' build argument 'catkin_skip_building_tests' from command line to 'False'
[0.171s] DEBUG:colcon.colcon_core.verb:Building package 'teste' with the following arguments: {'ament_cmake_args': None, 'build_base': '/home/otavio/scicobot_rasp/build/teste', 'catkin_cmake_args': None, 'catkin_skip_building_tests': False, 'cmake_args': None, 'cmake_clean_cache': False, 'cmake_clean_first': False, 'cmake_force_configure': False, 'cmake_target': None, 'cmake_target_skip_unavailable': False, 'install_base': '/home/otavio/scicobot_rasp/install/teste', 'merge_install': False, 'path': '/home/otavio/scicobot_rasp/src/teste', 'symlink_install': False, 'test_result_base': None}
[0.174s] INFO:colcon.colcon_core.executor:Executing jobs using 'parallel' executor
[0.176s] DEBUG:colcon.colcon_parallel_executor.executor.parallel:run_until_complete
[0.176s] INFO:colcon.colcon_ros.task.ament_cmake.build:Building ROS package in '/home/otavio/scicobot_rasp/src/publisher_teste' with build type 'ament_cmake'
[0.176s] INFO:colcon.colcon_cmake.task.cmake.build:Building CMake package in '/home/otavio/scicobot_rasp/src/publisher_teste'
[0.179s] INFO:colcon.colcon_core.plugin_system:Skipping extension 'colcon_core.shell.bat': Not used on non-Windows systems
[0.179s] INFO:colcon.colcon_core.shell:Skip shell extension 'powershell' for command environment: Not usable outside of PowerShell
[0.179s] DEBUG:colcon.colcon_core.shell:Skip shell extension 'dsv' for command environment
[0.183s] INFO:colcon.colcon_ros.task.ament_cmake.build:Building ROS package in '/home/otavio/scicobot_rasp/src/scicobot_encoder' with build type 'ament_cmake'
[0.183s] INFO:colcon.colcon_cmake.task.cmake.build:Building CMake package in '/home/otavio/scicobot_rasp/src/scicobot_encoder'
[0.184s] INFO:colcon.colcon_core.shell:Skip shell extension 'powershell' for command environment: Not usable outside of PowerShell
[0.184s] DEBUG:colcon.colcon_core.shell:Skip shell extension 'dsv' for command environment
[0.189s] INFO:colcon.colcon_ros.task.ament_cmake.build:Building ROS package in '/home/otavio/scicobot_rasp/src/scicobot_move_on' with build type 'ament_cmake'
[0.189s] INFO:colcon.colcon_cmake.task.cmake.build:Building CMake package in '/home/otavio/scicobot_rasp/src/scicobot_move_on'
[0.190s] INFO:colcon.colcon_core.shell:Skip shell extension 'powershell' for command environment: Not usable outside of PowerShell
[0.191s] DEBUG:colcon.colcon_core.shell:Skip shell extension 'dsv' for command environment
[0.194s] INFO:colcon.colcon_ros.task.ament_cmake.build:Building ROS package in '/home/otavio/scicobot_rasp/src/scicobot_ultrasonic' with build type 'ament_cmake'
[0.195s] INFO:colcon.colcon_cmake.task.cmake.build:Building CMake package in '/home/otavio/scicobot_rasp/src/scicobot_ultrasonic'
[0.196s] INFO:colcon.colcon_core.shell:Skip shell extension 'powershell' for command environment: Not usable outside of PowerShell
[0.196s] DEBUG:colcon.colcon_core.shell:Skip shell extension 'dsv' for command environment
[0.209s] DEBUG:colcon.colcon_core.event_handler.log_command:Invoking command in '/home/otavio/scicobot_rasp/build/publisher_teste': CMAKE_PREFIX_PATH=/opt/ros/foxy /usr/bin/cmake --build /home/otavio/scicobot_rasp/build/publisher_teste -- -j4 -l4
[0.217s] DEBUG:colcon.colcon_core.event_handler.log_command:Invoking command in '/home/otavio/scicobot_rasp/build/scicobot_encoder': CMAKE_PREFIX_PATH=/opt/ros/foxy /usr/bin/cmake --build /home/otavio/scicobot_rasp/build/scicobot_encoder -- -j4 -l4
[0.220s] DEBUG:colcon.colcon_core.event_handler.log_command:Invoking command in '/home/otavio/scicobot_rasp/build/scicobot_move_on': CMAKE_PREFIX_PATH=/opt/ros/foxy /usr/bin/cmake /home/otavio/scicobot_rasp/src/scicobot_move_on -DCMAKE_INSTALL_PREFIX=/home/otavio/scicobot_rasp/install/scicobot_move_on
[0.236s] DEBUG:colcon.colcon_core.event_handler.log_command:Invoking command in '/home/otavio/scicobot_rasp/build/scicobot_ultrasonic': CMAKE_PREFIX_PATH=/opt/ros/foxy /usr/bin/cmake --build /home/otavio/scicobot_rasp/build/scicobot_ultrasonic -- -j4 -l4
[0.246s] DEBUG:colcon.colcon_core.event_handler.log_command:Invoked command in '/home/otavio/scicobot_rasp/build/scicobot_move_on' returned '1': CMAKE_PREFIX_PATH=/opt/ros/foxy /usr/bin/cmake /home/otavio/scicobot_rasp/src/scicobot_move_on -DCMAKE_INSTALL_PREFIX=/home/otavio/scicobot_rasp/install/scicobot_move_on
[0.259s] Level 1:colcon.colcon_core.environment:create_environment_scripts_only(scicobot_move_on)
[0.266s] Level 1:colcon.colcon_core.environment:checking '/home/otavio/scicobot_rasp/install/scicobot_move_on' for CMake module files
[0.266s] Level 1:colcon.colcon_core.environment:checking '/home/otavio/scicobot_rasp/install/scicobot_move_on' for CMake config files
[0.267s] Level 1:colcon.colcon_core.environment:checking '/home/otavio/scicobot_rasp/install/scicobot_move_on/bin'
[0.267s] Level 1:colcon.colcon_core.environment:checking '/home/otavio/scicobot_rasp/install/scicobot_move_on/lib/pkgconfig/scicobot_move_on.pc'
[0.268s] Level 1:colcon.colcon_core.environment:checking '/home/otavio/scicobot_rasp/install/scicobot_move_on/lib/python3.8/site-packages'
[0.268s] INFO:colcon.colcon_core.shell:Creating package script '/home/otavio/scicobot_rasp/install/scicobot_move_on/share/scicobot_move_on/package.ps1'
[0.270s] INFO:colcon.colcon_core.shell:Creating package descriptor '/home/otavio/scicobot_rasp/install/scicobot_move_on/share/scicobot_move_on/package.dsv'
[0.270s] INFO:colcon.colcon_core.shell:Creating package script '/home/otavio/scicobot_rasp/install/scicobot_move_on/share/scicobot_move_on/package.sh'
[0.271s] INFO:colcon.colcon_core.shell:Creating package script '/home/otavio/scicobot_rasp/install/scicobot_move_on/share/scicobot_move_on/package.bash'
[0.272s] INFO:colcon.colcon_core.shell:Creating package script '/home/otavio/scicobot_rasp/install/scicobot_move_on/share/scicobot_move_on/package.zsh'
[0.273s] Level 1:colcon.colcon_core.environment:create_file_with_runtime_dependencies(/home/otavio/scicobot_rasp/install/scicobot_move_on/share/colcon-core/packages/scicobot_move_on)
[7.885s] DEBUG:colcon.colcon_parallel_executor.executor.parallel:closing loop
[7.885s] DEBUG:colcon.colcon_parallel_executor.executor.parallel:loop closed
[7.885s] DEBUG:colcon.colcon_parallel_executor.executor.parallel:run_until_complete finished with '1'
[7.885s] DEBUG:colcon.colcon_core.event_reactor:joining thread
[7.891s] INFO:colcon.colcon_core.plugin_system:Skipping extension 'colcon_notification.desktop_notification.terminal_notifier': Not used on non-Darwin systems
[7.891s] INFO:colcon.colcon_core.plugin_system:Skipping extension 'colcon_notification.desktop_notification.win32': Not used on non-Windows systems
[7.891s] INFO:colcon.colcon_notification.desktop_notification:Sending desktop notification using 'notify2'
[7.909s] DEBUG:colcon.colcon_core.event_reactor:joined thread
[7.910s] INFO:colcon.colcon_core.shell:Creating prefix script '/home/otavio/scicobot_rasp/install/local_setup.ps1'
[7.911s] INFO:colcon.colcon_core.shell:Creating prefix util module '/home/otavio/scicobot_rasp/install/_local_setup_util_ps1.py'
[7.913s] INFO:colcon.colcon_core.shell:Creating prefix chain script '/home/otavio/scicobot_rasp/install/setup.ps1'
[7.915s] INFO:colcon.colcon_core.shell:Creating prefix script '/home/otavio/scicobot_rasp/install/local_setup.sh'
[7.915s] INFO:colcon.colcon_core.shell:Creating prefix util module '/home/otavio/scicobot_rasp/install/_local_setup_util_sh.py'
[7.916s] INFO:colcon.colcon_core.shell:Creating prefix chain script '/home/otavio/scicobot_rasp/install/setup.sh'
[7.918s] INFO:colcon.colcon_core.shell:Creating prefix script '/home/otavio/scicobot_rasp/install/local_setup.bash'
[7.918s] INFO:colcon.colcon_core.shell:Creating prefix chain script '/home/otavio/scicobot_rasp/install/setup.bash'
[7.920s] INFO:colcon.colcon_core.shell:Creating prefix script '/home/otavio/scicobot_rasp/install/local_setup.zsh'
[7.920s] INFO:colcon.colcon_core.shell:Creating prefix chain script '/home/otavio/scicobot_rasp/install/setup.zsh'
