[0.129s] DEBUG:colcon:Command line arguments: ['/usr/bin/colcon', 'build']
[0.129s] DEBUG:colcon:Parsed command line arguments: Namespace(allow_overriding=[], ament_cmake_args=None, base_paths=['.'], build_base='build', catkin_cmake_args=None, catkin_skip_building_tests=False, cmake_args=None, cmake_clean_cache=False, cmake_clean_first=False, cmake_force_configure=False, cmake_target=None, cmake_target_skip_unavailable=False, continue_on_error=False, event_handlers=None, executor='parallel', ignore_user_meta=False, install_base='install', log_base=None, log_level=None, main=<bound method BuildVerb.main of <colcon_core.verb.build.BuildVerb object at 0x7f79459923d0>>, merge_install=False, metas=['./colcon.meta'], packages_above=None, packages_above_and_dependencies=None, packages_above_depth=None, packages_end=None, packages_ignore=None, packages_ignore_regex=None, packages_select=None, packages_select_build_failed=False, packages_select_by_dep=None, packages_select_regex=None, packages_select_test_failures=False, packages_skip=None, packages_skip_build_finished=False, packages_skip_by_dep=None, packages_skip_regex=None, packages_skip_test_passed=False, packages_skip_up_to=None, packages_start=None, packages_up_to=None, packages_up_to_regex=None, parallel_workers=4, paths=None, symlink_install=False, test_result_base=None, verb_extension=<colcon_core.verb.build.BuildVerb object at 0x7f79459923d0>, verb_name='build', verb_parser=<colcon_defaults.argument_parser.defaults.DefaultArgumentsDecorator object at 0x7f7945992910>)
[0.133s] Level 1:colcon.colcon_core.package_discovery:discover_packages(colcon_meta) check parameters
[0.133s] Level 1:colcon.colcon_core.package_discovery:discover_packages(recursive) check parameters
[0.133s] Level 1:colcon.colcon_core.package_discovery:discover_packages(ignore) check parameters
[0.133s] Level 1:colcon.colcon_core.package_discovery:discover_packages(path) check parameters
[0.133s] Level 1:colcon.colcon_core.package_discovery:discover_packages(colcon_meta) discover
[0.133s] Level 1:colcon.colcon_core.package_discovery:discover_packages(recursive) discover
[0.133s] INFO:colcon.colcon_core.package_discovery:Crawling recursively for packages in '/home/otavio/excluir/scicobot_rasp'
[0.133s] Level 1:colcon.colcon_core.package_identification:_identify(.) by extensions ['ignore', 'ignore_ament_install']
[0.133s] Level 1:colcon.colcon_core.package_identification:_identify(.) by extension 'ignore'
[0.134s] Level 1:colcon.colcon_core.package_identification:_identify(.) by extension 'ignore_ament_install'
[0.134s] Level 1:colcon.colcon_core.package_identification:_identify(.) by extensions ['colcon_pkg']
[0.134s] Level 1:colcon.colcon_core.package_identification:_identify(.) by extension 'colcon_pkg'
[0.134s] Level 1:colcon.colcon_core.package_identification:_identify(.) by extensions ['colcon_meta']
[0.134s] Level 1:colcon.colcon_core.package_identification:_identify(.) by extension 'colcon_meta'
[0.134s] Level 1:colcon.colcon_core.package_identification:_identify(.) by extensions ['ros']
[0.134s] Level 1:colcon.colcon_core.package_identification:_identify(.) by extension 'ros'
[0.144s] Level 1:colcon.colcon_core.package_identification:_identify(.) by extensions ['cmake', 'python']
[0.144s] Level 1:colcon.colcon_core.package_identification:_identify(.) by extension 'cmake'
[0.144s] Level 1:colcon.colcon_core.package_identification:_identify(.) by extension 'python'
[0.144s] Level 1:colcon.colcon_core.package_identification:_identify(.) by extensions ['python_setup_py']
[0.144s] Level 1:colcon.colcon_core.package_identification:_identify(.) by extension 'python_setup_py'
[0.145s] Level 1:colcon.colcon_core.package_identification:_identify(build) by extensions ['ignore', 'ignore_ament_install']
[0.145s] Level 1:colcon.colcon_core.package_identification:_identify(build) by extension 'ignore'
[0.145s] Level 1:colcon.colcon_core.package_identification:_identify(build) ignored
[0.145s] Level 1:colcon.colcon_core.package_identification:_identify(install) by extensions ['ignore', 'ignore_ament_install']
[0.145s] Level 1:colcon.colcon_core.package_identification:_identify(install) by extension 'ignore'
[0.145s] Level 1:colcon.colcon_core.package_identification:_identify(install) ignored
[0.145s] Level 1:colcon.colcon_core.package_identification:_identify(log) by extensions ['ignore', 'ignore_ament_install']
[0.145s] Level 1:colcon.colcon_core.package_identification:_identify(log) by extension 'ignore'
[0.145s] Level 1:colcon.colcon_core.package_identification:_identify(log) ignored
[0.145s] Level 1:colcon.colcon_core.package_identification:_identify(src) by extensions ['ignore', 'ignore_ament_install']
[0.145s] Level 1:colcon.colcon_core.package_identification:_identify(src) by extension 'ignore'
[0.145s] Level 1:colcon.colcon_core.package_identification:_identify(src) by extension 'ignore_ament_install'
[0.145s] Level 1:colcon.colcon_core.package_identification:_identify(src) by extensions ['colcon_pkg']
[0.145s] Level 1:colcon.colcon_core.package_identification:_identify(src) by extension 'colcon_pkg'
[0.145s] Level 1:colcon.colcon_core.package_identification:_identify(src) by extensions ['colcon_meta']
[0.145s] Level 1:colcon.colcon_core.package_identification:_identify(src) by extension 'colcon_meta'
[0.145s] Level 1:colcon.colcon_core.package_identification:_identify(src) by extensions ['ros']
[0.145s] Level 1:colcon.colcon_core.package_identification:_identify(src) by extension 'ros'
[0.146s] Level 1:colcon.colcon_core.package_identification:_identify(src) by extensions ['cmake', 'python']
[0.146s] Level 1:colcon.colcon_core.package_identification:_identify(src) by extension 'cmake'
[0.146s] Level 1:colcon.colcon_core.package_identification:_identify(src) by extension 'python'
[0.146s] Level 1:colcon.colcon_core.package_identification:_identify(src) by extensions ['python_setup_py']
[0.146s] Level 1:colcon.colcon_core.package_identification:_identify(src) by extension 'python_setup_py'
[0.146s] Level 1:colcon.colcon_core.package_identification:_identify(src/publisher_teste) by extensions ['ignore', 'ignore_ament_install']
[0.146s] Level 1:colcon.colcon_core.package_identification:_identify(src/publisher_teste) by extension 'ignore'
[0.146s] Level 1:colcon.colcon_core.package_identification:_identify(src/publisher_teste) by extension 'ignore_ament_install'
[0.146s] Level 1:colcon.colcon_core.package_identification:_identify(src/publisher_teste) by extensions ['colcon_pkg']
[0.146s] Level 1:colcon.colcon_core.package_identification:_identify(src/publisher_teste) by extension 'colcon_pkg'
[0.146s] Level 1:colcon.colcon_core.package_identification:_identify(src/publisher_teste) by extensions ['colcon_meta']
[0.146s] Level 1:colcon.colcon_core.package_identification:_identify(src/publisher_teste) by extension 'colcon_meta'
[0.146s] Level 1:colcon.colcon_core.package_identification:_identify(src/publisher_teste) by extensions ['ros']
[0.146s] Level 1:colcon.colcon_core.package_identification:_identify(src/publisher_teste) by extension 'ros'
[0.148s] DEBUG:colcon.colcon_core.package_identification:Package 'src/publisher_teste' with type 'ros.ament_cmake' and name 'publisher_teste'
[0.148s] Level 1:colcon.colcon_core.package_identification:_identify(src/scicobot_encoder) by extensions ['ignore', 'ignore_ament_install']
[0.149s] Level 1:colcon.colcon_core.package_identification:_identify(src/scicobot_encoder) by extension 'ignore'
[0.149s] Level 1:colcon.colcon_core.package_identification:_identify(src/scicobot_encoder) by extension 'ignore_ament_install'
[0.149s] Level 1:colcon.colcon_core.package_identification:_identify(src/scicobot_encoder) by extensions ['colcon_pkg']
[0.149s] Level 1:colcon.colcon_core.package_identification:_identify(src/scicobot_encoder) by extension 'colcon_pkg'
[0.149s] Level 1:colcon.colcon_core.package_identification:_identify(src/scicobot_encoder) by extensions ['colcon_meta']
[0.149s] Level 1:colcon.colcon_core.package_identification:_identify(src/scicobot_encoder) by extension 'colcon_meta'
[0.149s] Level 1:colcon.colcon_core.package_identification:_identify(src/scicobot_encoder) by extensions ['ros']
[0.149s] Level 1:colcon.colcon_core.package_identification:_identify(src/scicobot_encoder) by extension 'ros'
[0.149s] DEBUG:colcon.colcon_core.package_identification:Package 'src/scicobot_encoder' with type 'ros.ament_cmake' and name 'scicobot_encoder'
[0.149s] Level 1:colcon.colcon_core.package_identification:_identify(src/scicobot_move_on) by extensions ['ignore', 'ignore_ament_install']
[0.150s] Level 1:colcon.colcon_core.package_identification:_identify(src/scicobot_move_on) by extension 'ignore'
[0.150s] Level 1:colcon.colcon_core.package_identification:_identify(src/scicobot_move_on) by extension 'ignore_ament_install'
[0.150s] Level 1:colcon.colcon_core.package_identification:_identify(src/scicobot_move_on) by extensions ['colcon_pkg']
[0.150s] Level 1:colcon.colcon_core.package_identification:_identify(src/scicobot_move_on) by extension 'colcon_pkg'
[0.150s] Level 1:colcon.colcon_core.package_identification:_identify(src/scicobot_move_on) by extensions ['colcon_meta']
[0.150s] Level 1:colcon.colcon_core.package_identification:_identify(src/scicobot_move_on) by extension 'colcon_meta'
[0.150s] Level 1:colcon.colcon_core.package_identification:_identify(src/scicobot_move_on) by extensions ['ros']
[0.150s] Level 1:colcon.colcon_core.package_identification:_identify(src/scicobot_move_on) by extension 'ros'
[0.150s] DEBUG:colcon.colcon_core.package_identification:Package 'src/scicobot_move_on' with type 'ros.ament_cmake' and name 'scicobot_move_on'
[0.150s] Level 1:colcon.colcon_core.package_identification:_identify(src/scicobot_ultrasonic) by extensions ['ignore', 'ignore_ament_install']
[0.151s] Level 1:colcon.colcon_core.package_identification:_identify(src/scicobot_ultrasonic) by extension 'ignore'
[0.151s] Level 1:colcon.colcon_core.package_identification:_identify(src/scicobot_ultrasonic) by extension 'ignore_ament_install'
[0.151s] Level 1:colcon.colcon_core.package_identification:_identify(src/scicobot_ultrasonic) by extensions ['colcon_pkg']
[0.151s] Level 1:colcon.colcon_core.package_identification:_identify(src/scicobot_ultrasonic) by extension 'colcon_pkg'
[0.151s] Level 1:colcon.colcon_core.package_identification:_identify(src/scicobot_ultrasonic) by extensions ['colcon_meta']
[0.151s] Level 1:colcon.colcon_core.package_identification:_identify(src/scicobot_ultrasonic) by extension 'colcon_meta'
[0.151s] Level 1:colcon.colcon_core.package_identification:_identify(src/scicobot_ultrasonic) by extensions ['ros']
[0.151s] Level 1:colcon.colcon_core.package_identification:_identify(src/scicobot_ultrasonic) by extension 'ros'
[0.151s] DEBUG:colcon.colcon_core.package_identification:Package 'src/scicobot_ultrasonic' with type 'ros.ament_cmake' and name 'scicobot_ultrasonic'
[0.151s] Level 1:colcon.colcon_core.package_identification:_identify(src/test_cooperation_rasp) by extensions ['ignore', 'ignore_ament_install']
[0.152s] Level 1:colcon.colcon_core.package_identification:_identify(src/test_cooperation_rasp) by extension 'ignore'
[0.152s] Level 1:colcon.colcon_core.package_identification:_identify(src/test_cooperation_rasp) by extension 'ignore_ament_install'
[0.152s] Level 1:colcon.colcon_core.package_identification:_identify(src/test_cooperation_rasp) by extensions ['colcon_pkg']
[0.152s] Level 1:colcon.colcon_core.package_identification:_identify(src/test_cooperation_rasp) by extension 'colcon_pkg'
[0.152s] Level 1:colcon.colcon_core.package_identification:_identify(src/test_cooperation_rasp) by extensions ['colcon_meta']
[0.152s] Level 1:colcon.colcon_core.package_identification:_identify(src/test_cooperation_rasp) by extension 'colcon_meta'
[0.152s] Level 1:colcon.colcon_core.package_identification:_identify(src/test_cooperation_rasp) by extensions ['ros']
[0.152s] Level 1:colcon.colcon_core.package_identification:_identify(src/test_cooperation_rasp) by extension 'ros'
[0.152s] DEBUG:colcon.colcon_core.package_identification:Package 'src/test_cooperation_rasp' with type 'ros.ament_cmake' and name 'test_cooperation_rasp'
[0.152s] Level 1:colcon.colcon_core.package_identification:_identify(src/test_cooperation_scicobot) by extensions ['ignore', 'ignore_ament_install']
[0.152s] Level 1:colcon.colcon_core.package_identification:_identify(src/test_cooperation_scicobot) by extension 'ignore'
[0.153s] Level 1:colcon.colcon_core.package_identification:_identify(src/test_cooperation_scicobot) by extension 'ignore_ament_install'
[0.153s] Level 1:colcon.colcon_core.package_identification:_identify(src/test_cooperation_scicobot) by extensions ['colcon_pkg']
[0.153s] Level 1:colcon.colcon_core.package_identification:_identify(src/test_cooperation_scicobot) by extension 'colcon_pkg'
[0.153s] Level 1:colcon.colcon_core.package_identification:_identify(src/test_cooperation_scicobot) by extensions ['colcon_meta']
[0.153s] Level 1:colcon.colcon_core.package_identification:_identify(src/test_cooperation_scicobot) by extension 'colcon_meta'
[0.153s] Level 1:colcon.colcon_core.package_identification:_identify(src/test_cooperation_scicobot) by extensions ['ros']
[0.153s] Level 1:colcon.colcon_core.package_identification:_identify(src/test_cooperation_scicobot) by extension 'ros'
[0.153s] DEBUG:colcon.colcon_core.package_identification:Package 'src/test_cooperation_scicobot' with type 'ros.ament_cmake' and name 'test_cooperation_scicobot'
[0.153s] Level 1:colcon.colcon_core.package_identification:_identify(src/teste) by extensions ['ignore', 'ignore_ament_install']
[0.153s] Level 1:colcon.colcon_core.package_identification:_identify(src/teste) by extension 'ignore'
[0.153s] Level 1:colcon.colcon_core.package_identification:_identify(src/teste) by extension 'ignore_ament_install'
[0.154s] Level 1:colcon.colcon_core.package_identification:_identify(src/teste) by extensions ['colcon_pkg']
[0.154s] Level 1:colcon.colcon_core.package_identification:_identify(src/teste) by extension 'colcon_pkg'
[0.154s] Level 1:colcon.colcon_core.package_identification:_identify(src/teste) by extensions ['colcon_meta']
[0.154s] Level 1:colcon.colcon_core.package_identification:_identify(src/teste) by extension 'colcon_meta'
[0.154s] Level 1:colcon.colcon_core.package_identification:_identify(src/teste) by extensions ['ros']
[0.154s] Level 1:colcon.colcon_core.package_identification:_identify(src/teste) by extension 'ros'
[0.154s] DEBUG:colcon.colcon_core.package_identification:Package 'src/teste' with type 'ros.ament_cmake' and name 'teste'
[0.154s] Level 1:colcon.colcon_core.package_discovery:discover_packages(recursive) using defaults
[0.154s] Level 1:colcon.colcon_core.package_discovery:discover_packages(ignore) discover
[0.154s] Level 1:colcon.colcon_core.package_discovery:discover_packages(ignore) using defaults
[0.154s] Level 1:colcon.colcon_core.package_discovery:discover_packages(path) discover
[0.154s] Level 1:colcon.colcon_core.package_discovery:discover_packages(path) using defaults
[0.171s] Level 5:colcon.colcon_core.verb:set package 'publisher_teste' build argument 'cmake_args' from command line to 'None'
[0.171s] Level 5:colcon.colcon_core.verb:set package 'publisher_teste' build argument 'cmake_target' from command line to 'None'
[0.171s] Level 5:colcon.colcon_core.verb:set package 'publisher_teste' build argument 'cmake_target_skip_unavailable' from command line to 'False'
[0.171s] Level 5:colcon.colcon_core.verb:set package 'publisher_teste' build argument 'cmake_clean_cache' from command line to 'False'
[0.171s] Level 5:colcon.colcon_core.verb:set package 'publisher_teste' build argument 'cmake_clean_first' from command line to 'False'
[0.171s] Level 5:colcon.colcon_core.verb:set package 'publisher_teste' build argument 'cmake_force_configure' from command line to 'False'
[0.171s] Level 5:colcon.colcon_core.verb:set package 'publisher_teste' build argument 'ament_cmake_args' from command line to 'None'
[0.171s] Level 5:colcon.colcon_core.verb:set package 'publisher_teste' build argument 'catkin_cmake_args' from command line to 'None'
[0.171s] Level 5:colcon.colcon_core.verb:set package 'publisher_teste' build argument 'catkin_skip_building_tests' from command line to 'False'
[0.171s] DEBUG:colcon.colcon_core.verb:Building package 'publisher_teste' with the following arguments: {'ament_cmake_args': None, 'build_base': '/home/otavio/excluir/scicobot_rasp/build/publisher_teste', 'catkin_cmake_args': None, 'catkin_skip_building_tests': False, 'cmake_args': None, 'cmake_clean_cache': False, 'cmake_clean_first': False, 'cmake_force_configure': False, 'cmake_target': None, 'cmake_target_skip_unavailable': False, 'install_base': '/home/otavio/excluir/scicobot_rasp/install/publisher_teste', 'merge_install': False, 'path': '/home/otavio/excluir/scicobot_rasp/src/publisher_teste', 'symlink_install': False, 'test_result_base': None}
[0.172s] Level 5:colcon.colcon_core.verb:set package 'scicobot_encoder' build argument 'cmake_args' from command line to 'None'
[0.172s] Level 5:colcon.colcon_core.verb:set package 'scicobot_encoder' build argument 'cmake_target' from command line to 'None'
[0.172s] Level 5:colcon.colcon_core.verb:set package 'scicobot_encoder' build argument 'cmake_target_skip_unavailable' from command line to 'False'
[0.172s] Level 5:colcon.colcon_core.verb:set package 'scicobot_encoder' build argument 'cmake_clean_cache' from command line to 'False'
[0.172s] Level 5:colcon.colcon_core.verb:set package 'scicobot_encoder' build argument 'cmake_clean_first' from command line to 'False'
[0.172s] Level 5:colcon.colcon_core.verb:set package 'scicobot_encoder' build argument 'cmake_force_configure' from command line to 'False'
[0.172s] Level 5:colcon.colcon_core.verb:set package 'scicobot_encoder' build argument 'ament_cmake_args' from command line to 'None'
[0.172s] Level 5:colcon.colcon_core.verb:set package 'scicobot_encoder' build argument 'catkin_cmake_args' from command line to 'None'
[0.172s] Level 5:colcon.colcon_core.verb:set package 'scicobot_encoder' build argument 'catkin_skip_building_tests' from command line to 'False'
[0.172s] DEBUG:colcon.colcon_core.verb:Building package 'scicobot_encoder' with the following arguments: {'ament_cmake_args': None, 'build_base': '/home/otavio/excluir/scicobot_rasp/build/scicobot_encoder', 'catkin_cmake_args': None, 'catkin_skip_building_tests': False, 'cmake_args': None, 'cmake_clean_cache': False, 'cmake_clean_first': False, 'cmake_force_configure': False, 'cmake_target': None, 'cmake_target_skip_unavailable': False, 'install_base': '/home/otavio/excluir/scicobot_rasp/install/scicobot_encoder', 'merge_install': False, 'path': '/home/otavio/excluir/scicobot_rasp/src/scicobot_encoder', 'symlink_install': False, 'test_result_base': None}
[0.172s] Level 5:colcon.colcon_core.verb:set package 'scicobot_move_on' build argument 'cmake_args' from command line to 'None'
[0.172s] Level 5:colcon.colcon_core.verb:set package 'scicobot_move_on' build argument 'cmake_target' from command line to 'None'
[0.172s] Level 5:colcon.colcon_core.verb:set package 'scicobot_move_on' build argument 'cmake_target_skip_unavailable' from command line to 'False'
[0.172s] Level 5:colcon.colcon_core.verb:set package 'scicobot_move_on' build argument 'cmake_clean_cache' from command line to 'False'
[0.172s] Level 5:colcon.colcon_core.verb:set package 'scicobot_move_on' build argument 'cmake_clean_first' from command line to 'False'
[0.172s] Level 5:colcon.colcon_core.verb:set package 'scicobot_move_on' build argument 'cmake_force_configure' from command line to 'False'
[0.173s] Level 5:colcon.colcon_core.verb:set package 'scicobot_move_on' build argument 'ament_cmake_args' from command line to 'None'
[0.173s] Level 5:colcon.colcon_core.verb:set package 'scicobot_move_on' build argument 'catkin_cmake_args' from command line to 'None'
[0.173s] Level 5:colcon.colcon_core.verb:set package 'scicobot_move_on' build argument 'catkin_skip_building_tests' from command line to 'False'
[0.173s] DEBUG:colcon.colcon_core.verb:Building package 'scicobot_move_on' with the following arguments: {'ament_cmake_args': None, 'build_base': '/home/otavio/excluir/scicobot_rasp/build/scicobot_move_on', 'catkin_cmake_args': None, 'catkin_skip_building_tests': False, 'cmake_args': None, 'cmake_clean_cache': False, 'cmake_clean_first': False, 'cmake_force_configure': False, 'cmake_target': None, 'cmake_target_skip_unavailable': False, 'install_base': '/home/otavio/excluir/scicobot_rasp/install/scicobot_move_on', 'merge_install': False, 'path': '/home/otavio/excluir/scicobot_rasp/src/scicobot_move_on', 'symlink_install': False, 'test_result_base': None}
[0.173s] Level 5:colcon.colcon_core.verb:set package 'scicobot_ultrasonic' build argument 'cmake_args' from command line to 'None'
[0.173s] Level 5:colcon.colcon_core.verb:set package 'scicobot_ultrasonic' build argument 'cmake_target' from command line to 'None'
[0.173s] Level 5:colcon.colcon_core.verb:set package 'scicobot_ultrasonic' build argument 'cmake_target_skip_unavailable' from command line to 'False'
[0.173s] Level 5:colcon.colcon_core.verb:set package 'scicobot_ultrasonic' build argument 'cmake_clean_cache' from command line to 'False'
[0.173s] Level 5:colcon.colcon_core.verb:set package 'scicobot_ultrasonic' build argument 'cmake_clean_first' from command line to 'False'
[0.173s] Level 5:colcon.colcon_core.verb:set package 'scicobot_ultrasonic' build argument 'cmake_force_configure' from command line to 'False'
[0.173s] Level 5:colcon.colcon_core.verb:set package 'scicobot_ultrasonic' build argument 'ament_cmake_args' from command line to 'None'
[0.173s] Level 5:colcon.colcon_core.verb:set package 'scicobot_ultrasonic' build argument 'catkin_cmake_args' from command line to 'None'
[0.173s] Level 5:colcon.colcon_core.verb:set package 'scicobot_ultrasonic' build argument 'catkin_skip_building_tests' from command line to 'False'
[0.173s] DEBUG:colcon.colcon_core.verb:Building package 'scicobot_ultrasonic' with the following arguments: {'ament_cmake_args': None, 'build_base': '/home/otavio/excluir/scicobot_rasp/build/scicobot_ultrasonic', 'catkin_cmake_args': None, 'catkin_skip_building_tests': False, 'cmake_args': None, 'cmake_clean_cache': False, 'cmake_clean_first': False, 'cmake_force_configure': False, 'cmake_target': None, 'cmake_target_skip_unavailable': False, 'install_base': '/home/otavio/excluir/scicobot_rasp/install/scicobot_ultrasonic', 'merge_install': False, 'path': '/home/otavio/excluir/scicobot_rasp/src/scicobot_ultrasonic', 'symlink_install': False, 'test_result_base': None}
[0.174s] Level 5:colcon.colcon_core.verb:set package 'test_cooperation_rasp' build argument 'cmake_args' from command line to 'None'
[0.174s] Level 5:colcon.colcon_core.verb:set package 'test_cooperation_rasp' build argument 'cmake_target' from command line to 'None'
[0.174s] Level 5:colcon.colcon_core.verb:set package 'test_cooperation_rasp' build argument 'cmake_target_skip_unavailable' from command line to 'False'
[0.174s] Level 5:colcon.colcon_core.verb:set package 'test_cooperation_rasp' build argument 'cmake_clean_cache' from command line to 'False'
[0.174s] Level 5:colcon.colcon_core.verb:set package 'test_cooperation_rasp' build argument 'cmake_clean_first' from command line to 'False'
[0.174s] Level 5:colcon.colcon_core.verb:set package 'test_cooperation_rasp' build argument 'cmake_force_configure' from command line to 'False'
[0.174s] Level 5:colcon.colcon_core.verb:set package 'test_cooperation_rasp' build argument 'ament_cmake_args' from command line to 'None'
[0.174s] Level 5:colcon.colcon_core.verb:set package 'test_cooperation_rasp' build argument 'catkin_cmake_args' from command line to 'None'
[0.174s] Level 5:colcon.colcon_core.verb:set package 'test_cooperation_rasp' build argument 'catkin_skip_building_tests' from command line to 'False'
[0.174s] DEBUG:colcon.colcon_core.verb:Building package 'test_cooperation_rasp' with the following arguments: {'ament_cmake_args': None, 'build_base': '/home/otavio/excluir/scicobot_rasp/build/test_cooperation_rasp', 'catkin_cmake_args': None, 'catkin_skip_building_tests': False, 'cmake_args': None, 'cmake_clean_cache': False, 'cmake_clean_first': False, 'cmake_force_configure': False, 'cmake_target': None, 'cmake_target_skip_unavailable': False, 'install_base': '/home/otavio/excluir/scicobot_rasp/install/test_cooperation_rasp', 'merge_install': False, 'path': '/home/otavio/excluir/scicobot_rasp/src/test_cooperation_rasp', 'symlink_install': False, 'test_result_base': None}
[0.175s] Level 5:colcon.colcon_core.verb:set package 'test_cooperation_scicobot' build argument 'cmake_args' from command line to 'None'
[0.175s] Level 5:colcon.colcon_core.verb:set package 'test_cooperation_scicobot' build argument 'cmake_target' from command line to 'None'
[0.175s] Level 5:colcon.colcon_core.verb:set package 'test_cooperation_scicobot' build argument 'cmake_target_skip_unavailable' from command line to 'False'
[0.175s] Level 5:colcon.colcon_core.verb:set package 'test_cooperation_scicobot' build argument 'cmake_clean_cache' from command line to 'False'
[0.175s] Level 5:colcon.colcon_core.verb:set package 'test_cooperation_scicobot' build argument 'cmake_clean_first' from command line to 'False'
[0.175s] Level 5:colcon.colcon_core.verb:set package 'test_cooperation_scicobot' build argument 'cmake_force_configure' from command line to 'False'
[0.175s] Level 5:colcon.colcon_core.verb:set package 'test_cooperation_scicobot' build argument 'ament_cmake_args' from command line to 'None'
[0.175s] Level 5:colcon.colcon_core.verb:set package 'test_cooperation_scicobot' build argument 'catkin_cmake_args' from command line to 'None'
[0.175s] Level 5:colcon.colcon_core.verb:set package 'test_cooperation_scicobot' build argument 'catkin_skip_building_tests' from command line to 'False'
[0.175s] DEBUG:colcon.colcon_core.verb:Building package 'test_cooperation_scicobot' with the following arguments: {'ament_cmake_args': None, 'build_base': '/home/otavio/excluir/scicobot_rasp/build/test_cooperation_scicobot', 'catkin_cmake_args': None, 'catkin_skip_building_tests': False, 'cmake_args': None, 'cmake_clean_cache': False, 'cmake_clean_first': False, 'cmake_force_configure': False, 'cmake_target': None, 'cmake_target_skip_unavailable': False, 'install_base': '/home/otavio/excluir/scicobot_rasp/install/test_cooperation_scicobot', 'merge_install': False, 'path': '/home/otavio/excluir/scicobot_rasp/src/test_cooperation_scicobot', 'symlink_install': False, 'test_result_base': None}
[0.176s] Level 5:colcon.colcon_core.verb:set package 'teste' build argument 'cmake_args' from command line to 'None'
[0.176s] Level 5:colcon.colcon_core.verb:set package 'teste' build argument 'cmake_target' from command line to 'None'
[0.176s] Level 5:colcon.colcon_core.verb:set package 'teste' build argument 'cmake_target_skip_unavailable' from command line to 'False'
[0.176s] Level 5:colcon.colcon_core.verb:set package 'teste' build argument 'cmake_clean_cache' from command line to 'False'
[0.176s] Level 5:colcon.colcon_core.verb:set package 'teste' build argument 'cmake_clean_first' from command line to 'False'
[0.176s] Level 5:colcon.colcon_core.verb:set package 'teste' build argument 'cmake_force_configure' from command line to 'False'
[0.176s] Level 5:colcon.colcon_core.verb:set package 'teste' build argument 'ament_cmake_args' from command line to 'None'
[0.176s] Level 5:colcon.colcon_core.verb:set package 'teste' build argument 'catkin_cmake_args' from command line to 'None'
[0.176s] Level 5:colcon.colcon_core.verb:set package 'teste' build argument 'catkin_skip_building_tests' from command line to 'False'
[0.176s] DEBUG:colcon.colcon_core.verb:Building package 'teste' with the following arguments: {'ament_cmake_args': None, 'build_base': '/home/otavio/excluir/scicobot_rasp/build/teste', 'catkin_cmake_args': None, 'catkin_skip_building_tests': False, 'cmake_args': None, 'cmake_clean_cache': False, 'cmake_clean_first': False, 'cmake_force_configure': False, 'cmake_target': None, 'cmake_target_skip_unavailable': False, 'install_base': '/home/otavio/excluir/scicobot_rasp/install/teste', 'merge_install': False, 'path': '/home/otavio/excluir/scicobot_rasp/src/teste', 'symlink_install': False, 'test_result_base': None}
[0.179s] INFO:colcon.colcon_core.executor:Executing jobs using 'parallel' executor
[0.180s] DEBUG:colcon.colcon_parallel_executor.executor.parallel:run_until_complete
[0.181s] INFO:colcon.colcon_ros.task.ament_cmake.build:Building ROS package in '/home/otavio/excluir/scicobot_rasp/src/publisher_teste' with build type 'ament_cmake'
[0.181s] INFO:colcon.colcon_cmake.task.cmake.build:Building CMake package in '/home/otavio/excluir/scicobot_rasp/src/publisher_teste'
[0.184s] INFO:colcon.colcon_core.plugin_system:Skipping extension 'colcon_core.shell.bat': Not used on non-Windows systems
[0.184s] INFO:colcon.colcon_core.shell:Skip shell extension 'powershell' for command environment: Not usable outside of PowerShell
[0.184s] DEBUG:colcon.colcon_core.shell:Skip shell extension 'dsv' for command environment
[0.188s] INFO:colcon.colcon_ros.task.ament_cmake.build:Building ROS package in '/home/otavio/excluir/scicobot_rasp/src/scicobot_encoder' with build type 'ament_cmake'
[0.188s] INFO:colcon.colcon_cmake.task.cmake.build:Building CMake package in '/home/otavio/excluir/scicobot_rasp/src/scicobot_encoder'
[0.189s] INFO:colcon.colcon_core.shell:Skip shell extension 'powershell' for command environment: Not usable outside of PowerShell
[0.189s] DEBUG:colcon.colcon_core.shell:Skip shell extension 'dsv' for command environment
[0.193s] INFO:colcon.colcon_ros.task.ament_cmake.build:Building ROS package in '/home/otavio/excluir/scicobot_rasp/src/scicobot_move_on' with build type 'ament_cmake'
[0.194s] INFO:colcon.colcon_cmake.task.cmake.build:Building CMake package in '/home/otavio/excluir/scicobot_rasp/src/scicobot_move_on'
[0.195s] INFO:colcon.colcon_core.shell:Skip shell extension 'powershell' for command environment: Not usable outside of PowerShell
[0.195s] DEBUG:colcon.colcon_core.shell:Skip shell extension 'dsv' for command environment
[0.200s] INFO:colcon.colcon_ros.task.ament_cmake.build:Building ROS package in '/home/otavio/excluir/scicobot_rasp/src/scicobot_ultrasonic' with build type 'ament_cmake'
[0.200s] INFO:colcon.colcon_cmake.task.cmake.build:Building CMake package in '/home/otavio/excluir/scicobot_rasp/src/scicobot_ultrasonic'
[0.201s] INFO:colcon.colcon_core.shell:Skip shell extension 'powershell' for command environment: Not usable outside of PowerShell
[0.201s] DEBUG:colcon.colcon_core.shell:Skip shell extension 'dsv' for command environment
[0.209s] DEBUG:colcon.colcon_core.event_handler.log_command:Invoking command in '/home/otavio/excluir/scicobot_rasp/build/publisher_teste': CMAKE_PREFIX_PATH=/opt/ros/foxy /usr/bin/cmake /home/otavio/excluir/scicobot_rasp/src/publisher_teste -DCMAKE_INSTALL_PREFIX=/home/otavio/excluir/scicobot_rasp/install/publisher_teste
[0.221s] DEBUG:colcon.colcon_core.event_handler.log_command:Invoking command in '/home/otavio/excluir/scicobot_rasp/build/scicobot_encoder': CMAKE_PREFIX_PATH=/opt/ros/foxy /usr/bin/cmake /home/otavio/excluir/scicobot_rasp/src/scicobot_encoder -DCMAKE_INSTALL_PREFIX=/home/otavio/excluir/scicobot_rasp/install/scicobot_encoder
[0.229s] DEBUG:colcon.colcon_core.event_handler.log_command:Invoking command in '/home/otavio/excluir/scicobot_rasp/build/scicobot_move_on': CMAKE_PREFIX_PATH=/opt/ros/foxy /usr/bin/cmake /home/otavio/excluir/scicobot_rasp/src/scicobot_move_on -DCMAKE_INSTALL_PREFIX=/home/otavio/excluir/scicobot_rasp/install/scicobot_move_on
[0.243s] DEBUG:colcon.colcon_core.event_handler.log_command:Invoking command in '/home/otavio/excluir/scicobot_rasp/build/scicobot_ultrasonic': CMAKE_PREFIX_PATH=/opt/ros/foxy /usr/bin/cmake /home/otavio/excluir/scicobot_rasp/src/scicobot_ultrasonic -DCMAKE_INSTALL_PREFIX=/home/otavio/excluir/scicobot_rasp/install/scicobot_ultrasonic
[6.210s] DEBUG:colcon.colcon_core.event_handler.log_command:Invoked command in '/home/otavio/excluir/scicobot_rasp/build/scicobot_move_on' returned '0': CMAKE_PREFIX_PATH=/opt/ros/foxy /usr/bin/cmake /home/otavio/excluir/scicobot_rasp/src/scicobot_move_on -DCMAKE_INSTALL_PREFIX=/home/otavio/excluir/scicobot_rasp/install/scicobot_move_on
[6.213s] DEBUG:colcon.colcon_core.event_handler.log_command:Invoking command in '/home/otavio/excluir/scicobot_rasp/build/scicobot_move_on': CMAKE_PREFIX_PATH=/opt/ros/foxy /usr/bin/cmake --build /home/otavio/excluir/scicobot_rasp/build/scicobot_move_on -- -j4 -l4
[6.215s] DEBUG:colcon.colcon_core.event_handler.log_command:Invoked command in '/home/otavio/excluir/scicobot_rasp/build/publisher_teste' returned '0': CMAKE_PREFIX_PATH=/opt/ros/foxy /usr/bin/cmake /home/otavio/excluir/scicobot_rasp/src/publisher_teste -DCMAKE_INSTALL_PREFIX=/home/otavio/excluir/scicobot_rasp/install/publisher_teste
[6.217s] DEBUG:colcon.colcon_core.event_handler.log_command:Invoking command in '/home/otavio/excluir/scicobot_rasp/build/publisher_teste': CMAKE_PREFIX_PATH=/opt/ros/foxy /usr/bin/cmake --build /home/otavio/excluir/scicobot_rasp/build/publisher_teste -- -j4 -l4
[6.219s] DEBUG:colcon.colcon_core.event_handler.log_command:Invoked command in '/home/otavio/excluir/scicobot_rasp/build/scicobot_encoder' returned '0': CMAKE_PREFIX_PATH=/opt/ros/foxy /usr/bin/cmake /home/otavio/excluir/scicobot_rasp/src/scicobot_encoder -DCMAKE_INSTALL_PREFIX=/home/otavio/excluir/scicobot_rasp/install/scicobot_encoder
[6.222s] DEBUG:colcon.colcon_core.event_handler.log_command:Invoking command in '/home/otavio/excluir/scicobot_rasp/build/scicobot_encoder': CMAKE_PREFIX_PATH=/opt/ros/foxy /usr/bin/cmake --build /home/otavio/excluir/scicobot_rasp/build/scicobot_encoder -- -j4 -l4
[6.227s] DEBUG:colcon.colcon_core.event_handler.log_command:Invoked command in '/home/otavio/excluir/scicobot_rasp/build/scicobot_ultrasonic' returned '0': CMAKE_PREFIX_PATH=/opt/ros/foxy /usr/bin/cmake /home/otavio/excluir/scicobot_rasp/src/scicobot_ultrasonic -DCMAKE_INSTALL_PREFIX=/home/otavio/excluir/scicobot_rasp/install/scicobot_ultrasonic
[6.228s] DEBUG:colcon.colcon_core.event_handler.log_command:Invoking command in '/home/otavio/excluir/scicobot_rasp/build/scicobot_ultrasonic': CMAKE_PREFIX_PATH=/opt/ros/foxy /usr/bin/cmake --build /home/otavio/excluir/scicobot_rasp/build/scicobot_ultrasonic -- -j4 -l4
[12.821s] DEBUG:colcon.colcon_core.event_handler.log_command:Invoked command in '/home/otavio/excluir/scicobot_rasp/build/publisher_teste' returned '0': CMAKE_PREFIX_PATH=/opt/ros/foxy /usr/bin/cmake --build /home/otavio/excluir/scicobot_rasp/build/publisher_teste -- -j4 -l4
[12.965s] DEBUG:colcon.colcon_core.event_handler.log_command:Invoking command in '/home/otavio/excluir/scicobot_rasp/build/publisher_teste': CMAKE_PREFIX_PATH=/opt/ros/foxy /usr/bin/cmake --install /home/otavio/excluir/scicobot_rasp/build/publisher_teste
[13.006s] Level 1:colcon.colcon_core.environment:create_environment_scripts_only(publisher_teste)
[13.012s] Level 1:colcon.colcon_core.environment:checking '/home/otavio/excluir/scicobot_rasp/install/publisher_teste' for CMake module files
[13.013s] DEBUG:colcon.colcon_core.event_handler.log_command:Invoked command in '/home/otavio/excluir/scicobot_rasp/build/publisher_teste' returned '0': CMAKE_PREFIX_PATH=/opt/ros/foxy /usr/bin/cmake --install /home/otavio/excluir/scicobot_rasp/build/publisher_teste
[13.013s] Level 1:colcon.colcon_core.environment:checking '/home/otavio/excluir/scicobot_rasp/install/publisher_teste' for CMake config files
[13.014s] Level 1:colcon.colcon_core.shell:create_environment_hook('publisher_teste', 'cmake_prefix_path')
[13.015s] INFO:colcon.colcon_core.shell:Creating environment hook '/home/otavio/excluir/scicobot_rasp/install/publisher_teste/share/publisher_teste/hook/cmake_prefix_path.ps1'
[13.016s] INFO:colcon.colcon_core.shell:Creating environment descriptor '/home/otavio/excluir/scicobot_rasp/install/publisher_teste/share/publisher_teste/hook/cmake_prefix_path.dsv'
[13.017s] INFO:colcon.colcon_core.shell:Creating environment hook '/home/otavio/excluir/scicobot_rasp/install/publisher_teste/share/publisher_teste/hook/cmake_prefix_path.sh'
[13.018s] Level 1:colcon.colcon_core.environment:checking '/home/otavio/excluir/scicobot_rasp/install/publisher_teste/lib'
[13.019s] Level 1:colcon.colcon_core.environment:checking '/home/otavio/excluir/scicobot_rasp/install/publisher_teste/bin'
[13.019s] Level 1:colcon.colcon_core.environment:checking '/home/otavio/excluir/scicobot_rasp/install/publisher_teste/lib/pkgconfig/publisher_teste.pc'
[13.019s] Level 1:colcon.colcon_core.environment:checking '/home/otavio/excluir/scicobot_rasp/install/publisher_teste/lib/python3.8/site-packages'
[13.020s] INFO:colcon.colcon_core.shell:Creating package script '/home/otavio/excluir/scicobot_rasp/install/publisher_teste/share/publisher_teste/package.ps1'
[13.021s] INFO:colcon.colcon_core.shell:Creating package descriptor '/home/otavio/excluir/scicobot_rasp/install/publisher_teste/share/publisher_teste/package.dsv'
[13.022s] INFO:colcon.colcon_core.shell:Creating package script '/home/otavio/excluir/scicobot_rasp/install/publisher_teste/share/publisher_teste/package.sh'
[13.023s] INFO:colcon.colcon_core.shell:Creating package script '/home/otavio/excluir/scicobot_rasp/install/publisher_teste/share/publisher_teste/package.bash'
[13.025s] INFO:colcon.colcon_core.shell:Creating package script '/home/otavio/excluir/scicobot_rasp/install/publisher_teste/share/publisher_teste/package.zsh'
[13.026s] Level 1:colcon.colcon_core.environment:create_file_with_runtime_dependencies(/home/otavio/excluir/scicobot_rasp/install/publisher_teste/share/colcon-core/packages/publisher_teste)
[13.103s] Level 1:colcon.colcon_core.environment:create_environment_scripts_only(publisher_teste)
[13.105s] Level 1:colcon.colcon_core.environment:checking '/home/otavio/excluir/scicobot_rasp/install/publisher_teste' for CMake module files
[13.105s] Level 1:colcon.colcon_core.environment:checking '/home/otavio/excluir/scicobot_rasp/install/publisher_teste' for CMake config files
[13.106s] Level 1:colcon.colcon_core.shell:create_environment_hook('publisher_teste', 'cmake_prefix_path')
[13.107s] INFO:colcon.colcon_core.shell:Creating environment hook '/home/otavio/excluir/scicobot_rasp/install/publisher_teste/share/publisher_teste/hook/cmake_prefix_path.ps1'
[13.107s] INFO:colcon.colcon_core.shell:Creating environment descriptor '/home/otavio/excluir/scicobot_rasp/install/publisher_teste/share/publisher_teste/hook/cmake_prefix_path.dsv'
[13.108s] INFO:colcon.colcon_core.shell:Creating environment hook '/home/otavio/excluir/scicobot_rasp/install/publisher_teste/share/publisher_teste/hook/cmake_prefix_path.sh'
[13.109s] Level 1:colcon.colcon_core.environment:checking '/home/otavio/excluir/scicobot_rasp/install/publisher_teste/lib'
[13.109s] Level 1:colcon.colcon_core.environment:checking '/home/otavio/excluir/scicobot_rasp/install/publisher_teste/bin'
[13.109s] Level 1:colcon.colcon_core.environment:checking '/home/otavio/excluir/scicobot_rasp/install/publisher_teste/lib/pkgconfig/publisher_teste.pc'
[13.109s] Level 1:colcon.colcon_core.environment:checking '/home/otavio/excluir/scicobot_rasp/install/publisher_teste/lib/python3.8/site-packages'
[13.110s] INFO:colcon.colcon_core.shell:Creating package script '/home/otavio/excluir/scicobot_rasp/install/publisher_teste/share/publisher_teste/package.ps1'
[13.111s] INFO:colcon.colcon_core.shell:Creating package descriptor '/home/otavio/excluir/scicobot_rasp/install/publisher_teste/share/publisher_teste/package.dsv'
[13.112s] INFO:colcon.colcon_core.shell:Creating package script '/home/otavio/excluir/scicobot_rasp/install/publisher_teste/share/publisher_teste/package.sh'
[13.113s] INFO:colcon.colcon_core.shell:Creating package script '/home/otavio/excluir/scicobot_rasp/install/publisher_teste/share/publisher_teste/package.bash'
[13.113s] INFO:colcon.colcon_core.shell:Creating package script '/home/otavio/excluir/scicobot_rasp/install/publisher_teste/share/publisher_teste/package.zsh'
[13.114s] Level 1:colcon.colcon_core.environment:create_file_with_runtime_dependencies(/home/otavio/excluir/scicobot_rasp/install/publisher_teste/share/colcon-core/packages/publisher_teste)
[13.115s] INFO:colcon.colcon_ros.task.ament_cmake.build:Building ROS package in '/home/otavio/excluir/scicobot_rasp/src/test_cooperation_rasp' with build type 'ament_cmake'
[13.116s] INFO:colcon.colcon_cmake.task.cmake.build:Building CMake package in '/home/otavio/excluir/scicobot_rasp/src/test_cooperation_rasp'
[13.117s] INFO:colcon.colcon_core.shell:Skip shell extension 'powershell' for command environment: Not usable outside of PowerShell
[13.117s] DEBUG:colcon.colcon_core.shell:Skip shell extension 'dsv' for command environment
[13.151s] DEBUG:colcon.colcon_core.event_handler.log_command:Invoking command in '/home/otavio/excluir/scicobot_rasp/build/test_cooperation_rasp': CMAKE_PREFIX_PATH=/opt/ros/foxy /usr/bin/cmake /home/otavio/excluir/scicobot_rasp/src/test_cooperation_rasp -DCMAKE_INSTALL_PREFIX=/home/otavio/excluir/scicobot_rasp/install/test_cooperation_rasp
[14.822s] DEBUG:colcon.colcon_core.event_handler.log_command:Invoked command in '/home/otavio/excluir/scicobot_rasp/build/scicobot_ultrasonic' returned '0': CMAKE_PREFIX_PATH=/opt/ros/foxy /usr/bin/cmake --build /home/otavio/excluir/scicobot_rasp/build/scicobot_ultrasonic -- -j4 -l4
[14.863s] DEBUG:colcon.colcon_core.event_handler.log_command:Invoking command in '/home/otavio/excluir/scicobot_rasp/build/scicobot_ultrasonic': CMAKE_PREFIX_PATH=/opt/ros/foxy /usr/bin/cmake --install /home/otavio/excluir/scicobot_rasp/build/scicobot_ultrasonic
[14.892s] Level 1:colcon.colcon_core.environment:create_environment_scripts_only(scicobot_ultrasonic)
[14.894s] Level 1:colcon.colcon_core.environment:checking '/home/otavio/excluir/scicobot_rasp/install/scicobot_ultrasonic' for CMake module files
[14.894s] Level 1:colcon.colcon_core.environment:checking '/home/otavio/excluir/scicobot_rasp/install/scicobot_ultrasonic' for CMake config files
[14.895s] DEBUG:colcon.colcon_core.event_handler.log_command:Invoked command in '/home/otavio/excluir/scicobot_rasp/build/scicobot_ultrasonic' returned '0': CMAKE_PREFIX_PATH=/opt/ros/foxy /usr/bin/cmake --install /home/otavio/excluir/scicobot_rasp/build/scicobot_ultrasonic
[14.896s] Level 1:colcon.colcon_core.shell:create_environment_hook('scicobot_ultrasonic', 'cmake_prefix_path')
[14.896s] INFO:colcon.colcon_core.shell:Creating environment hook '/home/otavio/excluir/scicobot_rasp/install/scicobot_ultrasonic/share/scicobot_ultrasonic/hook/cmake_prefix_path.ps1'
[14.897s] INFO:colcon.colcon_core.shell:Creating environment descriptor '/home/otavio/excluir/scicobot_rasp/install/scicobot_ultrasonic/share/scicobot_ultrasonic/hook/cmake_prefix_path.dsv'
[14.898s] INFO:colcon.colcon_core.shell:Creating environment hook '/home/otavio/excluir/scicobot_rasp/install/scicobot_ultrasonic/share/scicobot_ultrasonic/hook/cmake_prefix_path.sh'
[14.899s] Level 1:colcon.colcon_core.environment:checking '/home/otavio/excluir/scicobot_rasp/install/scicobot_ultrasonic/lib'
[14.899s] Level 1:colcon.colcon_core.environment:checking '/home/otavio/excluir/scicobot_rasp/install/scicobot_ultrasonic/bin'
[14.899s] Level 1:colcon.colcon_core.environment:checking '/home/otavio/excluir/scicobot_rasp/install/scicobot_ultrasonic/lib/pkgconfig/scicobot_ultrasonic.pc'
[14.899s] Level 1:colcon.colcon_core.environment:checking '/home/otavio/excluir/scicobot_rasp/install/scicobot_ultrasonic/lib/python3.8/site-packages'
[14.900s] INFO:colcon.colcon_core.shell:Creating package script '/home/otavio/excluir/scicobot_rasp/install/scicobot_ultrasonic/share/scicobot_ultrasonic/package.ps1'
[14.901s] INFO:colcon.colcon_core.shell:Creating package descriptor '/home/otavio/excluir/scicobot_rasp/install/scicobot_ultrasonic/share/scicobot_ultrasonic/package.dsv'
[14.902s] INFO:colcon.colcon_core.shell:Creating package script '/home/otavio/excluir/scicobot_rasp/install/scicobot_ultrasonic/share/scicobot_ultrasonic/package.sh'
[14.903s] INFO:colcon.colcon_core.shell:Creating package script '/home/otavio/excluir/scicobot_rasp/install/scicobot_ultrasonic/share/scicobot_ultrasonic/package.bash'
[14.903s] INFO:colcon.colcon_core.shell:Creating package script '/home/otavio/excluir/scicobot_rasp/install/scicobot_ultrasonic/share/scicobot_ultrasonic/package.zsh'
[14.904s] Level 1:colcon.colcon_core.environment:create_file_with_runtime_dependencies(/home/otavio/excluir/scicobot_rasp/install/scicobot_ultrasonic/share/colcon-core/packages/scicobot_ultrasonic)
[14.951s] Level 1:colcon.colcon_core.environment:create_environment_scripts_only(scicobot_ultrasonic)
[14.952s] Level 1:colcon.colcon_core.environment:checking '/home/otavio/excluir/scicobot_rasp/install/scicobot_ultrasonic' for CMake module files
[14.953s] Level 1:colcon.colcon_core.environment:checking '/home/otavio/excluir/scicobot_rasp/install/scicobot_ultrasonic' for CMake config files
[14.954s] Level 1:colcon.colcon_core.shell:create_environment_hook('scicobot_ultrasonic', 'cmake_prefix_path')
[14.954s] INFO:colcon.colcon_core.shell:Creating environment hook '/home/otavio/excluir/scicobot_rasp/install/scicobot_ultrasonic/share/scicobot_ultrasonic/hook/cmake_prefix_path.ps1'
[14.955s] INFO:colcon.colcon_core.shell:Creating environment descriptor '/home/otavio/excluir/scicobot_rasp/install/scicobot_ultrasonic/share/scicobot_ultrasonic/hook/cmake_prefix_path.dsv'
[14.956s] INFO:colcon.colcon_core.shell:Creating environment hook '/home/otavio/excluir/scicobot_rasp/install/scicobot_ultrasonic/share/scicobot_ultrasonic/hook/cmake_prefix_path.sh'
[14.957s] Level 1:colcon.colcon_core.environment:checking '/home/otavio/excluir/scicobot_rasp/install/scicobot_ultrasonic/lib'
[14.957s] Level 1:colcon.colcon_core.environment:checking '/home/otavio/excluir/scicobot_rasp/install/scicobot_ultrasonic/bin'
[14.957s] Level 1:colcon.colcon_core.environment:checking '/home/otavio/excluir/scicobot_rasp/install/scicobot_ultrasonic/lib/pkgconfig/scicobot_ultrasonic.pc'
[14.957s] Level 1:colcon.colcon_core.environment:checking '/home/otavio/excluir/scicobot_rasp/install/scicobot_ultrasonic/lib/python3.8/site-packages'
[14.958s] INFO:colcon.colcon_core.shell:Creating package script '/home/otavio/excluir/scicobot_rasp/install/scicobot_ultrasonic/share/scicobot_ultrasonic/package.ps1'
[14.959s] INFO:colcon.colcon_core.shell:Creating package descriptor '/home/otavio/excluir/scicobot_rasp/install/scicobot_ultrasonic/share/scicobot_ultrasonic/package.dsv'
[14.960s] INFO:colcon.colcon_core.shell:Creating package script '/home/otavio/excluir/scicobot_rasp/install/scicobot_ultrasonic/share/scicobot_ultrasonic/package.sh'
[14.960s] INFO:colcon.colcon_core.shell:Creating package script '/home/otavio/excluir/scicobot_rasp/install/scicobot_ultrasonic/share/scicobot_ultrasonic/package.bash'
[14.961s] INFO:colcon.colcon_core.shell:Creating package script '/home/otavio/excluir/scicobot_rasp/install/scicobot_ultrasonic/share/scicobot_ultrasonic/package.zsh'
[14.962s] Level 1:colcon.colcon_core.environment:create_file_with_runtime_dependencies(/home/otavio/excluir/scicobot_rasp/install/scicobot_ultrasonic/share/colcon-core/packages/scicobot_ultrasonic)
[14.964s] INFO:colcon.colcon_ros.task.ament_cmake.build:Building ROS package in '/home/otavio/excluir/scicobot_rasp/src/test_cooperation_scicobot' with build type 'ament_cmake'
[14.964s] INFO:colcon.colcon_cmake.task.cmake.build:Building CMake package in '/home/otavio/excluir/scicobot_rasp/src/test_cooperation_scicobot'
[14.965s] INFO:colcon.colcon_core.shell:Skip shell extension 'powershell' for command environment: Not usable outside of PowerShell
[14.965s] DEBUG:colcon.colcon_core.shell:Skip shell extension 'dsv' for command environment
[14.987s] DEBUG:colcon.colcon_core.event_handler.log_command:Invoking command in '/home/otavio/excluir/scicobot_rasp/build/test_cooperation_scicobot': CMAKE_PREFIX_PATH=/opt/ros/foxy /usr/bin/cmake /home/otavio/excluir/scicobot_rasp/src/test_cooperation_scicobot -DCMAKE_INSTALL_PREFIX=/home/otavio/excluir/scicobot_rasp/install/test_cooperation_scicobot
[15.134s] DEBUG:colcon.colcon_core.event_handler.log_command:Invoked command in '/home/otavio/excluir/scicobot_rasp/build/scicobot_encoder' returned '0': CMAKE_PREFIX_PATH=/opt/ros/foxy /usr/bin/cmake --build /home/otavio/excluir/scicobot_rasp/build/scicobot_encoder -- -j4 -l4
[15.170s] DEBUG:colcon.colcon_core.event_handler.log_command:Invoking command in '/home/otavio/excluir/scicobot_rasp/build/scicobot_encoder': CMAKE_PREFIX_PATH=/opt/ros/foxy /usr/bin/cmake --install /home/otavio/excluir/scicobot_rasp/build/scicobot_encoder
[15.197s] Level 1:colcon.colcon_core.environment:create_environment_scripts_only(scicobot_encoder)
[15.199s] Level 1:colcon.colcon_core.environment:checking '/home/otavio/excluir/scicobot_rasp/install/scicobot_encoder' for CMake module files
[15.200s] Level 1:colcon.colcon_core.environment:checking '/home/otavio/excluir/scicobot_rasp/install/scicobot_encoder' for CMake config files
[15.200s] Level 1:colcon.colcon_core.shell:create_environment_hook('scicobot_encoder', 'cmake_prefix_path')
[15.201s] INFO:colcon.colcon_core.shell:Creating environment hook '/home/otavio/excluir/scicobot_rasp/install/scicobot_encoder/share/scicobot_encoder/hook/cmake_prefix_path.ps1'
[15.202s] INFO:colcon.colcon_core.shell:Creating environment descriptor '/home/otavio/excluir/scicobot_rasp/install/scicobot_encoder/share/scicobot_encoder/hook/cmake_prefix_path.dsv'
[15.202s] DEBUG:colcon.colcon_core.event_handler.log_command:Invoked command in '/home/otavio/excluir/scicobot_rasp/build/scicobot_encoder' returned '0': CMAKE_PREFIX_PATH=/opt/ros/foxy /usr/bin/cmake --install /home/otavio/excluir/scicobot_rasp/build/scicobot_encoder
[15.203s] INFO:colcon.colcon_core.shell:Creating environment hook '/home/otavio/excluir/scicobot_rasp/install/scicobot_encoder/share/scicobot_encoder/hook/cmake_prefix_path.sh'
[15.204s] Level 1:colcon.colcon_core.environment:checking '/home/otavio/excluir/scicobot_rasp/install/scicobot_encoder/lib'
[15.204s] Level 1:colcon.colcon_core.environment:checking '/home/otavio/excluir/scicobot_rasp/install/scicobot_encoder/bin'
[15.204s] Level 1:colcon.colcon_core.environment:checking '/home/otavio/excluir/scicobot_rasp/install/scicobot_encoder/lib/pkgconfig/scicobot_encoder.pc'
[15.205s] Level 1:colcon.colcon_core.environment:checking '/home/otavio/excluir/scicobot_rasp/install/scicobot_encoder/lib/python3.8/site-packages'
[15.206s] INFO:colcon.colcon_core.shell:Creating package script '/home/otavio/excluir/scicobot_rasp/install/scicobot_encoder/share/scicobot_encoder/package.ps1'
[15.206s] INFO:colcon.colcon_core.shell:Creating package descriptor '/home/otavio/excluir/scicobot_rasp/install/scicobot_encoder/share/scicobot_encoder/package.dsv'
[15.207s] INFO:colcon.colcon_core.shell:Creating package script '/home/otavio/excluir/scicobot_rasp/install/scicobot_encoder/share/scicobot_encoder/package.sh'
[15.208s] INFO:colcon.colcon_core.shell:Creating package script '/home/otavio/excluir/scicobot_rasp/install/scicobot_encoder/share/scicobot_encoder/package.bash'
[15.208s] INFO:colcon.colcon_core.shell:Creating package script '/home/otavio/excluir/scicobot_rasp/install/scicobot_encoder/share/scicobot_encoder/package.zsh'
[15.209s] Level 1:colcon.colcon_core.environment:create_file_with_runtime_dependencies(/home/otavio/excluir/scicobot_rasp/install/scicobot_encoder/share/colcon-core/packages/scicobot_encoder)
[15.243s] Level 1:colcon.colcon_core.environment:create_environment_scripts_only(scicobot_encoder)
[15.244s] Level 1:colcon.colcon_core.environment:checking '/home/otavio/excluir/scicobot_rasp/install/scicobot_encoder' for CMake module files
[15.245s] Level 1:colcon.colcon_core.environment:checking '/home/otavio/excluir/scicobot_rasp/install/scicobot_encoder' for CMake config files
[15.245s] Level 1:colcon.colcon_core.shell:create_environment_hook('scicobot_encoder', 'cmake_prefix_path')
[15.246s] INFO:colcon.colcon_core.shell:Creating environment hook '/home/otavio/excluir/scicobot_rasp/install/scicobot_encoder/share/scicobot_encoder/hook/cmake_prefix_path.ps1'
[15.247s] INFO:colcon.colcon_core.shell:Creating environment descriptor '/home/otavio/excluir/scicobot_rasp/install/scicobot_encoder/share/scicobot_encoder/hook/cmake_prefix_path.dsv'
[15.248s] INFO:colcon.colcon_core.shell:Creating environment hook '/home/otavio/excluir/scicobot_rasp/install/scicobot_encoder/share/scicobot_encoder/hook/cmake_prefix_path.sh'
[15.249s] Level 1:colcon.colcon_core.environment:checking '/home/otavio/excluir/scicobot_rasp/install/scicobot_encoder/lib'
[15.249s] Level 1:colcon.colcon_core.environment:checking '/home/otavio/excluir/scicobot_rasp/install/scicobot_encoder/bin'
[15.249s] Level 1:colcon.colcon_core.environment:checking '/home/otavio/excluir/scicobot_rasp/install/scicobot_encoder/lib/pkgconfig/scicobot_encoder.pc'
[15.249s] Level 1:colcon.colcon_core.environment:checking '/home/otavio/excluir/scicobot_rasp/install/scicobot_encoder/lib/python3.8/site-packages'
[15.250s] INFO:colcon.colcon_core.shell:Creating package script '/home/otavio/excluir/scicobot_rasp/install/scicobot_encoder/share/scicobot_encoder/package.ps1'
[15.251s] INFO:colcon.colcon_core.shell:Creating package descriptor '/home/otavio/excluir/scicobot_rasp/install/scicobot_encoder/share/scicobot_encoder/package.dsv'
[15.252s] INFO:colcon.colcon_core.shell:Creating package script '/home/otavio/excluir/scicobot_rasp/install/scicobot_encoder/share/scicobot_encoder/package.sh'
[15.253s] INFO:colcon.colcon_core.shell:Creating package script '/home/otavio/excluir/scicobot_rasp/install/scicobot_encoder/share/scicobot_encoder/package.bash'
[15.253s] INFO:colcon.colcon_core.shell:Creating package script '/home/otavio/excluir/scicobot_rasp/install/scicobot_encoder/share/scicobot_encoder/package.zsh'
[15.254s] Level 1:colcon.colcon_core.environment:create_file_with_runtime_dependencies(/home/otavio/excluir/scicobot_rasp/install/scicobot_encoder/share/colcon-core/packages/scicobot_encoder)
[15.255s] INFO:colcon.colcon_ros.task.ament_cmake.build:Building ROS package in '/home/otavio/excluir/scicobot_rasp/src/teste' with build type 'ament_cmake'
[15.256s] INFO:colcon.colcon_cmake.task.cmake.build:Building CMake package in '/home/otavio/excluir/scicobot_rasp/src/teste'
[15.257s] INFO:colcon.colcon_core.shell:Skip shell extension 'powershell' for command environment: Not usable outside of PowerShell
[15.257s] DEBUG:colcon.colcon_core.shell:Skip shell extension 'dsv' for command environment
[15.284s] DEBUG:colcon.colcon_core.event_handler.log_command:Invoking command in '/home/otavio/excluir/scicobot_rasp/build/teste': CMAKE_PREFIX_PATH=/opt/ros/foxy /usr/bin/cmake /home/otavio/excluir/scicobot_rasp/src/teste -DCMAKE_INSTALL_PREFIX=/home/otavio/excluir/scicobot_rasp/install/teste
[15.704s] DEBUG:colcon.colcon_core.event_handler.log_command:Invoked command in '/home/otavio/excluir/scicobot_rasp/build/test_cooperation_rasp' returned '0': CMAKE_PREFIX_PATH=/opt/ros/foxy /usr/bin/cmake /home/otavio/excluir/scicobot_rasp/src/test_cooperation_rasp -DCMAKE_INSTALL_PREFIX=/home/otavio/excluir/scicobot_rasp/install/test_cooperation_rasp
[15.707s] DEBUG:colcon.colcon_core.event_handler.log_command:Invoking command in '/home/otavio/excluir/scicobot_rasp/build/test_cooperation_rasp': CMAKE_PREFIX_PATH=/opt/ros/foxy /usr/bin/cmake --build /home/otavio/excluir/scicobot_rasp/build/test_cooperation_rasp -- -j4 -l4
[17.429s] DEBUG:colcon.colcon_core.event_handler.log_command:Invoked command in '/home/otavio/excluir/scicobot_rasp/build/test_cooperation_scicobot' returned '0': CMAKE_PREFIX_PATH=/opt/ros/foxy /usr/bin/cmake /home/otavio/excluir/scicobot_rasp/src/test_cooperation_scicobot -DCMAKE_INSTALL_PREFIX=/home/otavio/excluir/scicobot_rasp/install/test_cooperation_scicobot
[17.430s] DEBUG:colcon.colcon_core.event_handler.log_command:Invoking command in '/home/otavio/excluir/scicobot_rasp/build/test_cooperation_scicobot': CMAKE_PREFIX_PATH=/opt/ros/foxy /usr/bin/cmake --build /home/otavio/excluir/scicobot_rasp/build/test_cooperation_scicobot -- -j4 -l4
[17.607s] DEBUG:colcon.colcon_core.event_handler.log_command:Invoked command in '/home/otavio/excluir/scicobot_rasp/build/teste' returned '0': CMAKE_PREFIX_PATH=/opt/ros/foxy /usr/bin/cmake /home/otavio/excluir/scicobot_rasp/src/teste -DCMAKE_INSTALL_PREFIX=/home/otavio/excluir/scicobot_rasp/install/teste
[17.608s] DEBUG:colcon.colcon_core.event_handler.log_command:Invoking command in '/home/otavio/excluir/scicobot_rasp/build/teste': CMAKE_PREFIX_PATH=/opt/ros/foxy /usr/bin/cmake --build /home/otavio/excluir/scicobot_rasp/build/teste -- -j4 -l4
[17.814s] DEBUG:colcon.colcon_core.event_handler.log_command:Invoked command in '/home/otavio/excluir/scicobot_rasp/build/scicobot_move_on' returned '0': CMAKE_PREFIX_PATH=/opt/ros/foxy /usr/bin/cmake --build /home/otavio/excluir/scicobot_rasp/build/scicobot_move_on -- -j4 -l4
[17.852s] DEBUG:colcon.colcon_core.event_handler.log_command:Invoking command in '/home/otavio/excluir/scicobot_rasp/build/scicobot_move_on': CMAKE_PREFIX_PATH=/opt/ros/foxy /usr/bin/cmake --install /home/otavio/excluir/scicobot_rasp/build/scicobot_move_on
[17.874s] Level 1:colcon.colcon_core.environment:create_environment_scripts_only(scicobot_move_on)
[17.876s] Level 1:colcon.colcon_core.environment:checking '/home/otavio/excluir/scicobot_rasp/install/scicobot_move_on' for CMake module files
[17.876s] Level 1:colcon.colcon_core.environment:checking '/home/otavio/excluir/scicobot_rasp/install/scicobot_move_on' for CMake config files
[17.877s] Level 1:colcon.colcon_core.shell:create_environment_hook('scicobot_move_on', 'cmake_prefix_path')
[17.877s] INFO:colcon.colcon_core.shell:Creating environment hook '/home/otavio/excluir/scicobot_rasp/install/scicobot_move_on/share/scicobot_move_on/hook/cmake_prefix_path.ps1'
[17.878s] INFO:colcon.colcon_core.shell:Creating environment descriptor '/home/otavio/excluir/scicobot_rasp/install/scicobot_move_on/share/scicobot_move_on/hook/cmake_prefix_path.dsv'
[17.879s] INFO:colcon.colcon_core.shell:Creating environment hook '/home/otavio/excluir/scicobot_rasp/install/scicobot_move_on/share/scicobot_move_on/hook/cmake_prefix_path.sh'
[17.879s] Level 1:colcon.colcon_core.environment:checking '/home/otavio/excluir/scicobot_rasp/install/scicobot_move_on/lib'
[17.879s] Level 1:colcon.colcon_core.environment:checking '/home/otavio/excluir/scicobot_rasp/install/scicobot_move_on/bin'
[17.880s] Level 1:colcon.colcon_core.environment:checking '/home/otavio/excluir/scicobot_rasp/install/scicobot_move_on/lib/pkgconfig/scicobot_move_on.pc'
[17.880s] Level 1:colcon.colcon_core.environment:checking '/home/otavio/excluir/scicobot_rasp/install/scicobot_move_on/lib/python3.8/site-packages'
[17.881s] INFO:colcon.colcon_core.shell:Creating package script '/home/otavio/excluir/scicobot_rasp/install/scicobot_move_on/share/scicobot_move_on/package.ps1'
[17.881s] DEBUG:colcon.colcon_core.event_handler.log_command:Invoked command in '/home/otavio/excluir/scicobot_rasp/build/scicobot_move_on' returned '0': CMAKE_PREFIX_PATH=/opt/ros/foxy /usr/bin/cmake --install /home/otavio/excluir/scicobot_rasp/build/scicobot_move_on
[17.882s] INFO:colcon.colcon_core.shell:Creating package descriptor '/home/otavio/excluir/scicobot_rasp/install/scicobot_move_on/share/scicobot_move_on/package.dsv'
[17.883s] INFO:colcon.colcon_core.shell:Creating package script '/home/otavio/excluir/scicobot_rasp/install/scicobot_move_on/share/scicobot_move_on/package.sh'
[17.883s] INFO:colcon.colcon_core.shell:Creating package script '/home/otavio/excluir/scicobot_rasp/install/scicobot_move_on/share/scicobot_move_on/package.bash'
[17.884s] INFO:colcon.colcon_core.shell:Creating package script '/home/otavio/excluir/scicobot_rasp/install/scicobot_move_on/share/scicobot_move_on/package.zsh'
[17.884s] Level 1:colcon.colcon_core.environment:create_file_with_runtime_dependencies(/home/otavio/excluir/scicobot_rasp/install/scicobot_move_on/share/colcon-core/packages/scicobot_move_on)
[17.920s] Level 1:colcon.colcon_core.environment:create_environment_scripts_only(scicobot_move_on)
[17.921s] Level 1:colcon.colcon_core.environment:checking '/home/otavio/excluir/scicobot_rasp/install/scicobot_move_on' for CMake module files
[17.922s] Level 1:colcon.colcon_core.environment:checking '/home/otavio/excluir/scicobot_rasp/install/scicobot_move_on' for CMake config files
[17.922s] Level 1:colcon.colcon_core.shell:create_environment_hook('scicobot_move_on', 'cmake_prefix_path')
[17.923s] INFO:colcon.colcon_core.shell:Creating environment hook '/home/otavio/excluir/scicobot_rasp/install/scicobot_move_on/share/scicobot_move_on/hook/cmake_prefix_path.ps1'
[17.924s] INFO:colcon.colcon_core.shell:Creating environment descriptor '/home/otavio/excluir/scicobot_rasp/install/scicobot_move_on/share/scicobot_move_on/hook/cmake_prefix_path.dsv'
[17.925s] INFO:colcon.colcon_core.shell:Creating environment hook '/home/otavio/excluir/scicobot_rasp/install/scicobot_move_on/share/scicobot_move_on/hook/cmake_prefix_path.sh'
[17.926s] Level 1:colcon.colcon_core.environment:checking '/home/otavio/excluir/scicobot_rasp/install/scicobot_move_on/lib'
[17.926s] Level 1:colcon.colcon_core.environment:checking '/home/otavio/excluir/scicobot_rasp/install/scicobot_move_on/bin'
[17.926s] Level 1:colcon.colcon_core.environment:checking '/home/otavio/excluir/scicobot_rasp/install/scicobot_move_on/lib/pkgconfig/scicobot_move_on.pc'
[17.926s] Level 1:colcon.colcon_core.environment:checking '/home/otavio/excluir/scicobot_rasp/install/scicobot_move_on/lib/python3.8/site-packages'
[17.927s] INFO:colcon.colcon_core.shell:Creating package script '/home/otavio/excluir/scicobot_rasp/install/scicobot_move_on/share/scicobot_move_on/package.ps1'
[17.929s] INFO:colcon.colcon_core.shell:Creating package descriptor '/home/otavio/excluir/scicobot_rasp/install/scicobot_move_on/share/scicobot_move_on/package.dsv'
[17.930s] INFO:colcon.colcon_core.shell:Creating package script '/home/otavio/excluir/scicobot_rasp/install/scicobot_move_on/share/scicobot_move_on/package.sh'
[17.931s] INFO:colcon.colcon_core.shell:Creating package script '/home/otavio/excluir/scicobot_rasp/install/scicobot_move_on/share/scicobot_move_on/package.bash'
[17.931s] INFO:colcon.colcon_core.shell:Creating package script '/home/otavio/excluir/scicobot_rasp/install/scicobot_move_on/share/scicobot_move_on/package.zsh'
[17.932s] Level 1:colcon.colcon_core.environment:create_file_with_runtime_dependencies(/home/otavio/excluir/scicobot_rasp/install/scicobot_move_on/share/colcon-core/packages/scicobot_move_on)
[19.833s] DEBUG:colcon.colcon_core.event_handler.log_command:Invoked command in '/home/otavio/excluir/scicobot_rasp/build/teste' returned '0': CMAKE_PREFIX_PATH=/opt/ros/foxy /usr/bin/cmake --build /home/otavio/excluir/scicobot_rasp/build/teste -- -j4 -l4
[19.858s] DEBUG:colcon.colcon_core.event_handler.log_command:Invoking command in '/home/otavio/excluir/scicobot_rasp/build/teste': CMAKE_PREFIX_PATH=/opt/ros/foxy /usr/bin/cmake --install /home/otavio/excluir/scicobot_rasp/build/teste
[19.872s] Level 1:colcon.colcon_core.environment:create_environment_scripts_only(teste)
[19.873s] Level 1:colcon.colcon_core.environment:checking '/home/otavio/excluir/scicobot_rasp/install/teste' for CMake module files
[19.873s] DEBUG:colcon.colcon_core.event_handler.log_command:Invoked command in '/home/otavio/excluir/scicobot_rasp/build/teste' returned '0': CMAKE_PREFIX_PATH=/opt/ros/foxy /usr/bin/cmake --install /home/otavio/excluir/scicobot_rasp/build/teste
[19.874s] Level 1:colcon.colcon_core.environment:checking '/home/otavio/excluir/scicobot_rasp/install/teste' for CMake config files
[19.874s] Level 1:colcon.colcon_core.shell:create_environment_hook('teste', 'cmake_prefix_path')
[19.874s] INFO:colcon.colcon_core.shell:Creating environment hook '/home/otavio/excluir/scicobot_rasp/install/teste/share/teste/hook/cmake_prefix_path.ps1'
[19.875s] INFO:colcon.colcon_core.shell:Creating environment descriptor '/home/otavio/excluir/scicobot_rasp/install/teste/share/teste/hook/cmake_prefix_path.dsv'
[19.875s] INFO:colcon.colcon_core.shell:Creating environment hook '/home/otavio/excluir/scicobot_rasp/install/teste/share/teste/hook/cmake_prefix_path.sh'
[19.876s] Level 1:colcon.colcon_core.environment:checking '/home/otavio/excluir/scicobot_rasp/install/teste/lib'
[19.876s] Level 1:colcon.colcon_core.environment:checking '/home/otavio/excluir/scicobot_rasp/install/teste/bin'
[19.876s] Level 1:colcon.colcon_core.environment:checking '/home/otavio/excluir/scicobot_rasp/install/teste/lib/pkgconfig/teste.pc'
[19.876s] Level 1:colcon.colcon_core.environment:checking '/home/otavio/excluir/scicobot_rasp/install/teste/lib/python3.8/site-packages'
[19.877s] INFO:colcon.colcon_core.shell:Creating package script '/home/otavio/excluir/scicobot_rasp/install/teste/share/teste/package.ps1'
[19.877s] INFO:colcon.colcon_core.shell:Creating package descriptor '/home/otavio/excluir/scicobot_rasp/install/teste/share/teste/package.dsv'
[19.878s] INFO:colcon.colcon_core.shell:Creating package script '/home/otavio/excluir/scicobot_rasp/install/teste/share/teste/package.sh'
[19.878s] INFO:colcon.colcon_core.shell:Creating package script '/home/otavio/excluir/scicobot_rasp/install/teste/share/teste/package.bash'
[19.878s] INFO:colcon.colcon_core.shell:Creating package script '/home/otavio/excluir/scicobot_rasp/install/teste/share/teste/package.zsh'
[19.879s] Level 1:colcon.colcon_core.environment:create_file_with_runtime_dependencies(/home/otavio/excluir/scicobot_rasp/install/teste/share/colcon-core/packages/teste)
[19.911s] Level 1:colcon.colcon_core.environment:create_environment_scripts_only(teste)
[19.912s] Level 1:colcon.colcon_core.environment:checking '/home/otavio/excluir/scicobot_rasp/install/teste' for CMake module files
[19.912s] Level 1:colcon.colcon_core.environment:checking '/home/otavio/excluir/scicobot_rasp/install/teste' for CMake config files
[19.912s] Level 1:colcon.colcon_core.shell:create_environment_hook('teste', 'cmake_prefix_path')
[19.913s] INFO:colcon.colcon_core.shell:Creating environment hook '/home/otavio/excluir/scicobot_rasp/install/teste/share/teste/hook/cmake_prefix_path.ps1'
[19.913s] INFO:colcon.colcon_core.shell:Creating environment descriptor '/home/otavio/excluir/scicobot_rasp/install/teste/share/teste/hook/cmake_prefix_path.dsv'
[19.914s] INFO:colcon.colcon_core.shell:Creating environment hook '/home/otavio/excluir/scicobot_rasp/install/teste/share/teste/hook/cmake_prefix_path.sh'
[19.914s] Level 1:colcon.colcon_core.environment:checking '/home/otavio/excluir/scicobot_rasp/install/teste/lib'
[19.914s] Level 1:colcon.colcon_core.environment:checking '/home/otavio/excluir/scicobot_rasp/install/teste/bin'
[19.914s] Level 1:colcon.colcon_core.environment:checking '/home/otavio/excluir/scicobot_rasp/install/teste/lib/pkgconfig/teste.pc'
[19.915s] Level 1:colcon.colcon_core.environment:checking '/home/otavio/excluir/scicobot_rasp/install/teste/lib/python3.8/site-packages'
[19.915s] INFO:colcon.colcon_core.shell:Creating package script '/home/otavio/excluir/scicobot_rasp/install/teste/share/teste/package.ps1'
[19.916s] INFO:colcon.colcon_core.shell:Creating package descriptor '/home/otavio/excluir/scicobot_rasp/install/teste/share/teste/package.dsv'
[19.917s] INFO:colcon.colcon_core.shell:Creating package script '/home/otavio/excluir/scicobot_rasp/install/teste/share/teste/package.sh'
[19.918s] INFO:colcon.colcon_core.shell:Creating package script '/home/otavio/excluir/scicobot_rasp/install/teste/share/teste/package.bash'
[19.918s] INFO:colcon.colcon_core.shell:Creating package script '/home/otavio/excluir/scicobot_rasp/install/teste/share/teste/package.zsh'
[19.919s] Level 1:colcon.colcon_core.environment:create_file_with_runtime_dependencies(/home/otavio/excluir/scicobot_rasp/install/teste/share/colcon-core/packages/teste)
[21.163s] DEBUG:colcon.colcon_core.event_handler.log_command:Invoked command in '/home/otavio/excluir/scicobot_rasp/build/test_cooperation_scicobot' returned '2': CMAKE_PREFIX_PATH=/opt/ros/foxy /usr/bin/cmake --build /home/otavio/excluir/scicobot_rasp/build/test_cooperation_scicobot -- -j4 -l4
[21.186s] Level 1:colcon.colcon_core.environment:create_environment_scripts_only(test_cooperation_scicobot)
[21.187s] Level 1:colcon.colcon_core.environment:checking '/home/otavio/excluir/scicobot_rasp/install/test_cooperation_scicobot' for CMake module files
[21.188s] Level 1:colcon.colcon_core.environment:checking '/home/otavio/excluir/scicobot_rasp/install/test_cooperation_scicobot' for CMake config files
[21.188s] Level 1:colcon.colcon_core.environment:checking '/home/otavio/excluir/scicobot_rasp/install/test_cooperation_scicobot/bin'
[21.188s] Level 1:colcon.colcon_core.environment:checking '/home/otavio/excluir/scicobot_rasp/install/test_cooperation_scicobot/lib/pkgconfig/test_cooperation_scicobot.pc'
[21.188s] Level 1:colcon.colcon_core.environment:checking '/home/otavio/excluir/scicobot_rasp/install/test_cooperation_scicobot/lib/python3.8/site-packages'
[21.189s] INFO:colcon.colcon_core.shell:Creating package script '/home/otavio/excluir/scicobot_rasp/install/test_cooperation_scicobot/share/test_cooperation_scicobot/package.ps1'
[21.190s] INFO:colcon.colcon_core.shell:Creating package descriptor '/home/otavio/excluir/scicobot_rasp/install/test_cooperation_scicobot/share/test_cooperation_scicobot/package.dsv'
[21.191s] INFO:colcon.colcon_core.shell:Creating package script '/home/otavio/excluir/scicobot_rasp/install/test_cooperation_scicobot/share/test_cooperation_scicobot/package.sh'
[21.191s] INFO:colcon.colcon_core.shell:Creating package script '/home/otavio/excluir/scicobot_rasp/install/test_cooperation_scicobot/share/test_cooperation_scicobot/package.bash'
[21.192s] INFO:colcon.colcon_core.shell:Creating package script '/home/otavio/excluir/scicobot_rasp/install/test_cooperation_scicobot/share/test_cooperation_scicobot/package.zsh'
[21.192s] Level 1:colcon.colcon_core.environment:create_file_with_runtime_dependencies(/home/otavio/excluir/scicobot_rasp/install/test_cooperation_scicobot/share/colcon-core/packages/test_cooperation_scicobot)
[22.572s] DEBUG:colcon.colcon_parallel_executor.executor.parallel:closing loop
[22.572s] DEBUG:colcon.colcon_parallel_executor.executor.parallel:loop closed
[22.572s] DEBUG:colcon.colcon_parallel_executor.executor.parallel:run_until_complete finished with '2'
[22.572s] DEBUG:colcon.colcon_core.event_reactor:joining thread
[22.601s] INFO:colcon.colcon_core.plugin_system:Skipping extension 'colcon_notification.desktop_notification.terminal_notifier': Not used on non-Darwin systems
[22.602s] INFO:colcon.colcon_core.plugin_system:Skipping extension 'colcon_notification.desktop_notification.win32': Not used on non-Windows systems
[22.602s] INFO:colcon.colcon_notification.desktop_notification:Sending desktop notification using 'notify2'
[22.617s] DEBUG:colcon.colcon_core.event_reactor:joined thread
[22.618s] INFO:colcon.colcon_core.shell:Creating prefix script '/home/otavio/excluir/scicobot_rasp/install/local_setup.ps1'
[22.619s] INFO:colcon.colcon_core.shell:Creating prefix util module '/home/otavio/excluir/scicobot_rasp/install/_local_setup_util_ps1.py'
[22.620s] INFO:colcon.colcon_core.shell:Creating prefix chain script '/home/otavio/excluir/scicobot_rasp/install/setup.ps1'
[22.621s] INFO:colcon.colcon_core.shell:Creating prefix script '/home/otavio/excluir/scicobot_rasp/install/local_setup.sh'
[22.622s] INFO:colcon.colcon_core.shell:Creating prefix util module '/home/otavio/excluir/scicobot_rasp/install/_local_setup_util_sh.py'
[22.622s] INFO:colcon.colcon_core.shell:Creating prefix chain script '/home/otavio/excluir/scicobot_rasp/install/setup.sh'
[22.623s] INFO:colcon.colcon_core.shell:Creating prefix script '/home/otavio/excluir/scicobot_rasp/install/local_setup.bash'
[22.624s] INFO:colcon.colcon_core.shell:Creating prefix chain script '/home/otavio/excluir/scicobot_rasp/install/setup.bash'
[22.624s] INFO:colcon.colcon_core.shell:Creating prefix script '/home/otavio/excluir/scicobot_rasp/install/local_setup.zsh'
[22.625s] INFO:colcon.colcon_core.shell:Creating prefix chain script '/home/otavio/excluir/scicobot_rasp/install/setup.zsh'
