[01m[K/home/otavio/dev_ws/src/scicobot_encoder/src/scicobot_subscriber_encoder.cpp:38:36:[m[K [01;31m[Kerror: [m[K‘[01m[Kstd_msgs[m[K’ does not name a type
   38 |   void callback_encoder_left(const [01;31m[Kstd_msgs[m[K::msg::Int8::SharedPtr msg_encoder_left) const
      |                                    [01;31m[K^~~~~~~~[m[K
[01m[K/home/otavio/dev_ws/src/scicobot_encoder/src/scicobot_subscriber_encoder.cpp:38:49:[m[K [01;31m[Kerror: [m[Kexpected unqualified-id before ‘[01m[K::[m[K’ token
   38 |   void callback_encoder_left(const std_msgs::msg[01;31m[K::[m[KInt8::SharedPtr msg_encoder_left) const
      |                                                 [01;31m[K^~[m[K
[01m[K/home/otavio/dev_ws/src/scicobot_encoder/src/scicobot_subscriber_encoder.cpp:38:49:[m[K [01;31m[Kerror: [m[Kexpected ‘[01m[K)[m[K’ before ‘[01m[K::[m[K’ token
   38 |   void callback_encoder_left[34m[K([m[Kconst std_msgs::msg[01;31m[K:[m[K[32m[K:[m[KInt8::SharedPtr msg_encoder_left) const
      |                             [34m[K~[m[K                   [01;31m[K^[m[K[32m[K~[m[K
      |                                                 [32m[K)[m[K
[01m[K/home/otavio/dev_ws/src/scicobot_encoder/src/scicobot_subscriber_encoder.cpp:38:46:[m[K [01;31m[Kerror: [m[Kexpected ‘[01m[K;[m[K’ at end of member declaration
   38 |   void callback_encoder_left(const std_msgs::[01;31m[Kmsg[m[K::Int8::SharedPtr msg_encoder_left) const
      |                                              [01;31m[K^~~[m[K
      |                                                 [32m[K;[m[K
[01m[K/home/otavio/dev_ws/src/scicobot_encoder/src/scicobot_subscriber_encoder.cpp:38:51:[m[K [01;31m[Kerror: [m[K‘[01m[KInt8[m[K’ in namespace ‘[01m[K::[m[K’ does not name a type
   38 |   void callback_encoder_left(const std_msgs::msg::[01;31m[KInt8[m[K::SharedPtr msg_encoder_left) const
      |                                                   [01;31m[K^~~~[m[K
[01m[K/home/otavio/dev_ws/src/scicobot_encoder/src/scicobot_subscriber_encoder.cpp:42:24:[m[K [01;31m[Kerror: [m[K‘[01m[Kstd_msgs[m[K’ was not declared in this scope
   42 |   rclcpp::Subscription<[01;31m[Kstd_msgs[m[K::msg::Int8>::SharedPtr subscription_encoder_left;
      |                        [01;31m[K^~~~~~~~[m[K
[01m[K/home/otavio/dev_ws/src/scicobot_encoder/src/scicobot_subscriber_encoder.cpp:42:43:[m[K [01;31m[Kerror: [m[Ktemplate argument 1 is invalid
   42 |   rclcpp::Subscription<std_msgs::msg::Int8[01;31m[K>[m[K::SharedPtr subscription_encoder_left;
      |                                           [01;31m[K^[m[K
[01m[K/home/otavio/dev_ws/src/scicobot_encoder/src/scicobot_subscriber_encoder.cpp:42:43:[m[K [01;31m[Kerror: [m[Ktemplate argument 3 is invalid
[01m[K/home/otavio/dev_ws/src/scicobot_encoder/src/scicobot_subscriber_encoder.cpp:42:46:[m[K [01;31m[Kerror: [m[Kexpected ‘[01m[K;[m[K’ at end of member declaration
   42 |   rclcpp::Subscription<std_msgs::msg::Int8>::[01;31m[KSharedPtr[m[K subscription_encoder_left;
      |                                              [01;31m[K^~~~~~~~~[m[K
      |                                                       [32m[K;[m[K
[01m[K/home/otavio/dev_ws/src/scicobot_encoder/src/scicobot_subscriber_encoder.cpp:42:56:[m[K [01;31m[Kerror: [m[K‘[01m[Ksubscription_encoder_left[m[K’ does not name a type
   42 |   rclcpp::Subscription<std_msgs::msg::Int8>::SharedPtr [01;31m[Ksubscription_encoder_left[m[K;
      |                                                        [01;31m[K^~~~~~~~~~~~~~~~~~~~~~~~~[m[K
[01m[K/home/otavio/dev_ws/src/scicobot_encoder/src/scicobot_subscriber_encoder.cpp:[m[K In constructor ‘[01m[KMinimalSubscriber::MinimalSubscriber()[m[K’:
[01m[K/home/otavio/dev_ws/src/scicobot_encoder/src/scicobot_subscriber_encoder.cpp:30:5:[m[K [01;31m[Kerror: [m[K‘[01m[Ksubscription_encoder_left[m[K’ was not declared in this scope
   30 |     [01;31m[Ksubscription_encoder_left[m[K = this->create_subscription<std_msgs::msg::Int8>(
      |     [01;31m[K^~~~~~~~~~~~~~~~~~~~~~~~~[m[K
[01m[K/home/otavio/dev_ws/src/scicobot_encoder/src/scicobot_subscriber_encoder.cpp:30:59:[m[K [01;31m[Kerror: [m[K‘[01m[Kstd_msgs[m[K’ was not declared in this scope
   30 |     subscription_encoder_left = this->create_subscription<[01;31m[Kstd_msgs[m[K::msg::Int8>(
      |                                                           [01;31m[K^~~~~~~~[m[K
[01m[K/home/otavio/dev_ws/src/scicobot_encoder/src/scicobot_subscriber_encoder.cpp:30:39:[m[K [01;31m[Kerror: [m[Kparse error in template argument list
   30 |     subscription_encoder_left = this->[01;31m[Kcreate_subscription<std_msgs::msg::Int8>[m[K(
      |                                       [01;31m[K^~~~~~~~~~~~~~~~~~~~~~~~~~~~~~~~~~~~~~~~[m[K
[01m[K/home/otavio/dev_ws/src/scicobot_encoder/src/scicobot_subscriber_encoder.cpp:31:89:[m[K [01;31m[Kerror: [m[Kno matching function for call to ‘[01m[KMinimalSubscriber::create_subscription<<expression error> >(const char [13], int, std::_Bind_helper<false, void (MinimalSubscriber::*)(...), MinimalSubscriber*, const std::_Placeholder<1>&>::type)[m[K’
   31 |       "encoder_left", 10, std::bind(&MinimalSubscriber::callback_encoder_left, this, _1)[01;31m[K)[m[K;
      |                                                                                         [01;31m[K^[m[K
In file included from [01m[K/opt/ros/foxy/include/rclcpp/executors/single_threaded_executor.hpp:28[m[K,
                 from [01m[K/opt/ros/foxy/include/rclcpp/executors.hpp:22[m[K,
                 from [01m[K/opt/ros/foxy/include/rclcpp/rclcpp.hpp:146[m[K,
                 from [01m[K/home/otavio/dev_ws/src/scicobot_encoder/src/scicobot_subscriber_encoder.cpp:16[m[K:
[01m[K/opt/ros/foxy/include/rclcpp/node.hpp:213:3:[m[K [01;36m[Knote: [m[Kcandidate: ‘[01m[Ktemplate<class MessageT, class CallbackT, class AllocatorT, class CallbackMessageT, class SubscriptionT, class MessageMemoryStrategyT> std::shared_ptr<SubscriptionT> rclcpp::Node::create_subscription(const string&, const rclcpp::QoS&, CallbackT&&, const rclcpp::SubscriptionOptionsWithAllocator<AllocatorT>&, typename MessageMemoryStrategyT::SharedPtr)[m[K’
  213 |   [01;36m[Kcreate_subscription[m[K(
      |   [01;36m[K^~~~~~~~~~~~~~~~~~~[m[K
[01m[K/opt/ros/foxy/include/rclcpp/node.hpp:213:3:[m[K [01;36m[Knote: [m[K  template argument deduction/substitution failed:
[01m[K/home/otavio/dev_ws/src/scicobot_encoder/src/scicobot_subscriber_encoder.cpp:31:89:[m[K [01;31m[Kerror: [m[Ktemplate argument 1 is invalid
   31 |       "encoder_left", 10, std::bind(&MinimalSubscriber::callback_encoder_left, this, _1)[01;31m[K)[m[K;
      |                                                                                         [01;31m[K^[m[K
make[2]: *** [CMakeFiles/listener.dir/build.make:63: CMakeFiles/listener.dir/src/scicobot_subscriber_encoder.cpp.o] Erro 1
make[1]: *** [CMakeFiles/Makefile2:78: CMakeFiles/listener.dir/all] Erro 2
make: *** [Makefile:141: all] Erro 2
