[0.046s] Invoking command in '/home/otavio/scicobot_rasp/src/build/scicobot_ultrasonic': /usr/bin/cmake /home/otavio/scicobot_rasp/src/scicobot_ultrasonic -DCMAKE_INSTALL_PREFIX=/home/otavio/scicobot_rasp/src/install/scicobot_ultrasonic
[0.165s] -- The C compiler identification is GNU 9.3.0
[0.248s] -- The CXX compiler identification is GNU 9.3.0
[0.253s] -- Check for working C compiler: /usr/bin/cc
[0.350s] -- Check for working C compiler: /usr/bin/cc -- works
[0.352s] -- Detecting C compiler ABI info
[0.445s] -- Detecting C compiler ABI info - done
[0.465s] -- Detecting C compile features
[0.465s] -- Detecting C compile features - done
[0.469s] -- Check for working CXX compiler: /usr/bin/c++
[0.576s] -- Check for working CXX compiler: /usr/bin/c++ -- works
[0.578s] -- Detecting CXX compiler ABI info
[0.686s] -- Detecting CXX compiler ABI info - done
[0.708s] -- Detecting CXX compile features
[0.710s] -- Detecting CXX compile features - done
[0.724s] CMake Error at CMakeLists.txt:13 (find_package):
[0.724s]   By not providing "Findament_cmake.cmake" in CMAKE_MODULE_PATH this project
[0.724s]   has asked CMake to find a package configuration file provided by
[0.724s]   "ament_cmake", but CMake did not find one.
[0.725s] 
[0.725s]   Could not find a package configuration file provided by "ament_cmake" with
[0.725s]   any of the following names:
[0.725s] 
[0.725s]     ament_cmakeConfig.cmake
[0.725s]     ament_cmake-config.cmake
[0.725s] 
[0.725s]   Add the installation prefix of "ament_cmake" to CMAKE_PREFIX_PATH or set
[0.725s]   "ament_cmake_DIR" to a directory containing one of the above files.  If
[0.725s]   "ament_cmake" provides a separate development package or SDK, be sure it
[0.725s]   has been installed.
[0.725s] 
[0.726s] 
[0.726s] -- Configuring incomplete, errors occurred!
[0.726s] See also "/home/otavio/scicobot_rasp/src/build/scicobot_ultrasonic/CMakeFiles/CMakeOutput.log".
[0.732s] Invoked command in '/home/otavio/scicobot_rasp/src/build/scicobot_ultrasonic' returned '1': /usr/bin/cmake /home/otavio/scicobot_rasp/src/scicobot_ultrasonic -DCMAKE_INSTALL_PREFIX=/home/otavio/scicobot_rasp/src/install/scicobot_ultrasonic
