[0.031s] Invoking command in '/home/otavio/scicobot_rasp/src/build/scicobot_move_on': /usr/bin/cmake /home/otavio/scicobot_rasp/src/scicobot_move_on -DCMAKE_INSTALL_PREFIX=/home/otavio/scicobot_rasp/src/install/scicobot_move_on
[0.158s] -- The C compiler identification is GNU 9.3.0
[0.253s] -- The CXX compiler identification is GNU 9.3.0
[0.260s] -- Check for working C compiler: /usr/bin/cc
[0.362s] -- Check for working C compiler: /usr/bin/cc -- works
[0.362s] -- Detecting C compiler ABI info
[0.458s] -- Detecting C compiler ABI info - done
[0.479s] -- Detecting C compile features
[0.480s] -- Detecting C compile features - done
[0.484s] -- Check for working CXX compiler: /usr/bin/c++
[0.593s] -- Check for working CXX compiler: /usr/bin/c++ -- works
[0.595s] -- Detecting CXX compiler ABI info
[0.714s] -- Detecting CXX compiler ABI info - done
[0.745s] -- Detecting CXX compile features
[0.746s] -- Detecting CXX compile features - done
[0.762s] CMake Error at CMakeLists.txt:13 (find_package):
[0.762s]   By not providing "Findament_cmake.cmake" in CMAKE_MODULE_PATH this project
[0.763s]   has asked CMake to find a package configuration file provided by
[0.763s]   "ament_cmake", but CMake did not find one.
[0.763s] 
[0.764s]   Could not find a package configuration file provided by "ament_cmake" with
[0.764s]   any of the following names:
[0.764s] 
[0.765s]     ament_cmakeConfig.cmake
[0.765s]     ament_cmake-config.cmake
[0.765s] 
[0.766s]   Add the installation prefix of "ament_cmake" to CMAKE_PREFIX_PATH or set
[0.766s]   "ament_cmake_DIR" to a directory containing one of the above files.  If
[0.766s]   "ament_cmake" provides a separate development package or SDK, be sure it
[0.767s]   has been installed.
[0.767s] 
[0.767s] 
[0.768s] -- Configuring incomplete, errors occurred!
[0.768s] See also "/home/otavio/scicobot_rasp/src/build/scicobot_move_on/CMakeFiles/CMakeOutput.log".
