[0.144s] DEBUG:colcon:Command line arguments: ['/usr/bin/colcon', 'build']
[0.145s] DEBUG:colcon:Parsed command line arguments: Namespace(allow_overriding=[], ament_cmake_args=None, base_paths=['.'], build_base='build', catkin_cmake_args=None, catkin_skip_building_tests=False, cmake_args=None, cmake_clean_cache=False, cmake_clean_first=False, cmake_force_configure=False, cmake_target=None, cmake_target_skip_unavailable=False, continue_on_error=False, event_handlers=None, executor='parallel', ignore_user_meta=False, install_base='install', log_base=None, log_level=None, main=<bound method BuildVerb.main of <colcon_core.verb.build.BuildVerb object at 0x7f18e6f382b0>>, merge_install=False, metas=['./colcon.meta'], packages_above=None, packages_above_and_dependencies=None, packages_above_depth=None, packages_end=None, packages_ignore=None, packages_ignore_regex=None, packages_select=None, packages_select_build_failed=False, packages_select_by_dep=None, packages_select_regex=None, packages_select_test_failures=False, packages_skip=None, packages_skip_build_finished=False, packages_skip_by_dep=None, packages_skip_regex=None, packages_skip_test_passed=False, packages_skip_up_to=None, packages_start=None, packages_up_to=None, packages_up_to_regex=None, parallel_workers=4, paths=None, symlink_install=False, test_result_base=None, verb_extension=<colcon_core.verb.build.BuildVerb object at 0x7f18e6f382b0>, verb_name='build', verb_parser=<colcon_defaults.argument_parser.defaults.DefaultArgumentsDecorator object at 0x7f18e6f387f0>)
[0.149s] Level 1:colcon.colcon_core.package_discovery:discover_packages(colcon_meta) check parameters
[0.149s] Level 1:colcon.colcon_core.package_discovery:discover_packages(recursive) check parameters
[0.149s] Level 1:colcon.colcon_core.package_discovery:discover_packages(ignore) check parameters
[0.149s] Level 1:colcon.colcon_core.package_discovery:discover_packages(path) check parameters
[0.149s] Level 1:colcon.colcon_core.package_discovery:discover_packages(colcon_meta) discover
[0.149s] Level 1:colcon.colcon_core.package_discovery:discover_packages(recursive) discover
[0.149s] INFO:colcon.colcon_core.package_discovery:Crawling recursively for packages in '/home/otavio/scicobot_rasp'
[0.149s] Level 1:colcon.colcon_core.package_identification:_identify(.) by extensions ['ignore', 'ignore_ament_install']
[0.149s] Level 1:colcon.colcon_core.package_identification:_identify(.) by extension 'ignore'
[0.150s] Level 1:colcon.colcon_core.package_identification:_identify(.) by extension 'ignore_ament_install'
[0.150s] Level 1:colcon.colcon_core.package_identification:_identify(.) by extensions ['colcon_pkg']
[0.150s] Level 1:colcon.colcon_core.package_identification:_identify(.) by extension 'colcon_pkg'
[0.150s] Level 1:colcon.colcon_core.package_identification:_identify(.) by extensions ['colcon_meta']
[0.150s] Level 1:colcon.colcon_core.package_identification:_identify(.) by extension 'colcon_meta'
[0.150s] Level 1:colcon.colcon_core.package_identification:_identify(.) by extensions ['ros']
[0.150s] Level 1:colcon.colcon_core.package_identification:_identify(.) by extension 'ros'
[0.162s] Level 1:colcon.colcon_core.package_identification:_identify(.) by extensions ['cmake', 'python']
[0.162s] Level 1:colcon.colcon_core.package_identification:_identify(.) by extension 'cmake'
[0.162s] Level 1:colcon.colcon_core.package_identification:_identify(.) by extension 'python'
[0.162s] Level 1:colcon.colcon_core.package_identification:_identify(.) by extensions ['python_setup_py']
[0.162s] Level 1:colcon.colcon_core.package_identification:_identify(.) by extension 'python_setup_py'
[0.162s] Level 1:colcon.colcon_core.package_identification:_identify(build) by extensions ['ignore', 'ignore_ament_install']
[0.162s] Level 1:colcon.colcon_core.package_identification:_identify(build) by extension 'ignore'
[0.162s] Level 1:colcon.colcon_core.package_identification:_identify(build) ignored
[0.162s] Level 1:colcon.colcon_core.package_identification:_identify(install) by extensions ['ignore', 'ignore_ament_install']
[0.162s] Level 1:colcon.colcon_core.package_identification:_identify(install) by extension 'ignore'
[0.162s] Level 1:colcon.colcon_core.package_identification:_identify(install) ignored
[0.162s] Level 1:colcon.colcon_core.package_identification:_identify(log) by extensions ['ignore', 'ignore_ament_install']
[0.163s] Level 1:colcon.colcon_core.package_identification:_identify(log) by extension 'ignore'
[0.163s] Level 1:colcon.colcon_core.package_identification:_identify(log) ignored
[0.163s] Level 1:colcon.colcon_core.package_identification:_identify(src) by extensions ['ignore', 'ignore_ament_install']
[0.163s] Level 1:colcon.colcon_core.package_identification:_identify(src) by extension 'ignore'
[0.163s] Level 1:colcon.colcon_core.package_identification:_identify(src) by extension 'ignore_ament_install'
[0.163s] Level 1:colcon.colcon_core.package_identification:_identify(src) by extensions ['colcon_pkg']
[0.163s] Level 1:colcon.colcon_core.package_identification:_identify(src) by extension 'colcon_pkg'
[0.163s] Level 1:colcon.colcon_core.package_identification:_identify(src) by extensions ['colcon_meta']
[0.163s] Level 1:colcon.colcon_core.package_identification:_identify(src) by extension 'colcon_meta'
[0.163s] Level 1:colcon.colcon_core.package_identification:_identify(src) by extensions ['ros']
[0.163s] Level 1:colcon.colcon_core.package_identification:_identify(src) by extension 'ros'
[0.163s] Level 1:colcon.colcon_core.package_identification:_identify(src) by extensions ['cmake', 'python']
[0.163s] Level 1:colcon.colcon_core.package_identification:_identify(src) by extension 'cmake'
[0.163s] Level 1:colcon.colcon_core.package_identification:_identify(src) by extension 'python'
[0.163s] Level 1:colcon.colcon_core.package_identification:_identify(src) by extensions ['python_setup_py']
[0.163s] Level 1:colcon.colcon_core.package_identification:_identify(src) by extension 'python_setup_py'
[0.163s] Level 1:colcon.colcon_core.package_identification:_identify(src/build) by extensions ['ignore', 'ignore_ament_install']
[0.163s] Level 1:colcon.colcon_core.package_identification:_identify(src/build) by extension 'ignore'
[0.163s] Level 1:colcon.colcon_core.package_identification:_identify(src/build) ignored
[0.164s] Level 1:colcon.colcon_core.package_identification:_identify(src/install) by extensions ['ignore', 'ignore_ament_install']
[0.164s] Level 1:colcon.colcon_core.package_identification:_identify(src/install) by extension 'ignore'
[0.164s] Level 1:colcon.colcon_core.package_identification:_identify(src/install) ignored
[0.164s] Level 1:colcon.colcon_core.package_identification:_identify(src/log) by extensions ['ignore', 'ignore_ament_install']
[0.164s] Level 1:colcon.colcon_core.package_identification:_identify(src/log) by extension 'ignore'
[0.164s] Level 1:colcon.colcon_core.package_identification:_identify(src/log) ignored
[0.164s] Level 1:colcon.colcon_core.package_identification:_identify(src/publisher_teste) by extensions ['ignore', 'ignore_ament_install']
[0.164s] Level 1:colcon.colcon_core.package_identification:_identify(src/publisher_teste) by extension 'ignore'
[0.164s] Level 1:colcon.colcon_core.package_identification:_identify(src/publisher_teste) by extension 'ignore_ament_install'
[0.164s] Level 1:colcon.colcon_core.package_identification:_identify(src/publisher_teste) by extensions ['colcon_pkg']
[0.164s] Level 1:colcon.colcon_core.package_identification:_identify(src/publisher_teste) by extension 'colcon_pkg'
[0.164s] Level 1:colcon.colcon_core.package_identification:_identify(src/publisher_teste) by extensions ['colcon_meta']
[0.164s] Level 1:colcon.colcon_core.package_identification:_identify(src/publisher_teste) by extension 'colcon_meta'
[0.164s] Level 1:colcon.colcon_core.package_identification:_identify(src/publisher_teste) by extensions ['ros']
[0.164s] Level 1:colcon.colcon_core.package_identification:_identify(src/publisher_teste) by extension 'ros'
[0.167s] DEBUG:colcon.colcon_core.package_identification:Package 'src/publisher_teste' with type 'ros.ament_cmake' and name 'publisher_teste'
[0.167s] Level 1:colcon.colcon_core.package_identification:_identify(src/scicobot_encoder) by extensions ['ignore', 'ignore_ament_install']
[0.167s] Level 1:colcon.colcon_core.package_identification:_identify(src/scicobot_encoder) by extension 'ignore'
[0.167s] Level 1:colcon.colcon_core.package_identification:_identify(src/scicobot_encoder) by extension 'ignore_ament_install'
[0.167s] Level 1:colcon.colcon_core.package_identification:_identify(src/scicobot_encoder) by extensions ['colcon_pkg']
[0.167s] Level 1:colcon.colcon_core.package_identification:_identify(src/scicobot_encoder) by extension 'colcon_pkg'
[0.167s] Level 1:colcon.colcon_core.package_identification:_identify(src/scicobot_encoder) by extensions ['colcon_meta']
[0.168s] Level 1:colcon.colcon_core.package_identification:_identify(src/scicobot_encoder) by extension 'colcon_meta'
[0.168s] Level 1:colcon.colcon_core.package_identification:_identify(src/scicobot_encoder) by extensions ['ros']
[0.168s] Level 1:colcon.colcon_core.package_identification:_identify(src/scicobot_encoder) by extension 'ros'
[0.168s] DEBUG:colcon.colcon_core.package_identification:Package 'src/scicobot_encoder' with type 'ros.ament_cmake' and name 'scicobot_encoder'
[0.169s] Level 1:colcon.colcon_core.package_identification:_identify(src/scicobot_move_on) by extensions ['ignore', 'ignore_ament_install']
[0.169s] Level 1:colcon.colcon_core.package_identification:_identify(src/scicobot_move_on) by extension 'ignore'
[0.169s] Level 1:colcon.colcon_core.package_identification:_identify(src/scicobot_move_on) by extension 'ignore_ament_install'
[0.169s] Level 1:colcon.colcon_core.package_identification:_identify(src/scicobot_move_on) by extensions ['colcon_pkg']
[0.169s] Level 1:colcon.colcon_core.package_identification:_identify(src/scicobot_move_on) by extension 'colcon_pkg'
[0.169s] Level 1:colcon.colcon_core.package_identification:_identify(src/scicobot_move_on) by extensions ['colcon_meta']
[0.169s] Level 1:colcon.colcon_core.package_identification:_identify(src/scicobot_move_on) by extension 'colcon_meta'
[0.169s] Level 1:colcon.colcon_core.package_identification:_identify(src/scicobot_move_on) by extensions ['ros']
[0.169s] Level 1:colcon.colcon_core.package_identification:_identify(src/scicobot_move_on) by extension 'ros'
[0.170s] DEBUG:colcon.colcon_core.package_identification:Package 'src/scicobot_move_on' with type 'ros.ament_cmake' and name 'scicobot_move_on'
[0.170s] Level 1:colcon.colcon_core.package_identification:_identify(src/scicobot_ultrasonic) by extensions ['ignore', 'ignore_ament_install']
[0.170s] Level 1:colcon.colcon_core.package_identification:_identify(src/scicobot_ultrasonic) by extension 'ignore'
[0.170s] Level 1:colcon.colcon_core.package_identification:_identify(src/scicobot_ultrasonic) by extension 'ignore_ament_install'
[0.170s] Level 1:colcon.colcon_core.package_identification:_identify(src/scicobot_ultrasonic) by extensions ['colcon_pkg']
[0.170s] Level 1:colcon.colcon_core.package_identification:_identify(src/scicobot_ultrasonic) by extension 'colcon_pkg'
[0.170s] Level 1:colcon.colcon_core.package_identification:_identify(src/scicobot_ultrasonic) by extensions ['colcon_meta']
[0.170s] Level 1:colcon.colcon_core.package_identification:_identify(src/scicobot_ultrasonic) by extension 'colcon_meta'
[0.171s] Level 1:colcon.colcon_core.package_identification:_identify(src/scicobot_ultrasonic) by extensions ['ros']
[0.171s] Level 1:colcon.colcon_core.package_identification:_identify(src/scicobot_ultrasonic) by extension 'ros'
[0.171s] DEBUG:colcon.colcon_core.package_identification:Package 'src/scicobot_ultrasonic' with type 'ros.ament_cmake' and name 'scicobot_ultrasonic'
[0.171s] Level 1:colcon.colcon_core.package_identification:_identify(src/test_cooperation_rasp) by extensions ['ignore', 'ignore_ament_install']
[0.171s] Level 1:colcon.colcon_core.package_identification:_identify(src/test_cooperation_rasp) by extension 'ignore'
[0.171s] Level 1:colcon.colcon_core.package_identification:_identify(src/test_cooperation_rasp) by extension 'ignore_ament_install'
[0.171s] Level 1:colcon.colcon_core.package_identification:_identify(src/test_cooperation_rasp) by extensions ['colcon_pkg']
[0.171s] Level 1:colcon.colcon_core.package_identification:_identify(src/test_cooperation_rasp) by extension 'colcon_pkg'
[0.171s] Level 1:colcon.colcon_core.package_identification:_identify(src/test_cooperation_rasp) by extensions ['colcon_meta']
[0.171s] Level 1:colcon.colcon_core.package_identification:_identify(src/test_cooperation_rasp) by extension 'colcon_meta'
[0.172s] Level 1:colcon.colcon_core.package_identification:_identify(src/test_cooperation_rasp) by extensions ['ros']
[0.172s] Level 1:colcon.colcon_core.package_identification:_identify(src/test_cooperation_rasp) by extension 'ros'
[0.172s] DEBUG:colcon.colcon_core.package_identification:Package 'src/test_cooperation_rasp' with type 'ros.ament_cmake' and name 'test_cooperation_rasp'
[0.172s] Level 1:colcon.colcon_core.package_identification:_identify(src/test_cooperation_scicobot) by extensions ['ignore', 'ignore_ament_install']
[0.172s] Level 1:colcon.colcon_core.package_identification:_identify(src/test_cooperation_scicobot) by extension 'ignore'
[0.172s] Level 1:colcon.colcon_core.package_identification:_identify(src/test_cooperation_scicobot) by extension 'ignore_ament_install'
[0.172s] Level 1:colcon.colcon_core.package_identification:_identify(src/test_cooperation_scicobot) by extensions ['colcon_pkg']
[0.172s] Level 1:colcon.colcon_core.package_identification:_identify(src/test_cooperation_scicobot) by extension 'colcon_pkg'
[0.172s] Level 1:colcon.colcon_core.package_identification:_identify(src/test_cooperation_scicobot) by extensions ['colcon_meta']
[0.172s] Level 1:colcon.colcon_core.package_identification:_identify(src/test_cooperation_scicobot) by extension 'colcon_meta'
[0.173s] Level 1:colcon.colcon_core.package_identification:_identify(src/test_cooperation_scicobot) by extensions ['ros']
[0.173s] Level 1:colcon.colcon_core.package_identification:_identify(src/test_cooperation_scicobot) by extension 'ros'
[0.173s] DEBUG:colcon.colcon_core.package_identification:Package 'src/test_cooperation_scicobot' with type 'ros.ament_cmake' and name 'test_cooperation_scicobot'
[0.173s] Level 1:colcon.colcon_core.package_identification:_identify(src/teste) by extensions ['ignore', 'ignore_ament_install']
[0.173s] Level 1:colcon.colcon_core.package_identification:_identify(src/teste) by extension 'ignore'
[0.173s] Level 1:colcon.colcon_core.package_identification:_identify(src/teste) by extension 'ignore_ament_install'
[0.173s] Level 1:colcon.colcon_core.package_identification:_identify(src/teste) by extensions ['colcon_pkg']
[0.173s] Level 1:colcon.colcon_core.package_identification:_identify(src/teste) by extension 'colcon_pkg'
[0.173s] Level 1:colcon.colcon_core.package_identification:_identify(src/teste) by extensions ['colcon_meta']
[0.173s] Level 1:colcon.colcon_core.package_identification:_identify(src/teste) by extension 'colcon_meta'
[0.173s] Level 1:colcon.colcon_core.package_identification:_identify(src/teste) by extensions ['ros']
[0.174s] Level 1:colcon.colcon_core.package_identification:_identify(src/teste) by extension 'ros'
[0.174s] DEBUG:colcon.colcon_core.package_identification:Package 'src/teste' with type 'ros.ament_cmake' and name 'teste'
[0.174s] Level 1:colcon.colcon_core.package_discovery:discover_packages(recursive) using defaults
[0.174s] Level 1:colcon.colcon_core.package_discovery:discover_packages(ignore) discover
[0.174s] Level 1:colcon.colcon_core.package_discovery:discover_packages(ignore) using defaults
[0.174s] Level 1:colcon.colcon_core.package_discovery:discover_packages(path) discover
[0.174s] Level 1:colcon.colcon_core.package_discovery:discover_packages(path) using defaults
[0.192s] Level 5:colcon.colcon_core.verb:set package 'publisher_teste' build argument 'cmake_args' from command line to 'None'
[0.193s] Level 5:colcon.colcon_core.verb:set package 'publisher_teste' build argument 'cmake_target' from command line to 'None'
[0.193s] Level 5:colcon.colcon_core.verb:set package 'publisher_teste' build argument 'cmake_target_skip_unavailable' from command line to 'False'
[0.193s] Level 5:colcon.colcon_core.verb:set package 'publisher_teste' build argument 'cmake_clean_cache' from command line to 'False'
[0.193s] Level 5:colcon.colcon_core.verb:set package 'publisher_teste' build argument 'cmake_clean_first' from command line to 'False'
[0.193s] Level 5:colcon.colcon_core.verb:set package 'publisher_teste' build argument 'cmake_force_configure' from command line to 'False'
[0.193s] Level 5:colcon.colcon_core.verb:set package 'publisher_teste' build argument 'ament_cmake_args' from command line to 'None'
[0.193s] Level 5:colcon.colcon_core.verb:set package 'publisher_teste' build argument 'catkin_cmake_args' from command line to 'None'
[0.193s] Level 5:colcon.colcon_core.verb:set package 'publisher_teste' build argument 'catkin_skip_building_tests' from command line to 'False'
[0.193s] DEBUG:colcon.colcon_core.verb:Building package 'publisher_teste' with the following arguments: {'ament_cmake_args': None, 'build_base': '/home/otavio/scicobot_rasp/build/publisher_teste', 'catkin_cmake_args': None, 'catkin_skip_building_tests': False, 'cmake_args': None, 'cmake_clean_cache': False, 'cmake_clean_first': False, 'cmake_force_configure': False, 'cmake_target': None, 'cmake_target_skip_unavailable': False, 'install_base': '/home/otavio/scicobot_rasp/install/publisher_teste', 'merge_install': False, 'path': '/home/otavio/scicobot_rasp/src/publisher_teste', 'symlink_install': False, 'test_result_base': None}
[0.193s] Level 5:colcon.colcon_core.verb:set package 'scicobot_encoder' build argument 'cmake_args' from command line to 'None'
[0.193s] Level 5:colcon.colcon_core.verb:set package 'scicobot_encoder' build argument 'cmake_target' from command line to 'None'
[0.193s] Level 5:colcon.colcon_core.verb:set package 'scicobot_encoder' build argument 'cmake_target_skip_unavailable' from command line to 'False'
[0.194s] Level 5:colcon.colcon_core.verb:set package 'scicobot_encoder' build argument 'cmake_clean_cache' from command line to 'False'
[0.194s] Level 5:colcon.colcon_core.verb:set package 'scicobot_encoder' build argument 'cmake_clean_first' from command line to 'False'
[0.194s] Level 5:colcon.colcon_core.verb:set package 'scicobot_encoder' build argument 'cmake_force_configure' from command line to 'False'
[0.194s] Level 5:colcon.colcon_core.verb:set package 'scicobot_encoder' build argument 'ament_cmake_args' from command line to 'None'
[0.194s] Level 5:colcon.colcon_core.verb:set package 'scicobot_encoder' build argument 'catkin_cmake_args' from command line to 'None'
[0.194s] Level 5:colcon.colcon_core.verb:set package 'scicobot_encoder' build argument 'catkin_skip_building_tests' from command line to 'False'
[0.194s] DEBUG:colcon.colcon_core.verb:Building package 'scicobot_encoder' with the following arguments: {'ament_cmake_args': None, 'build_base': '/home/otavio/scicobot_rasp/build/scicobot_encoder', 'catkin_cmake_args': None, 'catkin_skip_building_tests': False, 'cmake_args': None, 'cmake_clean_cache': False, 'cmake_clean_first': False, 'cmake_force_configure': False, 'cmake_target': None, 'cmake_target_skip_unavailable': False, 'install_base': '/home/otavio/scicobot_rasp/install/scicobot_encoder', 'merge_install': False, 'path': '/home/otavio/scicobot_rasp/src/scicobot_encoder', 'symlink_install': False, 'test_result_base': None}
[0.194s] Level 5:colcon.colcon_core.verb:set package 'scicobot_move_on' build argument 'cmake_args' from command line to 'None'
[0.194s] Level 5:colcon.colcon_core.verb:set package 'scicobot_move_on' build argument 'cmake_target' from command line to 'None'
[0.194s] Level 5:colcon.colcon_core.verb:set package 'scicobot_move_on' build argument 'cmake_target_skip_unavailable' from command line to 'False'
[0.195s] Level 5:colcon.colcon_core.verb:set package 'scicobot_move_on' build argument 'cmake_clean_cache' from command line to 'False'
[0.195s] Level 5:colcon.colcon_core.verb:set package 'scicobot_move_on' build argument 'cmake_clean_first' from command line to 'False'
[0.195s] Level 5:colcon.colcon_core.verb:set package 'scicobot_move_on' build argument 'cmake_force_configure' from command line to 'False'
[0.195s] Level 5:colcon.colcon_core.verb:set package 'scicobot_move_on' build argument 'ament_cmake_args' from command line to 'None'
[0.195s] Level 5:colcon.colcon_core.verb:set package 'scicobot_move_on' build argument 'catkin_cmake_args' from command line to 'None'
[0.195s] Level 5:colcon.colcon_core.verb:set package 'scicobot_move_on' build argument 'catkin_skip_building_tests' from command line to 'False'
[0.195s] DEBUG:colcon.colcon_core.verb:Building package 'scicobot_move_on' with the following arguments: {'ament_cmake_args': None, 'build_base': '/home/otavio/scicobot_rasp/build/scicobot_move_on', 'catkin_cmake_args': None, 'catkin_skip_building_tests': False, 'cmake_args': None, 'cmake_clean_cache': False, 'cmake_clean_first': False, 'cmake_force_configure': False, 'cmake_target': None, 'cmake_target_skip_unavailable': False, 'install_base': '/home/otavio/scicobot_rasp/install/scicobot_move_on', 'merge_install': False, 'path': '/home/otavio/scicobot_rasp/src/scicobot_move_on', 'symlink_install': False, 'test_result_base': None}
[0.195s] Level 5:colcon.colcon_core.verb:set package 'scicobot_ultrasonic' build argument 'cmake_args' from command line to 'None'
[0.195s] Level 5:colcon.colcon_core.verb:set package 'scicobot_ultrasonic' build argument 'cmake_target' from command line to 'None'
[0.195s] Level 5:colcon.colcon_core.verb:set package 'scicobot_ultrasonic' build argument 'cmake_target_skip_unavailable' from command line to 'False'
[0.195s] Level 5:colcon.colcon_core.verb:set package 'scicobot_ultrasonic' build argument 'cmake_clean_cache' from command line to 'False'
[0.195s] Level 5:colcon.colcon_core.verb:set package 'scicobot_ultrasonic' build argument 'cmake_clean_first' from command line to 'False'
[0.195s] Level 5:colcon.colcon_core.verb:set package 'scicobot_ultrasonic' build argument 'cmake_force_configure' from command line to 'False'
[0.195s] Level 5:colcon.colcon_core.verb:set package 'scicobot_ultrasonic' build argument 'ament_cmake_args' from command line to 'None'
[0.195s] Level 5:colcon.colcon_core.verb:set package 'scicobot_ultrasonic' build argument 'catkin_cmake_args' from command line to 'None'
[0.196s] Level 5:colcon.colcon_core.verb:set package 'scicobot_ultrasonic' build argument 'catkin_skip_building_tests' from command line to 'False'
[0.196s] DEBUG:colcon.colcon_core.verb:Building package 'scicobot_ultrasonic' with the following arguments: {'ament_cmake_args': None, 'build_base': '/home/otavio/scicobot_rasp/build/scicobot_ultrasonic', 'catkin_cmake_args': None, 'catkin_skip_building_tests': False, 'cmake_args': None, 'cmake_clean_cache': False, 'cmake_clean_first': False, 'cmake_force_configure': False, 'cmake_target': None, 'cmake_target_skip_unavailable': False, 'install_base': '/home/otavio/scicobot_rasp/install/scicobot_ultrasonic', 'merge_install': False, 'path': '/home/otavio/scicobot_rasp/src/scicobot_ultrasonic', 'symlink_install': False, 'test_result_base': None}
[0.196s] Level 5:colcon.colcon_core.verb:set package 'test_cooperation_rasp' build argument 'cmake_args' from command line to 'None'
[0.196s] Level 5:colcon.colcon_core.verb:set package 'test_cooperation_rasp' build argument 'cmake_target' from command line to 'None'
[0.196s] Level 5:colcon.colcon_core.verb:set package 'test_cooperation_rasp' build argument 'cmake_target_skip_unavailable' from command line to 'False'
[0.196s] Level 5:colcon.colcon_core.verb:set package 'test_cooperation_rasp' build argument 'cmake_clean_cache' from command line to 'False'
[0.196s] Level 5:colcon.colcon_core.verb:set package 'test_cooperation_rasp' build argument 'cmake_clean_first' from command line to 'False'
[0.196s] Level 5:colcon.colcon_core.verb:set package 'test_cooperation_rasp' build argument 'cmake_force_configure' from command line to 'False'
[0.196s] Level 5:colcon.colcon_core.verb:set package 'test_cooperation_rasp' build argument 'ament_cmake_args' from command line to 'None'
[0.196s] Level 5:colcon.colcon_core.verb:set package 'test_cooperation_rasp' build argument 'catkin_cmake_args' from command line to 'None'
[0.196s] Level 5:colcon.colcon_core.verb:set package 'test_cooperation_rasp' build argument 'catkin_skip_building_tests' from command line to 'False'
[0.196s] DEBUG:colcon.colcon_core.verb:Building package 'test_cooperation_rasp' with the following arguments: {'ament_cmake_args': None, 'build_base': '/home/otavio/scicobot_rasp/build/test_cooperation_rasp', 'catkin_cmake_args': None, 'catkin_skip_building_tests': False, 'cmake_args': None, 'cmake_clean_cache': False, 'cmake_clean_first': False, 'cmake_force_configure': False, 'cmake_target': None, 'cmake_target_skip_unavailable': False, 'install_base': '/home/otavio/scicobot_rasp/install/test_cooperation_rasp', 'merge_install': False, 'path': '/home/otavio/scicobot_rasp/src/test_cooperation_rasp', 'symlink_install': False, 'test_result_base': None}
[0.197s] Level 5:colcon.colcon_core.verb:set package 'test_cooperation_scicobot' build argument 'cmake_args' from command line to 'None'
[0.197s] Level 5:colcon.colcon_core.verb:set package 'test_cooperation_scicobot' build argument 'cmake_target' from command line to 'None'
[0.197s] Level 5:colcon.colcon_core.verb:set package 'test_cooperation_scicobot' build argument 'cmake_target_skip_unavailable' from command line to 'False'
[0.197s] Level 5:colcon.colcon_core.verb:set package 'test_cooperation_scicobot' build argument 'cmake_clean_cache' from command line to 'False'
[0.197s] Level 5:colcon.colcon_core.verb:set package 'test_cooperation_scicobot' build argument 'cmake_clean_first' from command line to 'False'
[0.197s] Level 5:colcon.colcon_core.verb:set package 'test_cooperation_scicobot' build argument 'cmake_force_configure' from command line to 'False'
[0.197s] Level 5:colcon.colcon_core.verb:set package 'test_cooperation_scicobot' build argument 'ament_cmake_args' from command line to 'None'
[0.197s] Level 5:colcon.colcon_core.verb:set package 'test_cooperation_scicobot' build argument 'catkin_cmake_args' from command line to 'None'
[0.197s] Level 5:colcon.colcon_core.verb:set package 'test_cooperation_scicobot' build argument 'catkin_skip_building_tests' from command line to 'False'
[0.197s] DEBUG:colcon.colcon_core.verb:Building package 'test_cooperation_scicobot' with the following arguments: {'ament_cmake_args': None, 'build_base': '/home/otavio/scicobot_rasp/build/test_cooperation_scicobot', 'catkin_cmake_args': None, 'catkin_skip_building_tests': False, 'cmake_args': None, 'cmake_clean_cache': False, 'cmake_clean_first': False, 'cmake_force_configure': False, 'cmake_target': None, 'cmake_target_skip_unavailable': False, 'install_base': '/home/otavio/scicobot_rasp/install/test_cooperation_scicobot', 'merge_install': False, 'path': '/home/otavio/scicobot_rasp/src/test_cooperation_scicobot', 'symlink_install': False, 'test_result_base': None}
[0.198s] Level 5:colcon.colcon_core.verb:set package 'teste' build argument 'cmake_args' from command line to 'None'
[0.198s] Level 5:colcon.colcon_core.verb:set package 'teste' build argument 'cmake_target' from command line to 'None'
[0.198s] Level 5:colcon.colcon_core.verb:set package 'teste' build argument 'cmake_target_skip_unavailable' from command line to 'False'
[0.198s] Level 5:colcon.colcon_core.verb:set package 'teste' build argument 'cmake_clean_cache' from command line to 'False'
[0.198s] Level 5:colcon.colcon_core.verb:set package 'teste' build argument 'cmake_clean_first' from command line to 'False'
[0.198s] Level 5:colcon.colcon_core.verb:set package 'teste' build argument 'cmake_force_configure' from command line to 'False'
[0.198s] Level 5:colcon.colcon_core.verb:set package 'teste' build argument 'ament_cmake_args' from command line to 'None'
[0.198s] Level 5:colcon.colcon_core.verb:set package 'teste' build argument 'catkin_cmake_args' from command line to 'None'
[0.198s] Level 5:colcon.colcon_core.verb:set package 'teste' build argument 'catkin_skip_building_tests' from command line to 'False'
[0.198s] DEBUG:colcon.colcon_core.verb:Building package 'teste' with the following arguments: {'ament_cmake_args': None, 'build_base': '/home/otavio/scicobot_rasp/build/teste', 'catkin_cmake_args': None, 'catkin_skip_building_tests': False, 'cmake_args': None, 'cmake_clean_cache': False, 'cmake_clean_first': False, 'cmake_force_configure': False, 'cmake_target': None, 'cmake_target_skip_unavailable': False, 'install_base': '/home/otavio/scicobot_rasp/install/teste', 'merge_install': False, 'path': '/home/otavio/scicobot_rasp/src/teste', 'symlink_install': False, 'test_result_base': None}
[0.202s] INFO:colcon.colcon_core.executor:Executing jobs using 'parallel' executor
[0.204s] DEBUG:colcon.colcon_parallel_executor.executor.parallel:run_until_complete
[0.204s] INFO:colcon.colcon_ros.task.ament_cmake.build:Building ROS package in '/home/otavio/scicobot_rasp/src/publisher_teste' with build type 'ament_cmake'
[0.205s] INFO:colcon.colcon_cmake.task.cmake.build:Building CMake package in '/home/otavio/scicobot_rasp/src/publisher_teste'
[0.208s] INFO:colcon.colcon_core.plugin_system:Skipping extension 'colcon_core.shell.bat': Not used on non-Windows systems
[0.208s] INFO:colcon.colcon_core.shell:Skip shell extension 'powershell' for command environment: Not usable outside of PowerShell
[0.208s] DEBUG:colcon.colcon_core.shell:Skip shell extension 'dsv' for command environment
[0.212s] INFO:colcon.colcon_ros.task.ament_cmake.build:Building ROS package in '/home/otavio/scicobot_rasp/src/scicobot_encoder' with build type 'ament_cmake'
[0.212s] INFO:colcon.colcon_cmake.task.cmake.build:Building CMake package in '/home/otavio/scicobot_rasp/src/scicobot_encoder'
[0.213s] INFO:colcon.colcon_core.shell:Skip shell extension 'powershell' for command environment: Not usable outside of PowerShell
[0.213s] DEBUG:colcon.colcon_core.shell:Skip shell extension 'dsv' for command environment
[0.219s] INFO:colcon.colcon_ros.task.ament_cmake.build:Building ROS package in '/home/otavio/scicobot_rasp/src/scicobot_move_on' with build type 'ament_cmake'
[0.220s] INFO:colcon.colcon_cmake.task.cmake.build:Building CMake package in '/home/otavio/scicobot_rasp/src/scicobot_move_on'
[0.221s] INFO:colcon.colcon_core.shell:Skip shell extension 'powershell' for command environment: Not usable outside of PowerShell
[0.221s] DEBUG:colcon.colcon_core.shell:Skip shell extension 'dsv' for command environment
[0.227s] INFO:colcon.colcon_ros.task.ament_cmake.build:Building ROS package in '/home/otavio/scicobot_rasp/src/scicobot_ultrasonic' with build type 'ament_cmake'
[0.228s] INFO:colcon.colcon_cmake.task.cmake.build:Building CMake package in '/home/otavio/scicobot_rasp/src/scicobot_ultrasonic'
[0.229s] INFO:colcon.colcon_core.shell:Skip shell extension 'powershell' for command environment: Not usable outside of PowerShell
[0.229s] DEBUG:colcon.colcon_core.shell:Skip shell extension 'dsv' for command environment
[0.242s] DEBUG:colcon.colcon_core.event_handler.log_command:Invoking command in '/home/otavio/scicobot_rasp/build/publisher_teste': CMAKE_PREFIX_PATH=/opt/ros/foxy /usr/bin/cmake --build /home/otavio/scicobot_rasp/build/publisher_teste -- -j4 -l4
[0.250s] DEBUG:colcon.colcon_core.event_handler.log_command:Invoking command in '/home/otavio/scicobot_rasp/build/scicobot_encoder': CMAKE_PREFIX_PATH=/opt/ros/foxy /usr/bin/cmake --build /home/otavio/scicobot_rasp/build/scicobot_encoder -- -j4 -l4
[0.260s] DEBUG:colcon.colcon_core.event_handler.log_command:Invoking command in '/home/otavio/scicobot_rasp/build/scicobot_move_on': CMAKE_PREFIX_PATH=/opt/ros/foxy /usr/bin/cmake --build /home/otavio/scicobot_rasp/build/scicobot_move_on -- -j4 -l4
[0.281s] DEBUG:colcon.colcon_core.event_handler.log_command:Invoking command in '/home/otavio/scicobot_rasp/build/scicobot_ultrasonic': CMAKE_PREFIX_PATH=/opt/ros/foxy /usr/bin/cmake --build /home/otavio/scicobot_rasp/build/scicobot_ultrasonic -- -j4 -l4
[0.360s] DEBUG:colcon.colcon_core.event_handler.log_command:Invoked command in '/home/otavio/scicobot_rasp/build/scicobot_encoder' returned '0': CMAKE_PREFIX_PATH=/opt/ros/foxy /usr/bin/cmake --build /home/otavio/scicobot_rasp/build/scicobot_encoder -- -j4 -l4
[0.376s] DEBUG:colcon.colcon_core.event_handler.log_command:Invoked command in '/home/otavio/scicobot_rasp/build/publisher_teste' returned '0': CMAKE_PREFIX_PATH=/opt/ros/foxy /usr/bin/cmake --build /home/otavio/scicobot_rasp/build/publisher_teste -- -j4 -l4
[0.383s] DEBUG:colcon.colcon_core.event_handler.log_command:Invoked command in '/home/otavio/scicobot_rasp/build/scicobot_move_on' returned '0': CMAKE_PREFIX_PATH=/opt/ros/foxy /usr/bin/cmake --build /home/otavio/scicobot_rasp/build/scicobot_move_on -- -j4 -l4
[0.409s] DEBUG:colcon.colcon_core.event_handler.log_command:Invoked command in '/home/otavio/scicobot_rasp/build/scicobot_ultrasonic' returned '0': CMAKE_PREFIX_PATH=/opt/ros/foxy /usr/bin/cmake --build /home/otavio/scicobot_rasp/build/scicobot_ultrasonic -- -j4 -l4
[0.433s] DEBUG:colcon.colcon_core.event_handler.log_command:Invoking command in '/home/otavio/scicobot_rasp/build/scicobot_encoder': CMAKE_PREFIX_PATH=/opt/ros/foxy /usr/bin/cmake --install /home/otavio/scicobot_rasp/build/scicobot_encoder
[0.440s] DEBUG:colcon.colcon_core.event_handler.log_command:Invoking command in '/home/otavio/scicobot_rasp/build/scicobot_move_on': CMAKE_PREFIX_PATH=/opt/ros/foxy /usr/bin/cmake --install /home/otavio/scicobot_rasp/build/scicobot_move_on
[0.448s] DEBUG:colcon.colcon_core.event_handler.log_command:Invoking command in '/home/otavio/scicobot_rasp/build/publisher_teste': CMAKE_PREFIX_PATH=/opt/ros/foxy /usr/bin/cmake --install /home/otavio/scicobot_rasp/build/publisher_teste
[0.461s] Level 1:colcon.colcon_core.environment:create_environment_scripts_only(scicobot_move_on)
[0.469s] DEBUG:colcon.colcon_core.event_handler.log_command:Invoked command in '/home/otavio/scicobot_rasp/build/scicobot_move_on' returned '0': CMAKE_PREFIX_PATH=/opt/ros/foxy /usr/bin/cmake --install /home/otavio/scicobot_rasp/build/scicobot_move_on
[0.470s] Level 1:colcon.colcon_core.environment:checking '/home/otavio/scicobot_rasp/install/scicobot_move_on' for CMake module files
[0.470s] Level 1:colcon.colcon_core.environment:checking '/home/otavio/scicobot_rasp/install/scicobot_move_on' for CMake config files
[0.471s] Level 1:colcon.colcon_core.shell:create_environment_hook('scicobot_move_on', 'cmake_prefix_path')
[0.471s] INFO:colcon.colcon_core.shell:Creating environment hook '/home/otavio/scicobot_rasp/install/scicobot_move_on/share/scicobot_move_on/hook/cmake_prefix_path.ps1'
[0.472s] INFO:colcon.colcon_core.shell:Creating environment descriptor '/home/otavio/scicobot_rasp/install/scicobot_move_on/share/scicobot_move_on/hook/cmake_prefix_path.dsv'
[0.472s] INFO:colcon.colcon_core.shell:Creating environment hook '/home/otavio/scicobot_rasp/install/scicobot_move_on/share/scicobot_move_on/hook/cmake_prefix_path.sh'
[0.473s] Level 1:colcon.colcon_core.environment:checking '/home/otavio/scicobot_rasp/install/scicobot_move_on/lib'
[0.473s] Level 1:colcon.colcon_core.environment:checking '/home/otavio/scicobot_rasp/install/scicobot_move_on/bin'
[0.473s] Level 1:colcon.colcon_core.environment:checking '/home/otavio/scicobot_rasp/install/scicobot_move_on/lib/pkgconfig/scicobot_move_on.pc'
[0.473s] Level 1:colcon.colcon_core.environment:checking '/home/otavio/scicobot_rasp/install/scicobot_move_on/lib/python3.8/site-packages'
[0.474s] INFO:colcon.colcon_core.shell:Creating package script '/home/otavio/scicobot_rasp/install/scicobot_move_on/share/scicobot_move_on/package.ps1'
[0.475s] INFO:colcon.colcon_core.shell:Creating package descriptor '/home/otavio/scicobot_rasp/install/scicobot_move_on/share/scicobot_move_on/package.dsv'
[0.475s] INFO:colcon.colcon_core.shell:Creating package script '/home/otavio/scicobot_rasp/install/scicobot_move_on/share/scicobot_move_on/package.sh'
[0.476s] INFO:colcon.colcon_core.shell:Creating package script '/home/otavio/scicobot_rasp/install/scicobot_move_on/share/scicobot_move_on/package.bash'
[0.476s] INFO:colcon.colcon_core.shell:Creating package script '/home/otavio/scicobot_rasp/install/scicobot_move_on/share/scicobot_move_on/package.zsh'
[0.477s] Level 1:colcon.colcon_core.environment:create_file_with_runtime_dependencies(/home/otavio/scicobot_rasp/install/scicobot_move_on/share/colcon-core/packages/scicobot_move_on)
[0.479s] Level 1:colcon.colcon_core.environment:create_environment_scripts_only(scicobot_encoder)
[0.481s] Level 1:colcon.colcon_core.environment:checking '/home/otavio/scicobot_rasp/install/scicobot_encoder' for CMake module files
[0.481s] DEBUG:colcon.colcon_core.event_handler.log_command:Invoked command in '/home/otavio/scicobot_rasp/build/scicobot_encoder' returned '0': CMAKE_PREFIX_PATH=/opt/ros/foxy /usr/bin/cmake --install /home/otavio/scicobot_rasp/build/scicobot_encoder
[0.482s] Level 1:colcon.colcon_core.environment:checking '/home/otavio/scicobot_rasp/install/scicobot_encoder' for CMake config files
[0.482s] Level 1:colcon.colcon_core.shell:create_environment_hook('scicobot_encoder', 'cmake_prefix_path')
[0.482s] INFO:colcon.colcon_core.shell:Creating environment hook '/home/otavio/scicobot_rasp/install/scicobot_encoder/share/scicobot_encoder/hook/cmake_prefix_path.ps1'
[0.483s] INFO:colcon.colcon_core.shell:Creating environment descriptor '/home/otavio/scicobot_rasp/install/scicobot_encoder/share/scicobot_encoder/hook/cmake_prefix_path.dsv'
[0.484s] INFO:colcon.colcon_core.shell:Creating environment hook '/home/otavio/scicobot_rasp/install/scicobot_encoder/share/scicobot_encoder/hook/cmake_prefix_path.sh'
[0.485s] Level 1:colcon.colcon_core.environment:checking '/home/otavio/scicobot_rasp/install/scicobot_encoder/lib'
[0.485s] Level 1:colcon.colcon_core.environment:checking '/home/otavio/scicobot_rasp/install/scicobot_encoder/bin'
[0.485s] Level 1:colcon.colcon_core.environment:checking '/home/otavio/scicobot_rasp/install/scicobot_encoder/lib/pkgconfig/scicobot_encoder.pc'
[0.485s] Level 1:colcon.colcon_core.environment:checking '/home/otavio/scicobot_rasp/install/scicobot_encoder/lib/python3.8/site-packages'
[0.486s] INFO:colcon.colcon_core.shell:Creating package script '/home/otavio/scicobot_rasp/install/scicobot_encoder/share/scicobot_encoder/package.ps1'
[0.487s] INFO:colcon.colcon_core.shell:Creating package descriptor '/home/otavio/scicobot_rasp/install/scicobot_encoder/share/scicobot_encoder/package.dsv'
[0.487s] INFO:colcon.colcon_core.shell:Creating package script '/home/otavio/scicobot_rasp/install/scicobot_encoder/share/scicobot_encoder/package.sh'
[0.488s] INFO:colcon.colcon_core.shell:Creating package script '/home/otavio/scicobot_rasp/install/scicobot_encoder/share/scicobot_encoder/package.bash'
[0.488s] INFO:colcon.colcon_core.shell:Creating package script '/home/otavio/scicobot_rasp/install/scicobot_encoder/share/scicobot_encoder/package.zsh'
[0.489s] Level 1:colcon.colcon_core.environment:create_file_with_runtime_dependencies(/home/otavio/scicobot_rasp/install/scicobot_encoder/share/colcon-core/packages/scicobot_encoder)
[0.496s] DEBUG:colcon.colcon_core.event_handler.log_command:Invoking command in '/home/otavio/scicobot_rasp/build/scicobot_ultrasonic': CMAKE_PREFIX_PATH=/opt/ros/foxy /usr/bin/cmake --install /home/otavio/scicobot_rasp/build/scicobot_ultrasonic
[0.498s] Level 1:colcon.colcon_core.environment:create_environment_scripts_only(publisher_teste)
[0.500s] Level 1:colcon.colcon_core.environment:checking '/home/otavio/scicobot_rasp/install/publisher_teste' for CMake module files
[0.501s] Level 1:colcon.colcon_core.environment:checking '/home/otavio/scicobot_rasp/install/publisher_teste' for CMake config files
[0.501s] Level 1:colcon.colcon_core.shell:create_environment_hook('publisher_teste', 'cmake_prefix_path')
[0.502s] INFO:colcon.colcon_core.shell:Creating environment hook '/home/otavio/scicobot_rasp/install/publisher_teste/share/publisher_teste/hook/cmake_prefix_path.ps1'
[0.503s] DEBUG:colcon.colcon_core.event_handler.log_command:Invoked command in '/home/otavio/scicobot_rasp/build/publisher_teste' returned '0': CMAKE_PREFIX_PATH=/opt/ros/foxy /usr/bin/cmake --install /home/otavio/scicobot_rasp/build/publisher_teste
[0.504s] INFO:colcon.colcon_core.shell:Creating environment descriptor '/home/otavio/scicobot_rasp/install/publisher_teste/share/publisher_teste/hook/cmake_prefix_path.dsv'
[0.504s] INFO:colcon.colcon_core.shell:Creating environment hook '/home/otavio/scicobot_rasp/install/publisher_teste/share/publisher_teste/hook/cmake_prefix_path.sh'
[0.506s] Level 1:colcon.colcon_core.environment:checking '/home/otavio/scicobot_rasp/install/publisher_teste/lib'
[0.506s] Level 1:colcon.colcon_core.environment:checking '/home/otavio/scicobot_rasp/install/publisher_teste/bin'
[0.506s] Level 1:colcon.colcon_core.environment:checking '/home/otavio/scicobot_rasp/install/publisher_teste/lib/pkgconfig/publisher_teste.pc'
[0.506s] Level 1:colcon.colcon_core.environment:checking '/home/otavio/scicobot_rasp/install/publisher_teste/lib/python3.8/site-packages'
[0.507s] INFO:colcon.colcon_core.shell:Creating package script '/home/otavio/scicobot_rasp/install/publisher_teste/share/publisher_teste/package.ps1'
[0.510s] INFO:colcon.colcon_core.shell:Creating package descriptor '/home/otavio/scicobot_rasp/install/publisher_teste/share/publisher_teste/package.dsv'
[0.510s] INFO:colcon.colcon_core.shell:Creating package script '/home/otavio/scicobot_rasp/install/publisher_teste/share/publisher_teste/package.sh'
[0.511s] INFO:colcon.colcon_core.shell:Creating package script '/home/otavio/scicobot_rasp/install/publisher_teste/share/publisher_teste/package.bash'
[0.511s] INFO:colcon.colcon_core.shell:Creating package script '/home/otavio/scicobot_rasp/install/publisher_teste/share/publisher_teste/package.zsh'
[0.512s] Level 1:colcon.colcon_core.environment:create_file_with_runtime_dependencies(/home/otavio/scicobot_rasp/install/publisher_teste/share/colcon-core/packages/publisher_teste)
[0.516s] Level 1:colcon.colcon_core.environment:create_environment_scripts_only(scicobot_ultrasonic)
[0.517s] DEBUG:colcon.colcon_core.event_handler.log_command:Invoked command in '/home/otavio/scicobot_rasp/build/scicobot_ultrasonic' returned '0': CMAKE_PREFIX_PATH=/opt/ros/foxy /usr/bin/cmake --install /home/otavio/scicobot_rasp/build/scicobot_ultrasonic
[0.519s] Level 1:colcon.colcon_core.environment:checking '/home/otavio/scicobot_rasp/install/scicobot_ultrasonic' for CMake module files
[0.520s] Level 1:colcon.colcon_core.environment:checking '/home/otavio/scicobot_rasp/install/scicobot_ultrasonic' for CMake config files
[0.520s] Level 1:colcon.colcon_core.shell:create_environment_hook('scicobot_ultrasonic', 'cmake_prefix_path')
[0.521s] INFO:colcon.colcon_core.shell:Creating environment hook '/home/otavio/scicobot_rasp/install/scicobot_ultrasonic/share/scicobot_ultrasonic/hook/cmake_prefix_path.ps1'
[0.522s] INFO:colcon.colcon_core.shell:Creating environment descriptor '/home/otavio/scicobot_rasp/install/scicobot_ultrasonic/share/scicobot_ultrasonic/hook/cmake_prefix_path.dsv'
[0.522s] INFO:colcon.colcon_core.shell:Creating environment hook '/home/otavio/scicobot_rasp/install/scicobot_ultrasonic/share/scicobot_ultrasonic/hook/cmake_prefix_path.sh'
[0.523s] Level 1:colcon.colcon_core.environment:checking '/home/otavio/scicobot_rasp/install/scicobot_ultrasonic/lib'
[0.523s] Level 1:colcon.colcon_core.environment:checking '/home/otavio/scicobot_rasp/install/scicobot_ultrasonic/bin'
[0.523s] Level 1:colcon.colcon_core.environment:checking '/home/otavio/scicobot_rasp/install/scicobot_ultrasonic/lib/pkgconfig/scicobot_ultrasonic.pc'
[0.523s] Level 1:colcon.colcon_core.environment:checking '/home/otavio/scicobot_rasp/install/scicobot_ultrasonic/lib/python3.8/site-packages'
[0.525s] INFO:colcon.colcon_core.shell:Creating package script '/home/otavio/scicobot_rasp/install/scicobot_ultrasonic/share/scicobot_ultrasonic/package.ps1'
[0.525s] INFO:colcon.colcon_core.shell:Creating package descriptor '/home/otavio/scicobot_rasp/install/scicobot_ultrasonic/share/scicobot_ultrasonic/package.dsv'
[0.526s] INFO:colcon.colcon_core.shell:Creating package script '/home/otavio/scicobot_rasp/install/scicobot_ultrasonic/share/scicobot_ultrasonic/package.sh'
[0.526s] INFO:colcon.colcon_core.shell:Creating package script '/home/otavio/scicobot_rasp/install/scicobot_ultrasonic/share/scicobot_ultrasonic/package.bash'
[0.526s] INFO:colcon.colcon_core.shell:Creating package script '/home/otavio/scicobot_rasp/install/scicobot_ultrasonic/share/scicobot_ultrasonic/package.zsh'
[0.527s] Level 1:colcon.colcon_core.environment:create_file_with_runtime_dependencies(/home/otavio/scicobot_rasp/install/scicobot_ultrasonic/share/colcon-core/packages/scicobot_ultrasonic)
[0.531s] Level 1:colcon.colcon_core.environment:create_environment_scripts_only(scicobot_move_on)
[0.532s] Level 1:colcon.colcon_core.environment:checking '/home/otavio/scicobot_rasp/install/scicobot_move_on' for CMake module files
[0.533s] Level 1:colcon.colcon_core.environment:checking '/home/otavio/scicobot_rasp/install/scicobot_move_on' for CMake config files
[0.533s] Level 1:colcon.colcon_core.shell:create_environment_hook('scicobot_move_on', 'cmake_prefix_path')
[0.534s] INFO:colcon.colcon_core.shell:Creating environment hook '/home/otavio/scicobot_rasp/install/scicobot_move_on/share/scicobot_move_on/hook/cmake_prefix_path.ps1'
[0.535s] INFO:colcon.colcon_core.shell:Creating environment descriptor '/home/otavio/scicobot_rasp/install/scicobot_move_on/share/scicobot_move_on/hook/cmake_prefix_path.dsv'
[0.536s] INFO:colcon.colcon_core.shell:Creating environment hook '/home/otavio/scicobot_rasp/install/scicobot_move_on/share/scicobot_move_on/hook/cmake_prefix_path.sh'
[0.537s] Level 1:colcon.colcon_core.environment:checking '/home/otavio/scicobot_rasp/install/scicobot_move_on/lib'
[0.537s] Level 1:colcon.colcon_core.environment:checking '/home/otavio/scicobot_rasp/install/scicobot_move_on/bin'
[0.537s] Level 1:colcon.colcon_core.environment:checking '/home/otavio/scicobot_rasp/install/scicobot_move_on/lib/pkgconfig/scicobot_move_on.pc'
[0.537s] Level 1:colcon.colcon_core.environment:checking '/home/otavio/scicobot_rasp/install/scicobot_move_on/lib/python3.8/site-packages'
[0.538s] INFO:colcon.colcon_core.shell:Creating package script '/home/otavio/scicobot_rasp/install/scicobot_move_on/share/scicobot_move_on/package.ps1'
[0.539s] INFO:colcon.colcon_core.shell:Creating package descriptor '/home/otavio/scicobot_rasp/install/scicobot_move_on/share/scicobot_move_on/package.dsv'
[0.540s] INFO:colcon.colcon_core.shell:Creating package script '/home/otavio/scicobot_rasp/install/scicobot_move_on/share/scicobot_move_on/package.sh'
[0.540s] INFO:colcon.colcon_core.shell:Creating package script '/home/otavio/scicobot_rasp/install/scicobot_move_on/share/scicobot_move_on/package.bash'
[0.541s] INFO:colcon.colcon_core.shell:Creating package script '/home/otavio/scicobot_rasp/install/scicobot_move_on/share/scicobot_move_on/package.zsh'
[0.541s] Level 1:colcon.colcon_core.environment:create_file_with_runtime_dependencies(/home/otavio/scicobot_rasp/install/scicobot_move_on/share/colcon-core/packages/scicobot_move_on)
[0.543s] INFO:colcon.colcon_ros.task.ament_cmake.build:Building ROS package in '/home/otavio/scicobot_rasp/src/test_cooperation_rasp' with build type 'ament_cmake'
[0.543s] INFO:colcon.colcon_cmake.task.cmake.build:Building CMake package in '/home/otavio/scicobot_rasp/src/test_cooperation_rasp'
[0.544s] INFO:colcon.colcon_core.shell:Skip shell extension 'powershell' for command environment: Not usable outside of PowerShell
[0.544s] DEBUG:colcon.colcon_core.shell:Skip shell extension 'dsv' for command environment
[0.555s] Level 1:colcon.colcon_core.environment:create_environment_scripts_only(scicobot_encoder)
[0.556s] Level 1:colcon.colcon_core.environment:checking '/home/otavio/scicobot_rasp/install/scicobot_encoder' for CMake module files
[0.556s] Level 1:colcon.colcon_core.environment:checking '/home/otavio/scicobot_rasp/install/scicobot_encoder' for CMake config files
[0.556s] Level 1:colcon.colcon_core.shell:create_environment_hook('scicobot_encoder', 'cmake_prefix_path')
[0.557s] INFO:colcon.colcon_core.shell:Creating environment hook '/home/otavio/scicobot_rasp/install/scicobot_encoder/share/scicobot_encoder/hook/cmake_prefix_path.ps1'
[0.557s] INFO:colcon.colcon_core.shell:Creating environment descriptor '/home/otavio/scicobot_rasp/install/scicobot_encoder/share/scicobot_encoder/hook/cmake_prefix_path.dsv'
[0.558s] INFO:colcon.colcon_core.shell:Creating environment hook '/home/otavio/scicobot_rasp/install/scicobot_encoder/share/scicobot_encoder/hook/cmake_prefix_path.sh'
[0.558s] Level 1:colcon.colcon_core.environment:checking '/home/otavio/scicobot_rasp/install/scicobot_encoder/lib'
[0.558s] Level 1:colcon.colcon_core.environment:checking '/home/otavio/scicobot_rasp/install/scicobot_encoder/bin'
[0.558s] Level 1:colcon.colcon_core.environment:checking '/home/otavio/scicobot_rasp/install/scicobot_encoder/lib/pkgconfig/scicobot_encoder.pc'
[0.558s] Level 1:colcon.colcon_core.environment:checking '/home/otavio/scicobot_rasp/install/scicobot_encoder/lib/python3.8/site-packages'
[0.559s] INFO:colcon.colcon_core.shell:Creating package script '/home/otavio/scicobot_rasp/install/scicobot_encoder/share/scicobot_encoder/package.ps1'
[0.559s] INFO:colcon.colcon_core.shell:Creating package descriptor '/home/otavio/scicobot_rasp/install/scicobot_encoder/share/scicobot_encoder/package.dsv'
[0.560s] INFO:colcon.colcon_core.shell:Creating package script '/home/otavio/scicobot_rasp/install/scicobot_encoder/share/scicobot_encoder/package.sh'
[0.560s] INFO:colcon.colcon_core.shell:Creating package script '/home/otavio/scicobot_rasp/install/scicobot_encoder/share/scicobot_encoder/package.bash'
[0.560s] INFO:colcon.colcon_core.shell:Creating package script '/home/otavio/scicobot_rasp/install/scicobot_encoder/share/scicobot_encoder/package.zsh'
[0.561s] Level 1:colcon.colcon_core.environment:create_file_with_runtime_dependencies(/home/otavio/scicobot_rasp/install/scicobot_encoder/share/colcon-core/packages/scicobot_encoder)
[0.563s] INFO:colcon.colcon_ros.task.ament_cmake.build:Building ROS package in '/home/otavio/scicobot_rasp/src/test_cooperation_scicobot' with build type 'ament_cmake'
[0.563s] INFO:colcon.colcon_cmake.task.cmake.build:Building CMake package in '/home/otavio/scicobot_rasp/src/test_cooperation_scicobot'
[0.564s] INFO:colcon.colcon_core.shell:Skip shell extension 'powershell' for command environment: Not usable outside of PowerShell
[0.564s] DEBUG:colcon.colcon_core.shell:Skip shell extension 'dsv' for command environment
[0.571s] Level 1:colcon.colcon_core.environment:create_environment_scripts_only(publisher_teste)
[0.571s] Level 1:colcon.colcon_core.environment:checking '/home/otavio/scicobot_rasp/install/publisher_teste' for CMake module files
[0.572s] Level 1:colcon.colcon_core.environment:checking '/home/otavio/scicobot_rasp/install/publisher_teste' for CMake config files
[0.572s] Level 1:colcon.colcon_core.shell:create_environment_hook('publisher_teste', 'cmake_prefix_path')
[0.573s] INFO:colcon.colcon_core.shell:Creating environment hook '/home/otavio/scicobot_rasp/install/publisher_teste/share/publisher_teste/hook/cmake_prefix_path.ps1'
[0.573s] INFO:colcon.colcon_core.shell:Creating environment descriptor '/home/otavio/scicobot_rasp/install/publisher_teste/share/publisher_teste/hook/cmake_prefix_path.dsv'
[0.574s] INFO:colcon.colcon_core.shell:Creating environment hook '/home/otavio/scicobot_rasp/install/publisher_teste/share/publisher_teste/hook/cmake_prefix_path.sh'
[0.574s] Level 1:colcon.colcon_core.environment:checking '/home/otavio/scicobot_rasp/install/publisher_teste/lib'
[0.575s] Level 1:colcon.colcon_core.environment:checking '/home/otavio/scicobot_rasp/install/publisher_teste/bin'
[0.575s] Level 1:colcon.colcon_core.environment:checking '/home/otavio/scicobot_rasp/install/publisher_teste/lib/pkgconfig/publisher_teste.pc'
[0.575s] Level 1:colcon.colcon_core.environment:checking '/home/otavio/scicobot_rasp/install/publisher_teste/lib/python3.8/site-packages'
[0.576s] INFO:colcon.colcon_core.shell:Creating package script '/home/otavio/scicobot_rasp/install/publisher_teste/share/publisher_teste/package.ps1'
[0.576s] INFO:colcon.colcon_core.shell:Creating package descriptor '/home/otavio/scicobot_rasp/install/publisher_teste/share/publisher_teste/package.dsv'
[0.577s] INFO:colcon.colcon_core.shell:Creating package script '/home/otavio/scicobot_rasp/install/publisher_teste/share/publisher_teste/package.sh'
[0.577s] INFO:colcon.colcon_core.shell:Creating package script '/home/otavio/scicobot_rasp/install/publisher_teste/share/publisher_teste/package.bash'
[0.578s] INFO:colcon.colcon_core.shell:Creating package script '/home/otavio/scicobot_rasp/install/publisher_teste/share/publisher_teste/package.zsh'
[0.578s] Level 1:colcon.colcon_core.environment:create_file_with_runtime_dependencies(/home/otavio/scicobot_rasp/install/publisher_teste/share/colcon-core/packages/publisher_teste)
[0.584s] DEBUG:colcon.colcon_core.event_handler.log_command:Invoking command in '/home/otavio/scicobot_rasp/build/test_cooperation_rasp': CMAKE_PREFIX_PATH=/opt/ros/foxy /usr/bin/cmake --build /home/otavio/scicobot_rasp/build/test_cooperation_rasp -- -j4 -l4
[0.584s] INFO:colcon.colcon_ros.task.ament_cmake.build:Building ROS package in '/home/otavio/scicobot_rasp/src/teste' with build type 'ament_cmake'
[0.585s] INFO:colcon.colcon_cmake.task.cmake.build:Building CMake package in '/home/otavio/scicobot_rasp/src/teste'
[0.586s] INFO:colcon.colcon_core.shell:Skip shell extension 'powershell' for command environment: Not usable outside of PowerShell
[0.586s] DEBUG:colcon.colcon_core.shell:Skip shell extension 'dsv' for command environment
[0.592s] Level 1:colcon.colcon_core.environment:create_environment_scripts_only(scicobot_ultrasonic)
[0.594s] Level 1:colcon.colcon_core.environment:checking '/home/otavio/scicobot_rasp/install/scicobot_ultrasonic' for CMake module files
[0.594s] Level 1:colcon.colcon_core.environment:checking '/home/otavio/scicobot_rasp/install/scicobot_ultrasonic' for CMake config files
[0.595s] Level 1:colcon.colcon_core.shell:create_environment_hook('scicobot_ultrasonic', 'cmake_prefix_path')
[0.595s] INFO:colcon.colcon_core.shell:Creating environment hook '/home/otavio/scicobot_rasp/install/scicobot_ultrasonic/share/scicobot_ultrasonic/hook/cmake_prefix_path.ps1'
[0.596s] INFO:colcon.colcon_core.shell:Creating environment descriptor '/home/otavio/scicobot_rasp/install/scicobot_ultrasonic/share/scicobot_ultrasonic/hook/cmake_prefix_path.dsv'
[0.597s] INFO:colcon.colcon_core.shell:Creating environment hook '/home/otavio/scicobot_rasp/install/scicobot_ultrasonic/share/scicobot_ultrasonic/hook/cmake_prefix_path.sh'
[0.598s] Level 1:colcon.colcon_core.environment:checking '/home/otavio/scicobot_rasp/install/scicobot_ultrasonic/lib'
[0.598s] Level 1:colcon.colcon_core.environment:checking '/home/otavio/scicobot_rasp/install/scicobot_ultrasonic/bin'
[0.599s] Level 1:colcon.colcon_core.environment:checking '/home/otavio/scicobot_rasp/install/scicobot_ultrasonic/lib/pkgconfig/scicobot_ultrasonic.pc'
[0.599s] Level 1:colcon.colcon_core.environment:checking '/home/otavio/scicobot_rasp/install/scicobot_ultrasonic/lib/python3.8/site-packages'
[0.600s] INFO:colcon.colcon_core.shell:Creating package script '/home/otavio/scicobot_rasp/install/scicobot_ultrasonic/share/scicobot_ultrasonic/package.ps1'
[0.601s] INFO:colcon.colcon_core.shell:Creating package descriptor '/home/otavio/scicobot_rasp/install/scicobot_ultrasonic/share/scicobot_ultrasonic/package.dsv'
[0.601s] INFO:colcon.colcon_core.shell:Creating package script '/home/otavio/scicobot_rasp/install/scicobot_ultrasonic/share/scicobot_ultrasonic/package.sh'
[0.602s] INFO:colcon.colcon_core.shell:Creating package script '/home/otavio/scicobot_rasp/install/scicobot_ultrasonic/share/scicobot_ultrasonic/package.bash'
[0.603s] INFO:colcon.colcon_core.shell:Creating package script '/home/otavio/scicobot_rasp/install/scicobot_ultrasonic/share/scicobot_ultrasonic/package.zsh'
[0.604s] Level 1:colcon.colcon_core.environment:create_file_with_runtime_dependencies(/home/otavio/scicobot_rasp/install/scicobot_ultrasonic/share/colcon-core/packages/scicobot_ultrasonic)
[0.611s] DEBUG:colcon.colcon_core.event_handler.log_command:Invoking command in '/home/otavio/scicobot_rasp/build/test_cooperation_scicobot': CMAKE_PREFIX_PATH=/opt/ros/foxy /usr/bin/cmake --build /home/otavio/scicobot_rasp/build/test_cooperation_scicobot -- -j4 -l4
[0.616s] DEBUG:colcon.colcon_core.event_handler.log_command:Invoking command in '/home/otavio/scicobot_rasp/build/teste': CMAKE_PREFIX_PATH=/opt/ros/foxy /usr/bin/cmake --build /home/otavio/scicobot_rasp/build/teste -- -j4 -l4
[0.712s] DEBUG:colcon.colcon_core.event_handler.log_command:Invoked command in '/home/otavio/scicobot_rasp/build/test_cooperation_scicobot' returned '0': CMAKE_PREFIX_PATH=/opt/ros/foxy /usr/bin/cmake --build /home/otavio/scicobot_rasp/build/test_cooperation_scicobot -- -j4 -l4
[0.721s] DEBUG:colcon.colcon_core.event_handler.log_command:Invoked command in '/home/otavio/scicobot_rasp/build/teste' returned '0': CMAKE_PREFIX_PATH=/opt/ros/foxy /usr/bin/cmake --build /home/otavio/scicobot_rasp/build/teste -- -j4 -l4
[0.743s] DEBUG:colcon.colcon_core.event_handler.log_command:Invoking command in '/home/otavio/scicobot_rasp/build/test_cooperation_scicobot': CMAKE_PREFIX_PATH=/opt/ros/foxy /usr/bin/cmake --install /home/otavio/scicobot_rasp/build/test_cooperation_scicobot
[0.758s] Level 1:colcon.colcon_core.environment:create_environment_scripts_only(test_cooperation_scicobot)
[0.760s] Level 1:colcon.colcon_core.environment:checking '/home/otavio/scicobot_rasp/install/test_cooperation_scicobot' for CMake module files
[0.761s] DEBUG:colcon.colcon_core.event_handler.log_command:Invoked command in '/home/otavio/scicobot_rasp/build/test_cooperation_scicobot' returned '0': CMAKE_PREFIX_PATH=/opt/ros/foxy /usr/bin/cmake --install /home/otavio/scicobot_rasp/build/test_cooperation_scicobot
[0.761s] Level 1:colcon.colcon_core.environment:checking '/home/otavio/scicobot_rasp/install/test_cooperation_scicobot' for CMake config files
[0.761s] Level 1:colcon.colcon_core.shell:create_environment_hook('test_cooperation_scicobot', 'cmake_prefix_path')
[0.762s] INFO:colcon.colcon_core.shell:Creating environment hook '/home/otavio/scicobot_rasp/install/test_cooperation_scicobot/share/test_cooperation_scicobot/hook/cmake_prefix_path.ps1'
[0.762s] INFO:colcon.colcon_core.shell:Creating environment descriptor '/home/otavio/scicobot_rasp/install/test_cooperation_scicobot/share/test_cooperation_scicobot/hook/cmake_prefix_path.dsv'
[0.763s] INFO:colcon.colcon_core.shell:Creating environment hook '/home/otavio/scicobot_rasp/install/test_cooperation_scicobot/share/test_cooperation_scicobot/hook/cmake_prefix_path.sh'
[0.763s] Level 1:colcon.colcon_core.environment:checking '/home/otavio/scicobot_rasp/install/test_cooperation_scicobot/lib'
[0.763s] Level 1:colcon.colcon_core.environment:checking '/home/otavio/scicobot_rasp/install/test_cooperation_scicobot/bin'
[0.763s] Level 1:colcon.colcon_core.environment:checking '/home/otavio/scicobot_rasp/install/test_cooperation_scicobot/lib/pkgconfig/test_cooperation_scicobot.pc'
[0.764s] Level 1:colcon.colcon_core.environment:checking '/home/otavio/scicobot_rasp/install/test_cooperation_scicobot/lib/python3.8/site-packages'
[0.764s] INFO:colcon.colcon_core.shell:Creating package script '/home/otavio/scicobot_rasp/install/test_cooperation_scicobot/share/test_cooperation_scicobot/package.ps1'
[0.764s] INFO:colcon.colcon_core.shell:Creating package descriptor '/home/otavio/scicobot_rasp/install/test_cooperation_scicobot/share/test_cooperation_scicobot/package.dsv'
[0.765s] INFO:colcon.colcon_core.shell:Creating package script '/home/otavio/scicobot_rasp/install/test_cooperation_scicobot/share/test_cooperation_scicobot/package.sh'
[0.765s] INFO:colcon.colcon_core.shell:Creating package script '/home/otavio/scicobot_rasp/install/test_cooperation_scicobot/share/test_cooperation_scicobot/package.bash'
[0.766s] INFO:colcon.colcon_core.shell:Creating package script '/home/otavio/scicobot_rasp/install/test_cooperation_scicobot/share/test_cooperation_scicobot/package.zsh'
[0.766s] Level 1:colcon.colcon_core.environment:create_file_with_runtime_dependencies(/home/otavio/scicobot_rasp/install/test_cooperation_scicobot/share/colcon-core/packages/test_cooperation_scicobot)
[0.775s] DEBUG:colcon.colcon_core.event_handler.log_command:Invoking command in '/home/otavio/scicobot_rasp/build/teste': CMAKE_PREFIX_PATH=/opt/ros/foxy /usr/bin/cmake --install /home/otavio/scicobot_rasp/build/teste
[0.789s] Level 1:colcon.colcon_core.environment:create_environment_scripts_only(teste)
[0.791s] Level 1:colcon.colcon_core.environment:checking '/home/otavio/scicobot_rasp/install/teste' for CMake module files
[0.792s] DEBUG:colcon.colcon_core.event_handler.log_command:Invoked command in '/home/otavio/scicobot_rasp/build/teste' returned '0': CMAKE_PREFIX_PATH=/opt/ros/foxy /usr/bin/cmake --install /home/otavio/scicobot_rasp/build/teste
[0.792s] Level 1:colcon.colcon_core.environment:checking '/home/otavio/scicobot_rasp/install/teste' for CMake config files
[0.793s] Level 1:colcon.colcon_core.shell:create_environment_hook('teste', 'cmake_prefix_path')
[0.793s] INFO:colcon.colcon_core.shell:Creating environment hook '/home/otavio/scicobot_rasp/install/teste/share/teste/hook/cmake_prefix_path.ps1'
[0.794s] INFO:colcon.colcon_core.shell:Creating environment descriptor '/home/otavio/scicobot_rasp/install/teste/share/teste/hook/cmake_prefix_path.dsv'
[0.795s] INFO:colcon.colcon_core.shell:Creating environment hook '/home/otavio/scicobot_rasp/install/teste/share/teste/hook/cmake_prefix_path.sh'
[0.795s] Level 1:colcon.colcon_core.environment:checking '/home/otavio/scicobot_rasp/install/teste/lib'
[0.796s] Level 1:colcon.colcon_core.environment:checking '/home/otavio/scicobot_rasp/install/teste/bin'
[0.796s] Level 1:colcon.colcon_core.environment:checking '/home/otavio/scicobot_rasp/install/teste/lib/pkgconfig/teste.pc'
[0.796s] Level 1:colcon.colcon_core.environment:checking '/home/otavio/scicobot_rasp/install/teste/lib/python3.8/site-packages'
[0.797s] INFO:colcon.colcon_core.shell:Creating package script '/home/otavio/scicobot_rasp/install/teste/share/teste/package.ps1'
[0.797s] INFO:colcon.colcon_core.shell:Creating package descriptor '/home/otavio/scicobot_rasp/install/teste/share/teste/package.dsv'
[0.798s] INFO:colcon.colcon_core.shell:Creating package script '/home/otavio/scicobot_rasp/install/teste/share/teste/package.sh'
[0.798s] INFO:colcon.colcon_core.shell:Creating package script '/home/otavio/scicobot_rasp/install/teste/share/teste/package.bash'
[0.799s] INFO:colcon.colcon_core.shell:Creating package script '/home/otavio/scicobot_rasp/install/teste/share/teste/package.zsh'
[0.799s] Level 1:colcon.colcon_core.environment:create_file_with_runtime_dependencies(/home/otavio/scicobot_rasp/install/teste/share/colcon-core/packages/teste)
[0.805s] Level 1:colcon.colcon_core.environment:create_environment_scripts_only(test_cooperation_scicobot)
[0.806s] Level 1:colcon.colcon_core.environment:checking '/home/otavio/scicobot_rasp/install/test_cooperation_scicobot' for CMake module files
[0.808s] Level 1:colcon.colcon_core.environment:checking '/home/otavio/scicobot_rasp/install/test_cooperation_scicobot' for CMake config files
[0.809s] Level 1:colcon.colcon_core.shell:create_environment_hook('test_cooperation_scicobot', 'cmake_prefix_path')
[0.809s] INFO:colcon.colcon_core.shell:Creating environment hook '/home/otavio/scicobot_rasp/install/test_cooperation_scicobot/share/test_cooperation_scicobot/hook/cmake_prefix_path.ps1'
[0.810s] INFO:colcon.colcon_core.shell:Creating environment descriptor '/home/otavio/scicobot_rasp/install/test_cooperation_scicobot/share/test_cooperation_scicobot/hook/cmake_prefix_path.dsv'
[0.810s] INFO:colcon.colcon_core.shell:Creating environment hook '/home/otavio/scicobot_rasp/install/test_cooperation_scicobot/share/test_cooperation_scicobot/hook/cmake_prefix_path.sh'
[0.810s] Level 1:colcon.colcon_core.environment:checking '/home/otavio/scicobot_rasp/install/test_cooperation_scicobot/lib'
[0.811s] Level 1:colcon.colcon_core.environment:checking '/home/otavio/scicobot_rasp/install/test_cooperation_scicobot/bin'
[0.811s] Level 1:colcon.colcon_core.environment:checking '/home/otavio/scicobot_rasp/install/test_cooperation_scicobot/lib/pkgconfig/test_cooperation_scicobot.pc'
[0.811s] Level 1:colcon.colcon_core.environment:checking '/home/otavio/scicobot_rasp/install/test_cooperation_scicobot/lib/python3.8/site-packages'
[0.811s] INFO:colcon.colcon_core.shell:Creating package script '/home/otavio/scicobot_rasp/install/test_cooperation_scicobot/share/test_cooperation_scicobot/package.ps1'
[0.812s] INFO:colcon.colcon_core.shell:Creating package descriptor '/home/otavio/scicobot_rasp/install/test_cooperation_scicobot/share/test_cooperation_scicobot/package.dsv'
[0.812s] INFO:colcon.colcon_core.shell:Creating package script '/home/otavio/scicobot_rasp/install/test_cooperation_scicobot/share/test_cooperation_scicobot/package.sh'
[0.813s] INFO:colcon.colcon_core.shell:Creating package script '/home/otavio/scicobot_rasp/install/test_cooperation_scicobot/share/test_cooperation_scicobot/package.bash'
[0.813s] INFO:colcon.colcon_core.shell:Creating package script '/home/otavio/scicobot_rasp/install/test_cooperation_scicobot/share/test_cooperation_scicobot/package.zsh'
[0.814s] Level 1:colcon.colcon_core.environment:create_file_with_runtime_dependencies(/home/otavio/scicobot_rasp/install/test_cooperation_scicobot/share/colcon-core/packages/test_cooperation_scicobot)
[0.829s] Level 1:colcon.colcon_core.environment:create_environment_scripts_only(teste)
[0.830s] Level 1:colcon.colcon_core.environment:checking '/home/otavio/scicobot_rasp/install/teste' for CMake module files
[0.830s] Level 1:colcon.colcon_core.environment:checking '/home/otavio/scicobot_rasp/install/teste' for CMake config files
[0.830s] Level 1:colcon.colcon_core.shell:create_environment_hook('teste', 'cmake_prefix_path')
[0.831s] INFO:colcon.colcon_core.shell:Creating environment hook '/home/otavio/scicobot_rasp/install/teste/share/teste/hook/cmake_prefix_path.ps1'
[0.831s] INFO:colcon.colcon_core.shell:Creating environment descriptor '/home/otavio/scicobot_rasp/install/teste/share/teste/hook/cmake_prefix_path.dsv'
[0.832s] INFO:colcon.colcon_core.shell:Creating environment hook '/home/otavio/scicobot_rasp/install/teste/share/teste/hook/cmake_prefix_path.sh'
[0.832s] Level 1:colcon.colcon_core.environment:checking '/home/otavio/scicobot_rasp/install/teste/lib'
[0.832s] Level 1:colcon.colcon_core.environment:checking '/home/otavio/scicobot_rasp/install/teste/bin'
[0.832s] Level 1:colcon.colcon_core.environment:checking '/home/otavio/scicobot_rasp/install/teste/lib/pkgconfig/teste.pc'
[0.832s] Level 1:colcon.colcon_core.environment:checking '/home/otavio/scicobot_rasp/install/teste/lib/python3.8/site-packages'
[0.833s] INFO:colcon.colcon_core.shell:Creating package script '/home/otavio/scicobot_rasp/install/teste/share/teste/package.ps1'
[0.834s] INFO:colcon.colcon_core.shell:Creating package descriptor '/home/otavio/scicobot_rasp/install/teste/share/teste/package.dsv'
[0.835s] INFO:colcon.colcon_core.shell:Creating package script '/home/otavio/scicobot_rasp/install/teste/share/teste/package.sh'
[0.836s] INFO:colcon.colcon_core.shell:Creating package script '/home/otavio/scicobot_rasp/install/teste/share/teste/package.bash'
[0.837s] INFO:colcon.colcon_core.shell:Creating package script '/home/otavio/scicobot_rasp/install/teste/share/teste/package.zsh'
[0.837s] Level 1:colcon.colcon_core.environment:create_file_with_runtime_dependencies(/home/otavio/scicobot_rasp/install/teste/share/colcon-core/packages/teste)
[5.845s] DEBUG:colcon.colcon_core.event_handler.log_command:Invoked command in '/home/otavio/scicobot_rasp/build/test_cooperation_rasp' returned '0': CMAKE_PREFIX_PATH=/opt/ros/foxy /usr/bin/cmake --build /home/otavio/scicobot_rasp/build/test_cooperation_rasp -- -j4 -l4
[5.869s] DEBUG:colcon.colcon_core.event_handler.log_command:Invoking command in '/home/otavio/scicobot_rasp/build/test_cooperation_rasp': CMAKE_PREFIX_PATH=/opt/ros/foxy /usr/bin/cmake --install /home/otavio/scicobot_rasp/build/test_cooperation_rasp
[5.881s] Level 1:colcon.colcon_core.environment:create_environment_scripts_only(test_cooperation_rasp)
[5.882s] Level 1:colcon.colcon_core.environment:checking '/home/otavio/scicobot_rasp/install/test_cooperation_rasp' for CMake module files
[5.883s] DEBUG:colcon.colcon_core.event_handler.log_command:Invoked command in '/home/otavio/scicobot_rasp/build/test_cooperation_rasp' returned '0': CMAKE_PREFIX_PATH=/opt/ros/foxy /usr/bin/cmake --install /home/otavio/scicobot_rasp/build/test_cooperation_rasp
[5.883s] Level 1:colcon.colcon_core.environment:checking '/home/otavio/scicobot_rasp/install/test_cooperation_rasp' for CMake config files
[5.883s] Level 1:colcon.colcon_core.shell:create_environment_hook('test_cooperation_rasp', 'cmake_prefix_path')
[5.884s] INFO:colcon.colcon_core.shell:Creating environment hook '/home/otavio/scicobot_rasp/install/test_cooperation_rasp/share/test_cooperation_rasp/hook/cmake_prefix_path.ps1'
[5.885s] INFO:colcon.colcon_core.shell:Creating environment descriptor '/home/otavio/scicobot_rasp/install/test_cooperation_rasp/share/test_cooperation_rasp/hook/cmake_prefix_path.dsv'
[5.885s] INFO:colcon.colcon_core.shell:Creating environment hook '/home/otavio/scicobot_rasp/install/test_cooperation_rasp/share/test_cooperation_rasp/hook/cmake_prefix_path.sh'
[5.886s] Level 1:colcon.colcon_core.environment:checking '/home/otavio/scicobot_rasp/install/test_cooperation_rasp/lib'
[5.886s] Level 1:colcon.colcon_core.environment:checking '/home/otavio/scicobot_rasp/install/test_cooperation_rasp/bin'
[5.886s] Level 1:colcon.colcon_core.environment:checking '/home/otavio/scicobot_rasp/install/test_cooperation_rasp/lib/pkgconfig/test_cooperation_rasp.pc'
[5.886s] Level 1:colcon.colcon_core.environment:checking '/home/otavio/scicobot_rasp/install/test_cooperation_rasp/lib/python3.8/site-packages'
[5.887s] INFO:colcon.colcon_core.shell:Creating package script '/home/otavio/scicobot_rasp/install/test_cooperation_rasp/share/test_cooperation_rasp/package.ps1'
[5.887s] INFO:colcon.colcon_core.shell:Creating package descriptor '/home/otavio/scicobot_rasp/install/test_cooperation_rasp/share/test_cooperation_rasp/package.dsv'
[5.888s] INFO:colcon.colcon_core.shell:Creating package script '/home/otavio/scicobot_rasp/install/test_cooperation_rasp/share/test_cooperation_rasp/package.sh'
[5.888s] INFO:colcon.colcon_core.shell:Creating package script '/home/otavio/scicobot_rasp/install/test_cooperation_rasp/share/test_cooperation_rasp/package.bash'
[5.888s] INFO:colcon.colcon_core.shell:Creating package script '/home/otavio/scicobot_rasp/install/test_cooperation_rasp/share/test_cooperation_rasp/package.zsh'
[5.888s] Level 1:colcon.colcon_core.environment:create_file_with_runtime_dependencies(/home/otavio/scicobot_rasp/install/test_cooperation_rasp/share/colcon-core/packages/test_cooperation_rasp)
[5.910s] Level 1:colcon.colcon_core.environment:create_environment_scripts_only(test_cooperation_rasp)
[5.910s] Level 1:colcon.colcon_core.environment:checking '/home/otavio/scicobot_rasp/install/test_cooperation_rasp' for CMake module files
[5.911s] Level 1:colcon.colcon_core.environment:checking '/home/otavio/scicobot_rasp/install/test_cooperation_rasp' for CMake config files
[5.911s] Level 1:colcon.colcon_core.shell:create_environment_hook('test_cooperation_rasp', 'cmake_prefix_path')
[5.911s] INFO:colcon.colcon_core.shell:Creating environment hook '/home/otavio/scicobot_rasp/install/test_cooperation_rasp/share/test_cooperation_rasp/hook/cmake_prefix_path.ps1'
[5.912s] INFO:colcon.colcon_core.shell:Creating environment descriptor '/home/otavio/scicobot_rasp/install/test_cooperation_rasp/share/test_cooperation_rasp/hook/cmake_prefix_path.dsv'
[5.912s] INFO:colcon.colcon_core.shell:Creating environment hook '/home/otavio/scicobot_rasp/install/test_cooperation_rasp/share/test_cooperation_rasp/hook/cmake_prefix_path.sh'
[5.913s] Level 1:colcon.colcon_core.environment:checking '/home/otavio/scicobot_rasp/install/test_cooperation_rasp/lib'
[5.913s] Level 1:colcon.colcon_core.environment:checking '/home/otavio/scicobot_rasp/install/test_cooperation_rasp/bin'
[5.913s] Level 1:colcon.colcon_core.environment:checking '/home/otavio/scicobot_rasp/install/test_cooperation_rasp/lib/pkgconfig/test_cooperation_rasp.pc'
[5.913s] Level 1:colcon.colcon_core.environment:checking '/home/otavio/scicobot_rasp/install/test_cooperation_rasp/lib/python3.8/site-packages'
[5.913s] INFO:colcon.colcon_core.shell:Creating package script '/home/otavio/scicobot_rasp/install/test_cooperation_rasp/share/test_cooperation_rasp/package.ps1'
[5.914s] INFO:colcon.colcon_core.shell:Creating package descriptor '/home/otavio/scicobot_rasp/install/test_cooperation_rasp/share/test_cooperation_rasp/package.dsv'
[5.914s] INFO:colcon.colcon_core.shell:Creating package script '/home/otavio/scicobot_rasp/install/test_cooperation_rasp/share/test_cooperation_rasp/package.sh'
[5.915s] INFO:colcon.colcon_core.shell:Creating package script '/home/otavio/scicobot_rasp/install/test_cooperation_rasp/share/test_cooperation_rasp/package.bash'
[5.915s] INFO:colcon.colcon_core.shell:Creating package script '/home/otavio/scicobot_rasp/install/test_cooperation_rasp/share/test_cooperation_rasp/package.zsh'
[5.915s] Level 1:colcon.colcon_core.environment:create_file_with_runtime_dependencies(/home/otavio/scicobot_rasp/install/test_cooperation_rasp/share/colcon-core/packages/test_cooperation_rasp)
[5.917s] DEBUG:colcon.colcon_parallel_executor.executor.parallel:closing loop
[5.917s] DEBUG:colcon.colcon_parallel_executor.executor.parallel:loop closed
[5.918s] DEBUG:colcon.colcon_parallel_executor.executor.parallel:run_until_complete finished with '0'
[5.918s] DEBUG:colcon.colcon_core.event_reactor:joining thread
[5.937s] INFO:colcon.colcon_core.plugin_system:Skipping extension 'colcon_notification.desktop_notification.terminal_notifier': Not used on non-Darwin systems
[5.937s] INFO:colcon.colcon_core.plugin_system:Skipping extension 'colcon_notification.desktop_notification.win32': Not used on non-Windows systems
[5.937s] INFO:colcon.colcon_notification.desktop_notification:Sending desktop notification using 'notify2'
[5.954s] DEBUG:colcon.colcon_core.event_reactor:joined thread
[5.955s] INFO:colcon.colcon_core.shell:Creating prefix script '/home/otavio/scicobot_rasp/install/local_setup.ps1'
[5.956s] INFO:colcon.colcon_core.shell:Creating prefix util module '/home/otavio/scicobot_rasp/install/_local_setup_util_ps1.py'
[5.957s] INFO:colcon.colcon_core.shell:Creating prefix chain script '/home/otavio/scicobot_rasp/install/setup.ps1'
[5.958s] INFO:colcon.colcon_core.shell:Creating prefix script '/home/otavio/scicobot_rasp/install/local_setup.sh'
[5.958s] INFO:colcon.colcon_core.shell:Creating prefix util module '/home/otavio/scicobot_rasp/install/_local_setup_util_sh.py'
[5.959s] INFO:colcon.colcon_core.shell:Creating prefix chain script '/home/otavio/scicobot_rasp/install/setup.sh'
[5.960s] INFO:colcon.colcon_core.shell:Creating prefix script '/home/otavio/scicobot_rasp/install/local_setup.bash'
[5.961s] INFO:colcon.colcon_core.shell:Creating prefix chain script '/home/otavio/scicobot_rasp/install/setup.bash'
[5.962s] INFO:colcon.colcon_core.shell:Creating prefix script '/home/otavio/scicobot_rasp/install/local_setup.zsh'
[5.962s] INFO:colcon.colcon_core.shell:Creating prefix chain script '/home/otavio/scicobot_rasp/install/setup.zsh'
