[0.032s] Invoking command in '/home/otavio/scicobot_rasp/build/scicobot_encoder': CMAKE_PREFIX_PATH=/opt/ros/foxy /usr/bin/cmake --build /home/otavio/scicobot_rasp/build/scicobot_encoder -- -j4 -l4
[0.117s] [100%] Built target listener_encoder
[0.148s] Invoked command in '/home/otavio/scicobot_rasp/build/scicobot_encoder' returned '0': CMAKE_PREFIX_PATH=/opt/ros/foxy /usr/bin/cmake --build /home/otavio/scicobot_rasp/build/scicobot_encoder -- -j4 -l4
[0.193s] Invoking command in '/home/otavio/scicobot_rasp/build/scicobot_encoder': CMAKE_PREFIX_PATH=/opt/ros/foxy /usr/bin/cmake --install /home/otavio/scicobot_rasp/build/scicobot_encoder
[0.210s] -- Install configuration: ""
[0.210s] -- Up-to-date: /home/otavio/scicobot_rasp/install/scicobot_encoder/lib/scicobot_encoder/listener_encoder
[0.211s] -- Up-to-date: /home/otavio/scicobot_rasp/install/scicobot_encoder/share/ament_index/resource_index/package_run_dependencies/scicobot_encoder
[0.211s] -- Up-to-date: /home/otavio/scicobot_rasp/install/scicobot_encoder/share/ament_index/resource_index/parent_prefix_path/scicobot_encoder
[0.212s] -- Up-to-date: /home/otavio/scicobot_rasp/install/scicobot_encoder/share/scicobot_encoder/environment/ament_prefix_path.sh
[0.212s] -- Up-to-date: /home/otavio/scicobot_rasp/install/scicobot_encoder/share/scicobot_encoder/environment/ament_prefix_path.dsv
[0.212s] -- Up-to-date: /home/otavio/scicobot_rasp/install/scicobot_encoder/share/scicobot_encoder/environment/path.sh
[0.212s] -- Up-to-date: /home/otavio/scicobot_rasp/install/scicobot_encoder/share/scicobot_encoder/environment/path.dsv
[0.213s] -- Up-to-date: /home/otavio/scicobot_rasp/install/scicobot_encoder/share/scicobot_encoder/local_setup.bash
[0.213s] -- Up-to-date: /home/otavio/scicobot_rasp/install/scicobot_encoder/share/scicobot_encoder/local_setup.sh
[0.213s] -- Up-to-date: /home/otavio/scicobot_rasp/install/scicobot_encoder/share/scicobot_encoder/local_setup.zsh
[0.213s] -- Up-to-date: /home/otavio/scicobot_rasp/install/scicobot_encoder/share/scicobot_encoder/local_setup.dsv
[0.214s] -- Installing: /home/otavio/scicobot_rasp/install/scicobot_encoder/share/scicobot_encoder/package.dsv
[0.214s] -- Up-to-date: /home/otavio/scicobot_rasp/install/scicobot_encoder/share/ament_index/resource_index/packages/scicobot_encoder
[0.214s] -- Up-to-date: /home/otavio/scicobot_rasp/install/scicobot_encoder/share/scicobot_encoder/cmake/scicobot_encoderConfig.cmake
[0.215s] -- Up-to-date: /home/otavio/scicobot_rasp/install/scicobot_encoder/share/scicobot_encoder/cmake/scicobot_encoderConfig-version.cmake
[0.216s] -- Up-to-date: /home/otavio/scicobot_rasp/install/scicobot_encoder/share/scicobot_encoder/package.xml
[0.246s] Invoked command in '/home/otavio/scicobot_rasp/build/scicobot_encoder' returned '0': CMAKE_PREFIX_PATH=/opt/ros/foxy /usr/bin/cmake --install /home/otavio/scicobot_rasp/build/scicobot_encoder
