-- Found ament_cmake: 0.9.9 (/opt/ros/foxy/share/ament_cmake/cmake)
-- Using PYTHON_EXECUTABLE: /usr/bin/python3
-- Found rclcpp: 2.4.0 (/opt/ros/foxy/share/rclcpp/cmake)
-- Using all available rosidl_typesupport_c: rosidl_typesupport_fastrtps_c;rosidl_typesupport_introspection_c
-- Found rosidl_adapter: 1.2.1 (/opt/ros/foxy/share/rosidl_adapter/cmake)
-- Using all available rosidl_typesupport_cpp: rosidl_typesupport_fastrtps_cpp;rosidl_typesupport_introspection_cpp
-- Found rmw_implementation_cmake: 1.0.3 (/opt/ros/foxy/share/rmw_implementation_cmake/cmake)
-- Using RMW implementation 'rmw_fastrtps_cpp' as default
-- Configuring done
-- Generating done
-- Build files have been written to: /home/otavio/dev_ws/src/scicobot_encoder/build/scicobot_encoder
[35m[1mScanning dependencies of target listener[0m
[ 50%] [32mBuilding CXX object CMakeFiles/listener.dir/src/scicobot_subscriber_encoder.cpp.o[0m
[01m[K/home/otavio/dev_ws/src/scicobot_encoder/src/scicobot_subscriber_encoder.cpp:21:10:[m[K [01;31m[Kfatal error: [m[Kstd_msgs/UInt8.h: Arquivo ou diretório inexistente
   21 | #include [01;31m[K<std_msgs/UInt8.h>[m[K
      |          [01;31m[K^~~~~~~~~~~~~~~~~~[m[K
compilation terminated.
make[2]: *** [CMakeFiles/listener.dir/build.make:63: CMakeFiles/listener.dir/src/scicobot_subscriber_encoder.cpp.o] Erro 1
make[1]: *** [CMakeFiles/Makefile2:78: CMakeFiles/listener.dir/all] Erro 2
make: *** [Makefile:141: all] Erro 2
