-- The C compiler identification is GNU 9.3.0
-- The CXX compiler identification is GNU 9.3.0
-- Check for working C compiler: /usr/bin/cc
-- Check for working C compiler: /usr/bin/cc -- works
-- Detecting C compiler ABI info
-- Detecting C compiler ABI info - done
-- Detecting C compile features
-- Detecting C compile features - done
-- Check for working CXX compiler: /usr/bin/c++
-- Check for working CXX compiler: /usr/bin/c++ -- works
-- Detecting CXX compiler ABI info
-- Detecting CXX compiler ABI info - done
-- Detecting CXX compile features
-- Detecting CXX compile features - done
-- Found ament_cmake: 0.9.9 (/opt/ros/foxy/share/ament_cmake/cmake)
-- Found PythonInterp: /usr/bin/python3 (found suitable version "3.8.10", minimum required is "3") 
-- Using PYTHON_EXECUTABLE: /usr/bin/python3
-- Found rclcpp: 2.4.0 (/opt/ros/foxy/share/rclcpp/cmake)
-- Using all available rosidl_typesupport_c: rosidl_typesupport_fastrtps_c;rosidl_typesupport_introspection_c
-- Found rosidl_adapter: 1.2.1 (/opt/ros/foxy/share/rosidl_adapter/cmake)
-- Found OpenSSL: /usr/lib/x86_64-linux-gnu/libcrypto.so (found version "1.1.1f")  
-- Found FastRTPS: /opt/ros/foxy/include  
-- Using all available rosidl_typesupport_cpp: rosidl_typesupport_fastrtps_cpp;rosidl_typesupport_introspection_cpp
-- Found rmw_implementation_cmake: 1.0.3 (/opt/ros/foxy/share/rmw_implementation_cmake/cmake)
-- Using RMW implementation 'rmw_fastrtps_cpp' as default
-- Looking for pthread.h
-- Looking for pthread.h - found
-- Performing Test CMAKE_HAVE_LIBC_PTHREAD
-- Performing Test CMAKE_HAVE_LIBC_PTHREAD - Failed
-- Looking for pthread_create in pthreads
-- Looking for pthread_create in pthreads - not found
-- Looking for pthread_create in pthread
-- Looking for pthread_create in pthread - found
-- Found Threads: TRUE  
-- Configuring done
-- Generating done
-- Build files have been written to: /home/otavio/dev_ws/src/scicobot_encoder/build/scicobot_encoder
[35m[1mScanning dependencies of target listener[0m
[ 50%] [32mBuilding CXX object CMakeFiles/listener.dir/src/scicobot_subscriber_encoder.cpp.o[0m
[01m[K/home/otavio/dev_ws/src/scicobot_encoder/src/scicobot_subscriber_encoder.cpp:37:51:[m[K [01;31m[Kerror: [m[K‘[01m[KUInt8[m[K’ in namespace ‘[01m[Kstd_msgs::msg[m[K’ does not name a type
   37 |   void callback_encoder_left(const std_msgs::msg::[01;31m[KUInt8[m[K::SharedPtr msg_encoder_left) const
      |                                                   [01;31m[K^~~~~[m[K
[01m[K/home/otavio/dev_ws/src/scicobot_encoder/src/scicobot_subscriber_encoder.cpp:37:68:[m[K [01;31m[Kerror: [m[Kexpected unqualified-id before ‘[01m[Kmsg_encoder_left[m[K’
   37 |  callback_encoder_left(const std_msgs::msg::UInt8::SharedPtr [01;31m[Kmsg_encoder_left[m[K) const
      |                                                              [01;31m[K^~~~~~~~~~~~~~~~[m[K

[01m[K/home/otavio/dev_ws/src/scicobot_encoder/src/scicobot_subscriber_encoder.cpp:37:67:[m[K [01;31m[Kerror: [m[Kexpected ‘[01m[K)[m[K’ before ‘[01m[Kmsg_encoder_left[m[K’
   37 | d callback_encoder_left[34m[K([m[Kconst std_msgs::msg::UInt8::SharedPtr[01;31m[K [m[K[32m[Kmsg_encoder_left[m[K) const
      |                        [34m[K~[m[K                                     [01;31m[K^[m[K[32m[K~~~~~~~~~~~~~~~~[m[K
      |                                                              [32m[K)[m[K
[01m[K/home/otavio/dev_ws/src/scicobot_encoder/src/scicobot_subscriber_encoder.cpp:37:58:[m[K [01;31m[Kerror: [m[Kexpected ‘[01m[K;[m[K’ at end of member declaration
   37 |   void callback_encoder_left(const std_msgs::msg::UInt8::[01;31m[KSharedPtr[m[K msg_encoder_left) const
      |                                                          [01;31m[K^~~~~~~~~[m[K
      |                                                                   [32m[K;[m[K
[01m[K/home/otavio/dev_ws/src/scicobot_encoder/src/scicobot_subscriber_encoder.cpp:37:68:[m[K [01;31m[Kerror: [m[K‘[01m[Kmsg_encoder_left[m[K’ does not name a type
   37 |  callback_encoder_left(const std_msgs::msg::UInt8::SharedPtr [01;31m[Kmsg_encoder_left[m[K) const
      |                                                              [01;31m[K^~~~~~~~~~~~~~~~[m[K

[01m[K/home/otavio/dev_ws/src/scicobot_encoder/src/scicobot_subscriber_encoder.cpp:41:39:[m[K [01;31m[Kerror: [m[K‘[01m[KUInt8[m[K’ is not a member of ‘[01m[Kstd_msgs::msg[m[K’
   41 |   rclcpp::Subscription<std_msgs::msg::[01;31m[KUInt8[m[K>::SharedPtr subscription_encoder_left;
      |                                       [01;31m[K^~~~~[m[K
[01m[K/home/otavio/dev_ws/src/scicobot_encoder/src/scicobot_subscriber_encoder.cpp:41:39:[m[K [01;31m[Kerror: [m[K‘[01m[KUInt8[m[K’ is not a member of ‘[01m[Kstd_msgs::msg[m[K’
[01m[K/home/otavio/dev_ws/src/scicobot_encoder/src/scicobot_subscriber_encoder.cpp:41:44:[m[K [01;31m[Kerror: [m[Ktemplate argument 1 is invalid
   41 |   rclcpp::Subscription<std_msgs::msg::UInt8[01;31m[K>[m[K::SharedPtr subscription_encoder_left;
      |                                            [01;31m[K^[m[K
[01m[K/home/otavio/dev_ws/src/scicobot_encoder/src/scicobot_subscriber_encoder.cpp:41:44:[m[K [01;31m[Kerror: [m[Ktemplate argument 3 is invalid
[01m[K/home/otavio/dev_ws/src/scicobot_encoder/src/scicobot_subscriber_encoder.cpp:41:47:[m[K [01;31m[Kerror: [m[Kexpected ‘[01m[K;[m[K’ at end of member declaration
   41 |   rclcpp::Subscription<std_msgs::msg::UInt8>::[01;31m[KSharedPtr[m[K subscription_encoder_left;
      |                                               [01;31m[K^~~~~~~~~[m[K
      |                                                        [32m[K;[m[K
[01m[K/home/otavio/dev_ws/src/scicobot_encoder/src/scicobot_subscriber_encoder.cpp:41:57:[m[K [01;31m[Kerror: [m[K‘[01m[Ksubscription_encoder_left[m[K’ does not name a type
   41 |   rclcpp::Subscription<std_msgs::msg::UInt8>::SharedPtr [01;31m[Ksubscription_encoder_left[m[K;
      |                                                         [01;31m[K^~~~~~~~~~~~~~~~~~~~~~~~~[m[K
[01m[K/home/otavio/dev_ws/src/scicobot_encoder/src/scicobot_subscriber_encoder.cpp:[m[K In constructor ‘[01m[KMinimalSubscriber::MinimalSubscriber()[m[K’:
[01m[K/home/otavio/dev_ws/src/scicobot_encoder/src/scicobot_subscriber_encoder.cpp:29:5:[m[K [01;31m[Kerror: [m[K‘[01m[Ksubscription_encoder_left[m[K’ was not declared in this scope
   29 |     [01;31m[Ksubscription_encoder_left[m[K = this->create_subscription<std_msgs::msg::UInt8>(
      |     [01;31m[K^~~~~~~~~~~~~~~~~~~~~~~~~[m[K
[01m[K/home/otavio/dev_ws/src/scicobot_encoder/src/scicobot_subscriber_encoder.cpp:29:74:[m[K [01;31m[Kerror: [m[K‘[01m[KUInt8[m[K’ is not a member of ‘[01m[Kstd_msgs::msg[m[K’
   29 | tion_encoder_left = this->create_subscription<std_msgs::msg::[01;31m[KUInt8[m[K>(
      |                                                              [01;31m[K^~~~~[m[K

[01m[K/home/otavio/dev_ws/src/scicobot_encoder/src/scicobot_subscriber_encoder.cpp:29:74:[m[K [01;31m[Kerror: [m[K‘[01m[KUInt8[m[K’ is not a member of ‘[01m[Kstd_msgs::msg[m[K’
[01m[K/home/otavio/dev_ws/src/scicobot_encoder/src/scicobot_subscriber_encoder.cpp:30:89:[m[K [01;31m[Kerror: [m[Kno matching function for call to ‘[01m[KMinimalSubscriber::create_subscription<<expression error> >(const char [13], int, std::_Bind_helper<false, void (MinimalSubscriber::*)(...), MinimalSubscriber*, const std::_Placeholder<1>&>::type)[m[K’
   30 | td::bind(&MinimalSubscriber::callback_encoder_left, this, _1)[01;31m[K)[m[K;
      |                                                              [01;31m[K^[m[K

In file included from [01m[K/opt/ros/foxy/include/rclcpp/executors/single_threaded_executor.hpp:28[m[K,
                 from [01m[K/opt/ros/foxy/include/rclcpp/executors.hpp:22[m[K,
                 from [01m[K/opt/ros/foxy/include/rclcpp/rclcpp.hpp:146[m[K,
                 from [01m[K/home/otavio/dev_ws/src/scicobot_encoder/src/scicobot_subscriber_encoder.cpp:16[m[K:
[01m[K/opt/ros/foxy/include/rclcpp/node.hpp:213:3:[m[K [01;36m[Knote: [m[Kcandidate: ‘[01m[Ktemplate<class MessageT, class CallbackT, class AllocatorT, class CallbackMessageT, class SubscriptionT, class MessageMemoryStrategyT> std::shared_ptr<SubscriptionT> rclcpp::Node::create_subscription(const string&, const rclcpp::QoS&, CallbackT&&, const rclcpp::SubscriptionOptionsWithAllocator<AllocatorT>&, typename MessageMemoryStrategyT::SharedPtr)[m[K’
  213 |   [01;36m[Kcreate_subscription[m[K(
      |   [01;36m[K^~~~~~~~~~~~~~~~~~~[m[K
[01m[K/opt/ros/foxy/include/rclcpp/node.hpp:213:3:[m[K [01;36m[Knote: [m[K  template argument deduction/substitution failed:
[01m[K/home/otavio/dev_ws/src/scicobot_encoder/src/scicobot_subscriber_encoder.cpp:30:89:[m[K [01;31m[Kerror: [m[Ktemplate argument 1 is invalid
   30 | td::bind(&MinimalSubscriber::callback_encoder_left, this, _1)[01;31m[K)[m[K;
      |                                                              [01;31m[K^[m[K

make[2]: *** [CMakeFiles/listener.dir/build.make:63: CMakeFiles/listener.dir/src/scicobot_subscriber_encoder.cpp.o] Erro 1
make[1]: *** [CMakeFiles/Makefile2:78: CMakeFiles/listener.dir/all] Erro 2
make: *** [Makefile:141: all] Erro 2
