[0.012s] Invoking command in '/home/otavio/dev_ws/src/scicobot_encoder/build/scicobot_encoder': CMAKE_PREFIX_PATH=/opt/ros/foxy /usr/bin/cmake /home/otavio/dev_ws/src/scicobot_encoder -DCMAKE_INSTALL_PREFIX=/home/otavio/dev_ws/src/scicobot_encoder/install/scicobot_encoder
[0.059s] -- The C compiler identification is GNU 9.3.0
[0.115s] -- The CXX compiler identification is GNU 9.3.0
[0.119s] -- Check for working C compiler: /usr/bin/cc
[0.181s] -- Check for working C compiler: /usr/bin/cc -- works
[0.182s] -- Detecting C compiler ABI info
[0.242s] -- Detecting C compiler ABI info - done
[0.252s] -- Detecting C compile features
[0.252s] -- Detecting C compile features - done
[0.255s] -- Check for working CXX compiler: /usr/bin/c++
[0.325s] -- Check for working CXX compiler: /usr/bin/c++ -- works
[0.327s] -- Detecting CXX compiler ABI info
[0.396s] -- Detecting CXX compiler ABI info - done
[0.407s] -- Detecting CXX compile features
[0.408s] -- Detecting CXX compile features - done
[0.409s] -- Found ament_cmake: 0.9.9 (/opt/ros/foxy/share/ament_cmake/cmake)
[0.432s] -- Found PythonInterp: /usr/bin/python3 (found suitable version "3.8.10", minimum required is "3") 
[0.432s] -- Using PYTHON_EXECUTABLE: /usr/bin/python3
[0.608s] -- Found rclcpp: 2.4.0 (/opt/ros/foxy/share/rclcpp/cmake)
[0.646s] -- Using all available rosidl_typesupport_c: rosidl_typesupport_fastrtps_c;rosidl_typesupport_introspection_c
[0.651s] -- Found rosidl_adapter: 1.2.1 (/opt/ros/foxy/share/rosidl_adapter/cmake)
[0.719s] -- Found OpenSSL: /usr/lib/x86_64-linux-gnu/libcrypto.so (found version "1.1.1f")  
[0.745s] -- Found FastRTPS: /opt/ros/foxy/include  
[0.814s] -- Using all available rosidl_typesupport_cpp: rosidl_typesupport_fastrtps_cpp;rosidl_typesupport_introspection_cpp
[0.869s] -- Found rmw_implementation_cmake: 1.0.3 (/opt/ros/foxy/share/rmw_implementation_cmake/cmake)
[0.870s] -- Using RMW implementation 'rmw_fastrtps_cpp' as default
[0.871s] -- Looking for pthread.h
[0.947s] -- Looking for pthread.h - found
[0.947s] -- Performing Test CMAKE_HAVE_LIBC_PTHREAD
[1.013s] -- Performing Test CMAKE_HAVE_LIBC_PTHREAD - Failed
[1.013s] -- Looking for pthread_create in pthreads
[1.064s] -- Looking for pthread_create in pthreads - not found
[1.064s] -- Looking for pthread_create in pthread
[1.124s] -- Looking for pthread_create in pthread - found
[1.125s] -- Found Threads: TRUE  
[1.327s] -- Configuring done
[1.333s] -- Generating done
[1.334s] -- Build files have been written to: /home/otavio/dev_ws/src/scicobot_encoder/build/scicobot_encoder
[1.340s] Invoked command in '/home/otavio/dev_ws/src/scicobot_encoder/build/scicobot_encoder' returned '0': CMAKE_PREFIX_PATH=/opt/ros/foxy /usr/bin/cmake /home/otavio/dev_ws/src/scicobot_encoder -DCMAKE_INSTALL_PREFIX=/home/otavio/dev_ws/src/scicobot_encoder/install/scicobot_encoder
[1.342s] Invoking command in '/home/otavio/dev_ws/src/scicobot_encoder/build/scicobot_encoder': CMAKE_PREFIX_PATH=/opt/ros/foxy /usr/bin/cmake --build /home/otavio/dev_ws/src/scicobot_encoder/build/scicobot_encoder -- -j4 -l4
[1.377s] [35m[1mScanning dependencies of target listener[0m
[1.407s] [ 50%] [32mBuilding CXX object CMakeFiles/listener.dir/src/scicobot_subscriber_encoder.cpp.o[0m
[2.604s] [01m[K/home/otavio/dev_ws/src/scicobot_encoder/src/scicobot_subscriber_encoder.cpp:37:51:[m[K [01;31m[Kerror: [m[K‘[01m[KUInt8[m[K’ in namespace ‘[01m[Kstd_msgs::msg[m[K’ does not name a type
[2.604s]    37 |   void callback_encoder_left(const std_msgs::msg::[01;31m[KUInt8[m[K::SharedPtr msg_encoder_left) const
[2.604s]       |                                                   [01;31m[K^~~~~[m[K
[2.604s] [01m[K/home/otavio/dev_ws/src/scicobot_encoder/src/scicobot_subscriber_encoder.cpp:37:68:[m[K [01;31m[Kerror: [m[Kexpected unqualified-id before ‘[01m[Kmsg_encoder_left[m[K’
[2.604s]    37 |  callback_encoder_left(const std_msgs::msg::UInt8::SharedPtr [01;31m[Kmsg_encoder_left[m[K) const
[2.604s]       |                                                              [01;31m[K^~~~~~~~~~~~~~~~[m[K
[2.604s] 
[2.604s] [01m[K/home/otavio/dev_ws/src/scicobot_encoder/src/scicobot_subscriber_encoder.cpp:37:67:[m[K [01;31m[Kerror: [m[Kexpected ‘[01m[K)[m[K’ before ‘[01m[Kmsg_encoder_left[m[K’
[2.604s]    37 | d callback_encoder_left[34m[K([m[Kconst std_msgs::msg::UInt8::SharedPtr[01;31m[K [m[K[32m[Kmsg_encoder_left[m[K) const
[2.605s]       |                        [34m[K~[m[K                                     [01;31m[K^[m[K[32m[K~~~~~~~~~~~~~~~~[m[K
[2.605s]       |                                                              [32m[K)[m[K
[2.605s] [01m[K/home/otavio/dev_ws/src/scicobot_encoder/src/scicobot_subscriber_encoder.cpp:37:58:[m[K [01;31m[Kerror: [m[Kexpected ‘[01m[K;[m[K’ at end of member declaration
[2.605s]    37 |   void callback_encoder_left(const std_msgs::msg::UInt8::[01;31m[KSharedPtr[m[K msg_encoder_left) const
[2.605s]       |                                                          [01;31m[K^~~~~~~~~[m[K
[2.605s]       |                                                                   [32m[K;[m[K
[2.607s] [01m[K/home/otavio/dev_ws/src/scicobot_encoder/src/scicobot_subscriber_encoder.cpp:37:68:[m[K [01;31m[Kerror: [m[K‘[01m[Kmsg_encoder_left[m[K’ does not name a type
[2.607s]    37 |  callback_encoder_left(const std_msgs::msg::UInt8::SharedPtr [01;31m[Kmsg_encoder_left[m[K) const
[2.607s]       |                                                              [01;31m[K^~~~~~~~~~~~~~~~[m[K
[2.607s] 
[2.607s] [01m[K/home/otavio/dev_ws/src/scicobot_encoder/src/scicobot_subscriber_encoder.cpp:41:39:[m[K [01;31m[Kerror: [m[K‘[01m[KUInt8[m[K’ is not a member of ‘[01m[Kstd_msgs::msg[m[K’
[2.607s]    41 |   rclcpp::Subscription<std_msgs::msg::[01;31m[KUInt8[m[K>::SharedPtr subscription_encoder_left;
[2.607s]       |                                       [01;31m[K^~~~~[m[K
[2.608s] [01m[K/home/otavio/dev_ws/src/scicobot_encoder/src/scicobot_subscriber_encoder.cpp:41:39:[m[K [01;31m[Kerror: [m[K‘[01m[KUInt8[m[K’ is not a member of ‘[01m[Kstd_msgs::msg[m[K’
[2.608s] [01m[K/home/otavio/dev_ws/src/scicobot_encoder/src/scicobot_subscriber_encoder.cpp:41:44:[m[K [01;31m[Kerror: [m[Ktemplate argument 1 is invalid
[2.608s]    41 |   rclcpp::Subscription<std_msgs::msg::UInt8[01;31m[K>[m[K::SharedPtr subscription_encoder_left;
[2.608s]       |                                            [01;31m[K^[m[K
[2.608s] [01m[K/home/otavio/dev_ws/src/scicobot_encoder/src/scicobot_subscriber_encoder.cpp:41:44:[m[K [01;31m[Kerror: [m[Ktemplate argument 3 is invalid
[2.608s] [01m[K/home/otavio/dev_ws/src/scicobot_encoder/src/scicobot_subscriber_encoder.cpp:41:47:[m[K [01;31m[Kerror: [m[Kexpected ‘[01m[K;[m[K’ at end of member declaration
[2.608s]    41 |   rclcpp::Subscription<std_msgs::msg::UInt8>::[01;31m[KSharedPtr[m[K subscription_encoder_left;
[2.608s]       |                                               [01;31m[K^~~~~~~~~[m[K
[2.608s]       |                                                        [32m[K;[m[K
[2.613s] [01m[K/home/otavio/dev_ws/src/scicobot_encoder/src/scicobot_subscriber_encoder.cpp:41:57:[m[K [01;31m[Kerror: [m[K‘[01m[Ksubscription_encoder_left[m[K’ does not name a type
[2.613s]    41 |   rclcpp::Subscription<std_msgs::msg::UInt8>::SharedPtr [01;31m[Ksubscription_encoder_left[m[K;
[2.613s]       |                                                         [01;31m[K^~~~~~~~~~~~~~~~~~~~~~~~~[m[K
[2.619s] [01m[K/home/otavio/dev_ws/src/scicobot_encoder/src/scicobot_subscriber_encoder.cpp:[m[K In constructor ‘[01m[KMinimalSubscriber::MinimalSubscriber()[m[K’:
[2.619s] [01m[K/home/otavio/dev_ws/src/scicobot_encoder/src/scicobot_subscriber_encoder.cpp:29:5:[m[K [01;31m[Kerror: [m[K‘[01m[Ksubscription_encoder_left[m[K’ was not declared in this scope
[2.619s]    29 |     [01;31m[Ksubscription_encoder_left[m[K = this->create_subscription<std_msgs::msg::UInt8>(
[2.619s]       |     [01;31m[K^~~~~~~~~~~~~~~~~~~~~~~~~[m[K
[2.619s] [01m[K/home/otavio/dev_ws/src/scicobot_encoder/src/scicobot_subscriber_encoder.cpp:29:74:[m[K [01;31m[Kerror: [m[K‘[01m[KUInt8[m[K’ is not a member of ‘[01m[Kstd_msgs::msg[m[K’
[2.619s]    29 | tion_encoder_left = this->create_subscription<std_msgs::msg::[01;31m[KUInt8[m[K>(
[2.619s]       |                                                              [01;31m[K^~~~~[m[K
[2.619s] 
[2.620s] [01m[K/home/otavio/dev_ws/src/scicobot_encoder/src/scicobot_subscriber_encoder.cpp:29:74:[m[K [01;31m[Kerror: [m[K‘[01m[KUInt8[m[K’ is not a member of ‘[01m[Kstd_msgs::msg[m[K’
[2.626s] [01m[K/home/otavio/dev_ws/src/scicobot_encoder/src/scicobot_subscriber_encoder.cpp:30:89:[m[K [01;31m[Kerror: [m[Kno matching function for call to ‘[01m[KMinimalSubscriber::create_subscription<<expression error> >(const char [13], int, std::_Bind_helper<false, void (MinimalSubscriber::*)(...), MinimalSubscriber*, const std::_Placeholder<1>&>::type)[m[K’
[2.626s]    30 | td::bind(&MinimalSubscriber::callback_encoder_left, this, _1)[01;31m[K)[m[K;
[2.627s]       |                                                              [01;31m[K^[m[K
[2.627s] 
[2.627s] In file included from [01m[K/opt/ros/foxy/include/rclcpp/executors/single_threaded_executor.hpp:28[m[K,
[2.627s]                  from [01m[K/opt/ros/foxy/include/rclcpp/executors.hpp:22[m[K,
[2.627s]                  from [01m[K/opt/ros/foxy/include/rclcpp/rclcpp.hpp:146[m[K,
[2.627s]                  from [01m[K/home/otavio/dev_ws/src/scicobot_encoder/src/scicobot_subscriber_encoder.cpp:16[m[K:
[2.627s] [01m[K/opt/ros/foxy/include/rclcpp/node.hpp:213:3:[m[K [01;36m[Knote: [m[Kcandidate: ‘[01m[Ktemplate<class MessageT, class CallbackT, class AllocatorT, class CallbackMessageT, class SubscriptionT, class MessageMemoryStrategyT> std::shared_ptr<SubscriptionT> rclcpp::Node::create_subscription(const string&, const rclcpp::QoS&, CallbackT&&, const rclcpp::SubscriptionOptionsWithAllocator<AllocatorT>&, typename MessageMemoryStrategyT::SharedPtr)[m[K’
[2.627s]   213 |   [01;36m[Kcreate_subscription[m[K(
[2.627s]       |   [01;36m[K^~~~~~~~~~~~~~~~~~~[m[K
[2.627s] [01m[K/opt/ros/foxy/include/rclcpp/node.hpp:213:3:[m[K [01;36m[Knote: [m[K  template argument deduction/substitution failed:
[2.628s] [01m[K/home/otavio/dev_ws/src/scicobot_encoder/src/scicobot_subscriber_encoder.cpp:30:89:[m[K [01;31m[Kerror: [m[Ktemplate argument 1 is invalid
[2.628s]    30 | td::bind(&MinimalSubscriber::callback_encoder_left, this, _1)[01;31m[K)[m[K;
[2.628s]       |                                                              [01;31m[K^[m[K
[2.628s] 
[2.973s] make[2]: *** [CMakeFiles/listener.dir/build.make:63: CMakeFiles/listener.dir/src/scicobot_subscriber_encoder.cpp.o] Erro 1
[2.973s] make[1]: *** [CMakeFiles/Makefile2:78: CMakeFiles/listener.dir/all] Erro 2
[2.973s] make: *** [Makefile:141: all] Erro 2
[2.974s] Invoked command in '/home/otavio/dev_ws/src/scicobot_encoder/build/scicobot_encoder' returned '2': CMAKE_PREFIX_PATH=/opt/ros/foxy /usr/bin/cmake --build /home/otavio/dev_ws/src/scicobot_encoder/build/scicobot_encoder -- -j4 -l4
