[0.028s] Invoking command in '/home/otavio/scicobot_rasp/src/build/scicobot_move_on': CMAKE_PREFIX_PATH=/opt/ros/foxy /usr/bin/cmake /home/otavio/scicobot_rasp/src/scicobot_move_on -DCMAKE_INSTALL_PREFIX=/home/otavio/scicobot_rasp/src/install/scicobot_move_on
[0.075s] -- Found ament_cmake: 0.9.9 (/opt/ros/foxy/share/ament_cmake/cmake)
[0.091s] -- Found PythonInterp: /usr/bin/python3 (found suitable version "3.8.10", minimum required is "3") 
[0.091s] -- Using PYTHON_EXECUTABLE: /usr/bin/python3
[0.406s] -- Found rclcpp: 2.4.0 (/opt/ros/foxy/share/rclcpp/cmake)
[0.479s] -- Using all available rosidl_typesupport_c: rosidl_typesupport_fastrtps_c;rosidl_typesupport_introspection_c
[0.488s] -- Found rosidl_adapter: 1.2.1 (/opt/ros/foxy/share/rosidl_adapter/cmake)
[0.591s] -- Found OpenSSL: /usr/lib/x86_64-linux-gnu/libcrypto.so (found version "1.1.1f")  
[0.633s] -- Found FastRTPS: /opt/ros/foxy/include  
[0.745s] -- Using all available rosidl_typesupport_cpp: rosidl_typesupport_fastrtps_cpp;rosidl_typesupport_introspection_cpp
[0.831s] -- Found rmw_implementation_cmake: 1.0.3 (/opt/ros/foxy/share/rmw_implementation_cmake/cmake)
[0.834s] -- Using RMW implementation 'rmw_fastrtps_cpp' as default
[0.836s] -- Looking for pthread.h
[0.936s] -- Looking for pthread.h - found
[0.937s] -- Performing Test CMAKE_HAVE_LIBC_PTHREAD
[1.042s] -- Performing Test CMAKE_HAVE_LIBC_PTHREAD - Failed
[1.042s] -- Looking for pthread_create in pthreads
[1.126s] -- Looking for pthread_create in pthreads - not found
[1.127s] -- Looking for pthread_create in pthread
[1.229s] -- Looking for pthread_create in pthread - found
[1.230s] -- Found Threads: TRUE  
[1.573s] -- Configuring done
[1.584s] -- Generating done
[1.586s] -- Build files have been written to: /home/otavio/scicobot_rasp/src/build/scicobot_move_on
[1.599s] Invoked command in '/home/otavio/scicobot_rasp/src/build/scicobot_move_on' returned '0': CMAKE_PREFIX_PATH=/opt/ros/foxy /usr/bin/cmake /home/otavio/scicobot_rasp/src/scicobot_move_on -DCMAKE_INSTALL_PREFIX=/home/otavio/scicobot_rasp/src/install/scicobot_move_on
[1.601s] Invoking command in '/home/otavio/scicobot_rasp/src/build/scicobot_move_on': CMAKE_PREFIX_PATH=/opt/ros/foxy /usr/bin/cmake --build /home/otavio/scicobot_rasp/src/build/scicobot_move_on -- -j4 -l4
[1.659s] [35m[1mScanning dependencies of target move_on[0m
[1.716s] [ 50%] [32mBuilding CXX object CMakeFiles/move_on.dir/src/scicobot_publisher_move_on.cpp.o[0m
[11.976s] [100%] [32m[1mLinking CXX executable move_on[0m
[12.504s] [100%] Built target move_on
[12.521s] Invoked command in '/home/otavio/scicobot_rasp/src/build/scicobot_move_on' returned '0': CMAKE_PREFIX_PATH=/opt/ros/foxy /usr/bin/cmake --build /home/otavio/scicobot_rasp/src/build/scicobot_move_on -- -j4 -l4
[12.599s] Invoking command in '/home/otavio/scicobot_rasp/src/build/scicobot_move_on': CMAKE_PREFIX_PATH=/opt/ros/foxy /usr/bin/cmake --install /home/otavio/scicobot_rasp/src/build/scicobot_move_on
[12.610s] -- Install configuration: ""
[12.610s] -- Installing: /home/otavio/scicobot_rasp/src/install/scicobot_move_on/lib/scicobot_move_on/move_on
[12.613s] -- Set runtime path of "/home/otavio/scicobot_rasp/src/install/scicobot_move_on/lib/scicobot_move_on/move_on" to ""
[12.614s] -- Installing: /home/otavio/scicobot_rasp/src/install/scicobot_move_on/share/ament_index/resource_index/package_run_dependencies/scicobot_move_on
[12.614s] -- Installing: /home/otavio/scicobot_rasp/src/install/scicobot_move_on/share/ament_index/resource_index/parent_prefix_path/scicobot_move_on
[12.614s] -- Installing: /home/otavio/scicobot_rasp/src/install/scicobot_move_on/share/scicobot_move_on/environment/ament_prefix_path.sh
[12.615s] -- Installing: /home/otavio/scicobot_rasp/src/install/scicobot_move_on/share/scicobot_move_on/environment/ament_prefix_path.dsv
[12.615s] -- Installing: /home/otavio/scicobot_rasp/src/install/scicobot_move_on/share/scicobot_move_on/environment/path.sh
[12.615s] -- Installing: /home/otavio/scicobot_rasp/src/install/scicobot_move_on/share/scicobot_move_on/environment/path.dsv
[12.615s] -- Installing: /home/otavio/scicobot_rasp/src/install/scicobot_move_on/share/scicobot_move_on/local_setup.bash
[12.616s] -- Installing: /home/otavio/scicobot_rasp/src/install/scicobot_move_on/share/scicobot_move_on/local_setup.sh
[12.616s] -- Installing: /home/otavio/scicobot_rasp/src/install/scicobot_move_on/share/scicobot_move_on/local_setup.zsh
[12.616s] -- Installing: /home/otavio/scicobot_rasp/src/install/scicobot_move_on/share/scicobot_move_on/local_setup.dsv
[12.617s] -- Installing: /home/otavio/scicobot_rasp/src/install/scicobot_move_on/share/scicobot_move_on/package.dsv
[12.617s] -- Installing: /home/otavio/scicobot_rasp/src/install/scicobot_move_on/share/ament_index/resource_index/packages/scicobot_move_on
[12.617s] -- Installing: /home/otavio/scicobot_rasp/src/install/scicobot_move_on/share/scicobot_move_on/cmake/scicobot_move_onConfig.cmake
[12.617s] -- Installing: /home/otavio/scicobot_rasp/src/install/scicobot_move_on/share/scicobot_move_on/cmake/scicobot_move_onConfig-version.cmake
[12.618s] -- Installing: /home/otavio/scicobot_rasp/src/install/scicobot_move_on/share/scicobot_move_on/package.xml
[12.622s] Invoked command in '/home/otavio/scicobot_rasp/src/build/scicobot_move_on' returned '0': CMAKE_PREFIX_PATH=/opt/ros/foxy /usr/bin/cmake --install /home/otavio/scicobot_rasp/src/build/scicobot_move_on
