[0.129s] DEBUG:colcon:Command line arguments: ['/usr/bin/colcon', 'build']
[0.129s] DEBUG:colcon:Parsed command line arguments: Namespace(allow_overriding=[], ament_cmake_args=None, base_paths=['.'], build_base='build', catkin_cmake_args=None, catkin_skip_building_tests=False, cmake_args=None, cmake_clean_cache=False, cmake_clean_first=False, cmake_force_configure=False, cmake_target=None, cmake_target_skip_unavailable=False, continue_on_error=False, event_handlers=None, executor='parallel', ignore_user_meta=False, install_base='install', log_base=None, log_level=None, main=<bound method BuildVerb.main of <colcon_core.verb.build.BuildVerb object at 0x7fe25c8153d0>>, merge_install=False, metas=['./colcon.meta'], packages_above=None, packages_above_and_dependencies=None, packages_above_depth=None, packages_end=None, packages_ignore=None, packages_ignore_regex=None, packages_select=None, packages_select_build_failed=False, packages_select_by_dep=None, packages_select_regex=None, packages_select_test_failures=False, packages_skip=None, packages_skip_build_finished=False, packages_skip_by_dep=None, packages_skip_regex=None, packages_skip_test_passed=False, packages_skip_up_to=None, packages_start=None, packages_up_to=None, packages_up_to_regex=None, parallel_workers=4, paths=None, symlink_install=False, test_result_base=None, verb_extension=<colcon_core.verb.build.BuildVerb object at 0x7fe25c8153d0>, verb_name='build', verb_parser=<colcon_defaults.argument_parser.defaults.DefaultArgumentsDecorator object at 0x7fe25c815910>)
[0.133s] Level 1:colcon.colcon_core.package_discovery:discover_packages(colcon_meta) check parameters
[0.134s] Level 1:colcon.colcon_core.package_discovery:discover_packages(recursive) check parameters
[0.134s] Level 1:colcon.colcon_core.package_discovery:discover_packages(ignore) check parameters
[0.134s] Level 1:colcon.colcon_core.package_discovery:discover_packages(path) check parameters
[0.134s] Level 1:colcon.colcon_core.package_discovery:discover_packages(colcon_meta) discover
[0.134s] Level 1:colcon.colcon_core.package_discovery:discover_packages(recursive) discover
[0.134s] INFO:colcon.colcon_core.package_discovery:Crawling recursively for packages in '/home/otavio/excluir/scicobot_rasp'
[0.134s] Level 1:colcon.colcon_core.package_identification:_identify(.) by extensions ['ignore', 'ignore_ament_install']
[0.134s] Level 1:colcon.colcon_core.package_identification:_identify(.) by extension 'ignore'
[0.134s] Level 1:colcon.colcon_core.package_identification:_identify(.) by extension 'ignore_ament_install'
[0.134s] Level 1:colcon.colcon_core.package_identification:_identify(.) by extensions ['colcon_pkg']
[0.134s] Level 1:colcon.colcon_core.package_identification:_identify(.) by extension 'colcon_pkg'
[0.134s] Level 1:colcon.colcon_core.package_identification:_identify(.) by extensions ['colcon_meta']
[0.134s] Level 1:colcon.colcon_core.package_identification:_identify(.) by extension 'colcon_meta'
[0.134s] Level 1:colcon.colcon_core.package_identification:_identify(.) by extensions ['ros']
[0.134s] Level 1:colcon.colcon_core.package_identification:_identify(.) by extension 'ros'
[0.145s] Level 1:colcon.colcon_core.package_identification:_identify(.) by extensions ['cmake', 'python']
[0.145s] Level 1:colcon.colcon_core.package_identification:_identify(.) by extension 'cmake'
[0.145s] Level 1:colcon.colcon_core.package_identification:_identify(.) by extension 'python'
[0.145s] Level 1:colcon.colcon_core.package_identification:_identify(.) by extensions ['python_setup_py']
[0.145s] Level 1:colcon.colcon_core.package_identification:_identify(.) by extension 'python_setup_py'
[0.145s] Level 1:colcon.colcon_core.package_identification:_identify(build) by extensions ['ignore', 'ignore_ament_install']
[0.145s] Level 1:colcon.colcon_core.package_identification:_identify(build) by extension 'ignore'
[0.145s] Level 1:colcon.colcon_core.package_identification:_identify(build) ignored
[0.145s] Level 1:colcon.colcon_core.package_identification:_identify(install) by extensions ['ignore', 'ignore_ament_install']
[0.145s] Level 1:colcon.colcon_core.package_identification:_identify(install) by extension 'ignore'
[0.145s] Level 1:colcon.colcon_core.package_identification:_identify(install) ignored
[0.146s] Level 1:colcon.colcon_core.package_identification:_identify(log) by extensions ['ignore', 'ignore_ament_install']
[0.146s] Level 1:colcon.colcon_core.package_identification:_identify(log) by extension 'ignore'
[0.146s] Level 1:colcon.colcon_core.package_identification:_identify(log) ignored
[0.146s] Level 1:colcon.colcon_core.package_identification:_identify(src) by extensions ['ignore', 'ignore_ament_install']
[0.146s] Level 1:colcon.colcon_core.package_identification:_identify(src) by extension 'ignore'
[0.146s] Level 1:colcon.colcon_core.package_identification:_identify(src) by extension 'ignore_ament_install'
[0.146s] Level 1:colcon.colcon_core.package_identification:_identify(src) by extensions ['colcon_pkg']
[0.146s] Level 1:colcon.colcon_core.package_identification:_identify(src) by extension 'colcon_pkg'
[0.146s] Level 1:colcon.colcon_core.package_identification:_identify(src) by extensions ['colcon_meta']
[0.146s] Level 1:colcon.colcon_core.package_identification:_identify(src) by extension 'colcon_meta'
[0.146s] Level 1:colcon.colcon_core.package_identification:_identify(src) by extensions ['ros']
[0.146s] Level 1:colcon.colcon_core.package_identification:_identify(src) by extension 'ros'
[0.146s] Level 1:colcon.colcon_core.package_identification:_identify(src) by extensions ['cmake', 'python']
[0.146s] Level 1:colcon.colcon_core.package_identification:_identify(src) by extension 'cmake'
[0.146s] Level 1:colcon.colcon_core.package_identification:_identify(src) by extension 'python'
[0.146s] Level 1:colcon.colcon_core.package_identification:_identify(src) by extensions ['python_setup_py']
[0.146s] Level 1:colcon.colcon_core.package_identification:_identify(src) by extension 'python_setup_py'
[0.146s] Level 1:colcon.colcon_core.package_identification:_identify(src/publisher_teste) by extensions ['ignore', 'ignore_ament_install']
[0.146s] Level 1:colcon.colcon_core.package_identification:_identify(src/publisher_teste) by extension 'ignore'
[0.147s] Level 1:colcon.colcon_core.package_identification:_identify(src/publisher_teste) by extension 'ignore_ament_install'
[0.147s] Level 1:colcon.colcon_core.package_identification:_identify(src/publisher_teste) by extensions ['colcon_pkg']
[0.147s] Level 1:colcon.colcon_core.package_identification:_identify(src/publisher_teste) by extension 'colcon_pkg'
[0.147s] Level 1:colcon.colcon_core.package_identification:_identify(src/publisher_teste) by extensions ['colcon_meta']
[0.147s] Level 1:colcon.colcon_core.package_identification:_identify(src/publisher_teste) by extension 'colcon_meta'
[0.147s] Level 1:colcon.colcon_core.package_identification:_identify(src/publisher_teste) by extensions ['ros']
[0.147s] Level 1:colcon.colcon_core.package_identification:_identify(src/publisher_teste) by extension 'ros'
[0.149s] DEBUG:colcon.colcon_core.package_identification:Package 'src/publisher_teste' with type 'ros.ament_cmake' and name 'publisher_teste'
[0.149s] Level 1:colcon.colcon_core.package_identification:_identify(src/scicobot_encoder) by extensions ['ignore', 'ignore_ament_install']
[0.149s] Level 1:colcon.colcon_core.package_identification:_identify(src/scicobot_encoder) by extension 'ignore'
[0.149s] Level 1:colcon.colcon_core.package_identification:_identify(src/scicobot_encoder) by extension 'ignore_ament_install'
[0.149s] Level 1:colcon.colcon_core.package_identification:_identify(src/scicobot_encoder) by extensions ['colcon_pkg']
[0.149s] Level 1:colcon.colcon_core.package_identification:_identify(src/scicobot_encoder) by extension 'colcon_pkg'
[0.149s] Level 1:colcon.colcon_core.package_identification:_identify(src/scicobot_encoder) by extensions ['colcon_meta']
[0.149s] Level 1:colcon.colcon_core.package_identification:_identify(src/scicobot_encoder) by extension 'colcon_meta'
[0.149s] Level 1:colcon.colcon_core.package_identification:_identify(src/scicobot_encoder) by extensions ['ros']
[0.149s] Level 1:colcon.colcon_core.package_identification:_identify(src/scicobot_encoder) by extension 'ros'
[0.150s] DEBUG:colcon.colcon_core.package_identification:Package 'src/scicobot_encoder' with type 'ros.ament_cmake' and name 'scicobot_encoder'
[0.150s] Level 1:colcon.colcon_core.package_identification:_identify(src/scicobot_move_on) by extensions ['ignore', 'ignore_ament_install']
[0.150s] Level 1:colcon.colcon_core.package_identification:_identify(src/scicobot_move_on) by extension 'ignore'
[0.150s] Level 1:colcon.colcon_core.package_identification:_identify(src/scicobot_move_on) by extension 'ignore_ament_install'
[0.150s] Level 1:colcon.colcon_core.package_identification:_identify(src/scicobot_move_on) by extensions ['colcon_pkg']
[0.150s] Level 1:colcon.colcon_core.package_identification:_identify(src/scicobot_move_on) by extension 'colcon_pkg'
[0.150s] Level 1:colcon.colcon_core.package_identification:_identify(src/scicobot_move_on) by extensions ['colcon_meta']
[0.150s] Level 1:colcon.colcon_core.package_identification:_identify(src/scicobot_move_on) by extension 'colcon_meta'
[0.150s] Level 1:colcon.colcon_core.package_identification:_identify(src/scicobot_move_on) by extensions ['ros']
[0.150s] Level 1:colcon.colcon_core.package_identification:_identify(src/scicobot_move_on) by extension 'ros'
[0.151s] DEBUG:colcon.colcon_core.package_identification:Package 'src/scicobot_move_on' with type 'ros.ament_cmake' and name 'scicobot_move_on'
[0.151s] Level 1:colcon.colcon_core.package_identification:_identify(src/scicobot_ultrasonic) by extensions ['ignore', 'ignore_ament_install']
[0.151s] Level 1:colcon.colcon_core.package_identification:_identify(src/scicobot_ultrasonic) by extension 'ignore'
[0.151s] Level 1:colcon.colcon_core.package_identification:_identify(src/scicobot_ultrasonic) by extension 'ignore_ament_install'
[0.151s] Level 1:colcon.colcon_core.package_identification:_identify(src/scicobot_ultrasonic) by extensions ['colcon_pkg']
[0.151s] Level 1:colcon.colcon_core.package_identification:_identify(src/scicobot_ultrasonic) by extension 'colcon_pkg'
[0.151s] Level 1:colcon.colcon_core.package_identification:_identify(src/scicobot_ultrasonic) by extensions ['colcon_meta']
[0.151s] Level 1:colcon.colcon_core.package_identification:_identify(src/scicobot_ultrasonic) by extension 'colcon_meta'
[0.151s] Level 1:colcon.colcon_core.package_identification:_identify(src/scicobot_ultrasonic) by extensions ['ros']
[0.152s] Level 1:colcon.colcon_core.package_identification:_identify(src/scicobot_ultrasonic) by extension 'ros'
[0.152s] DEBUG:colcon.colcon_core.package_identification:Package 'src/scicobot_ultrasonic' with type 'ros.ament_cmake' and name 'scicobot_ultrasonic'
[0.152s] Level 1:colcon.colcon_core.package_identification:_identify(src/test_cooperation_rasp) by extensions ['ignore', 'ignore_ament_install']
[0.152s] Level 1:colcon.colcon_core.package_identification:_identify(src/test_cooperation_rasp) by extension 'ignore'
[0.152s] Level 1:colcon.colcon_core.package_identification:_identify(src/test_cooperation_rasp) by extension 'ignore_ament_install'
[0.152s] Level 1:colcon.colcon_core.package_identification:_identify(src/test_cooperation_rasp) by extensions ['colcon_pkg']
[0.152s] Level 1:colcon.colcon_core.package_identification:_identify(src/test_cooperation_rasp) by extension 'colcon_pkg'
[0.152s] Level 1:colcon.colcon_core.package_identification:_identify(src/test_cooperation_rasp) by extensions ['colcon_meta']
[0.152s] Level 1:colcon.colcon_core.package_identification:_identify(src/test_cooperation_rasp) by extension 'colcon_meta'
[0.152s] Level 1:colcon.colcon_core.package_identification:_identify(src/test_cooperation_rasp) by extensions ['ros']
[0.152s] Level 1:colcon.colcon_core.package_identification:_identify(src/test_cooperation_rasp) by extension 'ros'
[0.153s] DEBUG:colcon.colcon_core.package_identification:Package 'src/test_cooperation_rasp' with type 'ros.ament_cmake' and name 'test_cooperation_rasp'
[0.153s] Level 1:colcon.colcon_core.package_identification:_identify(src/test_cooperation_scicobot) by extensions ['ignore', 'ignore_ament_install']
[0.153s] Level 1:colcon.colcon_core.package_identification:_identify(src/test_cooperation_scicobot) by extension 'ignore'
[0.153s] Level 1:colcon.colcon_core.package_identification:_identify(src/test_cooperation_scicobot) by extension 'ignore_ament_install'
[0.153s] Level 1:colcon.colcon_core.package_identification:_identify(src/test_cooperation_scicobot) by extensions ['colcon_pkg']
[0.153s] Level 1:colcon.colcon_core.package_identification:_identify(src/test_cooperation_scicobot) by extension 'colcon_pkg'
[0.153s] Level 1:colcon.colcon_core.package_identification:_identify(src/test_cooperation_scicobot) by extensions ['colcon_meta']
[0.153s] Level 1:colcon.colcon_core.package_identification:_identify(src/test_cooperation_scicobot) by extension 'colcon_meta'
[0.153s] Level 1:colcon.colcon_core.package_identification:_identify(src/test_cooperation_scicobot) by extensions ['ros']
[0.153s] Level 1:colcon.colcon_core.package_identification:_identify(src/test_cooperation_scicobot) by extension 'ros'
[0.154s] DEBUG:colcon.colcon_core.package_identification:Package 'src/test_cooperation_scicobot' with type 'ros.ament_cmake' and name 'test_cooperation_scicobot'
[0.154s] Level 1:colcon.colcon_core.package_identification:_identify(src/teste) by extensions ['ignore', 'ignore_ament_install']
[0.154s] Level 1:colcon.colcon_core.package_identification:_identify(src/teste) by extension 'ignore'
[0.154s] Level 1:colcon.colcon_core.package_identification:_identify(src/teste) by extension 'ignore_ament_install'
[0.154s] Level 1:colcon.colcon_core.package_identification:_identify(src/teste) by extensions ['colcon_pkg']
[0.154s] Level 1:colcon.colcon_core.package_identification:_identify(src/teste) by extension 'colcon_pkg'
[0.154s] Level 1:colcon.colcon_core.package_identification:_identify(src/teste) by extensions ['colcon_meta']
[0.154s] Level 1:colcon.colcon_core.package_identification:_identify(src/teste) by extension 'colcon_meta'
[0.154s] Level 1:colcon.colcon_core.package_identification:_identify(src/teste) by extensions ['ros']
[0.154s] Level 1:colcon.colcon_core.package_identification:_identify(src/teste) by extension 'ros'
[0.155s] DEBUG:colcon.colcon_core.package_identification:Package 'src/teste' with type 'ros.ament_cmake' and name 'teste'
[0.155s] Level 1:colcon.colcon_core.package_discovery:discover_packages(recursive) using defaults
[0.155s] Level 1:colcon.colcon_core.package_discovery:discover_packages(ignore) discover
[0.155s] Level 1:colcon.colcon_core.package_discovery:discover_packages(ignore) using defaults
[0.155s] Level 1:colcon.colcon_core.package_discovery:discover_packages(path) discover
[0.155s] Level 1:colcon.colcon_core.package_discovery:discover_packages(path) using defaults
[0.172s] Level 5:colcon.colcon_core.verb:set package 'publisher_teste' build argument 'cmake_args' from command line to 'None'
[0.172s] Level 5:colcon.colcon_core.verb:set package 'publisher_teste' build argument 'cmake_target' from command line to 'None'
[0.172s] Level 5:colcon.colcon_core.verb:set package 'publisher_teste' build argument 'cmake_target_skip_unavailable' from command line to 'False'
[0.172s] Level 5:colcon.colcon_core.verb:set package 'publisher_teste' build argument 'cmake_clean_cache' from command line to 'False'
[0.172s] Level 5:colcon.colcon_core.verb:set package 'publisher_teste' build argument 'cmake_clean_first' from command line to 'False'
[0.172s] Level 5:colcon.colcon_core.verb:set package 'publisher_teste' build argument 'cmake_force_configure' from command line to 'False'
[0.172s] Level 5:colcon.colcon_core.verb:set package 'publisher_teste' build argument 'ament_cmake_args' from command line to 'None'
[0.172s] Level 5:colcon.colcon_core.verb:set package 'publisher_teste' build argument 'catkin_cmake_args' from command line to 'None'
[0.172s] Level 5:colcon.colcon_core.verb:set package 'publisher_teste' build argument 'catkin_skip_building_tests' from command line to 'False'
[0.172s] DEBUG:colcon.colcon_core.verb:Building package 'publisher_teste' with the following arguments: {'ament_cmake_args': None, 'build_base': '/home/otavio/excluir/scicobot_rasp/build/publisher_teste', 'catkin_cmake_args': None, 'catkin_skip_building_tests': False, 'cmake_args': None, 'cmake_clean_cache': False, 'cmake_clean_first': False, 'cmake_force_configure': False, 'cmake_target': None, 'cmake_target_skip_unavailable': False, 'install_base': '/home/otavio/excluir/scicobot_rasp/install/publisher_teste', 'merge_install': False, 'path': '/home/otavio/excluir/scicobot_rasp/src/publisher_teste', 'symlink_install': False, 'test_result_base': None}
[0.172s] Level 5:colcon.colcon_core.verb:set package 'scicobot_encoder' build argument 'cmake_args' from command line to 'None'
[0.172s] Level 5:colcon.colcon_core.verb:set package 'scicobot_encoder' build argument 'cmake_target' from command line to 'None'
[0.172s] Level 5:colcon.colcon_core.verb:set package 'scicobot_encoder' build argument 'cmake_target_skip_unavailable' from command line to 'False'
[0.173s] Level 5:colcon.colcon_core.verb:set package 'scicobot_encoder' build argument 'cmake_clean_cache' from command line to 'False'
[0.173s] Level 5:colcon.colcon_core.verb:set package 'scicobot_encoder' build argument 'cmake_clean_first' from command line to 'False'
[0.173s] Level 5:colcon.colcon_core.verb:set package 'scicobot_encoder' build argument 'cmake_force_configure' from command line to 'False'
[0.173s] Level 5:colcon.colcon_core.verb:set package 'scicobot_encoder' build argument 'ament_cmake_args' from command line to 'None'
[0.173s] Level 5:colcon.colcon_core.verb:set package 'scicobot_encoder' build argument 'catkin_cmake_args' from command line to 'None'
[0.173s] Level 5:colcon.colcon_core.verb:set package 'scicobot_encoder' build argument 'catkin_skip_building_tests' from command line to 'False'
[0.173s] DEBUG:colcon.colcon_core.verb:Building package 'scicobot_encoder' with the following arguments: {'ament_cmake_args': None, 'build_base': '/home/otavio/excluir/scicobot_rasp/build/scicobot_encoder', 'catkin_cmake_args': None, 'catkin_skip_building_tests': False, 'cmake_args': None, 'cmake_clean_cache': False, 'cmake_clean_first': False, 'cmake_force_configure': False, 'cmake_target': None, 'cmake_target_skip_unavailable': False, 'install_base': '/home/otavio/excluir/scicobot_rasp/install/scicobot_encoder', 'merge_install': False, 'path': '/home/otavio/excluir/scicobot_rasp/src/scicobot_encoder', 'symlink_install': False, 'test_result_base': None}
[0.173s] Level 5:colcon.colcon_core.verb:set package 'scicobot_move_on' build argument 'cmake_args' from command line to 'None'
[0.173s] Level 5:colcon.colcon_core.verb:set package 'scicobot_move_on' build argument 'cmake_target' from command line to 'None'
[0.173s] Level 5:colcon.colcon_core.verb:set package 'scicobot_move_on' build argument 'cmake_target_skip_unavailable' from command line to 'False'
[0.173s] Level 5:colcon.colcon_core.verb:set package 'scicobot_move_on' build argument 'cmake_clean_cache' from command line to 'False'
[0.173s] Level 5:colcon.colcon_core.verb:set package 'scicobot_move_on' build argument 'cmake_clean_first' from command line to 'False'
[0.173s] Level 5:colcon.colcon_core.verb:set package 'scicobot_move_on' build argument 'cmake_force_configure' from command line to 'False'
[0.173s] Level 5:colcon.colcon_core.verb:set package 'scicobot_move_on' build argument 'ament_cmake_args' from command line to 'None'
[0.174s] Level 5:colcon.colcon_core.verb:set package 'scicobot_move_on' build argument 'catkin_cmake_args' from command line to 'None'
[0.174s] Level 5:colcon.colcon_core.verb:set package 'scicobot_move_on' build argument 'catkin_skip_building_tests' from command line to 'False'
[0.174s] DEBUG:colcon.colcon_core.verb:Building package 'scicobot_move_on' with the following arguments: {'ament_cmake_args': None, 'build_base': '/home/otavio/excluir/scicobot_rasp/build/scicobot_move_on', 'catkin_cmake_args': None, 'catkin_skip_building_tests': False, 'cmake_args': None, 'cmake_clean_cache': False, 'cmake_clean_first': False, 'cmake_force_configure': False, 'cmake_target': None, 'cmake_target_skip_unavailable': False, 'install_base': '/home/otavio/excluir/scicobot_rasp/install/scicobot_move_on', 'merge_install': False, 'path': '/home/otavio/excluir/scicobot_rasp/src/scicobot_move_on', 'symlink_install': False, 'test_result_base': None}
[0.174s] Level 5:colcon.colcon_core.verb:set package 'scicobot_ultrasonic' build argument 'cmake_args' from command line to 'None'
[0.174s] Level 5:colcon.colcon_core.verb:set package 'scicobot_ultrasonic' build argument 'cmake_target' from command line to 'None'
[0.174s] Level 5:colcon.colcon_core.verb:set package 'scicobot_ultrasonic' build argument 'cmake_target_skip_unavailable' from command line to 'False'
[0.174s] Level 5:colcon.colcon_core.verb:set package 'scicobot_ultrasonic' build argument 'cmake_clean_cache' from command line to 'False'
[0.174s] Level 5:colcon.colcon_core.verb:set package 'scicobot_ultrasonic' build argument 'cmake_clean_first' from command line to 'False'
[0.174s] Level 5:colcon.colcon_core.verb:set package 'scicobot_ultrasonic' build argument 'cmake_force_configure' from command line to 'False'
[0.174s] Level 5:colcon.colcon_core.verb:set package 'scicobot_ultrasonic' build argument 'ament_cmake_args' from command line to 'None'
[0.174s] Level 5:colcon.colcon_core.verb:set package 'scicobot_ultrasonic' build argument 'catkin_cmake_args' from command line to 'None'
[0.174s] Level 5:colcon.colcon_core.verb:set package 'scicobot_ultrasonic' build argument 'catkin_skip_building_tests' from command line to 'False'
[0.174s] DEBUG:colcon.colcon_core.verb:Building package 'scicobot_ultrasonic' with the following arguments: {'ament_cmake_args': None, 'build_base': '/home/otavio/excluir/scicobot_rasp/build/scicobot_ultrasonic', 'catkin_cmake_args': None, 'catkin_skip_building_tests': False, 'cmake_args': None, 'cmake_clean_cache': False, 'cmake_clean_first': False, 'cmake_force_configure': False, 'cmake_target': None, 'cmake_target_skip_unavailable': False, 'install_base': '/home/otavio/excluir/scicobot_rasp/install/scicobot_ultrasonic', 'merge_install': False, 'path': '/home/otavio/excluir/scicobot_rasp/src/scicobot_ultrasonic', 'symlink_install': False, 'test_result_base': None}
[0.175s] Level 5:colcon.colcon_core.verb:set package 'test_cooperation_rasp' build argument 'cmake_args' from command line to 'None'
[0.175s] Level 5:colcon.colcon_core.verb:set package 'test_cooperation_rasp' build argument 'cmake_target' from command line to 'None'
[0.175s] Level 5:colcon.colcon_core.verb:set package 'test_cooperation_rasp' build argument 'cmake_target_skip_unavailable' from command line to 'False'
[0.175s] Level 5:colcon.colcon_core.verb:set package 'test_cooperation_rasp' build argument 'cmake_clean_cache' from command line to 'False'
[0.175s] Level 5:colcon.colcon_core.verb:set package 'test_cooperation_rasp' build argument 'cmake_clean_first' from command line to 'False'
[0.175s] Level 5:colcon.colcon_core.verb:set package 'test_cooperation_rasp' build argument 'cmake_force_configure' from command line to 'False'
[0.175s] Level 5:colcon.colcon_core.verb:set package 'test_cooperation_rasp' build argument 'ament_cmake_args' from command line to 'None'
[0.175s] Level 5:colcon.colcon_core.verb:set package 'test_cooperation_rasp' build argument 'catkin_cmake_args' from command line to 'None'
[0.175s] Level 5:colcon.colcon_core.verb:set package 'test_cooperation_rasp' build argument 'catkin_skip_building_tests' from command line to 'False'
[0.175s] DEBUG:colcon.colcon_core.verb:Building package 'test_cooperation_rasp' with the following arguments: {'ament_cmake_args': None, 'build_base': '/home/otavio/excluir/scicobot_rasp/build/test_cooperation_rasp', 'catkin_cmake_args': None, 'catkin_skip_building_tests': False, 'cmake_args': None, 'cmake_clean_cache': False, 'cmake_clean_first': False, 'cmake_force_configure': False, 'cmake_target': None, 'cmake_target_skip_unavailable': False, 'install_base': '/home/otavio/excluir/scicobot_rasp/install/test_cooperation_rasp', 'merge_install': False, 'path': '/home/otavio/excluir/scicobot_rasp/src/test_cooperation_rasp', 'symlink_install': False, 'test_result_base': None}
[0.176s] Level 5:colcon.colcon_core.verb:set package 'test_cooperation_scicobot' build argument 'cmake_args' from command line to 'None'
[0.176s] Level 5:colcon.colcon_core.verb:set package 'test_cooperation_scicobot' build argument 'cmake_target' from command line to 'None'
[0.176s] Level 5:colcon.colcon_core.verb:set package 'test_cooperation_scicobot' build argument 'cmake_target_skip_unavailable' from command line to 'False'
[0.176s] Level 5:colcon.colcon_core.verb:set package 'test_cooperation_scicobot' build argument 'cmake_clean_cache' from command line to 'False'
[0.176s] Level 5:colcon.colcon_core.verb:set package 'test_cooperation_scicobot' build argument 'cmake_clean_first' from command line to 'False'
[0.176s] Level 5:colcon.colcon_core.verb:set package 'test_cooperation_scicobot' build argument 'cmake_force_configure' from command line to 'False'
[0.176s] Level 5:colcon.colcon_core.verb:set package 'test_cooperation_scicobot' build argument 'ament_cmake_args' from command line to 'None'
[0.176s] Level 5:colcon.colcon_core.verb:set package 'test_cooperation_scicobot' build argument 'catkin_cmake_args' from command line to 'None'
[0.176s] Level 5:colcon.colcon_core.verb:set package 'test_cooperation_scicobot' build argument 'catkin_skip_building_tests' from command line to 'False'
[0.176s] DEBUG:colcon.colcon_core.verb:Building package 'test_cooperation_scicobot' with the following arguments: {'ament_cmake_args': None, 'build_base': '/home/otavio/excluir/scicobot_rasp/build/test_cooperation_scicobot', 'catkin_cmake_args': None, 'catkin_skip_building_tests': False, 'cmake_args': None, 'cmake_clean_cache': False, 'cmake_clean_first': False, 'cmake_force_configure': False, 'cmake_target': None, 'cmake_target_skip_unavailable': False, 'install_base': '/home/otavio/excluir/scicobot_rasp/install/test_cooperation_scicobot', 'merge_install': False, 'path': '/home/otavio/excluir/scicobot_rasp/src/test_cooperation_scicobot', 'symlink_install': False, 'test_result_base': None}
[0.177s] Level 5:colcon.colcon_core.verb:set package 'teste' build argument 'cmake_args' from command line to 'None'
[0.177s] Level 5:colcon.colcon_core.verb:set package 'teste' build argument 'cmake_target' from command line to 'None'
[0.177s] Level 5:colcon.colcon_core.verb:set package 'teste' build argument 'cmake_target_skip_unavailable' from command line to 'False'
[0.177s] Level 5:colcon.colcon_core.verb:set package 'teste' build argument 'cmake_clean_cache' from command line to 'False'
[0.177s] Level 5:colcon.colcon_core.verb:set package 'teste' build argument 'cmake_clean_first' from command line to 'False'
[0.177s] Level 5:colcon.colcon_core.verb:set package 'teste' build argument 'cmake_force_configure' from command line to 'False'
[0.177s] Level 5:colcon.colcon_core.verb:set package 'teste' build argument 'ament_cmake_args' from command line to 'None'
[0.177s] Level 5:colcon.colcon_core.verb:set package 'teste' build argument 'catkin_cmake_args' from command line to 'None'
[0.177s] Level 5:colcon.colcon_core.verb:set package 'teste' build argument 'catkin_skip_building_tests' from command line to 'False'
[0.177s] DEBUG:colcon.colcon_core.verb:Building package 'teste' with the following arguments: {'ament_cmake_args': None, 'build_base': '/home/otavio/excluir/scicobot_rasp/build/teste', 'catkin_cmake_args': None, 'catkin_skip_building_tests': False, 'cmake_args': None, 'cmake_clean_cache': False, 'cmake_clean_first': False, 'cmake_force_configure': False, 'cmake_target': None, 'cmake_target_skip_unavailable': False, 'install_base': '/home/otavio/excluir/scicobot_rasp/install/teste', 'merge_install': False, 'path': '/home/otavio/excluir/scicobot_rasp/src/teste', 'symlink_install': False, 'test_result_base': None}
[0.179s] INFO:colcon.colcon_core.executor:Executing jobs using 'parallel' executor
[0.181s] DEBUG:colcon.colcon_parallel_executor.executor.parallel:run_until_complete
[0.181s] INFO:colcon.colcon_ros.task.ament_cmake.build:Building ROS package in '/home/otavio/excluir/scicobot_rasp/src/publisher_teste' with build type 'ament_cmake'
[0.182s] INFO:colcon.colcon_cmake.task.cmake.build:Building CMake package in '/home/otavio/excluir/scicobot_rasp/src/publisher_teste'
[0.185s] INFO:colcon.colcon_core.plugin_system:Skipping extension 'colcon_core.shell.bat': Not used on non-Windows systems
[0.185s] INFO:colcon.colcon_core.shell:Skip shell extension 'powershell' for command environment: Not usable outside of PowerShell
[0.185s] DEBUG:colcon.colcon_core.shell:Skip shell extension 'dsv' for command environment
[0.189s] INFO:colcon.colcon_ros.task.ament_cmake.build:Building ROS package in '/home/otavio/excluir/scicobot_rasp/src/scicobot_encoder' with build type 'ament_cmake'
[0.189s] INFO:colcon.colcon_cmake.task.cmake.build:Building CMake package in '/home/otavio/excluir/scicobot_rasp/src/scicobot_encoder'
[0.190s] INFO:colcon.colcon_core.shell:Skip shell extension 'powershell' for command environment: Not usable outside of PowerShell
[0.190s] DEBUG:colcon.colcon_core.shell:Skip shell extension 'dsv' for command environment
[0.195s] INFO:colcon.colcon_ros.task.ament_cmake.build:Building ROS package in '/home/otavio/excluir/scicobot_rasp/src/scicobot_move_on' with build type 'ament_cmake'
[0.195s] INFO:colcon.colcon_cmake.task.cmake.build:Building CMake package in '/home/otavio/excluir/scicobot_rasp/src/scicobot_move_on'
[0.196s] INFO:colcon.colcon_core.shell:Skip shell extension 'powershell' for command environment: Not usable outside of PowerShell
[0.196s] DEBUG:colcon.colcon_core.shell:Skip shell extension 'dsv' for command environment
[0.201s] INFO:colcon.colcon_ros.task.ament_cmake.build:Building ROS package in '/home/otavio/excluir/scicobot_rasp/src/scicobot_ultrasonic' with build type 'ament_cmake'
[0.201s] INFO:colcon.colcon_cmake.task.cmake.build:Building CMake package in '/home/otavio/excluir/scicobot_rasp/src/scicobot_ultrasonic'
[0.202s] INFO:colcon.colcon_core.shell:Skip shell extension 'powershell' for command environment: Not usable outside of PowerShell
[0.202s] DEBUG:colcon.colcon_core.shell:Skip shell extension 'dsv' for command environment
[0.213s] DEBUG:colcon.colcon_core.event_handler.log_command:Invoking command in '/home/otavio/excluir/scicobot_rasp/build/publisher_teste': CMAKE_PREFIX_PATH=/opt/ros/foxy /usr/bin/cmake --build /home/otavio/excluir/scicobot_rasp/build/publisher_teste -- -j4 -l4
[0.222s] DEBUG:colcon.colcon_core.event_handler.log_command:Invoking command in '/home/otavio/excluir/scicobot_rasp/build/scicobot_encoder': CMAKE_PREFIX_PATH=/opt/ros/foxy /usr/bin/cmake --build /home/otavio/excluir/scicobot_rasp/build/scicobot_encoder -- -j4 -l4
[0.229s] DEBUG:colcon.colcon_core.event_handler.log_command:Invoking command in '/home/otavio/excluir/scicobot_rasp/build/scicobot_move_on': CMAKE_PREFIX_PATH=/opt/ros/foxy /usr/bin/cmake --build /home/otavio/excluir/scicobot_rasp/build/scicobot_move_on -- -j4 -l4
[0.235s] DEBUG:colcon.colcon_core.event_handler.log_command:Invoking command in '/home/otavio/excluir/scicobot_rasp/build/scicobot_ultrasonic': CMAKE_PREFIX_PATH=/opt/ros/foxy /usr/bin/cmake --build /home/otavio/excluir/scicobot_rasp/build/scicobot_ultrasonic -- -j4 -l4
[0.329s] DEBUG:colcon.colcon_core.event_handler.log_command:Invoked command in '/home/otavio/excluir/scicobot_rasp/build/scicobot_encoder' returned '0': CMAKE_PREFIX_PATH=/opt/ros/foxy /usr/bin/cmake --build /home/otavio/excluir/scicobot_rasp/build/scicobot_encoder -- -j4 -l4
[0.337s] DEBUG:colcon.colcon_core.event_handler.log_command:Invoked command in '/home/otavio/excluir/scicobot_rasp/build/scicobot_move_on' returned '0': CMAKE_PREFIX_PATH=/opt/ros/foxy /usr/bin/cmake --build /home/otavio/excluir/scicobot_rasp/build/scicobot_move_on -- -j4 -l4
[0.340s] DEBUG:colcon.colcon_core.event_handler.log_command:Invoked command in '/home/otavio/excluir/scicobot_rasp/build/publisher_teste' returned '0': CMAKE_PREFIX_PATH=/opt/ros/foxy /usr/bin/cmake --build /home/otavio/excluir/scicobot_rasp/build/publisher_teste -- -j4 -l4
[0.347s] DEBUG:colcon.colcon_core.event_handler.log_command:Invoked command in '/home/otavio/excluir/scicobot_rasp/build/scicobot_ultrasonic' returned '0': CMAKE_PREFIX_PATH=/opt/ros/foxy /usr/bin/cmake --build /home/otavio/excluir/scicobot_rasp/build/scicobot_ultrasonic -- -j4 -l4
[0.379s] DEBUG:colcon.colcon_core.event_handler.log_command:Invoking command in '/home/otavio/excluir/scicobot_rasp/build/scicobot_move_on': CMAKE_PREFIX_PATH=/opt/ros/foxy /usr/bin/cmake --install /home/otavio/excluir/scicobot_rasp/build/scicobot_move_on
[0.384s] DEBUG:colcon.colcon_core.event_handler.log_command:Invoking command in '/home/otavio/excluir/scicobot_rasp/build/scicobot_encoder': CMAKE_PREFIX_PATH=/opt/ros/foxy /usr/bin/cmake --install /home/otavio/excluir/scicobot_rasp/build/scicobot_encoder
[0.388s] DEBUG:colcon.colcon_core.event_handler.log_command:Invoking command in '/home/otavio/excluir/scicobot_rasp/build/scicobot_ultrasonic': CMAKE_PREFIX_PATH=/opt/ros/foxy /usr/bin/cmake --install /home/otavio/excluir/scicobot_rasp/build/scicobot_ultrasonic
[0.395s] DEBUG:colcon.colcon_core.event_handler.log_command:Invoking command in '/home/otavio/excluir/scicobot_rasp/build/publisher_teste': CMAKE_PREFIX_PATH=/opt/ros/foxy /usr/bin/cmake --install /home/otavio/excluir/scicobot_rasp/build/publisher_teste
[0.399s] Level 1:colcon.colcon_core.environment:create_environment_scripts_only(scicobot_move_on)
[0.403s] DEBUG:colcon.colcon_core.event_handler.log_command:Invoked command in '/home/otavio/excluir/scicobot_rasp/build/scicobot_move_on' returned '0': CMAKE_PREFIX_PATH=/opt/ros/foxy /usr/bin/cmake --install /home/otavio/excluir/scicobot_rasp/build/scicobot_move_on
[0.410s] Level 1:colcon.colcon_core.environment:checking '/home/otavio/excluir/scicobot_rasp/install/scicobot_move_on' for CMake module files
[0.411s] Level 1:colcon.colcon_core.environment:checking '/home/otavio/excluir/scicobot_rasp/install/scicobot_move_on' for CMake config files
[0.412s] Level 1:colcon.colcon_core.shell:create_environment_hook('scicobot_move_on', 'cmake_prefix_path')
[0.412s] INFO:colcon.colcon_core.shell:Creating environment hook '/home/otavio/excluir/scicobot_rasp/install/scicobot_move_on/share/scicobot_move_on/hook/cmake_prefix_path.ps1'
[0.413s] INFO:colcon.colcon_core.shell:Creating environment descriptor '/home/otavio/excluir/scicobot_rasp/install/scicobot_move_on/share/scicobot_move_on/hook/cmake_prefix_path.dsv'
[0.414s] INFO:colcon.colcon_core.shell:Creating environment hook '/home/otavio/excluir/scicobot_rasp/install/scicobot_move_on/share/scicobot_move_on/hook/cmake_prefix_path.sh'
[0.415s] Level 1:colcon.colcon_core.environment:checking '/home/otavio/excluir/scicobot_rasp/install/scicobot_move_on/lib'
[0.415s] Level 1:colcon.colcon_core.environment:checking '/home/otavio/excluir/scicobot_rasp/install/scicobot_move_on/bin'
[0.415s] Level 1:colcon.colcon_core.environment:checking '/home/otavio/excluir/scicobot_rasp/install/scicobot_move_on/lib/pkgconfig/scicobot_move_on.pc'
[0.415s] Level 1:colcon.colcon_core.environment:checking '/home/otavio/excluir/scicobot_rasp/install/scicobot_move_on/lib/python3.8/site-packages'
[0.416s] INFO:colcon.colcon_core.shell:Creating package script '/home/otavio/excluir/scicobot_rasp/install/scicobot_move_on/share/scicobot_move_on/package.ps1'
[0.417s] INFO:colcon.colcon_core.shell:Creating package descriptor '/home/otavio/excluir/scicobot_rasp/install/scicobot_move_on/share/scicobot_move_on/package.dsv'
[0.417s] INFO:colcon.colcon_core.shell:Creating package script '/home/otavio/excluir/scicobot_rasp/install/scicobot_move_on/share/scicobot_move_on/package.sh'
[0.418s] INFO:colcon.colcon_core.shell:Creating package script '/home/otavio/excluir/scicobot_rasp/install/scicobot_move_on/share/scicobot_move_on/package.bash'
[0.419s] INFO:colcon.colcon_core.shell:Creating package script '/home/otavio/excluir/scicobot_rasp/install/scicobot_move_on/share/scicobot_move_on/package.zsh'
[0.419s] Level 1:colcon.colcon_core.environment:create_file_with_runtime_dependencies(/home/otavio/excluir/scicobot_rasp/install/scicobot_move_on/share/colcon-core/packages/scicobot_move_on)
[0.422s] Level 1:colcon.colcon_core.environment:create_environment_scripts_only(scicobot_encoder)
[0.424s] Level 1:colcon.colcon_core.environment:checking '/home/otavio/excluir/scicobot_rasp/install/scicobot_encoder' for CMake module files
[0.425s] DEBUG:colcon.colcon_core.event_handler.log_command:Invoked command in '/home/otavio/excluir/scicobot_rasp/build/scicobot_encoder' returned '0': CMAKE_PREFIX_PATH=/opt/ros/foxy /usr/bin/cmake --install /home/otavio/excluir/scicobot_rasp/build/scicobot_encoder
[0.425s] Level 1:colcon.colcon_core.environment:checking '/home/otavio/excluir/scicobot_rasp/install/scicobot_encoder' for CMake config files
[0.425s] Level 1:colcon.colcon_core.shell:create_environment_hook('scicobot_encoder', 'cmake_prefix_path')
[0.426s] INFO:colcon.colcon_core.shell:Creating environment hook '/home/otavio/excluir/scicobot_rasp/install/scicobot_encoder/share/scicobot_encoder/hook/cmake_prefix_path.ps1'
[0.426s] INFO:colcon.colcon_core.shell:Creating environment descriptor '/home/otavio/excluir/scicobot_rasp/install/scicobot_encoder/share/scicobot_encoder/hook/cmake_prefix_path.dsv'
[0.427s] INFO:colcon.colcon_core.shell:Creating environment hook '/home/otavio/excluir/scicobot_rasp/install/scicobot_encoder/share/scicobot_encoder/hook/cmake_prefix_path.sh'
[0.427s] Level 1:colcon.colcon_core.environment:checking '/home/otavio/excluir/scicobot_rasp/install/scicobot_encoder/lib'
[0.427s] Level 1:colcon.colcon_core.environment:checking '/home/otavio/excluir/scicobot_rasp/install/scicobot_encoder/bin'
[0.427s] Level 1:colcon.colcon_core.environment:checking '/home/otavio/excluir/scicobot_rasp/install/scicobot_encoder/lib/pkgconfig/scicobot_encoder.pc'
[0.427s] Level 1:colcon.colcon_core.environment:checking '/home/otavio/excluir/scicobot_rasp/install/scicobot_encoder/lib/python3.8/site-packages'
[0.428s] INFO:colcon.colcon_core.shell:Creating package script '/home/otavio/excluir/scicobot_rasp/install/scicobot_encoder/share/scicobot_encoder/package.ps1'
[0.428s] INFO:colcon.colcon_core.shell:Creating package descriptor '/home/otavio/excluir/scicobot_rasp/install/scicobot_encoder/share/scicobot_encoder/package.dsv'
[0.429s] INFO:colcon.colcon_core.shell:Creating package script '/home/otavio/excluir/scicobot_rasp/install/scicobot_encoder/share/scicobot_encoder/package.sh'
[0.429s] INFO:colcon.colcon_core.shell:Creating package script '/home/otavio/excluir/scicobot_rasp/install/scicobot_encoder/share/scicobot_encoder/package.bash'
[0.429s] INFO:colcon.colcon_core.shell:Creating package script '/home/otavio/excluir/scicobot_rasp/install/scicobot_encoder/share/scicobot_encoder/package.zsh'
[0.430s] Level 1:colcon.colcon_core.environment:create_file_with_runtime_dependencies(/home/otavio/excluir/scicobot_rasp/install/scicobot_encoder/share/colcon-core/packages/scicobot_encoder)
[0.433s] Level 1:colcon.colcon_core.environment:create_environment_scripts_only(scicobot_ultrasonic)
[0.434s] Level 1:colcon.colcon_core.environment:checking '/home/otavio/excluir/scicobot_rasp/install/scicobot_ultrasonic' for CMake module files
[0.435s] DEBUG:colcon.colcon_core.event_handler.log_command:Invoked command in '/home/otavio/excluir/scicobot_rasp/build/scicobot_ultrasonic' returned '0': CMAKE_PREFIX_PATH=/opt/ros/foxy /usr/bin/cmake --install /home/otavio/excluir/scicobot_rasp/build/scicobot_ultrasonic
[0.435s] Level 1:colcon.colcon_core.environment:checking '/home/otavio/excluir/scicobot_rasp/install/scicobot_ultrasonic' for CMake config files
[0.436s] Level 1:colcon.colcon_core.shell:create_environment_hook('scicobot_ultrasonic', 'cmake_prefix_path')
[0.436s] INFO:colcon.colcon_core.shell:Creating environment hook '/home/otavio/excluir/scicobot_rasp/install/scicobot_ultrasonic/share/scicobot_ultrasonic/hook/cmake_prefix_path.ps1'
[0.437s] INFO:colcon.colcon_core.shell:Creating environment descriptor '/home/otavio/excluir/scicobot_rasp/install/scicobot_ultrasonic/share/scicobot_ultrasonic/hook/cmake_prefix_path.dsv'
[0.437s] INFO:colcon.colcon_core.shell:Creating environment hook '/home/otavio/excluir/scicobot_rasp/install/scicobot_ultrasonic/share/scicobot_ultrasonic/hook/cmake_prefix_path.sh'
[0.438s] Level 1:colcon.colcon_core.environment:checking '/home/otavio/excluir/scicobot_rasp/install/scicobot_ultrasonic/lib'
[0.438s] Level 1:colcon.colcon_core.environment:checking '/home/otavio/excluir/scicobot_rasp/install/scicobot_ultrasonic/bin'
[0.438s] Level 1:colcon.colcon_core.environment:checking '/home/otavio/excluir/scicobot_rasp/install/scicobot_ultrasonic/lib/pkgconfig/scicobot_ultrasonic.pc'
[0.438s] Level 1:colcon.colcon_core.environment:checking '/home/otavio/excluir/scicobot_rasp/install/scicobot_ultrasonic/lib/python3.8/site-packages'
[0.439s] INFO:colcon.colcon_core.shell:Creating package script '/home/otavio/excluir/scicobot_rasp/install/scicobot_ultrasonic/share/scicobot_ultrasonic/package.ps1'
[0.439s] INFO:colcon.colcon_core.shell:Creating package descriptor '/home/otavio/excluir/scicobot_rasp/install/scicobot_ultrasonic/share/scicobot_ultrasonic/package.dsv'
[0.440s] INFO:colcon.colcon_core.shell:Creating package script '/home/otavio/excluir/scicobot_rasp/install/scicobot_ultrasonic/share/scicobot_ultrasonic/package.sh'
[0.440s] INFO:colcon.colcon_core.shell:Creating package script '/home/otavio/excluir/scicobot_rasp/install/scicobot_ultrasonic/share/scicobot_ultrasonic/package.bash'
[0.440s] INFO:colcon.colcon_core.shell:Creating package script '/home/otavio/excluir/scicobot_rasp/install/scicobot_ultrasonic/share/scicobot_ultrasonic/package.zsh'
[0.441s] Level 1:colcon.colcon_core.environment:create_file_with_runtime_dependencies(/home/otavio/excluir/scicobot_rasp/install/scicobot_ultrasonic/share/colcon-core/packages/scicobot_ultrasonic)
[0.444s] Level 1:colcon.colcon_core.environment:create_environment_scripts_only(publisher_teste)
[0.445s] Level 1:colcon.colcon_core.environment:checking '/home/otavio/excluir/scicobot_rasp/install/publisher_teste' for CMake module files
[0.446s] DEBUG:colcon.colcon_core.event_handler.log_command:Invoked command in '/home/otavio/excluir/scicobot_rasp/build/publisher_teste' returned '0': CMAKE_PREFIX_PATH=/opt/ros/foxy /usr/bin/cmake --install /home/otavio/excluir/scicobot_rasp/build/publisher_teste
[0.446s] Level 1:colcon.colcon_core.environment:checking '/home/otavio/excluir/scicobot_rasp/install/publisher_teste' for CMake config files
[0.447s] Level 1:colcon.colcon_core.shell:create_environment_hook('publisher_teste', 'cmake_prefix_path')
[0.447s] INFO:colcon.colcon_core.shell:Creating environment hook '/home/otavio/excluir/scicobot_rasp/install/publisher_teste/share/publisher_teste/hook/cmake_prefix_path.ps1'
[0.448s] INFO:colcon.colcon_core.shell:Creating environment descriptor '/home/otavio/excluir/scicobot_rasp/install/publisher_teste/share/publisher_teste/hook/cmake_prefix_path.dsv'
[0.448s] INFO:colcon.colcon_core.shell:Creating environment hook '/home/otavio/excluir/scicobot_rasp/install/publisher_teste/share/publisher_teste/hook/cmake_prefix_path.sh'
[0.449s] Level 1:colcon.colcon_core.environment:checking '/home/otavio/excluir/scicobot_rasp/install/publisher_teste/lib'
[0.449s] Level 1:colcon.colcon_core.environment:checking '/home/otavio/excluir/scicobot_rasp/install/publisher_teste/bin'
[0.449s] Level 1:colcon.colcon_core.environment:checking '/home/otavio/excluir/scicobot_rasp/install/publisher_teste/lib/pkgconfig/publisher_teste.pc'
[0.449s] Level 1:colcon.colcon_core.environment:checking '/home/otavio/excluir/scicobot_rasp/install/publisher_teste/lib/python3.8/site-packages'
[0.450s] INFO:colcon.colcon_core.shell:Creating package script '/home/otavio/excluir/scicobot_rasp/install/publisher_teste/share/publisher_teste/package.ps1'
[0.450s] INFO:colcon.colcon_core.shell:Creating package descriptor '/home/otavio/excluir/scicobot_rasp/install/publisher_teste/share/publisher_teste/package.dsv'
[0.450s] INFO:colcon.colcon_core.shell:Creating package script '/home/otavio/excluir/scicobot_rasp/install/publisher_teste/share/publisher_teste/package.sh'
[0.451s] INFO:colcon.colcon_core.shell:Creating package script '/home/otavio/excluir/scicobot_rasp/install/publisher_teste/share/publisher_teste/package.bash'
[0.451s] INFO:colcon.colcon_core.shell:Creating package script '/home/otavio/excluir/scicobot_rasp/install/publisher_teste/share/publisher_teste/package.zsh'
[0.452s] Level 1:colcon.colcon_core.environment:create_file_with_runtime_dependencies(/home/otavio/excluir/scicobot_rasp/install/publisher_teste/share/colcon-core/packages/publisher_teste)
[0.457s] Level 1:colcon.colcon_core.environment:create_environment_scripts_only(scicobot_move_on)
[0.459s] Level 1:colcon.colcon_core.environment:checking '/home/otavio/excluir/scicobot_rasp/install/scicobot_move_on' for CMake module files
[0.459s] Level 1:colcon.colcon_core.environment:checking '/home/otavio/excluir/scicobot_rasp/install/scicobot_move_on' for CMake config files
[0.460s] Level 1:colcon.colcon_core.shell:create_environment_hook('scicobot_move_on', 'cmake_prefix_path')
[0.461s] INFO:colcon.colcon_core.shell:Creating environment hook '/home/otavio/excluir/scicobot_rasp/install/scicobot_move_on/share/scicobot_move_on/hook/cmake_prefix_path.ps1'
[0.461s] INFO:colcon.colcon_core.shell:Creating environment descriptor '/home/otavio/excluir/scicobot_rasp/install/scicobot_move_on/share/scicobot_move_on/hook/cmake_prefix_path.dsv'
[0.462s] INFO:colcon.colcon_core.shell:Creating environment hook '/home/otavio/excluir/scicobot_rasp/install/scicobot_move_on/share/scicobot_move_on/hook/cmake_prefix_path.sh'
[0.463s] Level 1:colcon.colcon_core.environment:checking '/home/otavio/excluir/scicobot_rasp/install/scicobot_move_on/lib'
[0.463s] Level 1:colcon.colcon_core.environment:checking '/home/otavio/excluir/scicobot_rasp/install/scicobot_move_on/bin'
[0.463s] Level 1:colcon.colcon_core.environment:checking '/home/otavio/excluir/scicobot_rasp/install/scicobot_move_on/lib/pkgconfig/scicobot_move_on.pc'
[0.463s] Level 1:colcon.colcon_core.environment:checking '/home/otavio/excluir/scicobot_rasp/install/scicobot_move_on/lib/python3.8/site-packages'
[0.464s] INFO:colcon.colcon_core.shell:Creating package script '/home/otavio/excluir/scicobot_rasp/install/scicobot_move_on/share/scicobot_move_on/package.ps1'
[0.465s] INFO:colcon.colcon_core.shell:Creating package descriptor '/home/otavio/excluir/scicobot_rasp/install/scicobot_move_on/share/scicobot_move_on/package.dsv'
[0.465s] INFO:colcon.colcon_core.shell:Creating package script '/home/otavio/excluir/scicobot_rasp/install/scicobot_move_on/share/scicobot_move_on/package.sh'
[0.466s] INFO:colcon.colcon_core.shell:Creating package script '/home/otavio/excluir/scicobot_rasp/install/scicobot_move_on/share/scicobot_move_on/package.bash'
[0.466s] INFO:colcon.colcon_core.shell:Creating package script '/home/otavio/excluir/scicobot_rasp/install/scicobot_move_on/share/scicobot_move_on/package.zsh'
[0.467s] Level 1:colcon.colcon_core.environment:create_file_with_runtime_dependencies(/home/otavio/excluir/scicobot_rasp/install/scicobot_move_on/share/colcon-core/packages/scicobot_move_on)
[0.468s] INFO:colcon.colcon_ros.task.ament_cmake.build:Building ROS package in '/home/otavio/excluir/scicobot_rasp/src/test_cooperation_rasp' with build type 'ament_cmake'
[0.469s] INFO:colcon.colcon_cmake.task.cmake.build:Building CMake package in '/home/otavio/excluir/scicobot_rasp/src/test_cooperation_rasp'
[0.469s] INFO:colcon.colcon_core.shell:Skip shell extension 'powershell' for command environment: Not usable outside of PowerShell
[0.470s] DEBUG:colcon.colcon_core.shell:Skip shell extension 'dsv' for command environment
[0.475s] Level 1:colcon.colcon_core.environment:create_environment_scripts_only(scicobot_encoder)
[0.476s] Level 1:colcon.colcon_core.environment:checking '/home/otavio/excluir/scicobot_rasp/install/scicobot_encoder' for CMake module files
[0.477s] Level 1:colcon.colcon_core.environment:checking '/home/otavio/excluir/scicobot_rasp/install/scicobot_encoder' for CMake config files
[0.477s] Level 1:colcon.colcon_core.shell:create_environment_hook('scicobot_encoder', 'cmake_prefix_path')
[0.477s] INFO:colcon.colcon_core.shell:Creating environment hook '/home/otavio/excluir/scicobot_rasp/install/scicobot_encoder/share/scicobot_encoder/hook/cmake_prefix_path.ps1'
[0.478s] INFO:colcon.colcon_core.shell:Creating environment descriptor '/home/otavio/excluir/scicobot_rasp/install/scicobot_encoder/share/scicobot_encoder/hook/cmake_prefix_path.dsv'
[0.478s] INFO:colcon.colcon_core.shell:Creating environment hook '/home/otavio/excluir/scicobot_rasp/install/scicobot_encoder/share/scicobot_encoder/hook/cmake_prefix_path.sh'
[0.479s] Level 1:colcon.colcon_core.environment:checking '/home/otavio/excluir/scicobot_rasp/install/scicobot_encoder/lib'
[0.479s] Level 1:colcon.colcon_core.environment:checking '/home/otavio/excluir/scicobot_rasp/install/scicobot_encoder/bin'
[0.479s] Level 1:colcon.colcon_core.environment:checking '/home/otavio/excluir/scicobot_rasp/install/scicobot_encoder/lib/pkgconfig/scicobot_encoder.pc'
[0.479s] Level 1:colcon.colcon_core.environment:checking '/home/otavio/excluir/scicobot_rasp/install/scicobot_encoder/lib/python3.8/site-packages'
[0.480s] INFO:colcon.colcon_core.shell:Creating package script '/home/otavio/excluir/scicobot_rasp/install/scicobot_encoder/share/scicobot_encoder/package.ps1'
[0.481s] INFO:colcon.colcon_core.shell:Creating package descriptor '/home/otavio/excluir/scicobot_rasp/install/scicobot_encoder/share/scicobot_encoder/package.dsv'
[0.482s] INFO:colcon.colcon_core.shell:Creating package script '/home/otavio/excluir/scicobot_rasp/install/scicobot_encoder/share/scicobot_encoder/package.sh'
[0.483s] INFO:colcon.colcon_core.shell:Creating package script '/home/otavio/excluir/scicobot_rasp/install/scicobot_encoder/share/scicobot_encoder/package.bash'
[0.483s] INFO:colcon.colcon_core.shell:Creating package script '/home/otavio/excluir/scicobot_rasp/install/scicobot_encoder/share/scicobot_encoder/package.zsh'
[0.484s] Level 1:colcon.colcon_core.environment:create_file_with_runtime_dependencies(/home/otavio/excluir/scicobot_rasp/install/scicobot_encoder/share/colcon-core/packages/scicobot_encoder)
[0.485s] INFO:colcon.colcon_ros.task.ament_cmake.build:Building ROS package in '/home/otavio/excluir/scicobot_rasp/src/test_cooperation_scicobot' with build type 'ament_cmake'
[0.486s] INFO:colcon.colcon_cmake.task.cmake.build:Building CMake package in '/home/otavio/excluir/scicobot_rasp/src/test_cooperation_scicobot'
[0.486s] INFO:colcon.colcon_core.shell:Skip shell extension 'powershell' for command environment: Not usable outside of PowerShell
[0.487s] DEBUG:colcon.colcon_core.shell:Skip shell extension 'dsv' for command environment
[0.492s] Level 1:colcon.colcon_core.environment:create_environment_scripts_only(scicobot_ultrasonic)
[0.493s] Level 1:colcon.colcon_core.environment:checking '/home/otavio/excluir/scicobot_rasp/install/scicobot_ultrasonic' for CMake module files
[0.493s] Level 1:colcon.colcon_core.environment:checking '/home/otavio/excluir/scicobot_rasp/install/scicobot_ultrasonic' for CMake config files
[0.494s] Level 1:colcon.colcon_core.shell:create_environment_hook('scicobot_ultrasonic', 'cmake_prefix_path')
[0.494s] INFO:colcon.colcon_core.shell:Creating environment hook '/home/otavio/excluir/scicobot_rasp/install/scicobot_ultrasonic/share/scicobot_ultrasonic/hook/cmake_prefix_path.ps1'
[0.495s] INFO:colcon.colcon_core.shell:Creating environment descriptor '/home/otavio/excluir/scicobot_rasp/install/scicobot_ultrasonic/share/scicobot_ultrasonic/hook/cmake_prefix_path.dsv'
[0.495s] INFO:colcon.colcon_core.shell:Creating environment hook '/home/otavio/excluir/scicobot_rasp/install/scicobot_ultrasonic/share/scicobot_ultrasonic/hook/cmake_prefix_path.sh'
[0.496s] Level 1:colcon.colcon_core.environment:checking '/home/otavio/excluir/scicobot_rasp/install/scicobot_ultrasonic/lib'
[0.496s] Level 1:colcon.colcon_core.environment:checking '/home/otavio/excluir/scicobot_rasp/install/scicobot_ultrasonic/bin'
[0.496s] Level 1:colcon.colcon_core.environment:checking '/home/otavio/excluir/scicobot_rasp/install/scicobot_ultrasonic/lib/pkgconfig/scicobot_ultrasonic.pc'
[0.496s] Level 1:colcon.colcon_core.environment:checking '/home/otavio/excluir/scicobot_rasp/install/scicobot_ultrasonic/lib/python3.8/site-packages'
[0.497s] INFO:colcon.colcon_core.shell:Creating package script '/home/otavio/excluir/scicobot_rasp/install/scicobot_ultrasonic/share/scicobot_ultrasonic/package.ps1'
[0.498s] INFO:colcon.colcon_core.shell:Creating package descriptor '/home/otavio/excluir/scicobot_rasp/install/scicobot_ultrasonic/share/scicobot_ultrasonic/package.dsv'
[0.498s] INFO:colcon.colcon_core.shell:Creating package script '/home/otavio/excluir/scicobot_rasp/install/scicobot_ultrasonic/share/scicobot_ultrasonic/package.sh'
[0.499s] INFO:colcon.colcon_core.shell:Creating package script '/home/otavio/excluir/scicobot_rasp/install/scicobot_ultrasonic/share/scicobot_ultrasonic/package.bash'
[0.500s] INFO:colcon.colcon_core.shell:Creating package script '/home/otavio/excluir/scicobot_rasp/install/scicobot_ultrasonic/share/scicobot_ultrasonic/package.zsh'
[0.500s] Level 1:colcon.colcon_core.environment:create_file_with_runtime_dependencies(/home/otavio/excluir/scicobot_rasp/install/scicobot_ultrasonic/share/colcon-core/packages/scicobot_ultrasonic)
[0.502s] INFO:colcon.colcon_ros.task.ament_cmake.build:Building ROS package in '/home/otavio/excluir/scicobot_rasp/src/teste' with build type 'ament_cmake'
[0.502s] INFO:colcon.colcon_cmake.task.cmake.build:Building CMake package in '/home/otavio/excluir/scicobot_rasp/src/teste'
[0.502s] INFO:colcon.colcon_core.shell:Skip shell extension 'powershell' for command environment: Not usable outside of PowerShell
[0.503s] DEBUG:colcon.colcon_core.shell:Skip shell extension 'dsv' for command environment
[0.509s] Level 1:colcon.colcon_core.environment:create_environment_scripts_only(publisher_teste)
[0.510s] Level 1:colcon.colcon_core.environment:checking '/home/otavio/excluir/scicobot_rasp/install/publisher_teste' for CMake module files
[0.511s] Level 1:colcon.colcon_core.environment:checking '/home/otavio/excluir/scicobot_rasp/install/publisher_teste' for CMake config files
[0.511s] Level 1:colcon.colcon_core.shell:create_environment_hook('publisher_teste', 'cmake_prefix_path')
[0.511s] INFO:colcon.colcon_core.shell:Creating environment hook '/home/otavio/excluir/scicobot_rasp/install/publisher_teste/share/publisher_teste/hook/cmake_prefix_path.ps1'
[0.512s] INFO:colcon.colcon_core.shell:Creating environment descriptor '/home/otavio/excluir/scicobot_rasp/install/publisher_teste/share/publisher_teste/hook/cmake_prefix_path.dsv'
[0.512s] INFO:colcon.colcon_core.shell:Creating environment hook '/home/otavio/excluir/scicobot_rasp/install/publisher_teste/share/publisher_teste/hook/cmake_prefix_path.sh'
[0.512s] Level 1:colcon.colcon_core.environment:checking '/home/otavio/excluir/scicobot_rasp/install/publisher_teste/lib'
[0.512s] Level 1:colcon.colcon_core.environment:checking '/home/otavio/excluir/scicobot_rasp/install/publisher_teste/bin'
[0.512s] Level 1:colcon.colcon_core.environment:checking '/home/otavio/excluir/scicobot_rasp/install/publisher_teste/lib/pkgconfig/publisher_teste.pc'
[0.513s] Level 1:colcon.colcon_core.environment:checking '/home/otavio/excluir/scicobot_rasp/install/publisher_teste/lib/python3.8/site-packages'
[0.513s] INFO:colcon.colcon_core.shell:Creating package script '/home/otavio/excluir/scicobot_rasp/install/publisher_teste/share/publisher_teste/package.ps1'
[0.513s] INFO:colcon.colcon_core.shell:Creating package descriptor '/home/otavio/excluir/scicobot_rasp/install/publisher_teste/share/publisher_teste/package.dsv'
[0.514s] INFO:colcon.colcon_core.shell:Creating package script '/home/otavio/excluir/scicobot_rasp/install/publisher_teste/share/publisher_teste/package.sh'
[0.514s] INFO:colcon.colcon_core.shell:Creating package script '/home/otavio/excluir/scicobot_rasp/install/publisher_teste/share/publisher_teste/package.bash'
[0.515s] INFO:colcon.colcon_core.shell:Creating package script '/home/otavio/excluir/scicobot_rasp/install/publisher_teste/share/publisher_teste/package.zsh'
[0.515s] Level 1:colcon.colcon_core.environment:create_file_with_runtime_dependencies(/home/otavio/excluir/scicobot_rasp/install/publisher_teste/share/colcon-core/packages/publisher_teste)
[0.520s] DEBUG:colcon.colcon_core.event_handler.log_command:Invoking command in '/home/otavio/excluir/scicobot_rasp/build/test_cooperation_rasp': CMAKE_PREFIX_PATH=/opt/ros/foxy /usr/bin/cmake --build /home/otavio/excluir/scicobot_rasp/build/test_cooperation_rasp -- -j4 -l4
[0.526s] DEBUG:colcon.colcon_core.event_handler.log_command:Invoking command in '/home/otavio/excluir/scicobot_rasp/build/test_cooperation_scicobot': CMAKE_PREFIX_PATH=/opt/ros/foxy /usr/bin/cmake --build /home/otavio/excluir/scicobot_rasp/build/test_cooperation_scicobot -- -j4 -l4
[0.537s] DEBUG:colcon.colcon_core.event_handler.log_command:Invoking command in '/home/otavio/excluir/scicobot_rasp/build/teste': CMAKE_PREFIX_PATH=/opt/ros/foxy /usr/bin/cmake --build /home/otavio/excluir/scicobot_rasp/build/teste -- -j4 -l4
[0.613s] DEBUG:colcon.colcon_core.event_handler.log_command:Invoked command in '/home/otavio/excluir/scicobot_rasp/build/test_cooperation_rasp' returned '0': CMAKE_PREFIX_PATH=/opt/ros/foxy /usr/bin/cmake --build /home/otavio/excluir/scicobot_rasp/build/test_cooperation_rasp -- -j4 -l4
[0.622s] DEBUG:colcon.colcon_core.event_handler.log_command:Invoked command in '/home/otavio/excluir/scicobot_rasp/build/teste' returned '0': CMAKE_PREFIX_PATH=/opt/ros/foxy /usr/bin/cmake --build /home/otavio/excluir/scicobot_rasp/build/teste -- -j4 -l4
[0.645s] DEBUG:colcon.colcon_core.event_handler.log_command:Invoking command in '/home/otavio/excluir/scicobot_rasp/build/test_cooperation_rasp': CMAKE_PREFIX_PATH=/opt/ros/foxy /usr/bin/cmake --install /home/otavio/excluir/scicobot_rasp/build/test_cooperation_rasp
[0.655s] DEBUG:colcon.colcon_core.event_handler.log_command:Invoking command in '/home/otavio/excluir/scicobot_rasp/build/teste': CMAKE_PREFIX_PATH=/opt/ros/foxy /usr/bin/cmake --install /home/otavio/excluir/scicobot_rasp/build/teste
[0.660s] Level 1:colcon.colcon_core.environment:create_environment_scripts_only(test_cooperation_rasp)
[0.660s] DEBUG:colcon.colcon_core.event_handler.log_command:Invoked command in '/home/otavio/excluir/scicobot_rasp/build/test_cooperation_rasp' returned '0': CMAKE_PREFIX_PATH=/opt/ros/foxy /usr/bin/cmake --install /home/otavio/excluir/scicobot_rasp/build/test_cooperation_rasp
[0.662s] Level 1:colcon.colcon_core.environment:checking '/home/otavio/excluir/scicobot_rasp/install/test_cooperation_rasp' for CMake module files
[0.662s] Level 1:colcon.colcon_core.environment:checking '/home/otavio/excluir/scicobot_rasp/install/test_cooperation_rasp' for CMake config files
[0.663s] Level 1:colcon.colcon_core.shell:create_environment_hook('test_cooperation_rasp', 'cmake_prefix_path')
[0.664s] INFO:colcon.colcon_core.shell:Creating environment hook '/home/otavio/excluir/scicobot_rasp/install/test_cooperation_rasp/share/test_cooperation_rasp/hook/cmake_prefix_path.ps1'
[0.666s] INFO:colcon.colcon_core.shell:Creating environment descriptor '/home/otavio/excluir/scicobot_rasp/install/test_cooperation_rasp/share/test_cooperation_rasp/hook/cmake_prefix_path.dsv'
[0.667s] INFO:colcon.colcon_core.shell:Creating environment hook '/home/otavio/excluir/scicobot_rasp/install/test_cooperation_rasp/share/test_cooperation_rasp/hook/cmake_prefix_path.sh'
[0.668s] Level 1:colcon.colcon_core.environment:checking '/home/otavio/excluir/scicobot_rasp/install/test_cooperation_rasp/lib'
[0.668s] Level 1:colcon.colcon_core.environment:checking '/home/otavio/excluir/scicobot_rasp/install/test_cooperation_rasp/bin'
[0.668s] Level 1:colcon.colcon_core.environment:checking '/home/otavio/excluir/scicobot_rasp/install/test_cooperation_rasp/lib/pkgconfig/test_cooperation_rasp.pc'
[0.668s] Level 1:colcon.colcon_core.environment:checking '/home/otavio/excluir/scicobot_rasp/install/test_cooperation_rasp/lib/python3.8/site-packages'
[0.668s] INFO:colcon.colcon_core.shell:Creating package script '/home/otavio/excluir/scicobot_rasp/install/test_cooperation_rasp/share/test_cooperation_rasp/package.ps1'
[0.669s] INFO:colcon.colcon_core.shell:Creating package descriptor '/home/otavio/excluir/scicobot_rasp/install/test_cooperation_rasp/share/test_cooperation_rasp/package.dsv'
[0.669s] INFO:colcon.colcon_core.shell:Creating package script '/home/otavio/excluir/scicobot_rasp/install/test_cooperation_rasp/share/test_cooperation_rasp/package.sh'
[0.670s] INFO:colcon.colcon_core.shell:Creating package script '/home/otavio/excluir/scicobot_rasp/install/test_cooperation_rasp/share/test_cooperation_rasp/package.bash'
[0.670s] INFO:colcon.colcon_core.shell:Creating package script '/home/otavio/excluir/scicobot_rasp/install/test_cooperation_rasp/share/test_cooperation_rasp/package.zsh'
[0.670s] Level 1:colcon.colcon_core.environment:create_file_with_runtime_dependencies(/home/otavio/excluir/scicobot_rasp/install/test_cooperation_rasp/share/colcon-core/packages/test_cooperation_rasp)
[0.674s] Level 1:colcon.colcon_core.environment:create_environment_scripts_only(teste)
[0.676s] Level 1:colcon.colcon_core.environment:checking '/home/otavio/excluir/scicobot_rasp/install/teste' for CMake module files
[0.677s] DEBUG:colcon.colcon_core.event_handler.log_command:Invoked command in '/home/otavio/excluir/scicobot_rasp/build/teste' returned '0': CMAKE_PREFIX_PATH=/opt/ros/foxy /usr/bin/cmake --install /home/otavio/excluir/scicobot_rasp/build/teste
[0.677s] Level 1:colcon.colcon_core.environment:checking '/home/otavio/excluir/scicobot_rasp/install/teste' for CMake config files
[0.678s] Level 1:colcon.colcon_core.shell:create_environment_hook('teste', 'cmake_prefix_path')
[0.678s] INFO:colcon.colcon_core.shell:Creating environment hook '/home/otavio/excluir/scicobot_rasp/install/teste/share/teste/hook/cmake_prefix_path.ps1'
[0.679s] INFO:colcon.colcon_core.shell:Creating environment descriptor '/home/otavio/excluir/scicobot_rasp/install/teste/share/teste/hook/cmake_prefix_path.dsv'
[0.680s] INFO:colcon.colcon_core.shell:Creating environment hook '/home/otavio/excluir/scicobot_rasp/install/teste/share/teste/hook/cmake_prefix_path.sh'
[0.680s] Level 1:colcon.colcon_core.environment:checking '/home/otavio/excluir/scicobot_rasp/install/teste/lib'
[0.681s] Level 1:colcon.colcon_core.environment:checking '/home/otavio/excluir/scicobot_rasp/install/teste/bin'
[0.681s] Level 1:colcon.colcon_core.environment:checking '/home/otavio/excluir/scicobot_rasp/install/teste/lib/pkgconfig/teste.pc'
[0.681s] Level 1:colcon.colcon_core.environment:checking '/home/otavio/excluir/scicobot_rasp/install/teste/lib/python3.8/site-packages'
[0.682s] INFO:colcon.colcon_core.shell:Creating package script '/home/otavio/excluir/scicobot_rasp/install/teste/share/teste/package.ps1'
[0.683s] INFO:colcon.colcon_core.shell:Creating package descriptor '/home/otavio/excluir/scicobot_rasp/install/teste/share/teste/package.dsv'
[0.683s] INFO:colcon.colcon_core.shell:Creating package script '/home/otavio/excluir/scicobot_rasp/install/teste/share/teste/package.sh'
[0.683s] INFO:colcon.colcon_core.shell:Creating package script '/home/otavio/excluir/scicobot_rasp/install/teste/share/teste/package.bash'
[0.684s] INFO:colcon.colcon_core.shell:Creating package script '/home/otavio/excluir/scicobot_rasp/install/teste/share/teste/package.zsh'
[0.684s] Level 1:colcon.colcon_core.environment:create_file_with_runtime_dependencies(/home/otavio/excluir/scicobot_rasp/install/teste/share/colcon-core/packages/teste)
[0.707s] Level 1:colcon.colcon_core.environment:create_environment_scripts_only(test_cooperation_rasp)
[0.708s] Level 1:colcon.colcon_core.environment:checking '/home/otavio/excluir/scicobot_rasp/install/test_cooperation_rasp' for CMake module files
[0.708s] Level 1:colcon.colcon_core.environment:checking '/home/otavio/excluir/scicobot_rasp/install/test_cooperation_rasp' for CMake config files
[0.708s] Level 1:colcon.colcon_core.shell:create_environment_hook('test_cooperation_rasp', 'cmake_prefix_path')
[0.709s] INFO:colcon.colcon_core.shell:Creating environment hook '/home/otavio/excluir/scicobot_rasp/install/test_cooperation_rasp/share/test_cooperation_rasp/hook/cmake_prefix_path.ps1'
[0.709s] INFO:colcon.colcon_core.shell:Creating environment descriptor '/home/otavio/excluir/scicobot_rasp/install/test_cooperation_rasp/share/test_cooperation_rasp/hook/cmake_prefix_path.dsv'
[0.710s] INFO:colcon.colcon_core.shell:Creating environment hook '/home/otavio/excluir/scicobot_rasp/install/test_cooperation_rasp/share/test_cooperation_rasp/hook/cmake_prefix_path.sh'
[0.711s] Level 1:colcon.colcon_core.environment:checking '/home/otavio/excluir/scicobot_rasp/install/test_cooperation_rasp/lib'
[0.711s] Level 1:colcon.colcon_core.environment:checking '/home/otavio/excluir/scicobot_rasp/install/test_cooperation_rasp/bin'
[0.711s] Level 1:colcon.colcon_core.environment:checking '/home/otavio/excluir/scicobot_rasp/install/test_cooperation_rasp/lib/pkgconfig/test_cooperation_rasp.pc'
[0.711s] Level 1:colcon.colcon_core.environment:checking '/home/otavio/excluir/scicobot_rasp/install/test_cooperation_rasp/lib/python3.8/site-packages'
[0.712s] INFO:colcon.colcon_core.shell:Creating package script '/home/otavio/excluir/scicobot_rasp/install/test_cooperation_rasp/share/test_cooperation_rasp/package.ps1'
[0.713s] INFO:colcon.colcon_core.shell:Creating package descriptor '/home/otavio/excluir/scicobot_rasp/install/test_cooperation_rasp/share/test_cooperation_rasp/package.dsv'
[0.713s] INFO:colcon.colcon_core.shell:Creating package script '/home/otavio/excluir/scicobot_rasp/install/test_cooperation_rasp/share/test_cooperation_rasp/package.sh'
[0.714s] INFO:colcon.colcon_core.shell:Creating package script '/home/otavio/excluir/scicobot_rasp/install/test_cooperation_rasp/share/test_cooperation_rasp/package.bash'
[0.714s] INFO:colcon.colcon_core.shell:Creating package script '/home/otavio/excluir/scicobot_rasp/install/test_cooperation_rasp/share/test_cooperation_rasp/package.zsh'
[0.714s] Level 1:colcon.colcon_core.environment:create_file_with_runtime_dependencies(/home/otavio/excluir/scicobot_rasp/install/test_cooperation_rasp/share/colcon-core/packages/test_cooperation_rasp)
[0.717s] Level 1:colcon.colcon_core.environment:create_environment_scripts_only(teste)
[0.718s] Level 1:colcon.colcon_core.environment:checking '/home/otavio/excluir/scicobot_rasp/install/teste' for CMake module files
[0.718s] Level 1:colcon.colcon_core.environment:checking '/home/otavio/excluir/scicobot_rasp/install/teste' for CMake config files
[0.718s] Level 1:colcon.colcon_core.shell:create_environment_hook('teste', 'cmake_prefix_path')
[0.719s] INFO:colcon.colcon_core.shell:Creating environment hook '/home/otavio/excluir/scicobot_rasp/install/teste/share/teste/hook/cmake_prefix_path.ps1'
[0.719s] INFO:colcon.colcon_core.shell:Creating environment descriptor '/home/otavio/excluir/scicobot_rasp/install/teste/share/teste/hook/cmake_prefix_path.dsv'
[0.719s] INFO:colcon.colcon_core.shell:Creating environment hook '/home/otavio/excluir/scicobot_rasp/install/teste/share/teste/hook/cmake_prefix_path.sh'
[0.720s] Level 1:colcon.colcon_core.environment:checking '/home/otavio/excluir/scicobot_rasp/install/teste/lib'
[0.720s] Level 1:colcon.colcon_core.environment:checking '/home/otavio/excluir/scicobot_rasp/install/teste/bin'
[0.720s] Level 1:colcon.colcon_core.environment:checking '/home/otavio/excluir/scicobot_rasp/install/teste/lib/pkgconfig/teste.pc'
[0.720s] Level 1:colcon.colcon_core.environment:checking '/home/otavio/excluir/scicobot_rasp/install/teste/lib/python3.8/site-packages'
[0.721s] INFO:colcon.colcon_core.shell:Creating package script '/home/otavio/excluir/scicobot_rasp/install/teste/share/teste/package.ps1'
[0.721s] INFO:colcon.colcon_core.shell:Creating package descriptor '/home/otavio/excluir/scicobot_rasp/install/teste/share/teste/package.dsv'
[0.721s] INFO:colcon.colcon_core.shell:Creating package script '/home/otavio/excluir/scicobot_rasp/install/teste/share/teste/package.sh'
[0.722s] INFO:colcon.colcon_core.shell:Creating package script '/home/otavio/excluir/scicobot_rasp/install/teste/share/teste/package.bash'
[0.722s] INFO:colcon.colcon_core.shell:Creating package script '/home/otavio/excluir/scicobot_rasp/install/teste/share/teste/package.zsh'
[0.723s] Level 1:colcon.colcon_core.environment:create_file_with_runtime_dependencies(/home/otavio/excluir/scicobot_rasp/install/teste/share/colcon-core/packages/teste)
[7.174s] DEBUG:colcon.colcon_core.event_handler.log_command:Invoked command in '/home/otavio/excluir/scicobot_rasp/build/test_cooperation_scicobot' returned '0': CMAKE_PREFIX_PATH=/opt/ros/foxy /usr/bin/cmake --build /home/otavio/excluir/scicobot_rasp/build/test_cooperation_scicobot -- -j4 -l4
[7.195s] DEBUG:colcon.colcon_core.event_handler.log_command:Invoking command in '/home/otavio/excluir/scicobot_rasp/build/test_cooperation_scicobot': CMAKE_PREFIX_PATH=/opt/ros/foxy /usr/bin/cmake --install /home/otavio/excluir/scicobot_rasp/build/test_cooperation_scicobot
[7.207s] Level 1:colcon.colcon_core.environment:create_environment_scripts_only(test_cooperation_scicobot)
[7.208s] Level 1:colcon.colcon_core.environment:checking '/home/otavio/excluir/scicobot_rasp/install/test_cooperation_scicobot' for CMake module files
[7.209s] DEBUG:colcon.colcon_core.event_handler.log_command:Invoked command in '/home/otavio/excluir/scicobot_rasp/build/test_cooperation_scicobot' returned '0': CMAKE_PREFIX_PATH=/opt/ros/foxy /usr/bin/cmake --install /home/otavio/excluir/scicobot_rasp/build/test_cooperation_scicobot
[7.209s] Level 1:colcon.colcon_core.environment:checking '/home/otavio/excluir/scicobot_rasp/install/test_cooperation_scicobot' for CMake config files
[7.209s] Level 1:colcon.colcon_core.shell:create_environment_hook('test_cooperation_scicobot', 'cmake_prefix_path')
[7.210s] INFO:colcon.colcon_core.shell:Creating environment hook '/home/otavio/excluir/scicobot_rasp/install/test_cooperation_scicobot/share/test_cooperation_scicobot/hook/cmake_prefix_path.ps1'
[7.210s] INFO:colcon.colcon_core.shell:Creating environment descriptor '/home/otavio/excluir/scicobot_rasp/install/test_cooperation_scicobot/share/test_cooperation_scicobot/hook/cmake_prefix_path.dsv'
[7.210s] INFO:colcon.colcon_core.shell:Creating environment hook '/home/otavio/excluir/scicobot_rasp/install/test_cooperation_scicobot/share/test_cooperation_scicobot/hook/cmake_prefix_path.sh'
[7.211s] Level 1:colcon.colcon_core.environment:checking '/home/otavio/excluir/scicobot_rasp/install/test_cooperation_scicobot/lib'
[7.211s] Level 1:colcon.colcon_core.environment:checking '/home/otavio/excluir/scicobot_rasp/install/test_cooperation_scicobot/bin'
[7.211s] Level 1:colcon.colcon_core.environment:checking '/home/otavio/excluir/scicobot_rasp/install/test_cooperation_scicobot/lib/pkgconfig/test_cooperation_scicobot.pc'
[7.211s] Level 1:colcon.colcon_core.environment:checking '/home/otavio/excluir/scicobot_rasp/install/test_cooperation_scicobot/lib/python3.8/site-packages'
[7.212s] INFO:colcon.colcon_core.shell:Creating package script '/home/otavio/excluir/scicobot_rasp/install/test_cooperation_scicobot/share/test_cooperation_scicobot/package.ps1'
[7.212s] INFO:colcon.colcon_core.shell:Creating package descriptor '/home/otavio/excluir/scicobot_rasp/install/test_cooperation_scicobot/share/test_cooperation_scicobot/package.dsv'
[7.212s] INFO:colcon.colcon_core.shell:Creating package script '/home/otavio/excluir/scicobot_rasp/install/test_cooperation_scicobot/share/test_cooperation_scicobot/package.sh'
[7.213s] INFO:colcon.colcon_core.shell:Creating package script '/home/otavio/excluir/scicobot_rasp/install/test_cooperation_scicobot/share/test_cooperation_scicobot/package.bash'
[7.213s] INFO:colcon.colcon_core.shell:Creating package script '/home/otavio/excluir/scicobot_rasp/install/test_cooperation_scicobot/share/test_cooperation_scicobot/package.zsh'
[7.213s] Level 1:colcon.colcon_core.environment:create_file_with_runtime_dependencies(/home/otavio/excluir/scicobot_rasp/install/test_cooperation_scicobot/share/colcon-core/packages/test_cooperation_scicobot)
[7.234s] Level 1:colcon.colcon_core.environment:create_environment_scripts_only(test_cooperation_scicobot)
[7.234s] Level 1:colcon.colcon_core.environment:checking '/home/otavio/excluir/scicobot_rasp/install/test_cooperation_scicobot' for CMake module files
[7.235s] Level 1:colcon.colcon_core.environment:checking '/home/otavio/excluir/scicobot_rasp/install/test_cooperation_scicobot' for CMake config files
[7.235s] Level 1:colcon.colcon_core.shell:create_environment_hook('test_cooperation_scicobot', 'cmake_prefix_path')
[7.236s] INFO:colcon.colcon_core.shell:Creating environment hook '/home/otavio/excluir/scicobot_rasp/install/test_cooperation_scicobot/share/test_cooperation_scicobot/hook/cmake_prefix_path.ps1'
[7.236s] INFO:colcon.colcon_core.shell:Creating environment descriptor '/home/otavio/excluir/scicobot_rasp/install/test_cooperation_scicobot/share/test_cooperation_scicobot/hook/cmake_prefix_path.dsv'
[7.236s] INFO:colcon.colcon_core.shell:Creating environment hook '/home/otavio/excluir/scicobot_rasp/install/test_cooperation_scicobot/share/test_cooperation_scicobot/hook/cmake_prefix_path.sh'
[7.237s] Level 1:colcon.colcon_core.environment:checking '/home/otavio/excluir/scicobot_rasp/install/test_cooperation_scicobot/lib'
[7.237s] Level 1:colcon.colcon_core.environment:checking '/home/otavio/excluir/scicobot_rasp/install/test_cooperation_scicobot/bin'
[7.237s] Level 1:colcon.colcon_core.environment:checking '/home/otavio/excluir/scicobot_rasp/install/test_cooperation_scicobot/lib/pkgconfig/test_cooperation_scicobot.pc'
[7.237s] Level 1:colcon.colcon_core.environment:checking '/home/otavio/excluir/scicobot_rasp/install/test_cooperation_scicobot/lib/python3.8/site-packages'
[7.238s] INFO:colcon.colcon_core.shell:Creating package script '/home/otavio/excluir/scicobot_rasp/install/test_cooperation_scicobot/share/test_cooperation_scicobot/package.ps1'
[7.238s] INFO:colcon.colcon_core.shell:Creating package descriptor '/home/otavio/excluir/scicobot_rasp/install/test_cooperation_scicobot/share/test_cooperation_scicobot/package.dsv'
[7.239s] INFO:colcon.colcon_core.shell:Creating package script '/home/otavio/excluir/scicobot_rasp/install/test_cooperation_scicobot/share/test_cooperation_scicobot/package.sh'
[7.239s] INFO:colcon.colcon_core.shell:Creating package script '/home/otavio/excluir/scicobot_rasp/install/test_cooperation_scicobot/share/test_cooperation_scicobot/package.bash'
[7.239s] INFO:colcon.colcon_core.shell:Creating package script '/home/otavio/excluir/scicobot_rasp/install/test_cooperation_scicobot/share/test_cooperation_scicobot/package.zsh'
[7.240s] Level 1:colcon.colcon_core.environment:create_file_with_runtime_dependencies(/home/otavio/excluir/scicobot_rasp/install/test_cooperation_scicobot/share/colcon-core/packages/test_cooperation_scicobot)
[7.240s] DEBUG:colcon.colcon_parallel_executor.executor.parallel:closing loop
[7.241s] DEBUG:colcon.colcon_parallel_executor.executor.parallel:loop closed
[7.241s] DEBUG:colcon.colcon_parallel_executor.executor.parallel:run_until_complete finished with '0'
[7.241s] DEBUG:colcon.colcon_core.event_reactor:joining thread
[7.258s] INFO:colcon.colcon_core.plugin_system:Skipping extension 'colcon_notification.desktop_notification.terminal_notifier': Not used on non-Darwin systems
[7.258s] INFO:colcon.colcon_core.plugin_system:Skipping extension 'colcon_notification.desktop_notification.win32': Not used on non-Windows systems
[7.258s] INFO:colcon.colcon_notification.desktop_notification:Sending desktop notification using 'notify2'
[7.277s] DEBUG:colcon.colcon_core.event_reactor:joined thread
[7.277s] INFO:colcon.colcon_core.shell:Creating prefix script '/home/otavio/excluir/scicobot_rasp/install/local_setup.ps1'
[7.278s] INFO:colcon.colcon_core.shell:Creating prefix util module '/home/otavio/excluir/scicobot_rasp/install/_local_setup_util_ps1.py'
[7.279s] INFO:colcon.colcon_core.shell:Creating prefix chain script '/home/otavio/excluir/scicobot_rasp/install/setup.ps1'
[7.281s] INFO:colcon.colcon_core.shell:Creating prefix script '/home/otavio/excluir/scicobot_rasp/install/local_setup.sh'
[7.281s] INFO:colcon.colcon_core.shell:Creating prefix util module '/home/otavio/excluir/scicobot_rasp/install/_local_setup_util_sh.py'
[7.282s] INFO:colcon.colcon_core.shell:Creating prefix chain script '/home/otavio/excluir/scicobot_rasp/install/setup.sh'
[7.283s] INFO:colcon.colcon_core.shell:Creating prefix script '/home/otavio/excluir/scicobot_rasp/install/local_setup.bash'
[7.283s] INFO:colcon.colcon_core.shell:Creating prefix chain script '/home/otavio/excluir/scicobot_rasp/install/setup.bash'
[7.284s] INFO:colcon.colcon_core.shell:Creating prefix script '/home/otavio/excluir/scicobot_rasp/install/local_setup.zsh'
[7.285s] INFO:colcon.colcon_core.shell:Creating prefix chain script '/home/otavio/excluir/scicobot_rasp/install/setup.zsh'
