[35m[1mScanning dependencies of target listener[0m
[ 50%] [32mBuilding CXX object CMakeFiles/listener.dir/src/scicobot_subscriber_encoder.cpp.o[0m
[100%] [32m[1mLinking CXX executable listener[0m
[100%] Built target listener
-- Install configuration: ""
-- Installing: /home/otavio/dev_ws/src/scicobot_encoder/install/scicobot_encoder/lib/scicobot_encoder/listener
-- Set runtime path of "/home/otavio/dev_ws/src/scicobot_encoder/install/scicobot_encoder/lib/scicobot_encoder/listener" to ""
-- Installing: /home/otavio/dev_ws/src/scicobot_encoder/install/scicobot_encoder/share/ament_index/resource_index/package_run_dependencies/scicobot_encoder
-- Installing: /home/otavio/dev_ws/src/scicobot_encoder/install/scicobot_encoder/share/ament_index/resource_index/parent_prefix_path/scicobot_encoder
-- Installing: /home/otavio/dev_ws/src/scicobot_encoder/install/scicobot_encoder/share/scicobot_encoder/environment/ament_prefix_path.sh
-- Installing: /home/otavio/dev_ws/src/scicobot_encoder/install/scicobot_encoder/share/scicobot_encoder/environment/ament_prefix_path.dsv
-- Installing: /home/otavio/dev_ws/src/scicobot_encoder/install/scicobot_encoder/share/scicobot_encoder/environment/path.sh
-- Installing: /home/otavio/dev_ws/src/scicobot_encoder/install/scicobot_encoder/share/scicobot_encoder/environment/path.dsv
-- Installing: /home/otavio/dev_ws/src/scicobot_encoder/install/scicobot_encoder/share/scicobot_encoder/local_setup.bash
-- Installing: /home/otavio/dev_ws/src/scicobot_encoder/install/scicobot_encoder/share/scicobot_encoder/local_setup.sh
-- Installing: /home/otavio/dev_ws/src/scicobot_encoder/install/scicobot_encoder/share/scicobot_encoder/local_setup.zsh
-- Installing: /home/otavio/dev_ws/src/scicobot_encoder/install/scicobot_encoder/share/scicobot_encoder/local_setup.dsv
-- Installing: /home/otavio/dev_ws/src/scicobot_encoder/install/scicobot_encoder/share/scicobot_encoder/package.dsv
-- Installing: /home/otavio/dev_ws/src/scicobot_encoder/install/scicobot_encoder/share/ament_index/resource_index/packages/scicobot_encoder
-- Installing: /home/otavio/dev_ws/src/scicobot_encoder/install/scicobot_encoder/share/scicobot_encoder/cmake/scicobot_encoderConfig.cmake
-- Installing: /home/otavio/dev_ws/src/scicobot_encoder/install/scicobot_encoder/share/scicobot_encoder/cmake/scicobot_encoderConfig-version.cmake
-- Installing: /home/otavio/dev_ws/src/scicobot_encoder/install/scicobot_encoder/share/scicobot_encoder/package.xml
