[0.212s] DEBUG:colcon:Command line arguments: ['/usr/bin/colcon', 'build']
[0.212s] DEBUG:colcon:Parsed command line arguments: Namespace(allow_overriding=[], ament_cmake_args=None, base_paths=['.'], build_base='build', catkin_cmake_args=None, catkin_skip_building_tests=False, cmake_args=None, cmake_clean_cache=False, cmake_clean_first=False, cmake_force_configure=False, cmake_target=None, cmake_target_skip_unavailable=False, continue_on_error=False, event_handlers=None, executor='parallel', ignore_user_meta=False, install_base='install', log_base=None, log_level=None, main=<bound method BuildVerb.main of <colcon_core.verb.build.BuildVerb object at 0x7fa868aa23a0>>, merge_install=False, metas=['./colcon.meta'], packages_above=None, packages_above_and_dependencies=None, packages_above_depth=None, packages_end=None, packages_ignore=None, packages_ignore_regex=None, packages_select=None, packages_select_build_failed=False, packages_select_by_dep=None, packages_select_regex=None, packages_select_test_failures=False, packages_skip=None, packages_skip_build_finished=False, packages_skip_by_dep=None, packages_skip_regex=None, packages_skip_test_passed=False, packages_skip_up_to=None, packages_start=None, packages_up_to=None, packages_up_to_regex=None, parallel_workers=4, paths=None, symlink_install=False, test_result_base=None, verb_extension=<colcon_core.verb.build.BuildVerb object at 0x7fa868aa23a0>, verb_name='build', verb_parser=<colcon_defaults.argument_parser.defaults.DefaultArgumentsDecorator object at 0x7fa868aa28e0>)
[0.216s] Level 1:colcon.colcon_core.package_discovery:discover_packages(colcon_meta) check parameters
[0.216s] Level 1:colcon.colcon_core.package_discovery:discover_packages(recursive) check parameters
[0.216s] Level 1:colcon.colcon_core.package_discovery:discover_packages(ignore) check parameters
[0.216s] Level 1:colcon.colcon_core.package_discovery:discover_packages(path) check parameters
[0.216s] Level 1:colcon.colcon_core.package_discovery:discover_packages(colcon_meta) discover
[0.216s] Level 1:colcon.colcon_core.package_discovery:discover_packages(recursive) discover
[0.216s] INFO:colcon.colcon_core.package_discovery:Crawling recursively for packages in '/home/otavio/excluir/scicobot_rasp'
[0.216s] Level 1:colcon.colcon_core.package_identification:_identify(.) by extensions ['ignore', 'ignore_ament_install']
[0.217s] Level 1:colcon.colcon_core.package_identification:_identify(.) by extension 'ignore'
[0.217s] Level 1:colcon.colcon_core.package_identification:_identify(.) by extension 'ignore_ament_install'
[0.217s] Level 1:colcon.colcon_core.package_identification:_identify(.) by extensions ['colcon_pkg']
[0.217s] Level 1:colcon.colcon_core.package_identification:_identify(.) by extension 'colcon_pkg'
[0.217s] Level 1:colcon.colcon_core.package_identification:_identify(.) by extensions ['colcon_meta']
[0.217s] Level 1:colcon.colcon_core.package_identification:_identify(.) by extension 'colcon_meta'
[0.217s] Level 1:colcon.colcon_core.package_identification:_identify(.) by extensions ['ros']
[0.217s] Level 1:colcon.colcon_core.package_identification:_identify(.) by extension 'ros'
[0.227s] Level 1:colcon.colcon_core.package_identification:_identify(.) by extensions ['cmake', 'python']
[0.227s] Level 1:colcon.colcon_core.package_identification:_identify(.) by extension 'cmake'
[0.227s] Level 1:colcon.colcon_core.package_identification:_identify(.) by extension 'python'
[0.227s] Level 1:colcon.colcon_core.package_identification:_identify(.) by extensions ['python_setup_py']
[0.227s] Level 1:colcon.colcon_core.package_identification:_identify(.) by extension 'python_setup_py'
[0.228s] Level 1:colcon.colcon_core.package_identification:_identify(build) by extensions ['ignore', 'ignore_ament_install']
[0.228s] Level 1:colcon.colcon_core.package_identification:_identify(build) by extension 'ignore'
[0.228s] Level 1:colcon.colcon_core.package_identification:_identify(build) ignored
[0.228s] Level 1:colcon.colcon_core.package_identification:_identify(install) by extensions ['ignore', 'ignore_ament_install']
[0.228s] Level 1:colcon.colcon_core.package_identification:_identify(install) by extension 'ignore'
[0.228s] Level 1:colcon.colcon_core.package_identification:_identify(install) ignored
[0.228s] Level 1:colcon.colcon_core.package_identification:_identify(log) by extensions ['ignore', 'ignore_ament_install']
[0.228s] Level 1:colcon.colcon_core.package_identification:_identify(log) by extension 'ignore'
[0.228s] Level 1:colcon.colcon_core.package_identification:_identify(log) ignored
[0.228s] Level 1:colcon.colcon_core.package_identification:_identify(src) by extensions ['ignore', 'ignore_ament_install']
[0.228s] Level 1:colcon.colcon_core.package_identification:_identify(src) by extension 'ignore'
[0.228s] Level 1:colcon.colcon_core.package_identification:_identify(src) by extension 'ignore_ament_install'
[0.228s] Level 1:colcon.colcon_core.package_identification:_identify(src) by extensions ['colcon_pkg']
[0.228s] Level 1:colcon.colcon_core.package_identification:_identify(src) by extension 'colcon_pkg'
[0.228s] Level 1:colcon.colcon_core.package_identification:_identify(src) by extensions ['colcon_meta']
[0.228s] Level 1:colcon.colcon_core.package_identification:_identify(src) by extension 'colcon_meta'
[0.229s] Level 1:colcon.colcon_core.package_identification:_identify(src) by extensions ['ros']
[0.229s] Level 1:colcon.colcon_core.package_identification:_identify(src) by extension 'ros'
[0.229s] Level 1:colcon.colcon_core.package_identification:_identify(src) by extensions ['cmake', 'python']
[0.229s] Level 1:colcon.colcon_core.package_identification:_identify(src) by extension 'cmake'
[0.229s] Level 1:colcon.colcon_core.package_identification:_identify(src) by extension 'python'
[0.229s] Level 1:colcon.colcon_core.package_identification:_identify(src) by extensions ['python_setup_py']
[0.229s] Level 1:colcon.colcon_core.package_identification:_identify(src) by extension 'python_setup_py'
[0.229s] Level 1:colcon.colcon_core.package_identification:_identify(src/publisher_teste) by extensions ['ignore', 'ignore_ament_install']
[0.229s] Level 1:colcon.colcon_core.package_identification:_identify(src/publisher_teste) by extension 'ignore'
[0.229s] Level 1:colcon.colcon_core.package_identification:_identify(src/publisher_teste) by extension 'ignore_ament_install'
[0.229s] Level 1:colcon.colcon_core.package_identification:_identify(src/publisher_teste) by extensions ['colcon_pkg']
[0.229s] Level 1:colcon.colcon_core.package_identification:_identify(src/publisher_teste) by extension 'colcon_pkg'
[0.229s] Level 1:colcon.colcon_core.package_identification:_identify(src/publisher_teste) by extensions ['colcon_meta']
[0.229s] Level 1:colcon.colcon_core.package_identification:_identify(src/publisher_teste) by extension 'colcon_meta'
[0.229s] Level 1:colcon.colcon_core.package_identification:_identify(src/publisher_teste) by extensions ['ros']
[0.229s] Level 1:colcon.colcon_core.package_identification:_identify(src/publisher_teste) by extension 'ros'
[0.231s] DEBUG:colcon.colcon_core.package_identification:Package 'src/publisher_teste' with type 'ros.ament_cmake' and name 'publisher_teste'
[0.232s] Level 1:colcon.colcon_core.package_identification:_identify(src/scicobot_encoder) by extensions ['ignore', 'ignore_ament_install']
[0.232s] Level 1:colcon.colcon_core.package_identification:_identify(src/scicobot_encoder) by extension 'ignore'
[0.232s] Level 1:colcon.colcon_core.package_identification:_identify(src/scicobot_encoder) by extension 'ignore_ament_install'
[0.232s] Level 1:colcon.colcon_core.package_identification:_identify(src/scicobot_encoder) by extensions ['colcon_pkg']
[0.232s] Level 1:colcon.colcon_core.package_identification:_identify(src/scicobot_encoder) by extension 'colcon_pkg'
[0.232s] Level 1:colcon.colcon_core.package_identification:_identify(src/scicobot_encoder) by extensions ['colcon_meta']
[0.232s] Level 1:colcon.colcon_core.package_identification:_identify(src/scicobot_encoder) by extension 'colcon_meta'
[0.232s] Level 1:colcon.colcon_core.package_identification:_identify(src/scicobot_encoder) by extensions ['ros']
[0.232s] Level 1:colcon.colcon_core.package_identification:_identify(src/scicobot_encoder) by extension 'ros'
[0.232s] DEBUG:colcon.colcon_core.package_identification:Package 'src/scicobot_encoder' with type 'ros.ament_cmake' and name 'scicobot_encoder'
[0.233s] Level 1:colcon.colcon_core.package_identification:_identify(src/scicobot_move_on) by extensions ['ignore', 'ignore_ament_install']
[0.233s] Level 1:colcon.colcon_core.package_identification:_identify(src/scicobot_move_on) by extension 'ignore'
[0.233s] Level 1:colcon.colcon_core.package_identification:_identify(src/scicobot_move_on) by extension 'ignore_ament_install'
[0.233s] Level 1:colcon.colcon_core.package_identification:_identify(src/scicobot_move_on) by extensions ['colcon_pkg']
[0.233s] Level 1:colcon.colcon_core.package_identification:_identify(src/scicobot_move_on) by extension 'colcon_pkg'
[0.233s] Level 1:colcon.colcon_core.package_identification:_identify(src/scicobot_move_on) by extensions ['colcon_meta']
[0.233s] Level 1:colcon.colcon_core.package_identification:_identify(src/scicobot_move_on) by extension 'colcon_meta'
[0.233s] Level 1:colcon.colcon_core.package_identification:_identify(src/scicobot_move_on) by extensions ['ros']
[0.233s] Level 1:colcon.colcon_core.package_identification:_identify(src/scicobot_move_on) by extension 'ros'
[0.233s] DEBUG:colcon.colcon_core.package_identification:Package 'src/scicobot_move_on' with type 'ros.ament_cmake' and name 'scicobot_move_on'
[0.234s] Level 1:colcon.colcon_core.package_identification:_identify(src/scicobot_ultrasonic) by extensions ['ignore', 'ignore_ament_install']
[0.234s] Level 1:colcon.colcon_core.package_identification:_identify(src/scicobot_ultrasonic) by extension 'ignore'
[0.234s] Level 1:colcon.colcon_core.package_identification:_identify(src/scicobot_ultrasonic) by extension 'ignore_ament_install'
[0.234s] Level 1:colcon.colcon_core.package_identification:_identify(src/scicobot_ultrasonic) by extensions ['colcon_pkg']
[0.234s] Level 1:colcon.colcon_core.package_identification:_identify(src/scicobot_ultrasonic) by extension 'colcon_pkg'
[0.234s] Level 1:colcon.colcon_core.package_identification:_identify(src/scicobot_ultrasonic) by extensions ['colcon_meta']
[0.234s] Level 1:colcon.colcon_core.package_identification:_identify(src/scicobot_ultrasonic) by extension 'colcon_meta'
[0.234s] Level 1:colcon.colcon_core.package_identification:_identify(src/scicobot_ultrasonic) by extensions ['ros']
[0.234s] Level 1:colcon.colcon_core.package_identification:_identify(src/scicobot_ultrasonic) by extension 'ros'
[0.234s] DEBUG:colcon.colcon_core.package_identification:Package 'src/scicobot_ultrasonic' with type 'ros.ament_cmake' and name 'scicobot_ultrasonic'
[0.235s] Level 1:colcon.colcon_core.package_identification:_identify(src/test_cooperation_rasp) by extensions ['ignore', 'ignore_ament_install']
[0.235s] Level 1:colcon.colcon_core.package_identification:_identify(src/test_cooperation_rasp) by extension 'ignore'
[0.235s] Level 1:colcon.colcon_core.package_identification:_identify(src/test_cooperation_rasp) by extension 'ignore_ament_install'
[0.235s] Level 1:colcon.colcon_core.package_identification:_identify(src/test_cooperation_rasp) by extensions ['colcon_pkg']
[0.235s] Level 1:colcon.colcon_core.package_identification:_identify(src/test_cooperation_rasp) by extension 'colcon_pkg'
[0.235s] Level 1:colcon.colcon_core.package_identification:_identify(src/test_cooperation_rasp) by extensions ['colcon_meta']
[0.235s] Level 1:colcon.colcon_core.package_identification:_identify(src/test_cooperation_rasp) by extension 'colcon_meta'
[0.235s] Level 1:colcon.colcon_core.package_identification:_identify(src/test_cooperation_rasp) by extensions ['ros']
[0.235s] Level 1:colcon.colcon_core.package_identification:_identify(src/test_cooperation_rasp) by extension 'ros'
[0.235s] DEBUG:colcon.colcon_core.package_identification:Package 'src/test_cooperation_rasp' with type 'ros.ament_cmake' and name 'test_cooperation_rasp'
[0.236s] Level 1:colcon.colcon_core.package_identification:_identify(src/test_cooperation_scicobot) by extensions ['ignore', 'ignore_ament_install']
[0.236s] Level 1:colcon.colcon_core.package_identification:_identify(src/test_cooperation_scicobot) by extension 'ignore'
[0.236s] Level 1:colcon.colcon_core.package_identification:_identify(src/test_cooperation_scicobot) by extension 'ignore_ament_install'
[0.236s] Level 1:colcon.colcon_core.package_identification:_identify(src/test_cooperation_scicobot) by extensions ['colcon_pkg']
[0.236s] Level 1:colcon.colcon_core.package_identification:_identify(src/test_cooperation_scicobot) by extension 'colcon_pkg'
[0.236s] Level 1:colcon.colcon_core.package_identification:_identify(src/test_cooperation_scicobot) by extensions ['colcon_meta']
[0.236s] Level 1:colcon.colcon_core.package_identification:_identify(src/test_cooperation_scicobot) by extension 'colcon_meta'
[0.236s] Level 1:colcon.colcon_core.package_identification:_identify(src/test_cooperation_scicobot) by extensions ['ros']
[0.236s] Level 1:colcon.colcon_core.package_identification:_identify(src/test_cooperation_scicobot) by extension 'ros'
[0.236s] DEBUG:colcon.colcon_core.package_identification:Package 'src/test_cooperation_scicobot' with type 'ros.ament_cmake' and name 'test_cooperation_scicobot'
[0.236s] Level 1:colcon.colcon_core.package_identification:_identify(src/teste) by extensions ['ignore', 'ignore_ament_install']
[0.237s] Level 1:colcon.colcon_core.package_identification:_identify(src/teste) by extension 'ignore'
[0.237s] Level 1:colcon.colcon_core.package_identification:_identify(src/teste) by extension 'ignore_ament_install'
[0.237s] Level 1:colcon.colcon_core.package_identification:_identify(src/teste) by extensions ['colcon_pkg']
[0.237s] Level 1:colcon.colcon_core.package_identification:_identify(src/teste) by extension 'colcon_pkg'
[0.237s] Level 1:colcon.colcon_core.package_identification:_identify(src/teste) by extensions ['colcon_meta']
[0.237s] Level 1:colcon.colcon_core.package_identification:_identify(src/teste) by extension 'colcon_meta'
[0.237s] Level 1:colcon.colcon_core.package_identification:_identify(src/teste) by extensions ['ros']
[0.237s] Level 1:colcon.colcon_core.package_identification:_identify(src/teste) by extension 'ros'
[0.237s] DEBUG:colcon.colcon_core.package_identification:Package 'src/teste' with type 'ros.ament_cmake' and name 'teste'
[0.237s] Level 1:colcon.colcon_core.package_discovery:discover_packages(recursive) using defaults
[0.237s] Level 1:colcon.colcon_core.package_discovery:discover_packages(ignore) discover
[0.237s] Level 1:colcon.colcon_core.package_discovery:discover_packages(ignore) using defaults
[0.237s] Level 1:colcon.colcon_core.package_discovery:discover_packages(path) discover
[0.237s] Level 1:colcon.colcon_core.package_discovery:discover_packages(path) using defaults
[0.267s] Level 5:colcon.colcon_core.verb:set package 'publisher_teste' build argument 'cmake_args' from command line to 'None'
[0.267s] Level 5:colcon.colcon_core.verb:set package 'publisher_teste' build argument 'cmake_target' from command line to 'None'
[0.267s] Level 5:colcon.colcon_core.verb:set package 'publisher_teste' build argument 'cmake_target_skip_unavailable' from command line to 'False'
[0.267s] Level 5:colcon.colcon_core.verb:set package 'publisher_teste' build argument 'cmake_clean_cache' from command line to 'False'
[0.267s] Level 5:colcon.colcon_core.verb:set package 'publisher_teste' build argument 'cmake_clean_first' from command line to 'False'
[0.267s] Level 5:colcon.colcon_core.verb:set package 'publisher_teste' build argument 'cmake_force_configure' from command line to 'False'
[0.267s] Level 5:colcon.colcon_core.verb:set package 'publisher_teste' build argument 'ament_cmake_args' from command line to 'None'
[0.267s] Level 5:colcon.colcon_core.verb:set package 'publisher_teste' build argument 'catkin_cmake_args' from command line to 'None'
[0.267s] Level 5:colcon.colcon_core.verb:set package 'publisher_teste' build argument 'catkin_skip_building_tests' from command line to 'False'
[0.267s] DEBUG:colcon.colcon_core.verb:Building package 'publisher_teste' with the following arguments: {'ament_cmake_args': None, 'build_base': '/home/otavio/excluir/scicobot_rasp/build/publisher_teste', 'catkin_cmake_args': None, 'catkin_skip_building_tests': False, 'cmake_args': None, 'cmake_clean_cache': False, 'cmake_clean_first': False, 'cmake_force_configure': False, 'cmake_target': None, 'cmake_target_skip_unavailable': False, 'install_base': '/home/otavio/excluir/scicobot_rasp/install/publisher_teste', 'merge_install': False, 'path': '/home/otavio/excluir/scicobot_rasp/src/publisher_teste', 'symlink_install': False, 'test_result_base': None}
[0.268s] Level 5:colcon.colcon_core.verb:set package 'scicobot_encoder' build argument 'cmake_args' from command line to 'None'
[0.268s] Level 5:colcon.colcon_core.verb:set package 'scicobot_encoder' build argument 'cmake_target' from command line to 'None'
[0.268s] Level 5:colcon.colcon_core.verb:set package 'scicobot_encoder' build argument 'cmake_target_skip_unavailable' from command line to 'False'
[0.268s] Level 5:colcon.colcon_core.verb:set package 'scicobot_encoder' build argument 'cmake_clean_cache' from command line to 'False'
[0.268s] Level 5:colcon.colcon_core.verb:set package 'scicobot_encoder' build argument 'cmake_clean_first' from command line to 'False'
[0.268s] Level 5:colcon.colcon_core.verb:set package 'scicobot_encoder' build argument 'cmake_force_configure' from command line to 'False'
[0.268s] Level 5:colcon.colcon_core.verb:set package 'scicobot_encoder' build argument 'ament_cmake_args' from command line to 'None'
[0.268s] Level 5:colcon.colcon_core.verb:set package 'scicobot_encoder' build argument 'catkin_cmake_args' from command line to 'None'
[0.268s] Level 5:colcon.colcon_core.verb:set package 'scicobot_encoder' build argument 'catkin_skip_building_tests' from command line to 'False'
[0.268s] DEBUG:colcon.colcon_core.verb:Building package 'scicobot_encoder' with the following arguments: {'ament_cmake_args': None, 'build_base': '/home/otavio/excluir/scicobot_rasp/build/scicobot_encoder', 'catkin_cmake_args': None, 'catkin_skip_building_tests': False, 'cmake_args': None, 'cmake_clean_cache': False, 'cmake_clean_first': False, 'cmake_force_configure': False, 'cmake_target': None, 'cmake_target_skip_unavailable': False, 'install_base': '/home/otavio/excluir/scicobot_rasp/install/scicobot_encoder', 'merge_install': False, 'path': '/home/otavio/excluir/scicobot_rasp/src/scicobot_encoder', 'symlink_install': False, 'test_result_base': None}
[0.268s] Level 5:colcon.colcon_core.verb:set package 'scicobot_move_on' build argument 'cmake_args' from command line to 'None'
[0.269s] Level 5:colcon.colcon_core.verb:set package 'scicobot_move_on' build argument 'cmake_target' from command line to 'None'
[0.269s] Level 5:colcon.colcon_core.verb:set package 'scicobot_move_on' build argument 'cmake_target_skip_unavailable' from command line to 'False'
[0.269s] Level 5:colcon.colcon_core.verb:set package 'scicobot_move_on' build argument 'cmake_clean_cache' from command line to 'False'
[0.269s] Level 5:colcon.colcon_core.verb:set package 'scicobot_move_on' build argument 'cmake_clean_first' from command line to 'False'
[0.269s] Level 5:colcon.colcon_core.verb:set package 'scicobot_move_on' build argument 'cmake_force_configure' from command line to 'False'
[0.269s] Level 5:colcon.colcon_core.verb:set package 'scicobot_move_on' build argument 'ament_cmake_args' from command line to 'None'
[0.269s] Level 5:colcon.colcon_core.verb:set package 'scicobot_move_on' build argument 'catkin_cmake_args' from command line to 'None'
[0.269s] Level 5:colcon.colcon_core.verb:set package 'scicobot_move_on' build argument 'catkin_skip_building_tests' from command line to 'False'
[0.269s] DEBUG:colcon.colcon_core.verb:Building package 'scicobot_move_on' with the following arguments: {'ament_cmake_args': None, 'build_base': '/home/otavio/excluir/scicobot_rasp/build/scicobot_move_on', 'catkin_cmake_args': None, 'catkin_skip_building_tests': False, 'cmake_args': None, 'cmake_clean_cache': False, 'cmake_clean_first': False, 'cmake_force_configure': False, 'cmake_target': None, 'cmake_target_skip_unavailable': False, 'install_base': '/home/otavio/excluir/scicobot_rasp/install/scicobot_move_on', 'merge_install': False, 'path': '/home/otavio/excluir/scicobot_rasp/src/scicobot_move_on', 'symlink_install': False, 'test_result_base': None}
[0.269s] Level 5:colcon.colcon_core.verb:set package 'scicobot_ultrasonic' build argument 'cmake_args' from command line to 'None'
[0.269s] Level 5:colcon.colcon_core.verb:set package 'scicobot_ultrasonic' build argument 'cmake_target' from command line to 'None'
[0.269s] Level 5:colcon.colcon_core.verb:set package 'scicobot_ultrasonic' build argument 'cmake_target_skip_unavailable' from command line to 'False'
[0.269s] Level 5:colcon.colcon_core.verb:set package 'scicobot_ultrasonic' build argument 'cmake_clean_cache' from command line to 'False'
[0.269s] Level 5:colcon.colcon_core.verb:set package 'scicobot_ultrasonic' build argument 'cmake_clean_first' from command line to 'False'
[0.269s] Level 5:colcon.colcon_core.verb:set package 'scicobot_ultrasonic' build argument 'cmake_force_configure' from command line to 'False'
[0.269s] Level 5:colcon.colcon_core.verb:set package 'scicobot_ultrasonic' build argument 'ament_cmake_args' from command line to 'None'
[0.269s] Level 5:colcon.colcon_core.verb:set package 'scicobot_ultrasonic' build argument 'catkin_cmake_args' from command line to 'None'
[0.269s] Level 5:colcon.colcon_core.verb:set package 'scicobot_ultrasonic' build argument 'catkin_skip_building_tests' from command line to 'False'
[0.270s] DEBUG:colcon.colcon_core.verb:Building package 'scicobot_ultrasonic' with the following arguments: {'ament_cmake_args': None, 'build_base': '/home/otavio/excluir/scicobot_rasp/build/scicobot_ultrasonic', 'catkin_cmake_args': None, 'catkin_skip_building_tests': False, 'cmake_args': None, 'cmake_clean_cache': False, 'cmake_clean_first': False, 'cmake_force_configure': False, 'cmake_target': None, 'cmake_target_skip_unavailable': False, 'install_base': '/home/otavio/excluir/scicobot_rasp/install/scicobot_ultrasonic', 'merge_install': False, 'path': '/home/otavio/excluir/scicobot_rasp/src/scicobot_ultrasonic', 'symlink_install': False, 'test_result_base': None}
[0.270s] Level 5:colcon.colcon_core.verb:set package 'test_cooperation_rasp' build argument 'cmake_args' from command line to 'None'
[0.270s] Level 5:colcon.colcon_core.verb:set package 'test_cooperation_rasp' build argument 'cmake_target' from command line to 'None'
[0.270s] Level 5:colcon.colcon_core.verb:set package 'test_cooperation_rasp' build argument 'cmake_target_skip_unavailable' from command line to 'False'
[0.270s] Level 5:colcon.colcon_core.verb:set package 'test_cooperation_rasp' build argument 'cmake_clean_cache' from command line to 'False'
[0.270s] Level 5:colcon.colcon_core.verb:set package 'test_cooperation_rasp' build argument 'cmake_clean_first' from command line to 'False'
[0.270s] Level 5:colcon.colcon_core.verb:set package 'test_cooperation_rasp' build argument 'cmake_force_configure' from command line to 'False'
[0.270s] Level 5:colcon.colcon_core.verb:set package 'test_cooperation_rasp' build argument 'ament_cmake_args' from command line to 'None'
[0.270s] Level 5:colcon.colcon_core.verb:set package 'test_cooperation_rasp' build argument 'catkin_cmake_args' from command line to 'None'
[0.270s] Level 5:colcon.colcon_core.verb:set package 'test_cooperation_rasp' build argument 'catkin_skip_building_tests' from command line to 'False'
[0.270s] DEBUG:colcon.colcon_core.verb:Building package 'test_cooperation_rasp' with the following arguments: {'ament_cmake_args': None, 'build_base': '/home/otavio/excluir/scicobot_rasp/build/test_cooperation_rasp', 'catkin_cmake_args': None, 'catkin_skip_building_tests': False, 'cmake_args': None, 'cmake_clean_cache': False, 'cmake_clean_first': False, 'cmake_force_configure': False, 'cmake_target': None, 'cmake_target_skip_unavailable': False, 'install_base': '/home/otavio/excluir/scicobot_rasp/install/test_cooperation_rasp', 'merge_install': False, 'path': '/home/otavio/excluir/scicobot_rasp/src/test_cooperation_rasp', 'symlink_install': False, 'test_result_base': None}
[0.271s] Level 5:colcon.colcon_core.verb:set package 'test_cooperation_scicobot' build argument 'cmake_args' from command line to 'None'
[0.271s] Level 5:colcon.colcon_core.verb:set package 'test_cooperation_scicobot' build argument 'cmake_target' from command line to 'None'
[0.271s] Level 5:colcon.colcon_core.verb:set package 'test_cooperation_scicobot' build argument 'cmake_target_skip_unavailable' from command line to 'False'
[0.271s] Level 5:colcon.colcon_core.verb:set package 'test_cooperation_scicobot' build argument 'cmake_clean_cache' from command line to 'False'
[0.271s] Level 5:colcon.colcon_core.verb:set package 'test_cooperation_scicobot' build argument 'cmake_clean_first' from command line to 'False'
[0.271s] Level 5:colcon.colcon_core.verb:set package 'test_cooperation_scicobot' build argument 'cmake_force_configure' from command line to 'False'
[0.271s] Level 5:colcon.colcon_core.verb:set package 'test_cooperation_scicobot' build argument 'ament_cmake_args' from command line to 'None'
[0.271s] Level 5:colcon.colcon_core.verb:set package 'test_cooperation_scicobot' build argument 'catkin_cmake_args' from command line to 'None'
[0.271s] Level 5:colcon.colcon_core.verb:set package 'test_cooperation_scicobot' build argument 'catkin_skip_building_tests' from command line to 'False'
[0.271s] DEBUG:colcon.colcon_core.verb:Building package 'test_cooperation_scicobot' with the following arguments: {'ament_cmake_args': None, 'build_base': '/home/otavio/excluir/scicobot_rasp/build/test_cooperation_scicobot', 'catkin_cmake_args': None, 'catkin_skip_building_tests': False, 'cmake_args': None, 'cmake_clean_cache': False, 'cmake_clean_first': False, 'cmake_force_configure': False, 'cmake_target': None, 'cmake_target_skip_unavailable': False, 'install_base': '/home/otavio/excluir/scicobot_rasp/install/test_cooperation_scicobot', 'merge_install': False, 'path': '/home/otavio/excluir/scicobot_rasp/src/test_cooperation_scicobot', 'symlink_install': False, 'test_result_base': None}
[0.272s] Level 5:colcon.colcon_core.verb:set package 'teste' build argument 'cmake_args' from command line to 'None'
[0.272s] Level 5:colcon.colcon_core.verb:set package 'teste' build argument 'cmake_target' from command line to 'None'
[0.272s] Level 5:colcon.colcon_core.verb:set package 'teste' build argument 'cmake_target_skip_unavailable' from command line to 'False'
[0.272s] Level 5:colcon.colcon_core.verb:set package 'teste' build argument 'cmake_clean_cache' from command line to 'False'
[0.272s] Level 5:colcon.colcon_core.verb:set package 'teste' build argument 'cmake_clean_first' from command line to 'False'
[0.272s] Level 5:colcon.colcon_core.verb:set package 'teste' build argument 'cmake_force_configure' from command line to 'False'
[0.272s] Level 5:colcon.colcon_core.verb:set package 'teste' build argument 'ament_cmake_args' from command line to 'None'
[0.272s] Level 5:colcon.colcon_core.verb:set package 'teste' build argument 'catkin_cmake_args' from command line to 'None'
[0.272s] Level 5:colcon.colcon_core.verb:set package 'teste' build argument 'catkin_skip_building_tests' from command line to 'False'
[0.272s] DEBUG:colcon.colcon_core.verb:Building package 'teste' with the following arguments: {'ament_cmake_args': None, 'build_base': '/home/otavio/excluir/scicobot_rasp/build/teste', 'catkin_cmake_args': None, 'catkin_skip_building_tests': False, 'cmake_args': None, 'cmake_clean_cache': False, 'cmake_clean_first': False, 'cmake_force_configure': False, 'cmake_target': None, 'cmake_target_skip_unavailable': False, 'install_base': '/home/otavio/excluir/scicobot_rasp/install/teste', 'merge_install': False, 'path': '/home/otavio/excluir/scicobot_rasp/src/teste', 'symlink_install': False, 'test_result_base': None}
[0.275s] INFO:colcon.colcon_core.executor:Executing jobs using 'parallel' executor
[0.276s] DEBUG:colcon.colcon_parallel_executor.executor.parallel:run_until_complete
[0.277s] INFO:colcon.colcon_ros.task.ament_cmake.build:Building ROS package in '/home/otavio/excluir/scicobot_rasp/src/publisher_teste' with build type 'ament_cmake'
[0.277s] INFO:colcon.colcon_cmake.task.cmake.build:Building CMake package in '/home/otavio/excluir/scicobot_rasp/src/publisher_teste'
[0.280s] INFO:colcon.colcon_core.plugin_system:Skipping extension 'colcon_core.shell.bat': Not used on non-Windows systems
[0.280s] INFO:colcon.colcon_core.shell:Skip shell extension 'powershell' for command environment: Not usable outside of PowerShell
[0.280s] DEBUG:colcon.colcon_core.shell:Skip shell extension 'dsv' for command environment
[0.284s] INFO:colcon.colcon_ros.task.ament_cmake.build:Building ROS package in '/home/otavio/excluir/scicobot_rasp/src/scicobot_encoder' with build type 'ament_cmake'
[0.284s] INFO:colcon.colcon_cmake.task.cmake.build:Building CMake package in '/home/otavio/excluir/scicobot_rasp/src/scicobot_encoder'
[0.285s] INFO:colcon.colcon_core.shell:Skip shell extension 'powershell' for command environment: Not usable outside of PowerShell
[0.285s] DEBUG:colcon.colcon_core.shell:Skip shell extension 'dsv' for command environment
[0.290s] INFO:colcon.colcon_ros.task.ament_cmake.build:Building ROS package in '/home/otavio/excluir/scicobot_rasp/src/scicobot_move_on' with build type 'ament_cmake'
[0.291s] INFO:colcon.colcon_cmake.task.cmake.build:Building CMake package in '/home/otavio/excluir/scicobot_rasp/src/scicobot_move_on'
[0.292s] INFO:colcon.colcon_core.shell:Skip shell extension 'powershell' for command environment: Not usable outside of PowerShell
[0.292s] DEBUG:colcon.colcon_core.shell:Skip shell extension 'dsv' for command environment
[0.297s] INFO:colcon.colcon_ros.task.ament_cmake.build:Building ROS package in '/home/otavio/excluir/scicobot_rasp/src/scicobot_ultrasonic' with build type 'ament_cmake'
[0.297s] INFO:colcon.colcon_cmake.task.cmake.build:Building CMake package in '/home/otavio/excluir/scicobot_rasp/src/scicobot_ultrasonic'
[0.298s] INFO:colcon.colcon_core.shell:Skip shell extension 'powershell' for command environment: Not usable outside of PowerShell
[0.298s] DEBUG:colcon.colcon_core.shell:Skip shell extension 'dsv' for command environment
[0.310s] DEBUG:colcon.colcon_core.event_handler.log_command:Invoking command in '/home/otavio/excluir/scicobot_rasp/build/publisher_teste': CMAKE_PREFIX_PATH=/opt/ros/foxy /usr/bin/cmake --build /home/otavio/excluir/scicobot_rasp/build/publisher_teste -- -j4 -l4
[0.320s] DEBUG:colcon.colcon_core.event_handler.log_command:Invoking command in '/home/otavio/excluir/scicobot_rasp/build/scicobot_encoder': CMAKE_PREFIX_PATH=/opt/ros/foxy /usr/bin/cmake --build /home/otavio/excluir/scicobot_rasp/build/scicobot_encoder -- -j4 -l4
[0.328s] DEBUG:colcon.colcon_core.event_handler.log_command:Invoking command in '/home/otavio/excluir/scicobot_rasp/build/scicobot_move_on': CMAKE_PREFIX_PATH=/opt/ros/foxy /usr/bin/cmake --build /home/otavio/excluir/scicobot_rasp/build/scicobot_move_on -- -j4 -l4
[0.354s] DEBUG:colcon.colcon_core.event_handler.log_command:Invoking command in '/home/otavio/excluir/scicobot_rasp/build/scicobot_ultrasonic': CMAKE_PREFIX_PATH=/opt/ros/foxy /usr/bin/cmake --build /home/otavio/excluir/scicobot_rasp/build/scicobot_ultrasonic -- -j4 -l4
[0.403s] DEBUG:colcon.colcon_core.event_handler.log_command:Invoked command in '/home/otavio/excluir/scicobot_rasp/build/publisher_teste' returned '0': CMAKE_PREFIX_PATH=/opt/ros/foxy /usr/bin/cmake --build /home/otavio/excluir/scicobot_rasp/build/publisher_teste -- -j4 -l4
[0.422s] DEBUG:colcon.colcon_core.event_handler.log_command:Invoked command in '/home/otavio/excluir/scicobot_rasp/build/scicobot_encoder' returned '0': CMAKE_PREFIX_PATH=/opt/ros/foxy /usr/bin/cmake --build /home/otavio/excluir/scicobot_rasp/build/scicobot_encoder -- -j4 -l4
[0.436s] DEBUG:colcon.colcon_core.event_handler.log_command:Invoked command in '/home/otavio/excluir/scicobot_rasp/build/scicobot_move_on' returned '0': CMAKE_PREFIX_PATH=/opt/ros/foxy /usr/bin/cmake --build /home/otavio/excluir/scicobot_rasp/build/scicobot_move_on -- -j4 -l4
[0.467s] DEBUG:colcon.colcon_core.event_handler.log_command:Invoking command in '/home/otavio/excluir/scicobot_rasp/build/scicobot_encoder': CMAKE_PREFIX_PATH=/opt/ros/foxy /usr/bin/cmake --install /home/otavio/excluir/scicobot_rasp/build/scicobot_encoder
[0.474s] DEBUG:colcon.colcon_core.event_handler.log_command:Invoking command in '/home/otavio/excluir/scicobot_rasp/build/publisher_teste': CMAKE_PREFIX_PATH=/opt/ros/foxy /usr/bin/cmake --install /home/otavio/excluir/scicobot_rasp/build/publisher_teste
[0.478s] DEBUG:colcon.colcon_core.event_handler.log_command:Invoking command in '/home/otavio/excluir/scicobot_rasp/build/scicobot_move_on': CMAKE_PREFIX_PATH=/opt/ros/foxy /usr/bin/cmake --install /home/otavio/excluir/scicobot_rasp/build/scicobot_move_on
[0.490s] DEBUG:colcon.colcon_core.event_handler.log_command:Invoked command in '/home/otavio/excluir/scicobot_rasp/build/scicobot_ultrasonic' returned '0': CMAKE_PREFIX_PATH=/opt/ros/foxy /usr/bin/cmake --build /home/otavio/excluir/scicobot_rasp/build/scicobot_ultrasonic -- -j4 -l4
[0.490s] Level 1:colcon.colcon_core.environment:create_environment_scripts_only(scicobot_encoder)
[0.491s] DEBUG:colcon.colcon_core.event_handler.log_command:Invoked command in '/home/otavio/excluir/scicobot_rasp/build/scicobot_encoder' returned '0': CMAKE_PREFIX_PATH=/opt/ros/foxy /usr/bin/cmake --install /home/otavio/excluir/scicobot_rasp/build/scicobot_encoder
[0.498s] Level 1:colcon.colcon_core.environment:checking '/home/otavio/excluir/scicobot_rasp/install/scicobot_encoder' for CMake module files
[0.499s] Level 1:colcon.colcon_core.environment:checking '/home/otavio/excluir/scicobot_rasp/install/scicobot_encoder' for CMake config files
[0.499s] Level 1:colcon.colcon_core.shell:create_environment_hook('scicobot_encoder', 'cmake_prefix_path')
[0.500s] INFO:colcon.colcon_core.shell:Creating environment hook '/home/otavio/excluir/scicobot_rasp/install/scicobot_encoder/share/scicobot_encoder/hook/cmake_prefix_path.ps1'
[0.500s] INFO:colcon.colcon_core.shell:Creating environment descriptor '/home/otavio/excluir/scicobot_rasp/install/scicobot_encoder/share/scicobot_encoder/hook/cmake_prefix_path.dsv'
[0.501s] INFO:colcon.colcon_core.shell:Creating environment hook '/home/otavio/excluir/scicobot_rasp/install/scicobot_encoder/share/scicobot_encoder/hook/cmake_prefix_path.sh'
[0.502s] Level 1:colcon.colcon_core.environment:checking '/home/otavio/excluir/scicobot_rasp/install/scicobot_encoder/lib'
[0.502s] Level 1:colcon.colcon_core.environment:checking '/home/otavio/excluir/scicobot_rasp/install/scicobot_encoder/bin'
[0.502s] Level 1:colcon.colcon_core.environment:checking '/home/otavio/excluir/scicobot_rasp/install/scicobot_encoder/lib/pkgconfig/scicobot_encoder.pc'
[0.502s] Level 1:colcon.colcon_core.environment:checking '/home/otavio/excluir/scicobot_rasp/install/scicobot_encoder/lib/python3.8/site-packages'
[0.502s] INFO:colcon.colcon_core.shell:Creating package script '/home/otavio/excluir/scicobot_rasp/install/scicobot_encoder/share/scicobot_encoder/package.ps1'
[0.504s] INFO:colcon.colcon_core.shell:Creating package descriptor '/home/otavio/excluir/scicobot_rasp/install/scicobot_encoder/share/scicobot_encoder/package.dsv'
[0.504s] INFO:colcon.colcon_core.shell:Creating package script '/home/otavio/excluir/scicobot_rasp/install/scicobot_encoder/share/scicobot_encoder/package.sh'
[0.505s] INFO:colcon.colcon_core.shell:Creating package script '/home/otavio/excluir/scicobot_rasp/install/scicobot_encoder/share/scicobot_encoder/package.bash'
[0.506s] INFO:colcon.colcon_core.shell:Creating package script '/home/otavio/excluir/scicobot_rasp/install/scicobot_encoder/share/scicobot_encoder/package.zsh'
[0.506s] Level 1:colcon.colcon_core.environment:create_file_with_runtime_dependencies(/home/otavio/excluir/scicobot_rasp/install/scicobot_encoder/share/colcon-core/packages/scicobot_encoder)
[0.510s] Level 1:colcon.colcon_core.environment:create_environment_scripts_only(publisher_teste)
[0.512s] Level 1:colcon.colcon_core.environment:checking '/home/otavio/excluir/scicobot_rasp/install/publisher_teste' for CMake module files
[0.512s] DEBUG:colcon.colcon_core.event_handler.log_command:Invoked command in '/home/otavio/excluir/scicobot_rasp/build/publisher_teste' returned '0': CMAKE_PREFIX_PATH=/opt/ros/foxy /usr/bin/cmake --install /home/otavio/excluir/scicobot_rasp/build/publisher_teste
[0.513s] Level 1:colcon.colcon_core.environment:checking '/home/otavio/excluir/scicobot_rasp/install/publisher_teste' for CMake config files
[0.513s] Level 1:colcon.colcon_core.shell:create_environment_hook('publisher_teste', 'cmake_prefix_path')
[0.513s] INFO:colcon.colcon_core.shell:Creating environment hook '/home/otavio/excluir/scicobot_rasp/install/publisher_teste/share/publisher_teste/hook/cmake_prefix_path.ps1'
[0.514s] INFO:colcon.colcon_core.shell:Creating environment descriptor '/home/otavio/excluir/scicobot_rasp/install/publisher_teste/share/publisher_teste/hook/cmake_prefix_path.dsv'
[0.514s] INFO:colcon.colcon_core.shell:Creating environment hook '/home/otavio/excluir/scicobot_rasp/install/publisher_teste/share/publisher_teste/hook/cmake_prefix_path.sh'
[0.515s] Level 1:colcon.colcon_core.environment:checking '/home/otavio/excluir/scicobot_rasp/install/publisher_teste/lib'
[0.515s] Level 1:colcon.colcon_core.environment:checking '/home/otavio/excluir/scicobot_rasp/install/publisher_teste/bin'
[0.515s] Level 1:colcon.colcon_core.environment:checking '/home/otavio/excluir/scicobot_rasp/install/publisher_teste/lib/pkgconfig/publisher_teste.pc'
[0.515s] Level 1:colcon.colcon_core.environment:checking '/home/otavio/excluir/scicobot_rasp/install/publisher_teste/lib/python3.8/site-packages'
[0.516s] INFO:colcon.colcon_core.shell:Creating package script '/home/otavio/excluir/scicobot_rasp/install/publisher_teste/share/publisher_teste/package.ps1'
[0.516s] INFO:colcon.colcon_core.shell:Creating package descriptor '/home/otavio/excluir/scicobot_rasp/install/publisher_teste/share/publisher_teste/package.dsv'
[0.517s] INFO:colcon.colcon_core.shell:Creating package script '/home/otavio/excluir/scicobot_rasp/install/publisher_teste/share/publisher_teste/package.sh'
[0.517s] INFO:colcon.colcon_core.shell:Creating package script '/home/otavio/excluir/scicobot_rasp/install/publisher_teste/share/publisher_teste/package.bash'
[0.517s] INFO:colcon.colcon_core.shell:Creating package script '/home/otavio/excluir/scicobot_rasp/install/publisher_teste/share/publisher_teste/package.zsh'
[0.518s] Level 1:colcon.colcon_core.environment:create_file_with_runtime_dependencies(/home/otavio/excluir/scicobot_rasp/install/publisher_teste/share/colcon-core/packages/publisher_teste)
[0.523s] Level 1:colcon.colcon_core.environment:create_environment_scripts_only(scicobot_move_on)
[0.525s] Level 1:colcon.colcon_core.environment:checking '/home/otavio/excluir/scicobot_rasp/install/scicobot_move_on' for CMake module files
[0.526s] Level 1:colcon.colcon_core.environment:checking '/home/otavio/excluir/scicobot_rasp/install/scicobot_move_on' for CMake config files
[0.526s] Level 1:colcon.colcon_core.shell:create_environment_hook('scicobot_move_on', 'cmake_prefix_path')
[0.527s] INFO:colcon.colcon_core.shell:Creating environment hook '/home/otavio/excluir/scicobot_rasp/install/scicobot_move_on/share/scicobot_move_on/hook/cmake_prefix_path.ps1'
[0.524s] DEBUG:colcon.colcon_core.event_handler.log_command:Invoked command in '/home/otavio/excluir/scicobot_rasp/build/scicobot_move_on' returned '0': CMAKE_PREFIX_PATH=/opt/ros/foxy /usr/bin/cmake --install /home/otavio/excluir/scicobot_rasp/build/scicobot_move_on
[0.528s] INFO:colcon.colcon_core.shell:Creating environment descriptor '/home/otavio/excluir/scicobot_rasp/install/scicobot_move_on/share/scicobot_move_on/hook/cmake_prefix_path.dsv'
[0.528s] INFO:colcon.colcon_core.shell:Creating environment hook '/home/otavio/excluir/scicobot_rasp/install/scicobot_move_on/share/scicobot_move_on/hook/cmake_prefix_path.sh'
[0.529s] Level 1:colcon.colcon_core.environment:checking '/home/otavio/excluir/scicobot_rasp/install/scicobot_move_on/lib'
[0.529s] Level 1:colcon.colcon_core.environment:checking '/home/otavio/excluir/scicobot_rasp/install/scicobot_move_on/bin'
[0.529s] Level 1:colcon.colcon_core.environment:checking '/home/otavio/excluir/scicobot_rasp/install/scicobot_move_on/lib/pkgconfig/scicobot_move_on.pc'
[0.529s] Level 1:colcon.colcon_core.environment:checking '/home/otavio/excluir/scicobot_rasp/install/scicobot_move_on/lib/python3.8/site-packages'
[0.530s] INFO:colcon.colcon_core.shell:Creating package script '/home/otavio/excluir/scicobot_rasp/install/scicobot_move_on/share/scicobot_move_on/package.ps1'
[0.531s] INFO:colcon.colcon_core.shell:Creating package descriptor '/home/otavio/excluir/scicobot_rasp/install/scicobot_move_on/share/scicobot_move_on/package.dsv'
[0.531s] INFO:colcon.colcon_core.shell:Creating package script '/home/otavio/excluir/scicobot_rasp/install/scicobot_move_on/share/scicobot_move_on/package.sh'
[0.532s] INFO:colcon.colcon_core.shell:Creating package script '/home/otavio/excluir/scicobot_rasp/install/scicobot_move_on/share/scicobot_move_on/package.bash'
[0.532s] INFO:colcon.colcon_core.shell:Creating package script '/home/otavio/excluir/scicobot_rasp/install/scicobot_move_on/share/scicobot_move_on/package.zsh'
[0.533s] Level 1:colcon.colcon_core.environment:create_file_with_runtime_dependencies(/home/otavio/excluir/scicobot_rasp/install/scicobot_move_on/share/colcon-core/packages/scicobot_move_on)
[0.544s] DEBUG:colcon.colcon_core.event_handler.log_command:Invoking command in '/home/otavio/excluir/scicobot_rasp/build/scicobot_ultrasonic': CMAKE_PREFIX_PATH=/opt/ros/foxy /usr/bin/cmake --install /home/otavio/excluir/scicobot_rasp/build/scicobot_ultrasonic
[0.549s] Level 1:colcon.colcon_core.environment:create_environment_scripts_only(publisher_teste)
[0.550s] Level 1:colcon.colcon_core.environment:checking '/home/otavio/excluir/scicobot_rasp/install/publisher_teste' for CMake module files
[0.551s] Level 1:colcon.colcon_core.environment:checking '/home/otavio/excluir/scicobot_rasp/install/publisher_teste' for CMake config files
[0.551s] Level 1:colcon.colcon_core.shell:create_environment_hook('publisher_teste', 'cmake_prefix_path')
[0.552s] INFO:colcon.colcon_core.shell:Creating environment hook '/home/otavio/excluir/scicobot_rasp/install/publisher_teste/share/publisher_teste/hook/cmake_prefix_path.ps1'
[0.552s] INFO:colcon.colcon_core.shell:Creating environment descriptor '/home/otavio/excluir/scicobot_rasp/install/publisher_teste/share/publisher_teste/hook/cmake_prefix_path.dsv'
[0.553s] INFO:colcon.colcon_core.shell:Creating environment hook '/home/otavio/excluir/scicobot_rasp/install/publisher_teste/share/publisher_teste/hook/cmake_prefix_path.sh'
[0.554s] Level 1:colcon.colcon_core.environment:checking '/home/otavio/excluir/scicobot_rasp/install/publisher_teste/lib'
[0.555s] Level 1:colcon.colcon_core.environment:checking '/home/otavio/excluir/scicobot_rasp/install/publisher_teste/bin'
[0.557s] Level 1:colcon.colcon_core.environment:checking '/home/otavio/excluir/scicobot_rasp/install/publisher_teste/lib/pkgconfig/publisher_teste.pc'
[0.557s] Level 1:colcon.colcon_core.environment:checking '/home/otavio/excluir/scicobot_rasp/install/publisher_teste/lib/python3.8/site-packages'
[0.557s] INFO:colcon.colcon_core.shell:Creating package script '/home/otavio/excluir/scicobot_rasp/install/publisher_teste/share/publisher_teste/package.ps1'
[0.558s] INFO:colcon.colcon_core.shell:Creating package descriptor '/home/otavio/excluir/scicobot_rasp/install/publisher_teste/share/publisher_teste/package.dsv'
[0.558s] INFO:colcon.colcon_core.shell:Creating package script '/home/otavio/excluir/scicobot_rasp/install/publisher_teste/share/publisher_teste/package.sh'
[0.559s] INFO:colcon.colcon_core.shell:Creating package script '/home/otavio/excluir/scicobot_rasp/install/publisher_teste/share/publisher_teste/package.bash'
[0.559s] INFO:colcon.colcon_core.shell:Creating package script '/home/otavio/excluir/scicobot_rasp/install/publisher_teste/share/publisher_teste/package.zsh'
[0.560s] Level 1:colcon.colcon_core.environment:create_file_with_runtime_dependencies(/home/otavio/excluir/scicobot_rasp/install/publisher_teste/share/colcon-core/packages/publisher_teste)
[0.561s] Level 1:colcon.colcon_core.environment:create_environment_scripts_only(scicobot_encoder)
[0.562s] Level 1:colcon.colcon_core.environment:checking '/home/otavio/excluir/scicobot_rasp/install/scicobot_encoder' for CMake module files
[0.562s] Level 1:colcon.colcon_core.environment:checking '/home/otavio/excluir/scicobot_rasp/install/scicobot_encoder' for CMake config files
[0.563s] Level 1:colcon.colcon_core.shell:create_environment_hook('scicobot_encoder', 'cmake_prefix_path')
[0.563s] INFO:colcon.colcon_core.shell:Creating environment hook '/home/otavio/excluir/scicobot_rasp/install/scicobot_encoder/share/scicobot_encoder/hook/cmake_prefix_path.ps1'
[0.564s] INFO:colcon.colcon_core.shell:Creating environment descriptor '/home/otavio/excluir/scicobot_rasp/install/scicobot_encoder/share/scicobot_encoder/hook/cmake_prefix_path.dsv'
[0.564s] INFO:colcon.colcon_core.shell:Creating environment hook '/home/otavio/excluir/scicobot_rasp/install/scicobot_encoder/share/scicobot_encoder/hook/cmake_prefix_path.sh'
[0.564s] Level 1:colcon.colcon_core.environment:checking '/home/otavio/excluir/scicobot_rasp/install/scicobot_encoder/lib'
[0.564s] Level 1:colcon.colcon_core.environment:checking '/home/otavio/excluir/scicobot_rasp/install/scicobot_encoder/bin'
[0.565s] Level 1:colcon.colcon_core.environment:checking '/home/otavio/excluir/scicobot_rasp/install/scicobot_encoder/lib/pkgconfig/scicobot_encoder.pc'
[0.565s] Level 1:colcon.colcon_core.environment:checking '/home/otavio/excluir/scicobot_rasp/install/scicobot_encoder/lib/python3.8/site-packages'
[0.565s] INFO:colcon.colcon_core.shell:Creating package script '/home/otavio/excluir/scicobot_rasp/install/scicobot_encoder/share/scicobot_encoder/package.ps1'
[0.566s] INFO:colcon.colcon_core.shell:Creating package descriptor '/home/otavio/excluir/scicobot_rasp/install/scicobot_encoder/share/scicobot_encoder/package.dsv'
[0.566s] INFO:colcon.colcon_core.shell:Creating package script '/home/otavio/excluir/scicobot_rasp/install/scicobot_encoder/share/scicobot_encoder/package.sh'
[0.566s] INFO:colcon.colcon_core.shell:Creating package script '/home/otavio/excluir/scicobot_rasp/install/scicobot_encoder/share/scicobot_encoder/package.bash'
[0.567s] INFO:colcon.colcon_core.shell:Creating package script '/home/otavio/excluir/scicobot_rasp/install/scicobot_encoder/share/scicobot_encoder/package.zsh'
[0.567s] Level 1:colcon.colcon_core.environment:create_file_with_runtime_dependencies(/home/otavio/excluir/scicobot_rasp/install/scicobot_encoder/share/colcon-core/packages/scicobot_encoder)
[0.568s] INFO:colcon.colcon_ros.task.ament_cmake.build:Building ROS package in '/home/otavio/excluir/scicobot_rasp/src/test_cooperation_rasp' with build type 'ament_cmake'
[0.568s] INFO:colcon.colcon_cmake.task.cmake.build:Building CMake package in '/home/otavio/excluir/scicobot_rasp/src/test_cooperation_rasp'
[0.569s] INFO:colcon.colcon_core.shell:Skip shell extension 'powershell' for command environment: Not usable outside of PowerShell
[0.569s] DEBUG:colcon.colcon_core.shell:Skip shell extension 'dsv' for command environment
[0.573s] INFO:colcon.colcon_ros.task.ament_cmake.build:Building ROS package in '/home/otavio/excluir/scicobot_rasp/src/test_cooperation_scicobot' with build type 'ament_cmake'
[0.574s] INFO:colcon.colcon_cmake.task.cmake.build:Building CMake package in '/home/otavio/excluir/scicobot_rasp/src/test_cooperation_scicobot'
[0.575s] INFO:colcon.colcon_core.shell:Skip shell extension 'powershell' for command environment: Not usable outside of PowerShell
[0.575s] DEBUG:colcon.colcon_core.shell:Skip shell extension 'dsv' for command environment
[0.581s] Level 1:colcon.colcon_core.environment:create_environment_scripts_only(scicobot_ultrasonic)
[0.583s] Level 1:colcon.colcon_core.environment:checking '/home/otavio/excluir/scicobot_rasp/install/scicobot_ultrasonic' for CMake module files
[0.584s] DEBUG:colcon.colcon_core.event_handler.log_command:Invoked command in '/home/otavio/excluir/scicobot_rasp/build/scicobot_ultrasonic' returned '0': CMAKE_PREFIX_PATH=/opt/ros/foxy /usr/bin/cmake --install /home/otavio/excluir/scicobot_rasp/build/scicobot_ultrasonic
[0.584s] Level 1:colcon.colcon_core.environment:checking '/home/otavio/excluir/scicobot_rasp/install/scicobot_ultrasonic' for CMake config files
[0.584s] Level 1:colcon.colcon_core.shell:create_environment_hook('scicobot_ultrasonic', 'cmake_prefix_path')
[0.584s] INFO:colcon.colcon_core.shell:Creating environment hook '/home/otavio/excluir/scicobot_rasp/install/scicobot_ultrasonic/share/scicobot_ultrasonic/hook/cmake_prefix_path.ps1'
[0.585s] INFO:colcon.colcon_core.shell:Creating environment descriptor '/home/otavio/excluir/scicobot_rasp/install/scicobot_ultrasonic/share/scicobot_ultrasonic/hook/cmake_prefix_path.dsv'
[0.585s] INFO:colcon.colcon_core.shell:Creating environment hook '/home/otavio/excluir/scicobot_rasp/install/scicobot_ultrasonic/share/scicobot_ultrasonic/hook/cmake_prefix_path.sh'
[0.586s] Level 1:colcon.colcon_core.environment:checking '/home/otavio/excluir/scicobot_rasp/install/scicobot_ultrasonic/lib'
[0.586s] Level 1:colcon.colcon_core.environment:checking '/home/otavio/excluir/scicobot_rasp/install/scicobot_ultrasonic/bin'
[0.586s] Level 1:colcon.colcon_core.environment:checking '/home/otavio/excluir/scicobot_rasp/install/scicobot_ultrasonic/lib/pkgconfig/scicobot_ultrasonic.pc'
[0.586s] Level 1:colcon.colcon_core.environment:checking '/home/otavio/excluir/scicobot_rasp/install/scicobot_ultrasonic/lib/python3.8/site-packages'
[0.586s] INFO:colcon.colcon_core.shell:Creating package script '/home/otavio/excluir/scicobot_rasp/install/scicobot_ultrasonic/share/scicobot_ultrasonic/package.ps1'
[0.587s] INFO:colcon.colcon_core.shell:Creating package descriptor '/home/otavio/excluir/scicobot_rasp/install/scicobot_ultrasonic/share/scicobot_ultrasonic/package.dsv'
[0.587s] INFO:colcon.colcon_core.shell:Creating package script '/home/otavio/excluir/scicobot_rasp/install/scicobot_ultrasonic/share/scicobot_ultrasonic/package.sh'
[0.587s] INFO:colcon.colcon_core.shell:Creating package script '/home/otavio/excluir/scicobot_rasp/install/scicobot_ultrasonic/share/scicobot_ultrasonic/package.bash'
[0.588s] INFO:colcon.colcon_core.shell:Creating package script '/home/otavio/excluir/scicobot_rasp/install/scicobot_ultrasonic/share/scicobot_ultrasonic/package.zsh'
[0.588s] Level 1:colcon.colcon_core.environment:create_file_with_runtime_dependencies(/home/otavio/excluir/scicobot_rasp/install/scicobot_ultrasonic/share/colcon-core/packages/scicobot_ultrasonic)
[0.595s] Level 1:colcon.colcon_core.environment:create_environment_scripts_only(scicobot_move_on)
[0.596s] Level 1:colcon.colcon_core.environment:checking '/home/otavio/excluir/scicobot_rasp/install/scicobot_move_on' for CMake module files
[0.596s] Level 1:colcon.colcon_core.environment:checking '/home/otavio/excluir/scicobot_rasp/install/scicobot_move_on' for CMake config files
[0.596s] Level 1:colcon.colcon_core.shell:create_environment_hook('scicobot_move_on', 'cmake_prefix_path')
[0.597s] INFO:colcon.colcon_core.shell:Creating environment hook '/home/otavio/excluir/scicobot_rasp/install/scicobot_move_on/share/scicobot_move_on/hook/cmake_prefix_path.ps1'
[0.597s] INFO:colcon.colcon_core.shell:Creating environment descriptor '/home/otavio/excluir/scicobot_rasp/install/scicobot_move_on/share/scicobot_move_on/hook/cmake_prefix_path.dsv'
[0.598s] INFO:colcon.colcon_core.shell:Creating environment hook '/home/otavio/excluir/scicobot_rasp/install/scicobot_move_on/share/scicobot_move_on/hook/cmake_prefix_path.sh'
[0.599s] Level 1:colcon.colcon_core.environment:checking '/home/otavio/excluir/scicobot_rasp/install/scicobot_move_on/lib'
[0.599s] Level 1:colcon.colcon_core.environment:checking '/home/otavio/excluir/scicobot_rasp/install/scicobot_move_on/bin'
[0.599s] Level 1:colcon.colcon_core.environment:checking '/home/otavio/excluir/scicobot_rasp/install/scicobot_move_on/lib/pkgconfig/scicobot_move_on.pc'
[0.599s] Level 1:colcon.colcon_core.environment:checking '/home/otavio/excluir/scicobot_rasp/install/scicobot_move_on/lib/python3.8/site-packages'
[0.600s] INFO:colcon.colcon_core.shell:Creating package script '/home/otavio/excluir/scicobot_rasp/install/scicobot_move_on/share/scicobot_move_on/package.ps1'
[0.601s] INFO:colcon.colcon_core.shell:Creating package descriptor '/home/otavio/excluir/scicobot_rasp/install/scicobot_move_on/share/scicobot_move_on/package.dsv'
[0.601s] INFO:colcon.colcon_core.shell:Creating package script '/home/otavio/excluir/scicobot_rasp/install/scicobot_move_on/share/scicobot_move_on/package.sh'
[0.602s] INFO:colcon.colcon_core.shell:Creating package script '/home/otavio/excluir/scicobot_rasp/install/scicobot_move_on/share/scicobot_move_on/package.bash'
[0.603s] INFO:colcon.colcon_core.shell:Creating package script '/home/otavio/excluir/scicobot_rasp/install/scicobot_move_on/share/scicobot_move_on/package.zsh'
[0.603s] Level 1:colcon.colcon_core.environment:create_file_with_runtime_dependencies(/home/otavio/excluir/scicobot_rasp/install/scicobot_move_on/share/colcon-core/packages/scicobot_move_on)
[0.605s] INFO:colcon.colcon_ros.task.ament_cmake.build:Building ROS package in '/home/otavio/excluir/scicobot_rasp/src/teste' with build type 'ament_cmake'
[0.605s] INFO:colcon.colcon_cmake.task.cmake.build:Building CMake package in '/home/otavio/excluir/scicobot_rasp/src/teste'
[0.605s] INFO:colcon.colcon_core.shell:Skip shell extension 'powershell' for command environment: Not usable outside of PowerShell
[0.606s] DEBUG:colcon.colcon_core.shell:Skip shell extension 'dsv' for command environment
[0.617s] DEBUG:colcon.colcon_core.event_handler.log_command:Invoking command in '/home/otavio/excluir/scicobot_rasp/build/test_cooperation_rasp': CMAKE_PREFIX_PATH=/opt/ros/foxy /usr/bin/cmake --build /home/otavio/excluir/scicobot_rasp/build/test_cooperation_rasp -- -j4 -l4
[0.622s] DEBUG:colcon.colcon_core.event_handler.log_command:Invoking command in '/home/otavio/excluir/scicobot_rasp/build/test_cooperation_scicobot': CMAKE_PREFIX_PATH=/opt/ros/foxy /usr/bin/cmake --build /home/otavio/excluir/scicobot_rasp/build/test_cooperation_scicobot -- -j4 -l4
[0.639s] DEBUG:colcon.colcon_core.event_handler.log_command:Invoking command in '/home/otavio/excluir/scicobot_rasp/build/teste': CMAKE_PREFIX_PATH=/opt/ros/foxy /usr/bin/cmake --build /home/otavio/excluir/scicobot_rasp/build/teste -- -j4 -l4
[0.649s] Level 1:colcon.colcon_core.environment:create_environment_scripts_only(scicobot_ultrasonic)
[0.650s] Level 1:colcon.colcon_core.environment:checking '/home/otavio/excluir/scicobot_rasp/install/scicobot_ultrasonic' for CMake module files
[0.651s] Level 1:colcon.colcon_core.environment:checking '/home/otavio/excluir/scicobot_rasp/install/scicobot_ultrasonic' for CMake config files
[0.651s] Level 1:colcon.colcon_core.shell:create_environment_hook('scicobot_ultrasonic', 'cmake_prefix_path')
[0.652s] INFO:colcon.colcon_core.shell:Creating environment hook '/home/otavio/excluir/scicobot_rasp/install/scicobot_ultrasonic/share/scicobot_ultrasonic/hook/cmake_prefix_path.ps1'
[0.653s] INFO:colcon.colcon_core.shell:Creating environment descriptor '/home/otavio/excluir/scicobot_rasp/install/scicobot_ultrasonic/share/scicobot_ultrasonic/hook/cmake_prefix_path.dsv'
[0.654s] INFO:colcon.colcon_core.shell:Creating environment hook '/home/otavio/excluir/scicobot_rasp/install/scicobot_ultrasonic/share/scicobot_ultrasonic/hook/cmake_prefix_path.sh'
[0.654s] Level 1:colcon.colcon_core.environment:checking '/home/otavio/excluir/scicobot_rasp/install/scicobot_ultrasonic/lib'
[0.655s] Level 1:colcon.colcon_core.environment:checking '/home/otavio/excluir/scicobot_rasp/install/scicobot_ultrasonic/bin'
[0.655s] Level 1:colcon.colcon_core.environment:checking '/home/otavio/excluir/scicobot_rasp/install/scicobot_ultrasonic/lib/pkgconfig/scicobot_ultrasonic.pc'
[0.655s] Level 1:colcon.colcon_core.environment:checking '/home/otavio/excluir/scicobot_rasp/install/scicobot_ultrasonic/lib/python3.8/site-packages'
[0.656s] INFO:colcon.colcon_core.shell:Creating package script '/home/otavio/excluir/scicobot_rasp/install/scicobot_ultrasonic/share/scicobot_ultrasonic/package.ps1'
[0.657s] INFO:colcon.colcon_core.shell:Creating package descriptor '/home/otavio/excluir/scicobot_rasp/install/scicobot_ultrasonic/share/scicobot_ultrasonic/package.dsv'
[0.660s] INFO:colcon.colcon_core.shell:Creating package script '/home/otavio/excluir/scicobot_rasp/install/scicobot_ultrasonic/share/scicobot_ultrasonic/package.sh'
[0.661s] INFO:colcon.colcon_core.shell:Creating package script '/home/otavio/excluir/scicobot_rasp/install/scicobot_ultrasonic/share/scicobot_ultrasonic/package.bash'
[0.662s] INFO:colcon.colcon_core.shell:Creating package script '/home/otavio/excluir/scicobot_rasp/install/scicobot_ultrasonic/share/scicobot_ultrasonic/package.zsh'
[0.662s] Level 1:colcon.colcon_core.environment:create_file_with_runtime_dependencies(/home/otavio/excluir/scicobot_rasp/install/scicobot_ultrasonic/share/colcon-core/packages/scicobot_ultrasonic)
[0.734s] DEBUG:colcon.colcon_core.event_handler.log_command:Invoked command in '/home/otavio/excluir/scicobot_rasp/build/teste' returned '0': CMAKE_PREFIX_PATH=/opt/ros/foxy /usr/bin/cmake --build /home/otavio/excluir/scicobot_rasp/build/teste -- -j4 -l4
[0.759s] DEBUG:colcon.colcon_core.event_handler.log_command:Invoking command in '/home/otavio/excluir/scicobot_rasp/build/teste': CMAKE_PREFIX_PATH=/opt/ros/foxy /usr/bin/cmake --install /home/otavio/excluir/scicobot_rasp/build/teste
[0.771s] Level 1:colcon.colcon_core.environment:create_environment_scripts_only(teste)
[0.772s] Level 1:colcon.colcon_core.environment:checking '/home/otavio/excluir/scicobot_rasp/install/teste' for CMake module files
[0.772s] DEBUG:colcon.colcon_core.event_handler.log_command:Invoked command in '/home/otavio/excluir/scicobot_rasp/build/teste' returned '0': CMAKE_PREFIX_PATH=/opt/ros/foxy /usr/bin/cmake --install /home/otavio/excluir/scicobot_rasp/build/teste
[0.773s] Level 1:colcon.colcon_core.environment:checking '/home/otavio/excluir/scicobot_rasp/install/teste' for CMake config files
[0.773s] Level 1:colcon.colcon_core.shell:create_environment_hook('teste', 'cmake_prefix_path')
[0.773s] INFO:colcon.colcon_core.shell:Creating environment hook '/home/otavio/excluir/scicobot_rasp/install/teste/share/teste/hook/cmake_prefix_path.ps1'
[0.774s] INFO:colcon.colcon_core.shell:Creating environment descriptor '/home/otavio/excluir/scicobot_rasp/install/teste/share/teste/hook/cmake_prefix_path.dsv'
[0.774s] INFO:colcon.colcon_core.shell:Creating environment hook '/home/otavio/excluir/scicobot_rasp/install/teste/share/teste/hook/cmake_prefix_path.sh'
[0.775s] Level 1:colcon.colcon_core.environment:checking '/home/otavio/excluir/scicobot_rasp/install/teste/lib'
[0.775s] Level 1:colcon.colcon_core.environment:checking '/home/otavio/excluir/scicobot_rasp/install/teste/bin'
[0.775s] Level 1:colcon.colcon_core.environment:checking '/home/otavio/excluir/scicobot_rasp/install/teste/lib/pkgconfig/teste.pc'
[0.775s] Level 1:colcon.colcon_core.environment:checking '/home/otavio/excluir/scicobot_rasp/install/teste/lib/python3.8/site-packages'
[0.776s] INFO:colcon.colcon_core.shell:Creating package script '/home/otavio/excluir/scicobot_rasp/install/teste/share/teste/package.ps1'
[0.776s] INFO:colcon.colcon_core.shell:Creating package descriptor '/home/otavio/excluir/scicobot_rasp/install/teste/share/teste/package.dsv'
[0.777s] INFO:colcon.colcon_core.shell:Creating package script '/home/otavio/excluir/scicobot_rasp/install/teste/share/teste/package.sh'
[0.777s] INFO:colcon.colcon_core.shell:Creating package script '/home/otavio/excluir/scicobot_rasp/install/teste/share/teste/package.bash'
[0.778s] INFO:colcon.colcon_core.shell:Creating package script '/home/otavio/excluir/scicobot_rasp/install/teste/share/teste/package.zsh'
[0.778s] Level 1:colcon.colcon_core.environment:create_file_with_runtime_dependencies(/home/otavio/excluir/scicobot_rasp/install/teste/share/colcon-core/packages/teste)
[0.810s] Level 1:colcon.colcon_core.environment:create_environment_scripts_only(teste)
[0.811s] Level 1:colcon.colcon_core.environment:checking '/home/otavio/excluir/scicobot_rasp/install/teste' for CMake module files
[0.812s] Level 1:colcon.colcon_core.environment:checking '/home/otavio/excluir/scicobot_rasp/install/teste' for CMake config files
[0.812s] Level 1:colcon.colcon_core.shell:create_environment_hook('teste', 'cmake_prefix_path')
[0.812s] INFO:colcon.colcon_core.shell:Creating environment hook '/home/otavio/excluir/scicobot_rasp/install/teste/share/teste/hook/cmake_prefix_path.ps1'
[0.813s] INFO:colcon.colcon_core.shell:Creating environment descriptor '/home/otavio/excluir/scicobot_rasp/install/teste/share/teste/hook/cmake_prefix_path.dsv'
[0.813s] INFO:colcon.colcon_core.shell:Creating environment hook '/home/otavio/excluir/scicobot_rasp/install/teste/share/teste/hook/cmake_prefix_path.sh'
[0.814s] Level 1:colcon.colcon_core.environment:checking '/home/otavio/excluir/scicobot_rasp/install/teste/lib'
[0.814s] Level 1:colcon.colcon_core.environment:checking '/home/otavio/excluir/scicobot_rasp/install/teste/bin'
[0.814s] Level 1:colcon.colcon_core.environment:checking '/home/otavio/excluir/scicobot_rasp/install/teste/lib/pkgconfig/teste.pc'
[0.814s] Level 1:colcon.colcon_core.environment:checking '/home/otavio/excluir/scicobot_rasp/install/teste/lib/python3.8/site-packages'
[0.815s] INFO:colcon.colcon_core.shell:Creating package script '/home/otavio/excluir/scicobot_rasp/install/teste/share/teste/package.ps1'
[0.816s] INFO:colcon.colcon_core.shell:Creating package descriptor '/home/otavio/excluir/scicobot_rasp/install/teste/share/teste/package.dsv'
[0.817s] INFO:colcon.colcon_core.shell:Creating package script '/home/otavio/excluir/scicobot_rasp/install/teste/share/teste/package.sh'
[0.817s] INFO:colcon.colcon_core.shell:Creating package script '/home/otavio/excluir/scicobot_rasp/install/teste/share/teste/package.bash'
[0.818s] INFO:colcon.colcon_core.shell:Creating package script '/home/otavio/excluir/scicobot_rasp/install/teste/share/teste/package.zsh'
[0.820s] Level 1:colcon.colcon_core.environment:create_file_with_runtime_dependencies(/home/otavio/excluir/scicobot_rasp/install/teste/share/colcon-core/packages/teste)
[4.686s] DEBUG:colcon.colcon_core.event_handler.log_command:Invoked command in '/home/otavio/excluir/scicobot_rasp/build/test_cooperation_scicobot' returned '2': CMAKE_PREFIX_PATH=/opt/ros/foxy /usr/bin/cmake --build /home/otavio/excluir/scicobot_rasp/build/test_cooperation_scicobot -- -j4 -l4
[4.710s] Level 1:colcon.colcon_core.environment:create_environment_scripts_only(test_cooperation_scicobot)
[4.711s] Level 1:colcon.colcon_core.environment:checking '/home/otavio/excluir/scicobot_rasp/install/test_cooperation_scicobot' for CMake module files
[4.712s] Level 1:colcon.colcon_core.environment:checking '/home/otavio/excluir/scicobot_rasp/install/test_cooperation_scicobot' for CMake config files
[4.712s] Level 1:colcon.colcon_core.environment:checking '/home/otavio/excluir/scicobot_rasp/install/test_cooperation_scicobot/bin'
[4.713s] Level 1:colcon.colcon_core.environment:checking '/home/otavio/excluir/scicobot_rasp/install/test_cooperation_scicobot/lib/pkgconfig/test_cooperation_scicobot.pc'
[4.713s] Level 1:colcon.colcon_core.environment:checking '/home/otavio/excluir/scicobot_rasp/install/test_cooperation_scicobot/lib/python3.8/site-packages'
[4.713s] INFO:colcon.colcon_core.shell:Creating package script '/home/otavio/excluir/scicobot_rasp/install/test_cooperation_scicobot/share/test_cooperation_scicobot/package.ps1'
[4.714s] INFO:colcon.colcon_core.shell:Creating package descriptor '/home/otavio/excluir/scicobot_rasp/install/test_cooperation_scicobot/share/test_cooperation_scicobot/package.dsv'
[4.715s] INFO:colcon.colcon_core.shell:Creating package script '/home/otavio/excluir/scicobot_rasp/install/test_cooperation_scicobot/share/test_cooperation_scicobot/package.sh'
[4.715s] INFO:colcon.colcon_core.shell:Creating package script '/home/otavio/excluir/scicobot_rasp/install/test_cooperation_scicobot/share/test_cooperation_scicobot/package.bash'
[4.716s] INFO:colcon.colcon_core.shell:Creating package script '/home/otavio/excluir/scicobot_rasp/install/test_cooperation_scicobot/share/test_cooperation_scicobot/package.zsh'
[4.717s] Level 1:colcon.colcon_core.environment:create_file_with_runtime_dependencies(/home/otavio/excluir/scicobot_rasp/install/test_cooperation_scicobot/share/colcon-core/packages/test_cooperation_scicobot)
[6.120s] DEBUG:colcon.colcon_parallel_executor.executor.parallel:closing loop
[6.120s] DEBUG:colcon.colcon_parallel_executor.executor.parallel:loop closed
[6.120s] DEBUG:colcon.colcon_parallel_executor.executor.parallel:run_until_complete finished with '2'
[6.120s] DEBUG:colcon.colcon_core.event_reactor:joining thread
[6.137s] INFO:colcon.colcon_core.plugin_system:Skipping extension 'colcon_notification.desktop_notification.terminal_notifier': Not used on non-Darwin systems
[6.138s] INFO:colcon.colcon_core.plugin_system:Skipping extension 'colcon_notification.desktop_notification.win32': Not used on non-Windows systems
[6.138s] INFO:colcon.colcon_notification.desktop_notification:Sending desktop notification using 'notify2'
[6.152s] DEBUG:colcon.colcon_core.event_reactor:joined thread
[6.153s] INFO:colcon.colcon_core.shell:Creating prefix script '/home/otavio/excluir/scicobot_rasp/install/local_setup.ps1'
[6.154s] INFO:colcon.colcon_core.shell:Creating prefix util module '/home/otavio/excluir/scicobot_rasp/install/_local_setup_util_ps1.py'
[6.155s] INFO:colcon.colcon_core.shell:Creating prefix chain script '/home/otavio/excluir/scicobot_rasp/install/setup.ps1'
[6.156s] INFO:colcon.colcon_core.shell:Creating prefix script '/home/otavio/excluir/scicobot_rasp/install/local_setup.sh'
[6.157s] INFO:colcon.colcon_core.shell:Creating prefix util module '/home/otavio/excluir/scicobot_rasp/install/_local_setup_util_sh.py'
[6.157s] INFO:colcon.colcon_core.shell:Creating prefix chain script '/home/otavio/excluir/scicobot_rasp/install/setup.sh'
[6.158s] INFO:colcon.colcon_core.shell:Creating prefix script '/home/otavio/excluir/scicobot_rasp/install/local_setup.bash'
[6.159s] INFO:colcon.colcon_core.shell:Creating prefix chain script '/home/otavio/excluir/scicobot_rasp/install/setup.bash'
[6.160s] INFO:colcon.colcon_core.shell:Creating prefix script '/home/otavio/excluir/scicobot_rasp/install/local_setup.zsh'
[6.160s] INFO:colcon.colcon_core.shell:Creating prefix chain script '/home/otavio/excluir/scicobot_rasp/install/setup.zsh'
