-- Found ament_cmake: 0.9.9 (/opt/ros/foxy/share/ament_cmake/cmake)
-- Using PYTHON_EXECUTABLE: /usr/bin/python3
-- Found rclcpp: 2.4.0 (/opt/ros/foxy/share/rclcpp/cmake)
-- Using all available rosidl_typesupport_c: rosidl_typesupport_fastrtps_c;rosidl_typesupport_introspection_c
-- Found rosidl_adapter: 1.2.1 (/opt/ros/foxy/share/rosidl_adapter/cmake)
-- Using all available rosidl_typesupport_cpp: rosidl_typesupport_fastrtps_cpp;rosidl_typesupport_introspection_cpp
-- Found rmw_implementation_cmake: 1.0.3 (/opt/ros/foxy/share/rmw_implementation_cmake/cmake)
-- Using RMW implementation 'rmw_fastrtps_cpp' as default
-- Configuring done
-- Generating done
-- Build files have been written to: /home/otavio/scicobot_rasp/build/scicobot_move_on
[35m[1mScanning dependencies of target move_on[0m
[ 50%] [32mBuilding CXX object CMakeFiles/move_on.dir/src/scicobot_publisher_move_on.cpp.o[0m
[100%] [32m[1mLinking CXX executable move_on[0m
[100%] Built target move_on
-- Install configuration: ""
-- Installing: /home/otavio/scicobot_rasp/install/scicobot_move_on/lib/scicobot_move_on/move_on
-- Set runtime path of "/home/otavio/scicobot_rasp/install/scicobot_move_on/lib/scicobot_move_on/move_on" to ""
-- Installing: /home/otavio/scicobot_rasp/install/scicobot_move_on/share/ament_index/resource_index/package_run_dependencies/scicobot_move_on
-- Installing: /home/otavio/scicobot_rasp/install/scicobot_move_on/share/ament_index/resource_index/parent_prefix_path/scicobot_move_on
-- Installing: /home/otavio/scicobot_rasp/install/scicobot_move_on/share/scicobot_move_on/environment/ament_prefix_path.sh
-- Installing: /home/otavio/scicobot_rasp/install/scicobot_move_on/share/scicobot_move_on/environment/ament_prefix_path.dsv
-- Installing: /home/otavio/scicobot_rasp/install/scicobot_move_on/share/scicobot_move_on/environment/path.sh
-- Installing: /home/otavio/scicobot_rasp/install/scicobot_move_on/share/scicobot_move_on/environment/path.dsv
-- Installing: /home/otavio/scicobot_rasp/install/scicobot_move_on/share/scicobot_move_on/local_setup.bash
-- Installing: /home/otavio/scicobot_rasp/install/scicobot_move_on/share/scicobot_move_on/local_setup.sh
-- Installing: /home/otavio/scicobot_rasp/install/scicobot_move_on/share/scicobot_move_on/local_setup.zsh
-- Installing: /home/otavio/scicobot_rasp/install/scicobot_move_on/share/scicobot_move_on/local_setup.dsv
-- Installing: /home/otavio/scicobot_rasp/install/scicobot_move_on/share/scicobot_move_on/package.dsv
-- Installing: /home/otavio/scicobot_rasp/install/scicobot_move_on/share/ament_index/resource_index/packages/scicobot_move_on
-- Installing: /home/otavio/scicobot_rasp/install/scicobot_move_on/share/scicobot_move_on/cmake/scicobot_move_onConfig.cmake
-- Installing: /home/otavio/scicobot_rasp/install/scicobot_move_on/share/scicobot_move_on/cmake/scicobot_move_onConfig-version.cmake
-- Installing: /home/otavio/scicobot_rasp/install/scicobot_move_on/share/scicobot_move_on/package.xml
