Performing C SOURCE FILE Test CMAKE_HAVE_LIBC_PTHREAD failed with the following output:
Change Dir: /home/otavio/scicobot_rasp/build/scicobot_move_on/CMakeFiles/CMakeTmp

Run Build Command(s):/usr/bin/make cmTC_bb7a5/fast && /usr/bin/make -f CMakeFiles/cmTC_bb7a5.dir/build.make CMakeFiles/cmTC_bb7a5.dir/build
make[1]: Entrando no diretório '/home/otavio/scicobot_rasp/build/scicobot_move_on/CMakeFiles/CMakeTmp'
Building C object CMakeFiles/cmTC_bb7a5.dir/src.c.o
/usr/bin/cc   -DCMAKE_HAVE_LIBC_PTHREAD   -o CMakeFiles/cmTC_bb7a5.dir/src.c.o   -c /home/otavio/scicobot_rasp/build/scicobot_move_on/CMakeFiles/CMakeTmp/src.c
Linking C executable cmTC_bb7a5
/usr/bin/cmake -E cmake_link_script CMakeFiles/cmTC_bb7a5.dir/link.txt --verbose=1
/usr/bin/cc  -DCMAKE_HAVE_LIBC_PTHREAD    CMakeFiles/cmTC_bb7a5.dir/src.c.o  -o cmTC_bb7a5 
/usr/bin/ld: CMakeFiles/cmTC_bb7a5.dir/src.c.o: na função "main":
src.c:(.text+0x46): referência não definida para "pthread_create"
/usr/bin/ld: src.c:(.text+0x52): referência não definida para "pthread_detach"
/usr/bin/ld: src.c:(.text+0x63): referência não definida para "pthread_join"
collect2: error: ld returned 1 exit status
make[1]: *** [CMakeFiles/cmTC_bb7a5.dir/build.make:87: cmTC_bb7a5] Erro 1
make[1]: Saindo do diretório '/home/otavio/scicobot_rasp/build/scicobot_move_on/CMakeFiles/CMakeTmp'
make: *** [Makefile:121: cmTC_bb7a5/fast] Erro 2


Source file was:
#include <pthread.h>

void* test_func(void* data)
{
  return data;
}

int main(void)
{
  pthread_t thread;
  pthread_create(&thread, NULL, test_func, NULL);
  pthread_detach(thread);
  pthread_join(thread, NULL);
  pthread_atfork(NULL, NULL, NULL);
  pthread_exit(NULL);

  return 0;
}

Determining if the function pthread_create exists in the pthreads failed with the following output:
Change Dir: /home/otavio/scicobot_rasp/build/scicobot_move_on/CMakeFiles/CMakeTmp

Run Build Command(s):/usr/bin/make cmTC_bbe25/fast && /usr/bin/make -f CMakeFiles/cmTC_bbe25.dir/build.make CMakeFiles/cmTC_bbe25.dir/build
make[1]: Entrando no diretório '/home/otavio/scicobot_rasp/build/scicobot_move_on/CMakeFiles/CMakeTmp'
Building C object CMakeFiles/cmTC_bbe25.dir/CheckFunctionExists.c.o
/usr/bin/cc   -DCHECK_FUNCTION_EXISTS=pthread_create   -o CMakeFiles/cmTC_bbe25.dir/CheckFunctionExists.c.o   -c /usr/share/cmake-3.16/Modules/CheckFunctionExists.c
Linking C executable cmTC_bbe25
/usr/bin/cmake -E cmake_link_script CMakeFiles/cmTC_bbe25.dir/link.txt --verbose=1
/usr/bin/cc  -DCHECK_FUNCTION_EXISTS=pthread_create    CMakeFiles/cmTC_bbe25.dir/CheckFunctionExists.c.o  -o cmTC_bbe25  -lpthreads 
/usr/bin/ld: não foi possível localizar -lpthreads
collect2: error: ld returned 1 exit status
make[1]: *** [CMakeFiles/cmTC_bbe25.dir/build.make:87: cmTC_bbe25] Erro 1
make[1]: Saindo do diretório '/home/otavio/scicobot_rasp/build/scicobot_move_on/CMakeFiles/CMakeTmp'
make: *** [Makefile:121: cmTC_bbe25/fast] Erro 2



