[0.051s] Invoking command in '/home/otavio/scicobot_rasp/build/scicobot_ultrasonic': CMAKE_PREFIX_PATH=/opt/ros/foxy /usr/bin/cmake --build /home/otavio/scicobot_rasp/build/scicobot_ultrasonic -- -j4 -l4
[0.143s] [100%] Built target listener_ultrasonic
[0.158s] Invoked command in '/home/otavio/scicobot_rasp/build/scicobot_ultrasonic' returned '0': CMAKE_PREFIX_PATH=/opt/ros/foxy /usr/bin/cmake --build /home/otavio/scicobot_rasp/build/scicobot_ultrasonic -- -j4 -l4
[0.191s] Invoking command in '/home/otavio/scicobot_rasp/build/scicobot_ultrasonic': CMAKE_PREFIX_PATH=/opt/ros/foxy /usr/bin/cmake --install /home/otavio/scicobot_rasp/build/scicobot_ultrasonic
[0.215s] -- Install configuration: ""
[0.215s] -- Installing: /home/otavio/scicobot_rasp/install/scicobot_ultrasonic/lib/scicobot_ultrasonic/listener_ultrasonic
[0.217s] -- Set runtime path of "/home/otavio/scicobot_rasp/install/scicobot_ultrasonic/lib/scicobot_ultrasonic/listener_ultrasonic" to ""
[0.217s] -- Installing: /home/otavio/scicobot_rasp/install/scicobot_ultrasonic/share/ament_index/resource_index/package_run_dependencies/scicobot_ultrasonic
[0.218s] -- Installing: /home/otavio/scicobot_rasp/install/scicobot_ultrasonic/share/ament_index/resource_index/parent_prefix_path/scicobot_ultrasonic
[0.218s] -- Installing: /home/otavio/scicobot_rasp/install/scicobot_ultrasonic/share/scicobot_ultrasonic/environment/ament_prefix_path.sh
[0.218s] -- Installing: /home/otavio/scicobot_rasp/install/scicobot_ultrasonic/share/scicobot_ultrasonic/environment/ament_prefix_path.dsv
[0.218s] -- Installing: /home/otavio/scicobot_rasp/install/scicobot_ultrasonic/share/scicobot_ultrasonic/environment/path.sh
[0.218s] -- Installing: /home/otavio/scicobot_rasp/install/scicobot_ultrasonic/share/scicobot_ultrasonic/environment/path.dsv
[0.219s] -- Installing: /home/otavio/scicobot_rasp/install/scicobot_ultrasonic/share/scicobot_ultrasonic/local_setup.bash
[0.219s] -- Installing: /home/otavio/scicobot_rasp/install/scicobot_ultrasonic/share/scicobot_ultrasonic/local_setup.sh
[0.219s] -- Installing: /home/otavio/scicobot_rasp/install/scicobot_ultrasonic/share/scicobot_ultrasonic/local_setup.zsh
[0.219s] -- Installing: /home/otavio/scicobot_rasp/install/scicobot_ultrasonic/share/scicobot_ultrasonic/local_setup.dsv
[0.220s] -- Installing: /home/otavio/scicobot_rasp/install/scicobot_ultrasonic/share/scicobot_ultrasonic/package.dsv
[0.220s] -- Installing: /home/otavio/scicobot_rasp/install/scicobot_ultrasonic/share/ament_index/resource_index/packages/scicobot_ultrasonic
[0.220s] -- Installing: /home/otavio/scicobot_rasp/install/scicobot_ultrasonic/share/scicobot_ultrasonic/cmake/scicobot_ultrasonicConfig.cmake
[0.221s] -- Installing: /home/otavio/scicobot_rasp/install/scicobot_ultrasonic/share/scicobot_ultrasonic/cmake/scicobot_ultrasonicConfig-version.cmake
[0.221s] -- Installing: /home/otavio/scicobot_rasp/install/scicobot_ultrasonic/share/scicobot_ultrasonic/package.xml
[0.256s] Invoked command in '/home/otavio/scicobot_rasp/build/scicobot_ultrasonic' returned '0': CMAKE_PREFIX_PATH=/opt/ros/foxy /usr/bin/cmake --install /home/otavio/scicobot_rasp/build/scicobot_ultrasonic
