[0.129s] DEBUG:colcon:Command line arguments: ['/usr/bin/colcon', 'build']
[0.129s] DEBUG:colcon:Parsed command line arguments: Namespace(allow_overriding=[], ament_cmake_args=None, base_paths=['.'], build_base='build', catkin_cmake_args=None, catkin_skip_building_tests=False, cmake_args=None, cmake_clean_cache=False, cmake_clean_first=False, cmake_force_configure=False, cmake_target=None, cmake_target_skip_unavailable=False, continue_on_error=False, event_handlers=None, executor='parallel', ignore_user_meta=False, install_base='install', log_base=None, log_level=None, main=<bound method BuildVerb.main of <colcon_core.verb.build.BuildVerb object at 0x7f0eb4b3b100>>, merge_install=False, metas=['./colcon.meta'], packages_above=None, packages_above_and_dependencies=None, packages_above_depth=None, packages_end=None, packages_ignore=None, packages_ignore_regex=None, packages_select=None, packages_select_build_failed=False, packages_select_by_dep=None, packages_select_regex=None, packages_select_test_failures=False, packages_skip=None, packages_skip_build_finished=False, packages_skip_by_dep=None, packages_skip_regex=None, packages_skip_test_passed=False, packages_skip_up_to=None, packages_start=None, packages_up_to=None, packages_up_to_regex=None, parallel_workers=4, paths=None, symlink_install=False, test_result_base=None, verb_extension=<colcon_core.verb.build.BuildVerb object at 0x7f0eb4b3b100>, verb_name='build', verb_parser=<colcon_defaults.argument_parser.defaults.DefaultArgumentsDecorator object at 0x7f0eb4b3b640>)
[0.133s] Level 1:colcon.colcon_core.package_discovery:discover_packages(colcon_meta) check parameters
[0.133s] Level 1:colcon.colcon_core.package_discovery:discover_packages(recursive) check parameters
[0.133s] Level 1:colcon.colcon_core.package_discovery:discover_packages(ignore) check parameters
[0.133s] Level 1:colcon.colcon_core.package_discovery:discover_packages(path) check parameters
[0.133s] Level 1:colcon.colcon_core.package_discovery:discover_packages(colcon_meta) discover
[0.133s] Level 1:colcon.colcon_core.package_discovery:discover_packages(recursive) discover
[0.133s] INFO:colcon.colcon_core.package_discovery:Crawling recursively for packages in '/home/otavio/scicobot_rasp/src'
[0.133s] Level 1:colcon.colcon_core.package_identification:_identify(.) by extensions ['ignore', 'ignore_ament_install']
[0.133s] Level 1:colcon.colcon_core.package_identification:_identify(.) by extension 'ignore'
[0.133s] Level 1:colcon.colcon_core.package_identification:_identify(.) by extension 'ignore_ament_install'
[0.133s] Level 1:colcon.colcon_core.package_identification:_identify(.) by extensions ['colcon_pkg']
[0.133s] Level 1:colcon.colcon_core.package_identification:_identify(.) by extension 'colcon_pkg'
[0.133s] Level 1:colcon.colcon_core.package_identification:_identify(.) by extensions ['colcon_meta']
[0.133s] Level 1:colcon.colcon_core.package_identification:_identify(.) by extension 'colcon_meta'
[0.133s] Level 1:colcon.colcon_core.package_identification:_identify(.) by extensions ['ros']
[0.133s] Level 1:colcon.colcon_core.package_identification:_identify(.) by extension 'ros'
[0.144s] Level 1:colcon.colcon_core.package_identification:_identify(.) by extensions ['cmake', 'python']
[0.144s] Level 1:colcon.colcon_core.package_identification:_identify(.) by extension 'cmake'
[0.144s] Level 1:colcon.colcon_core.package_identification:_identify(.) by extension 'python'
[0.144s] Level 1:colcon.colcon_core.package_identification:_identify(.) by extensions ['python_setup_py']
[0.144s] Level 1:colcon.colcon_core.package_identification:_identify(.) by extension 'python_setup_py'
[0.144s] Level 1:colcon.colcon_core.package_identification:_identify(build) by extensions ['ignore', 'ignore_ament_install']
[0.144s] Level 1:colcon.colcon_core.package_identification:_identify(build) by extension 'ignore'
[0.144s] Level 1:colcon.colcon_core.package_identification:_identify(build) ignored
[0.144s] Level 1:colcon.colcon_core.package_identification:_identify(install) by extensions ['ignore', 'ignore_ament_install']
[0.144s] Level 1:colcon.colcon_core.package_identification:_identify(install) by extension 'ignore'
[0.145s] Level 1:colcon.colcon_core.package_identification:_identify(install) ignored
[0.145s] Level 1:colcon.colcon_core.package_identification:_identify(log) by extensions ['ignore', 'ignore_ament_install']
[0.145s] Level 1:colcon.colcon_core.package_identification:_identify(log) by extension 'ignore'
[0.145s] Level 1:colcon.colcon_core.package_identification:_identify(log) ignored
[0.145s] Level 1:colcon.colcon_core.package_identification:_identify(publisher_teste) by extensions ['ignore', 'ignore_ament_install']
[0.145s] Level 1:colcon.colcon_core.package_identification:_identify(publisher_teste) by extension 'ignore'
[0.145s] Level 1:colcon.colcon_core.package_identification:_identify(publisher_teste) by extension 'ignore_ament_install'
[0.145s] Level 1:colcon.colcon_core.package_identification:_identify(publisher_teste) by extensions ['colcon_pkg']
[0.145s] Level 1:colcon.colcon_core.package_identification:_identify(publisher_teste) by extension 'colcon_pkg'
[0.145s] Level 1:colcon.colcon_core.package_identification:_identify(publisher_teste) by extensions ['colcon_meta']
[0.145s] Level 1:colcon.colcon_core.package_identification:_identify(publisher_teste) by extension 'colcon_meta'
[0.145s] Level 1:colcon.colcon_core.package_identification:_identify(publisher_teste) by extensions ['ros']
[0.145s] Level 1:colcon.colcon_core.package_identification:_identify(publisher_teste) by extension 'ros'
[0.147s] DEBUG:colcon.colcon_core.package_identification:Package 'publisher_teste' with type 'ros.ament_cmake' and name 'publisher_teste'
[0.147s] Level 1:colcon.colcon_core.package_identification:_identify(scicobot_encoder) by extensions ['ignore', 'ignore_ament_install']
[0.148s] Level 1:colcon.colcon_core.package_identification:_identify(scicobot_encoder) by extension 'ignore'
[0.148s] Level 1:colcon.colcon_core.package_identification:_identify(scicobot_encoder) by extension 'ignore_ament_install'
[0.148s] Level 1:colcon.colcon_core.package_identification:_identify(scicobot_encoder) by extensions ['colcon_pkg']
[0.148s] Level 1:colcon.colcon_core.package_identification:_identify(scicobot_encoder) by extension 'colcon_pkg'
[0.148s] Level 1:colcon.colcon_core.package_identification:_identify(scicobot_encoder) by extensions ['colcon_meta']
[0.148s] Level 1:colcon.colcon_core.package_identification:_identify(scicobot_encoder) by extension 'colcon_meta'
[0.148s] Level 1:colcon.colcon_core.package_identification:_identify(scicobot_encoder) by extensions ['ros']
[0.148s] Level 1:colcon.colcon_core.package_identification:_identify(scicobot_encoder) by extension 'ros'
[0.148s] DEBUG:colcon.colcon_core.package_identification:Package 'scicobot_encoder' with type 'ros.ament_cmake' and name 'scicobot_encoder'
[0.148s] Level 1:colcon.colcon_core.package_identification:_identify(scicobot_move_on) by extensions ['ignore', 'ignore_ament_install']
[0.149s] Level 1:colcon.colcon_core.package_identification:_identify(scicobot_move_on) by extension 'ignore'
[0.149s] Level 1:colcon.colcon_core.package_identification:_identify(scicobot_move_on) by extension 'ignore_ament_install'
[0.149s] Level 1:colcon.colcon_core.package_identification:_identify(scicobot_move_on) by extensions ['colcon_pkg']
[0.149s] Level 1:colcon.colcon_core.package_identification:_identify(scicobot_move_on) by extension 'colcon_pkg'
[0.149s] Level 1:colcon.colcon_core.package_identification:_identify(scicobot_move_on) by extensions ['colcon_meta']
[0.149s] Level 1:colcon.colcon_core.package_identification:_identify(scicobot_move_on) by extension 'colcon_meta'
[0.149s] Level 1:colcon.colcon_core.package_identification:_identify(scicobot_move_on) by extensions ['ros']
[0.149s] Level 1:colcon.colcon_core.package_identification:_identify(scicobot_move_on) by extension 'ros'
[0.149s] DEBUG:colcon.colcon_core.package_identification:Package 'scicobot_move_on' with type 'ros.ament_cmake' and name 'scicobot_move_on'
[0.150s] Level 1:colcon.colcon_core.package_identification:_identify(scicobot_ultrasonic) by extensions ['ignore', 'ignore_ament_install']
[0.150s] Level 1:colcon.colcon_core.package_identification:_identify(scicobot_ultrasonic) by extension 'ignore'
[0.150s] Level 1:colcon.colcon_core.package_identification:_identify(scicobot_ultrasonic) by extension 'ignore_ament_install'
[0.150s] Level 1:colcon.colcon_core.package_identification:_identify(scicobot_ultrasonic) by extensions ['colcon_pkg']
[0.150s] Level 1:colcon.colcon_core.package_identification:_identify(scicobot_ultrasonic) by extension 'colcon_pkg'
[0.150s] Level 1:colcon.colcon_core.package_identification:_identify(scicobot_ultrasonic) by extensions ['colcon_meta']
[0.150s] Level 1:colcon.colcon_core.package_identification:_identify(scicobot_ultrasonic) by extension 'colcon_meta'
[0.150s] Level 1:colcon.colcon_core.package_identification:_identify(scicobot_ultrasonic) by extensions ['ros']
[0.150s] Level 1:colcon.colcon_core.package_identification:_identify(scicobot_ultrasonic) by extension 'ros'
[0.150s] DEBUG:colcon.colcon_core.package_identification:Package 'scicobot_ultrasonic' with type 'ros.ament_cmake' and name 'scicobot_ultrasonic'
[0.150s] Level 1:colcon.colcon_core.package_identification:_identify(test_cooperation_scicobot) by extensions ['ignore', 'ignore_ament_install']
[0.151s] Level 1:colcon.colcon_core.package_identification:_identify(test_cooperation_scicobot) by extension 'ignore'
[0.151s] Level 1:colcon.colcon_core.package_identification:_identify(test_cooperation_scicobot) by extension 'ignore_ament_install'
[0.151s] Level 1:colcon.colcon_core.package_identification:_identify(test_cooperation_scicobot) by extensions ['colcon_pkg']
[0.151s] Level 1:colcon.colcon_core.package_identification:_identify(test_cooperation_scicobot) by extension 'colcon_pkg'
[0.151s] Level 1:colcon.colcon_core.package_identification:_identify(test_cooperation_scicobot) by extensions ['colcon_meta']
[0.151s] Level 1:colcon.colcon_core.package_identification:_identify(test_cooperation_scicobot) by extension 'colcon_meta'
[0.151s] Level 1:colcon.colcon_core.package_identification:_identify(test_cooperation_scicobot) by extensions ['ros']
[0.151s] Level 1:colcon.colcon_core.package_identification:_identify(test_cooperation_scicobot) by extension 'ros'
[0.151s] DEBUG:colcon.colcon_core.package_identification:Package 'test_cooperation_scicobot' with type 'ros.ament_cmake' and name 'test_cooperation_scicobot'
[0.151s] Level 1:colcon.colcon_core.package_identification:_identify(teste) by extensions ['ignore', 'ignore_ament_install']
[0.152s] Level 1:colcon.colcon_core.package_identification:_identify(teste) by extension 'ignore'
[0.152s] Level 1:colcon.colcon_core.package_identification:_identify(teste) by extension 'ignore_ament_install'
[0.152s] Level 1:colcon.colcon_core.package_identification:_identify(teste) by extensions ['colcon_pkg']
[0.152s] Level 1:colcon.colcon_core.package_identification:_identify(teste) by extension 'colcon_pkg'
[0.152s] Level 1:colcon.colcon_core.package_identification:_identify(teste) by extensions ['colcon_meta']
[0.152s] Level 1:colcon.colcon_core.package_identification:_identify(teste) by extension 'colcon_meta'
[0.152s] Level 1:colcon.colcon_core.package_identification:_identify(teste) by extensions ['ros']
[0.152s] Level 1:colcon.colcon_core.package_identification:_identify(teste) by extension 'ros'
[0.152s] DEBUG:colcon.colcon_core.package_identification:Package 'teste' with type 'ros.ament_cmake' and name 'teste'
[0.152s] Level 1:colcon.colcon_core.package_discovery:discover_packages(recursive) using defaults
[0.152s] Level 1:colcon.colcon_core.package_discovery:discover_packages(ignore) discover
[0.152s] Level 1:colcon.colcon_core.package_discovery:discover_packages(ignore) using defaults
[0.152s] Level 1:colcon.colcon_core.package_discovery:discover_packages(path) discover
[0.152s] Level 1:colcon.colcon_core.package_discovery:discover_packages(path) using defaults
[0.169s] Level 5:colcon.colcon_core.verb:set package 'publisher_teste' build argument 'cmake_args' from command line to 'None'
[0.169s] Level 5:colcon.colcon_core.verb:set package 'publisher_teste' build argument 'cmake_target' from command line to 'None'
[0.169s] Level 5:colcon.colcon_core.verb:set package 'publisher_teste' build argument 'cmake_target_skip_unavailable' from command line to 'False'
[0.169s] Level 5:colcon.colcon_core.verb:set package 'publisher_teste' build argument 'cmake_clean_cache' from command line to 'False'
[0.169s] Level 5:colcon.colcon_core.verb:set package 'publisher_teste' build argument 'cmake_clean_first' from command line to 'False'
[0.169s] Level 5:colcon.colcon_core.verb:set package 'publisher_teste' build argument 'cmake_force_configure' from command line to 'False'
[0.169s] Level 5:colcon.colcon_core.verb:set package 'publisher_teste' build argument 'ament_cmake_args' from command line to 'None'
[0.169s] Level 5:colcon.colcon_core.verb:set package 'publisher_teste' build argument 'catkin_cmake_args' from command line to 'None'
[0.169s] Level 5:colcon.colcon_core.verb:set package 'publisher_teste' build argument 'catkin_skip_building_tests' from command line to 'False'
[0.169s] DEBUG:colcon.colcon_core.verb:Building package 'publisher_teste' with the following arguments: {'ament_cmake_args': None, 'build_base': '/home/otavio/scicobot_rasp/src/build/publisher_teste', 'catkin_cmake_args': None, 'catkin_skip_building_tests': False, 'cmake_args': None, 'cmake_clean_cache': False, 'cmake_clean_first': False, 'cmake_force_configure': False, 'cmake_target': None, 'cmake_target_skip_unavailable': False, 'install_base': '/home/otavio/scicobot_rasp/src/install/publisher_teste', 'merge_install': False, 'path': '/home/otavio/scicobot_rasp/src/publisher_teste', 'symlink_install': False, 'test_result_base': None}
[0.170s] Level 5:colcon.colcon_core.verb:set package 'scicobot_encoder' build argument 'cmake_args' from command line to 'None'
[0.170s] Level 5:colcon.colcon_core.verb:set package 'scicobot_encoder' build argument 'cmake_target' from command line to 'None'
[0.170s] Level 5:colcon.colcon_core.verb:set package 'scicobot_encoder' build argument 'cmake_target_skip_unavailable' from command line to 'False'
[0.170s] Level 5:colcon.colcon_core.verb:set package 'scicobot_encoder' build argument 'cmake_clean_cache' from command line to 'False'
[0.170s] Level 5:colcon.colcon_core.verb:set package 'scicobot_encoder' build argument 'cmake_clean_first' from command line to 'False'
[0.170s] Level 5:colcon.colcon_core.verb:set package 'scicobot_encoder' build argument 'cmake_force_configure' from command line to 'False'
[0.170s] Level 5:colcon.colcon_core.verb:set package 'scicobot_encoder' build argument 'ament_cmake_args' from command line to 'None'
[0.170s] Level 5:colcon.colcon_core.verb:set package 'scicobot_encoder' build argument 'catkin_cmake_args' from command line to 'None'
[0.170s] Level 5:colcon.colcon_core.verb:set package 'scicobot_encoder' build argument 'catkin_skip_building_tests' from command line to 'False'
[0.170s] DEBUG:colcon.colcon_core.verb:Building package 'scicobot_encoder' with the following arguments: {'ament_cmake_args': None, 'build_base': '/home/otavio/scicobot_rasp/src/build/scicobot_encoder', 'catkin_cmake_args': None, 'catkin_skip_building_tests': False, 'cmake_args': None, 'cmake_clean_cache': False, 'cmake_clean_first': False, 'cmake_force_configure': False, 'cmake_target': None, 'cmake_target_skip_unavailable': False, 'install_base': '/home/otavio/scicobot_rasp/src/install/scicobot_encoder', 'merge_install': False, 'path': '/home/otavio/scicobot_rasp/src/scicobot_encoder', 'symlink_install': False, 'test_result_base': None}
[0.170s] Level 5:colcon.colcon_core.verb:set package 'scicobot_move_on' build argument 'cmake_args' from command line to 'None'
[0.170s] Level 5:colcon.colcon_core.verb:set package 'scicobot_move_on' build argument 'cmake_target' from command line to 'None'
[0.170s] Level 5:colcon.colcon_core.verb:set package 'scicobot_move_on' build argument 'cmake_target_skip_unavailable' from command line to 'False'
[0.170s] Level 5:colcon.colcon_core.verb:set package 'scicobot_move_on' build argument 'cmake_clean_cache' from command line to 'False'
[0.171s] Level 5:colcon.colcon_core.verb:set package 'scicobot_move_on' build argument 'cmake_clean_first' from command line to 'False'
[0.171s] Level 5:colcon.colcon_core.verb:set package 'scicobot_move_on' build argument 'cmake_force_configure' from command line to 'False'
[0.171s] Level 5:colcon.colcon_core.verb:set package 'scicobot_move_on' build argument 'ament_cmake_args' from command line to 'None'
[0.171s] Level 5:colcon.colcon_core.verb:set package 'scicobot_move_on' build argument 'catkin_cmake_args' from command line to 'None'
[0.171s] Level 5:colcon.colcon_core.verb:set package 'scicobot_move_on' build argument 'catkin_skip_building_tests' from command line to 'False'
[0.171s] DEBUG:colcon.colcon_core.verb:Building package 'scicobot_move_on' with the following arguments: {'ament_cmake_args': None, 'build_base': '/home/otavio/scicobot_rasp/src/build/scicobot_move_on', 'catkin_cmake_args': None, 'catkin_skip_building_tests': False, 'cmake_args': None, 'cmake_clean_cache': False, 'cmake_clean_first': False, 'cmake_force_configure': False, 'cmake_target': None, 'cmake_target_skip_unavailable': False, 'install_base': '/home/otavio/scicobot_rasp/src/install/scicobot_move_on', 'merge_install': False, 'path': '/home/otavio/scicobot_rasp/src/scicobot_move_on', 'symlink_install': False, 'test_result_base': None}
[0.171s] Level 5:colcon.colcon_core.verb:set package 'scicobot_ultrasonic' build argument 'cmake_args' from command line to 'None'
[0.171s] Level 5:colcon.colcon_core.verb:set package 'scicobot_ultrasonic' build argument 'cmake_target' from command line to 'None'
[0.171s] Level 5:colcon.colcon_core.verb:set package 'scicobot_ultrasonic' build argument 'cmake_target_skip_unavailable' from command line to 'False'
[0.171s] Level 5:colcon.colcon_core.verb:set package 'scicobot_ultrasonic' build argument 'cmake_clean_cache' from command line to 'False'
[0.171s] Level 5:colcon.colcon_core.verb:set package 'scicobot_ultrasonic' build argument 'cmake_clean_first' from command line to 'False'
[0.171s] Level 5:colcon.colcon_core.verb:set package 'scicobot_ultrasonic' build argument 'cmake_force_configure' from command line to 'False'
[0.171s] Level 5:colcon.colcon_core.verb:set package 'scicobot_ultrasonic' build argument 'ament_cmake_args' from command line to 'None'
[0.171s] Level 5:colcon.colcon_core.verb:set package 'scicobot_ultrasonic' build argument 'catkin_cmake_args' from command line to 'None'
[0.171s] Level 5:colcon.colcon_core.verb:set package 'scicobot_ultrasonic' build argument 'catkin_skip_building_tests' from command line to 'False'
[0.171s] DEBUG:colcon.colcon_core.verb:Building package 'scicobot_ultrasonic' with the following arguments: {'ament_cmake_args': None, 'build_base': '/home/otavio/scicobot_rasp/src/build/scicobot_ultrasonic', 'catkin_cmake_args': None, 'catkin_skip_building_tests': False, 'cmake_args': None, 'cmake_clean_cache': False, 'cmake_clean_first': False, 'cmake_force_configure': False, 'cmake_target': None, 'cmake_target_skip_unavailable': False, 'install_base': '/home/otavio/scicobot_rasp/src/install/scicobot_ultrasonic', 'merge_install': False, 'path': '/home/otavio/scicobot_rasp/src/scicobot_ultrasonic', 'symlink_install': False, 'test_result_base': None}
[0.172s] Level 5:colcon.colcon_core.verb:set package 'test_cooperation_scicobot' build argument 'cmake_args' from command line to 'None'
[0.172s] Level 5:colcon.colcon_core.verb:set package 'test_cooperation_scicobot' build argument 'cmake_target' from command line to 'None'
[0.172s] Level 5:colcon.colcon_core.verb:set package 'test_cooperation_scicobot' build argument 'cmake_target_skip_unavailable' from command line to 'False'
[0.172s] Level 5:colcon.colcon_core.verb:set package 'test_cooperation_scicobot' build argument 'cmake_clean_cache' from command line to 'False'
[0.172s] Level 5:colcon.colcon_core.verb:set package 'test_cooperation_scicobot' build argument 'cmake_clean_first' from command line to 'False'
[0.172s] Level 5:colcon.colcon_core.verb:set package 'test_cooperation_scicobot' build argument 'cmake_force_configure' from command line to 'False'
[0.172s] Level 5:colcon.colcon_core.verb:set package 'test_cooperation_scicobot' build argument 'ament_cmake_args' from command line to 'None'
[0.172s] Level 5:colcon.colcon_core.verb:set package 'test_cooperation_scicobot' build argument 'catkin_cmake_args' from command line to 'None'
[0.172s] Level 5:colcon.colcon_core.verb:set package 'test_cooperation_scicobot' build argument 'catkin_skip_building_tests' from command line to 'False'
[0.172s] DEBUG:colcon.colcon_core.verb:Building package 'test_cooperation_scicobot' with the following arguments: {'ament_cmake_args': None, 'build_base': '/home/otavio/scicobot_rasp/src/build/test_cooperation_scicobot', 'catkin_cmake_args': None, 'catkin_skip_building_tests': False, 'cmake_args': None, 'cmake_clean_cache': False, 'cmake_clean_first': False, 'cmake_force_configure': False, 'cmake_target': None, 'cmake_target_skip_unavailable': False, 'install_base': '/home/otavio/scicobot_rasp/src/install/test_cooperation_scicobot', 'merge_install': False, 'path': '/home/otavio/scicobot_rasp/src/test_cooperation_scicobot', 'symlink_install': False, 'test_result_base': None}
[0.173s] Level 5:colcon.colcon_core.verb:set package 'teste' build argument 'cmake_args' from command line to 'None'
[0.173s] Level 5:colcon.colcon_core.verb:set package 'teste' build argument 'cmake_target' from command line to 'None'
[0.173s] Level 5:colcon.colcon_core.verb:set package 'teste' build argument 'cmake_target_skip_unavailable' from command line to 'False'
[0.173s] Level 5:colcon.colcon_core.verb:set package 'teste' build argument 'cmake_clean_cache' from command line to 'False'
[0.173s] Level 5:colcon.colcon_core.verb:set package 'teste' build argument 'cmake_clean_first' from command line to 'False'
[0.173s] Level 5:colcon.colcon_core.verb:set package 'teste' build argument 'cmake_force_configure' from command line to 'False'
[0.173s] Level 5:colcon.colcon_core.verb:set package 'teste' build argument 'ament_cmake_args' from command line to 'None'
[0.173s] Level 5:colcon.colcon_core.verb:set package 'teste' build argument 'catkin_cmake_args' from command line to 'None'
[0.173s] Level 5:colcon.colcon_core.verb:set package 'teste' build argument 'catkin_skip_building_tests' from command line to 'False'
[0.173s] DEBUG:colcon.colcon_core.verb:Building package 'teste' with the following arguments: {'ament_cmake_args': None, 'build_base': '/home/otavio/scicobot_rasp/src/build/teste', 'catkin_cmake_args': None, 'catkin_skip_building_tests': False, 'cmake_args': None, 'cmake_clean_cache': False, 'cmake_clean_first': False, 'cmake_force_configure': False, 'cmake_target': None, 'cmake_target_skip_unavailable': False, 'install_base': '/home/otavio/scicobot_rasp/src/install/teste', 'merge_install': False, 'path': '/home/otavio/scicobot_rasp/src/teste', 'symlink_install': False, 'test_result_base': None}
[0.176s] INFO:colcon.colcon_core.executor:Executing jobs using 'parallel' executor
[0.177s] DEBUG:colcon.colcon_parallel_executor.executor.parallel:run_until_complete
[0.178s] INFO:colcon.colcon_ros.task.ament_cmake.build:Building ROS package in '/home/otavio/scicobot_rasp/src/publisher_teste' with build type 'ament_cmake'
[0.178s] INFO:colcon.colcon_cmake.task.cmake.build:Building CMake package in '/home/otavio/scicobot_rasp/src/publisher_teste'
[0.181s] INFO:colcon.colcon_core.plugin_system:Skipping extension 'colcon_core.shell.bat': Not used on non-Windows systems
[0.181s] INFO:colcon.colcon_core.shell:Skip shell extension 'powershell' for command environment: Not usable outside of PowerShell
[0.181s] DEBUG:colcon.colcon_core.shell:Skip shell extension 'dsv' for command environment
[0.185s] INFO:colcon.colcon_ros.task.ament_cmake.build:Building ROS package in '/home/otavio/scicobot_rasp/src/scicobot_encoder' with build type 'ament_cmake'
[0.185s] INFO:colcon.colcon_cmake.task.cmake.build:Building CMake package in '/home/otavio/scicobot_rasp/src/scicobot_encoder'
[0.186s] INFO:colcon.colcon_core.shell:Skip shell extension 'powershell' for command environment: Not usable outside of PowerShell
[0.186s] DEBUG:colcon.colcon_core.shell:Skip shell extension 'dsv' for command environment
[0.191s] INFO:colcon.colcon_ros.task.ament_cmake.build:Building ROS package in '/home/otavio/scicobot_rasp/src/scicobot_move_on' with build type 'ament_cmake'
[0.191s] INFO:colcon.colcon_cmake.task.cmake.build:Building CMake package in '/home/otavio/scicobot_rasp/src/scicobot_move_on'
[0.192s] INFO:colcon.colcon_core.shell:Skip shell extension 'powershell' for command environment: Not usable outside of PowerShell
[0.193s] DEBUG:colcon.colcon_core.shell:Skip shell extension 'dsv' for command environment
[0.197s] INFO:colcon.colcon_ros.task.ament_cmake.build:Building ROS package in '/home/otavio/scicobot_rasp/src/scicobot_ultrasonic' with build type 'ament_cmake'
[0.197s] INFO:colcon.colcon_cmake.task.cmake.build:Building CMake package in '/home/otavio/scicobot_rasp/src/scicobot_ultrasonic'
[0.198s] INFO:colcon.colcon_core.shell:Skip shell extension 'powershell' for command environment: Not usable outside of PowerShell
[0.198s] DEBUG:colcon.colcon_core.shell:Skip shell extension 'dsv' for command environment
[0.210s] DEBUG:colcon.colcon_core.event_handler.log_command:Invoking command in '/home/otavio/scicobot_rasp/src/build/publisher_teste': CMAKE_PREFIX_PATH=/opt/ros/foxy /usr/bin/cmake /home/otavio/scicobot_rasp/src/publisher_teste -DCMAKE_INSTALL_PREFIX=/home/otavio/scicobot_rasp/src/install/publisher_teste
[0.215s] DEBUG:colcon.colcon_core.event_handler.log_command:Invoking command in '/home/otavio/scicobot_rasp/src/build/scicobot_encoder': CMAKE_PREFIX_PATH=/opt/ros/foxy /usr/bin/cmake /home/otavio/scicobot_rasp/src/scicobot_encoder -DCMAKE_INSTALL_PREFIX=/home/otavio/scicobot_rasp/src/install/scicobot_encoder
[0.220s] DEBUG:colcon.colcon_core.event_handler.log_command:Invoking command in '/home/otavio/scicobot_rasp/src/build/scicobot_move_on': CMAKE_PREFIX_PATH=/opt/ros/foxy /usr/bin/cmake /home/otavio/scicobot_rasp/src/scicobot_move_on -DCMAKE_INSTALL_PREFIX=/home/otavio/scicobot_rasp/src/install/scicobot_move_on
[0.237s] DEBUG:colcon.colcon_core.event_handler.log_command:Invoking command in '/home/otavio/scicobot_rasp/src/build/scicobot_ultrasonic': CMAKE_PREFIX_PATH=/opt/ros/foxy /usr/bin/cmake /home/otavio/scicobot_rasp/src/scicobot_ultrasonic -DCMAKE_INSTALL_PREFIX=/home/otavio/scicobot_rasp/src/install/scicobot_ultrasonic
[1.791s] DEBUG:colcon.colcon_core.event_handler.log_command:Invoked command in '/home/otavio/scicobot_rasp/src/build/scicobot_move_on' returned '0': CMAKE_PREFIX_PATH=/opt/ros/foxy /usr/bin/cmake /home/otavio/scicobot_rasp/src/scicobot_move_on -DCMAKE_INSTALL_PREFIX=/home/otavio/scicobot_rasp/src/install/scicobot_move_on
[1.793s] DEBUG:colcon.colcon_core.event_handler.log_command:Invoking command in '/home/otavio/scicobot_rasp/src/build/scicobot_move_on': CMAKE_PREFIX_PATH=/opt/ros/foxy /usr/bin/cmake --build /home/otavio/scicobot_rasp/src/build/scicobot_move_on -- -j4 -l4
[1.795s] DEBUG:colcon.colcon_core.event_handler.log_command:Invoked command in '/home/otavio/scicobot_rasp/src/build/scicobot_ultrasonic' returned '0': CMAKE_PREFIX_PATH=/opt/ros/foxy /usr/bin/cmake /home/otavio/scicobot_rasp/src/scicobot_ultrasonic -DCMAKE_INSTALL_PREFIX=/home/otavio/scicobot_rasp/src/install/scicobot_ultrasonic
[1.797s] DEBUG:colcon.colcon_core.event_handler.log_command:Invoking command in '/home/otavio/scicobot_rasp/src/build/scicobot_ultrasonic': CMAKE_PREFIX_PATH=/opt/ros/foxy /usr/bin/cmake --build /home/otavio/scicobot_rasp/src/build/scicobot_ultrasonic -- -j4 -l4
[1.803s] DEBUG:colcon.colcon_core.event_handler.log_command:Invoked command in '/home/otavio/scicobot_rasp/src/build/scicobot_encoder' returned '0': CMAKE_PREFIX_PATH=/opt/ros/foxy /usr/bin/cmake /home/otavio/scicobot_rasp/src/scicobot_encoder -DCMAKE_INSTALL_PREFIX=/home/otavio/scicobot_rasp/src/install/scicobot_encoder
[1.804s] DEBUG:colcon.colcon_core.event_handler.log_command:Invoking command in '/home/otavio/scicobot_rasp/src/build/scicobot_encoder': CMAKE_PREFIX_PATH=/opt/ros/foxy /usr/bin/cmake --build /home/otavio/scicobot_rasp/src/build/scicobot_encoder -- -j4 -l4
[1.861s] DEBUG:colcon.colcon_core.event_handler.log_command:Invoked command in '/home/otavio/scicobot_rasp/src/build/publisher_teste' returned '0': CMAKE_PREFIX_PATH=/opt/ros/foxy /usr/bin/cmake /home/otavio/scicobot_rasp/src/publisher_teste -DCMAKE_INSTALL_PREFIX=/home/otavio/scicobot_rasp/src/install/publisher_teste
[1.861s] DEBUG:colcon.colcon_core.event_handler.log_command:Invoking command in '/home/otavio/scicobot_rasp/src/build/publisher_teste': CMAKE_PREFIX_PATH=/opt/ros/foxy /usr/bin/cmake --build /home/otavio/scicobot_rasp/src/build/publisher_teste -- -j4 -l4
[7.273s] DEBUG:colcon.colcon_core.event_handler.log_command:Invoked command in '/home/otavio/scicobot_rasp/src/build/publisher_teste' returned '0': CMAKE_PREFIX_PATH=/opt/ros/foxy /usr/bin/cmake --build /home/otavio/scicobot_rasp/src/build/publisher_teste -- -j4 -l4
[7.332s] DEBUG:colcon.colcon_core.event_handler.log_command:Invoking command in '/home/otavio/scicobot_rasp/src/build/publisher_teste': CMAKE_PREFIX_PATH=/opt/ros/foxy /usr/bin/cmake --install /home/otavio/scicobot_rasp/src/build/publisher_teste
[7.357s] Level 1:colcon.colcon_core.environment:create_environment_scripts_only(publisher_teste)
[7.367s] DEBUG:colcon.colcon_core.event_handler.log_command:Invoked command in '/home/otavio/scicobot_rasp/src/build/publisher_teste' returned '0': CMAKE_PREFIX_PATH=/opt/ros/foxy /usr/bin/cmake --install /home/otavio/scicobot_rasp/src/build/publisher_teste
[7.373s] Level 1:colcon.colcon_core.environment:checking '/home/otavio/scicobot_rasp/src/install/publisher_teste' for CMake module files
[7.374s] Level 1:colcon.colcon_core.environment:checking '/home/otavio/scicobot_rasp/src/install/publisher_teste' for CMake config files
[7.374s] Level 1:colcon.colcon_core.shell:create_environment_hook('publisher_teste', 'cmake_prefix_path')
[7.375s] INFO:colcon.colcon_core.shell:Creating environment hook '/home/otavio/scicobot_rasp/src/install/publisher_teste/share/publisher_teste/hook/cmake_prefix_path.ps1'
[7.376s] INFO:colcon.colcon_core.shell:Creating environment descriptor '/home/otavio/scicobot_rasp/src/install/publisher_teste/share/publisher_teste/hook/cmake_prefix_path.dsv'
[7.377s] INFO:colcon.colcon_core.shell:Creating environment hook '/home/otavio/scicobot_rasp/src/install/publisher_teste/share/publisher_teste/hook/cmake_prefix_path.sh'
[7.378s] Level 1:colcon.colcon_core.environment:checking '/home/otavio/scicobot_rasp/src/install/publisher_teste/lib'
[7.379s] Level 1:colcon.colcon_core.environment:checking '/home/otavio/scicobot_rasp/src/install/publisher_teste/bin'
[7.379s] Level 1:colcon.colcon_core.environment:checking '/home/otavio/scicobot_rasp/src/install/publisher_teste/lib/pkgconfig/publisher_teste.pc'
[7.379s] Level 1:colcon.colcon_core.environment:checking '/home/otavio/scicobot_rasp/src/install/publisher_teste/lib/python3.8/site-packages'
[7.380s] INFO:colcon.colcon_core.shell:Creating package script '/home/otavio/scicobot_rasp/src/install/publisher_teste/share/publisher_teste/package.ps1'
[7.382s] INFO:colcon.colcon_core.shell:Creating package descriptor '/home/otavio/scicobot_rasp/src/install/publisher_teste/share/publisher_teste/package.dsv'
[7.382s] INFO:colcon.colcon_core.shell:Creating package script '/home/otavio/scicobot_rasp/src/install/publisher_teste/share/publisher_teste/package.sh'
[7.384s] INFO:colcon.colcon_core.shell:Creating package script '/home/otavio/scicobot_rasp/src/install/publisher_teste/share/publisher_teste/package.bash'
[7.385s] INFO:colcon.colcon_core.shell:Creating package script '/home/otavio/scicobot_rasp/src/install/publisher_teste/share/publisher_teste/package.zsh'
[7.386s] Level 1:colcon.colcon_core.environment:create_file_with_runtime_dependencies(/home/otavio/scicobot_rasp/src/install/publisher_teste/share/colcon-core/packages/publisher_teste)
[7.434s] Level 1:colcon.colcon_core.environment:create_environment_scripts_only(publisher_teste)
[7.436s] Level 1:colcon.colcon_core.environment:checking '/home/otavio/scicobot_rasp/src/install/publisher_teste' for CMake module files
[7.436s] Level 1:colcon.colcon_core.environment:checking '/home/otavio/scicobot_rasp/src/install/publisher_teste' for CMake config files
[7.437s] Level 1:colcon.colcon_core.shell:create_environment_hook('publisher_teste', 'cmake_prefix_path')
[7.438s] INFO:colcon.colcon_core.shell:Creating environment hook '/home/otavio/scicobot_rasp/src/install/publisher_teste/share/publisher_teste/hook/cmake_prefix_path.ps1'
[7.438s] INFO:colcon.colcon_core.shell:Creating environment descriptor '/home/otavio/scicobot_rasp/src/install/publisher_teste/share/publisher_teste/hook/cmake_prefix_path.dsv'
[7.450s] INFO:colcon.colcon_core.shell:Creating environment hook '/home/otavio/scicobot_rasp/src/install/publisher_teste/share/publisher_teste/hook/cmake_prefix_path.sh'
[7.451s] Level 1:colcon.colcon_core.environment:checking '/home/otavio/scicobot_rasp/src/install/publisher_teste/lib'
[7.452s] Level 1:colcon.colcon_core.environment:checking '/home/otavio/scicobot_rasp/src/install/publisher_teste/bin'
[7.452s] Level 1:colcon.colcon_core.environment:checking '/home/otavio/scicobot_rasp/src/install/publisher_teste/lib/pkgconfig/publisher_teste.pc'
[7.452s] Level 1:colcon.colcon_core.environment:checking '/home/otavio/scicobot_rasp/src/install/publisher_teste/lib/python3.8/site-packages'
[7.453s] INFO:colcon.colcon_core.shell:Creating package script '/home/otavio/scicobot_rasp/src/install/publisher_teste/share/publisher_teste/package.ps1'
[7.454s] INFO:colcon.colcon_core.shell:Creating package descriptor '/home/otavio/scicobot_rasp/src/install/publisher_teste/share/publisher_teste/package.dsv'
[7.455s] INFO:colcon.colcon_core.shell:Creating package script '/home/otavio/scicobot_rasp/src/install/publisher_teste/share/publisher_teste/package.sh'
[7.455s] INFO:colcon.colcon_core.shell:Creating package script '/home/otavio/scicobot_rasp/src/install/publisher_teste/share/publisher_teste/package.bash'
[7.456s] INFO:colcon.colcon_core.shell:Creating package script '/home/otavio/scicobot_rasp/src/install/publisher_teste/share/publisher_teste/package.zsh'
[7.457s] Level 1:colcon.colcon_core.environment:create_file_with_runtime_dependencies(/home/otavio/scicobot_rasp/src/install/publisher_teste/share/colcon-core/packages/publisher_teste)
[7.459s] INFO:colcon.colcon_ros.task.ament_cmake.build:Building ROS package in '/home/otavio/scicobot_rasp/src/test_cooperation_scicobot' with build type 'ament_cmake'
[7.459s] INFO:colcon.colcon_cmake.task.cmake.build:Building CMake package in '/home/otavio/scicobot_rasp/src/test_cooperation_scicobot'
[7.460s] INFO:colcon.colcon_core.shell:Skip shell extension 'powershell' for command environment: Not usable outside of PowerShell
[7.460s] DEBUG:colcon.colcon_core.shell:Skip shell extension 'dsv' for command environment
[7.477s] DEBUG:colcon.colcon_core.event_handler.log_command:Invoking command in '/home/otavio/scicobot_rasp/src/build/test_cooperation_scicobot': CMAKE_PREFIX_PATH=/opt/ros/foxy /usr/bin/cmake /home/otavio/scicobot_rasp/src/test_cooperation_scicobot -DCMAKE_INSTALL_PREFIX=/home/otavio/scicobot_rasp/src/install/test_cooperation_scicobot
[9.739s] DEBUG:colcon.colcon_core.event_handler.log_command:Invoked command in '/home/otavio/scicobot_rasp/src/build/scicobot_encoder' returned '0': CMAKE_PREFIX_PATH=/opt/ros/foxy /usr/bin/cmake --build /home/otavio/scicobot_rasp/src/build/scicobot_encoder -- -j4 -l4
[9.755s] DEBUG:colcon.colcon_core.event_handler.log_command:Invoked command in '/home/otavio/scicobot_rasp/src/build/scicobot_ultrasonic' returned '0': CMAKE_PREFIX_PATH=/opt/ros/foxy /usr/bin/cmake --build /home/otavio/scicobot_rasp/src/build/scicobot_ultrasonic -- -j4 -l4
[9.777s] DEBUG:colcon.colcon_core.event_handler.log_command:Invoking command in '/home/otavio/scicobot_rasp/src/build/scicobot_encoder': CMAKE_PREFIX_PATH=/opt/ros/foxy /usr/bin/cmake --install /home/otavio/scicobot_rasp/src/build/scicobot_encoder
[9.788s] DEBUG:colcon.colcon_core.event_handler.log_command:Invoking command in '/home/otavio/scicobot_rasp/src/build/scicobot_ultrasonic': CMAKE_PREFIX_PATH=/opt/ros/foxy /usr/bin/cmake --install /home/otavio/scicobot_rasp/src/build/scicobot_ultrasonic
[9.803s] Level 1:colcon.colcon_core.environment:create_environment_scripts_only(scicobot_encoder)
[9.805s] Level 1:colcon.colcon_core.environment:checking '/home/otavio/scicobot_rasp/src/install/scicobot_encoder' for CMake module files
[9.805s] Level 1:colcon.colcon_core.environment:checking '/home/otavio/scicobot_rasp/src/install/scicobot_encoder' for CMake config files
[9.806s] DEBUG:colcon.colcon_core.event_handler.log_command:Invoked command in '/home/otavio/scicobot_rasp/src/build/scicobot_encoder' returned '0': CMAKE_PREFIX_PATH=/opt/ros/foxy /usr/bin/cmake --install /home/otavio/scicobot_rasp/src/build/scicobot_encoder
[9.809s] Level 1:colcon.colcon_core.shell:create_environment_hook('scicobot_encoder', 'cmake_prefix_path')
[9.810s] INFO:colcon.colcon_core.shell:Creating environment hook '/home/otavio/scicobot_rasp/src/install/scicobot_encoder/share/scicobot_encoder/hook/cmake_prefix_path.ps1'
[9.811s] INFO:colcon.colcon_core.shell:Creating environment descriptor '/home/otavio/scicobot_rasp/src/install/scicobot_encoder/share/scicobot_encoder/hook/cmake_prefix_path.dsv'
[9.811s] INFO:colcon.colcon_core.shell:Creating environment hook '/home/otavio/scicobot_rasp/src/install/scicobot_encoder/share/scicobot_encoder/hook/cmake_prefix_path.sh'
[9.812s] Level 1:colcon.colcon_core.environment:checking '/home/otavio/scicobot_rasp/src/install/scicobot_encoder/lib'
[9.812s] Level 1:colcon.colcon_core.environment:checking '/home/otavio/scicobot_rasp/src/install/scicobot_encoder/bin'
[9.813s] Level 1:colcon.colcon_core.environment:checking '/home/otavio/scicobot_rasp/src/install/scicobot_encoder/lib/pkgconfig/scicobot_encoder.pc'
[9.813s] Level 1:colcon.colcon_core.environment:checking '/home/otavio/scicobot_rasp/src/install/scicobot_encoder/lib/python3.8/site-packages'
[9.814s] INFO:colcon.colcon_core.shell:Creating package script '/home/otavio/scicobot_rasp/src/install/scicobot_encoder/share/scicobot_encoder/package.ps1'
[9.814s] INFO:colcon.colcon_core.shell:Creating package descriptor '/home/otavio/scicobot_rasp/src/install/scicobot_encoder/share/scicobot_encoder/package.dsv'
[9.815s] INFO:colcon.colcon_core.shell:Creating package script '/home/otavio/scicobot_rasp/src/install/scicobot_encoder/share/scicobot_encoder/package.sh'
[9.816s] INFO:colcon.colcon_core.shell:Creating package script '/home/otavio/scicobot_rasp/src/install/scicobot_encoder/share/scicobot_encoder/package.bash'
[9.816s] INFO:colcon.colcon_core.shell:Creating package script '/home/otavio/scicobot_rasp/src/install/scicobot_encoder/share/scicobot_encoder/package.zsh'
[9.817s] Level 1:colcon.colcon_core.environment:create_file_with_runtime_dependencies(/home/otavio/scicobot_rasp/src/install/scicobot_encoder/share/colcon-core/packages/scicobot_encoder)
[9.822s] Level 1:colcon.colcon_core.environment:create_environment_scripts_only(scicobot_ultrasonic)
[9.824s] Level 1:colcon.colcon_core.environment:checking '/home/otavio/scicobot_rasp/src/install/scicobot_ultrasonic' for CMake module files
[9.824s] Level 1:colcon.colcon_core.environment:checking '/home/otavio/scicobot_rasp/src/install/scicobot_ultrasonic' for CMake config files
[9.825s] Level 1:colcon.colcon_core.shell:create_environment_hook('scicobot_ultrasonic', 'cmake_prefix_path')
[9.826s] INFO:colcon.colcon_core.shell:Creating environment hook '/home/otavio/scicobot_rasp/src/install/scicobot_ultrasonic/share/scicobot_ultrasonic/hook/cmake_prefix_path.ps1'
[9.827s] DEBUG:colcon.colcon_core.event_handler.log_command:Invoked command in '/home/otavio/scicobot_rasp/src/build/scicobot_ultrasonic' returned '0': CMAKE_PREFIX_PATH=/opt/ros/foxy /usr/bin/cmake --install /home/otavio/scicobot_rasp/src/build/scicobot_ultrasonic
[9.827s] INFO:colcon.colcon_core.shell:Creating environment descriptor '/home/otavio/scicobot_rasp/src/install/scicobot_ultrasonic/share/scicobot_ultrasonic/hook/cmake_prefix_path.dsv'
[9.828s] INFO:colcon.colcon_core.shell:Creating environment hook '/home/otavio/scicobot_rasp/src/install/scicobot_ultrasonic/share/scicobot_ultrasonic/hook/cmake_prefix_path.sh'
[9.829s] Level 1:colcon.colcon_core.environment:checking '/home/otavio/scicobot_rasp/src/install/scicobot_ultrasonic/lib'
[9.829s] Level 1:colcon.colcon_core.environment:checking '/home/otavio/scicobot_rasp/src/install/scicobot_ultrasonic/bin'
[9.829s] Level 1:colcon.colcon_core.environment:checking '/home/otavio/scicobot_rasp/src/install/scicobot_ultrasonic/lib/pkgconfig/scicobot_ultrasonic.pc'
[9.829s] Level 1:colcon.colcon_core.environment:checking '/home/otavio/scicobot_rasp/src/install/scicobot_ultrasonic/lib/python3.8/site-packages'
[9.830s] INFO:colcon.colcon_core.shell:Creating package script '/home/otavio/scicobot_rasp/src/install/scicobot_ultrasonic/share/scicobot_ultrasonic/package.ps1'
[9.831s] INFO:colcon.colcon_core.shell:Creating package descriptor '/home/otavio/scicobot_rasp/src/install/scicobot_ultrasonic/share/scicobot_ultrasonic/package.dsv'
[9.831s] INFO:colcon.colcon_core.shell:Creating package script '/home/otavio/scicobot_rasp/src/install/scicobot_ultrasonic/share/scicobot_ultrasonic/package.sh'
[9.832s] INFO:colcon.colcon_core.shell:Creating package script '/home/otavio/scicobot_rasp/src/install/scicobot_ultrasonic/share/scicobot_ultrasonic/package.bash'
[9.833s] INFO:colcon.colcon_core.shell:Creating package script '/home/otavio/scicobot_rasp/src/install/scicobot_ultrasonic/share/scicobot_ultrasonic/package.zsh'
[9.833s] Level 1:colcon.colcon_core.environment:create_file_with_runtime_dependencies(/home/otavio/scicobot_rasp/src/install/scicobot_ultrasonic/share/colcon-core/packages/scicobot_ultrasonic)
[9.851s] Level 1:colcon.colcon_core.environment:create_environment_scripts_only(scicobot_encoder)
[9.853s] Level 1:colcon.colcon_core.environment:checking '/home/otavio/scicobot_rasp/src/install/scicobot_encoder' for CMake module files
[9.853s] Level 1:colcon.colcon_core.environment:checking '/home/otavio/scicobot_rasp/src/install/scicobot_encoder' for CMake config files
[9.854s] Level 1:colcon.colcon_core.shell:create_environment_hook('scicobot_encoder', 'cmake_prefix_path')
[9.855s] INFO:colcon.colcon_core.shell:Creating environment hook '/home/otavio/scicobot_rasp/src/install/scicobot_encoder/share/scicobot_encoder/hook/cmake_prefix_path.ps1'
[9.855s] INFO:colcon.colcon_core.shell:Creating environment descriptor '/home/otavio/scicobot_rasp/src/install/scicobot_encoder/share/scicobot_encoder/hook/cmake_prefix_path.dsv'
[9.856s] INFO:colcon.colcon_core.shell:Creating environment hook '/home/otavio/scicobot_rasp/src/install/scicobot_encoder/share/scicobot_encoder/hook/cmake_prefix_path.sh'
[9.857s] Level 1:colcon.colcon_core.environment:checking '/home/otavio/scicobot_rasp/src/install/scicobot_encoder/lib'
[9.857s] Level 1:colcon.colcon_core.environment:checking '/home/otavio/scicobot_rasp/src/install/scicobot_encoder/bin'
[9.857s] Level 1:colcon.colcon_core.environment:checking '/home/otavio/scicobot_rasp/src/install/scicobot_encoder/lib/pkgconfig/scicobot_encoder.pc'
[9.857s] Level 1:colcon.colcon_core.environment:checking '/home/otavio/scicobot_rasp/src/install/scicobot_encoder/lib/python3.8/site-packages'
[9.858s] INFO:colcon.colcon_core.shell:Creating package script '/home/otavio/scicobot_rasp/src/install/scicobot_encoder/share/scicobot_encoder/package.ps1'
[9.859s] INFO:colcon.colcon_core.shell:Creating package descriptor '/home/otavio/scicobot_rasp/src/install/scicobot_encoder/share/scicobot_encoder/package.dsv'
[9.860s] INFO:colcon.colcon_core.shell:Creating package script '/home/otavio/scicobot_rasp/src/install/scicobot_encoder/share/scicobot_encoder/package.sh'
[9.860s] INFO:colcon.colcon_core.shell:Creating package script '/home/otavio/scicobot_rasp/src/install/scicobot_encoder/share/scicobot_encoder/package.bash'
[9.861s] INFO:colcon.colcon_core.shell:Creating package script '/home/otavio/scicobot_rasp/src/install/scicobot_encoder/share/scicobot_encoder/package.zsh'
[9.862s] Level 1:colcon.colcon_core.environment:create_file_with_runtime_dependencies(/home/otavio/scicobot_rasp/src/install/scicobot_encoder/share/colcon-core/packages/scicobot_encoder)
[9.863s] INFO:colcon.colcon_ros.task.ament_cmake.build:Building ROS package in '/home/otavio/scicobot_rasp/src/teste' with build type 'ament_cmake'
[9.863s] INFO:colcon.colcon_cmake.task.cmake.build:Building CMake package in '/home/otavio/scicobot_rasp/src/teste'
[9.864s] INFO:colcon.colcon_core.shell:Skip shell extension 'powershell' for command environment: Not usable outside of PowerShell
[9.864s] DEBUG:colcon.colcon_core.shell:Skip shell extension 'dsv' for command environment
[9.879s] DEBUG:colcon.colcon_core.event_handler.log_command:Invoking command in '/home/otavio/scicobot_rasp/src/build/teste': CMAKE_PREFIX_PATH=/opt/ros/foxy /usr/bin/cmake /home/otavio/scicobot_rasp/src/teste -DCMAKE_INSTALL_PREFIX=/home/otavio/scicobot_rasp/src/install/teste
[9.889s] Level 1:colcon.colcon_core.environment:create_environment_scripts_only(scicobot_ultrasonic)
[9.890s] Level 1:colcon.colcon_core.environment:checking '/home/otavio/scicobot_rasp/src/install/scicobot_ultrasonic' for CMake module files
[9.891s] Level 1:colcon.colcon_core.environment:checking '/home/otavio/scicobot_rasp/src/install/scicobot_ultrasonic' for CMake config files
[9.891s] Level 1:colcon.colcon_core.shell:create_environment_hook('scicobot_ultrasonic', 'cmake_prefix_path')
[9.892s] INFO:colcon.colcon_core.shell:Creating environment hook '/home/otavio/scicobot_rasp/src/install/scicobot_ultrasonic/share/scicobot_ultrasonic/hook/cmake_prefix_path.ps1'
[9.893s] INFO:colcon.colcon_core.shell:Creating environment descriptor '/home/otavio/scicobot_rasp/src/install/scicobot_ultrasonic/share/scicobot_ultrasonic/hook/cmake_prefix_path.dsv'
[9.894s] INFO:colcon.colcon_core.shell:Creating environment hook '/home/otavio/scicobot_rasp/src/install/scicobot_ultrasonic/share/scicobot_ultrasonic/hook/cmake_prefix_path.sh'
[9.895s] Level 1:colcon.colcon_core.environment:checking '/home/otavio/scicobot_rasp/src/install/scicobot_ultrasonic/lib'
[9.895s] Level 1:colcon.colcon_core.environment:checking '/home/otavio/scicobot_rasp/src/install/scicobot_ultrasonic/bin'
[9.895s] Level 1:colcon.colcon_core.environment:checking '/home/otavio/scicobot_rasp/src/install/scicobot_ultrasonic/lib/pkgconfig/scicobot_ultrasonic.pc'
[9.895s] Level 1:colcon.colcon_core.environment:checking '/home/otavio/scicobot_rasp/src/install/scicobot_ultrasonic/lib/python3.8/site-packages'
[9.896s] INFO:colcon.colcon_core.shell:Creating package script '/home/otavio/scicobot_rasp/src/install/scicobot_ultrasonic/share/scicobot_ultrasonic/package.ps1'
[9.897s] INFO:colcon.colcon_core.shell:Creating package descriptor '/home/otavio/scicobot_rasp/src/install/scicobot_ultrasonic/share/scicobot_ultrasonic/package.dsv'
[9.898s] INFO:colcon.colcon_core.shell:Creating package script '/home/otavio/scicobot_rasp/src/install/scicobot_ultrasonic/share/scicobot_ultrasonic/package.sh'
[9.898s] INFO:colcon.colcon_core.shell:Creating package script '/home/otavio/scicobot_rasp/src/install/scicobot_ultrasonic/share/scicobot_ultrasonic/package.bash'
[9.899s] INFO:colcon.colcon_core.shell:Creating package script '/home/otavio/scicobot_rasp/src/install/scicobot_ultrasonic/share/scicobot_ultrasonic/package.zsh'
[9.899s] Level 1:colcon.colcon_core.environment:create_file_with_runtime_dependencies(/home/otavio/scicobot_rasp/src/install/scicobot_ultrasonic/share/colcon-core/packages/scicobot_ultrasonic)
[10.009s] DEBUG:colcon.colcon_core.event_handler.log_command:Invoked command in '/home/otavio/scicobot_rasp/src/build/test_cooperation_scicobot' returned '0': CMAKE_PREFIX_PATH=/opt/ros/foxy /usr/bin/cmake /home/otavio/scicobot_rasp/src/test_cooperation_scicobot -DCMAKE_INSTALL_PREFIX=/home/otavio/scicobot_rasp/src/install/test_cooperation_scicobot
[10.012s] DEBUG:colcon.colcon_core.event_handler.log_command:Invoking command in '/home/otavio/scicobot_rasp/src/build/test_cooperation_scicobot': CMAKE_PREFIX_PATH=/opt/ros/foxy /usr/bin/cmake --build /home/otavio/scicobot_rasp/src/build/test_cooperation_scicobot -- -j4 -l4
[11.479s] DEBUG:colcon.colcon_core.event_handler.log_command:Invoked command in '/home/otavio/scicobot_rasp/src/build/teste' returned '0': CMAKE_PREFIX_PATH=/opt/ros/foxy /usr/bin/cmake /home/otavio/scicobot_rasp/src/teste -DCMAKE_INSTALL_PREFIX=/home/otavio/scicobot_rasp/src/install/teste
[11.482s] DEBUG:colcon.colcon_core.event_handler.log_command:Invoking command in '/home/otavio/scicobot_rasp/src/build/teste': CMAKE_PREFIX_PATH=/opt/ros/foxy /usr/bin/cmake --build /home/otavio/scicobot_rasp/src/build/teste -- -j4 -l4
[12.713s] DEBUG:colcon.colcon_core.event_handler.log_command:Invoked command in '/home/otavio/scicobot_rasp/src/build/scicobot_move_on' returned '0': CMAKE_PREFIX_PATH=/opt/ros/foxy /usr/bin/cmake --build /home/otavio/scicobot_rasp/src/build/scicobot_move_on -- -j4 -l4
[12.791s] DEBUG:colcon.colcon_core.event_handler.log_command:Invoking command in '/home/otavio/scicobot_rasp/src/build/scicobot_move_on': CMAKE_PREFIX_PATH=/opt/ros/foxy /usr/bin/cmake --install /home/otavio/scicobot_rasp/src/build/scicobot_move_on
[12.811s] Level 1:colcon.colcon_core.environment:create_environment_scripts_only(scicobot_move_on)
[12.813s] Level 1:colcon.colcon_core.environment:checking '/home/otavio/scicobot_rasp/src/install/scicobot_move_on' for CMake module files
[12.814s] DEBUG:colcon.colcon_core.event_handler.log_command:Invoked command in '/home/otavio/scicobot_rasp/src/build/scicobot_move_on' returned '0': CMAKE_PREFIX_PATH=/opt/ros/foxy /usr/bin/cmake --install /home/otavio/scicobot_rasp/src/build/scicobot_move_on
[12.814s] Level 1:colcon.colcon_core.environment:checking '/home/otavio/scicobot_rasp/src/install/scicobot_move_on' for CMake config files
[12.814s] Level 1:colcon.colcon_core.shell:create_environment_hook('scicobot_move_on', 'cmake_prefix_path')
[12.815s] INFO:colcon.colcon_core.shell:Creating environment hook '/home/otavio/scicobot_rasp/src/install/scicobot_move_on/share/scicobot_move_on/hook/cmake_prefix_path.ps1'
[12.816s] INFO:colcon.colcon_core.shell:Creating environment descriptor '/home/otavio/scicobot_rasp/src/install/scicobot_move_on/share/scicobot_move_on/hook/cmake_prefix_path.dsv'
[12.816s] INFO:colcon.colcon_core.shell:Creating environment hook '/home/otavio/scicobot_rasp/src/install/scicobot_move_on/share/scicobot_move_on/hook/cmake_prefix_path.sh'
[12.817s] Level 1:colcon.colcon_core.environment:checking '/home/otavio/scicobot_rasp/src/install/scicobot_move_on/lib'
[12.817s] Level 1:colcon.colcon_core.environment:checking '/home/otavio/scicobot_rasp/src/install/scicobot_move_on/bin'
[12.817s] Level 1:colcon.colcon_core.environment:checking '/home/otavio/scicobot_rasp/src/install/scicobot_move_on/lib/pkgconfig/scicobot_move_on.pc'
[12.817s] Level 1:colcon.colcon_core.environment:checking '/home/otavio/scicobot_rasp/src/install/scicobot_move_on/lib/python3.8/site-packages'
[12.818s] INFO:colcon.colcon_core.shell:Creating package script '/home/otavio/scicobot_rasp/src/install/scicobot_move_on/share/scicobot_move_on/package.ps1'
[12.819s] INFO:colcon.colcon_core.shell:Creating package descriptor '/home/otavio/scicobot_rasp/src/install/scicobot_move_on/share/scicobot_move_on/package.dsv'
[12.819s] INFO:colcon.colcon_core.shell:Creating package script '/home/otavio/scicobot_rasp/src/install/scicobot_move_on/share/scicobot_move_on/package.sh'
[12.820s] INFO:colcon.colcon_core.shell:Creating package script '/home/otavio/scicobot_rasp/src/install/scicobot_move_on/share/scicobot_move_on/package.bash'
[12.820s] INFO:colcon.colcon_core.shell:Creating package script '/home/otavio/scicobot_rasp/src/install/scicobot_move_on/share/scicobot_move_on/package.zsh'
[12.821s] Level 1:colcon.colcon_core.environment:create_file_with_runtime_dependencies(/home/otavio/scicobot_rasp/src/install/scicobot_move_on/share/colcon-core/packages/scicobot_move_on)
[12.850s] Level 1:colcon.colcon_core.environment:create_environment_scripts_only(scicobot_move_on)
[12.852s] Level 1:colcon.colcon_core.environment:checking '/home/otavio/scicobot_rasp/src/install/scicobot_move_on' for CMake module files
[12.853s] Level 1:colcon.colcon_core.environment:checking '/home/otavio/scicobot_rasp/src/install/scicobot_move_on' for CMake config files
[12.853s] Level 1:colcon.colcon_core.shell:create_environment_hook('scicobot_move_on', 'cmake_prefix_path')
[12.854s] INFO:colcon.colcon_core.shell:Creating environment hook '/home/otavio/scicobot_rasp/src/install/scicobot_move_on/share/scicobot_move_on/hook/cmake_prefix_path.ps1'
[12.855s] INFO:colcon.colcon_core.shell:Creating environment descriptor '/home/otavio/scicobot_rasp/src/install/scicobot_move_on/share/scicobot_move_on/hook/cmake_prefix_path.dsv'
[12.856s] INFO:colcon.colcon_core.shell:Creating environment hook '/home/otavio/scicobot_rasp/src/install/scicobot_move_on/share/scicobot_move_on/hook/cmake_prefix_path.sh'
[12.857s] Level 1:colcon.colcon_core.environment:checking '/home/otavio/scicobot_rasp/src/install/scicobot_move_on/lib'
[12.857s] Level 1:colcon.colcon_core.environment:checking '/home/otavio/scicobot_rasp/src/install/scicobot_move_on/bin'
[12.857s] Level 1:colcon.colcon_core.environment:checking '/home/otavio/scicobot_rasp/src/install/scicobot_move_on/lib/pkgconfig/scicobot_move_on.pc'
[12.857s] Level 1:colcon.colcon_core.environment:checking '/home/otavio/scicobot_rasp/src/install/scicobot_move_on/lib/python3.8/site-packages'
[12.858s] INFO:colcon.colcon_core.shell:Creating package script '/home/otavio/scicobot_rasp/src/install/scicobot_move_on/share/scicobot_move_on/package.ps1'
[12.859s] INFO:colcon.colcon_core.shell:Creating package descriptor '/home/otavio/scicobot_rasp/src/install/scicobot_move_on/share/scicobot_move_on/package.dsv'
[12.860s] INFO:colcon.colcon_core.shell:Creating package script '/home/otavio/scicobot_rasp/src/install/scicobot_move_on/share/scicobot_move_on/package.sh'
[12.860s] INFO:colcon.colcon_core.shell:Creating package script '/home/otavio/scicobot_rasp/src/install/scicobot_move_on/share/scicobot_move_on/package.bash'
[12.861s] INFO:colcon.colcon_core.shell:Creating package script '/home/otavio/scicobot_rasp/src/install/scicobot_move_on/share/scicobot_move_on/package.zsh'
[12.862s] Level 1:colcon.colcon_core.environment:create_file_with_runtime_dependencies(/home/otavio/scicobot_rasp/src/install/scicobot_move_on/share/colcon-core/packages/scicobot_move_on)
[13.838s] DEBUG:colcon.colcon_core.event_handler.log_command:Invoked command in '/home/otavio/scicobot_rasp/src/build/teste' returned '0': CMAKE_PREFIX_PATH=/opt/ros/foxy /usr/bin/cmake --build /home/otavio/scicobot_rasp/src/build/teste -- -j4 -l4
[13.864s] DEBUG:colcon.colcon_core.event_handler.log_command:Invoking command in '/home/otavio/scicobot_rasp/src/build/teste': CMAKE_PREFIX_PATH=/opt/ros/foxy /usr/bin/cmake --install /home/otavio/scicobot_rasp/src/build/teste
[13.877s] Level 1:colcon.colcon_core.environment:create_environment_scripts_only(teste)
[13.878s] Level 1:colcon.colcon_core.environment:checking '/home/otavio/scicobot_rasp/src/install/teste' for CMake module files
[13.878s] DEBUG:colcon.colcon_core.event_handler.log_command:Invoked command in '/home/otavio/scicobot_rasp/src/build/teste' returned '0': CMAKE_PREFIX_PATH=/opt/ros/foxy /usr/bin/cmake --install /home/otavio/scicobot_rasp/src/build/teste
[13.879s] Level 1:colcon.colcon_core.environment:checking '/home/otavio/scicobot_rasp/src/install/teste' for CMake config files
[13.879s] Level 1:colcon.colcon_core.shell:create_environment_hook('teste', 'cmake_prefix_path')
[13.879s] INFO:colcon.colcon_core.shell:Creating environment hook '/home/otavio/scicobot_rasp/src/install/teste/share/teste/hook/cmake_prefix_path.ps1'
[13.880s] INFO:colcon.colcon_core.shell:Creating environment descriptor '/home/otavio/scicobot_rasp/src/install/teste/share/teste/hook/cmake_prefix_path.dsv'
[13.880s] INFO:colcon.colcon_core.shell:Creating environment hook '/home/otavio/scicobot_rasp/src/install/teste/share/teste/hook/cmake_prefix_path.sh'
[13.881s] Level 1:colcon.colcon_core.environment:checking '/home/otavio/scicobot_rasp/src/install/teste/lib'
[13.881s] Level 1:colcon.colcon_core.environment:checking '/home/otavio/scicobot_rasp/src/install/teste/bin'
[13.881s] Level 1:colcon.colcon_core.environment:checking '/home/otavio/scicobot_rasp/src/install/teste/lib/pkgconfig/teste.pc'
[13.881s] Level 1:colcon.colcon_core.environment:checking '/home/otavio/scicobot_rasp/src/install/teste/lib/python3.8/site-packages'
[13.881s] INFO:colcon.colcon_core.shell:Creating package script '/home/otavio/scicobot_rasp/src/install/teste/share/teste/package.ps1'
[13.882s] INFO:colcon.colcon_core.shell:Creating package descriptor '/home/otavio/scicobot_rasp/src/install/teste/share/teste/package.dsv'
[13.882s] INFO:colcon.colcon_core.shell:Creating package script '/home/otavio/scicobot_rasp/src/install/teste/share/teste/package.sh'
[13.883s] INFO:colcon.colcon_core.shell:Creating package script '/home/otavio/scicobot_rasp/src/install/teste/share/teste/package.bash'
[13.883s] INFO:colcon.colcon_core.shell:Creating package script '/home/otavio/scicobot_rasp/src/install/teste/share/teste/package.zsh'
[13.883s] Level 1:colcon.colcon_core.environment:create_file_with_runtime_dependencies(/home/otavio/scicobot_rasp/src/install/teste/share/colcon-core/packages/teste)
[13.906s] Level 1:colcon.colcon_core.environment:create_environment_scripts_only(teste)
[13.907s] Level 1:colcon.colcon_core.environment:checking '/home/otavio/scicobot_rasp/src/install/teste' for CMake module files
[13.908s] Level 1:colcon.colcon_core.environment:checking '/home/otavio/scicobot_rasp/src/install/teste' for CMake config files
[13.908s] Level 1:colcon.colcon_core.shell:create_environment_hook('teste', 'cmake_prefix_path')
[13.908s] INFO:colcon.colcon_core.shell:Creating environment hook '/home/otavio/scicobot_rasp/src/install/teste/share/teste/hook/cmake_prefix_path.ps1'
[13.909s] INFO:colcon.colcon_core.shell:Creating environment descriptor '/home/otavio/scicobot_rasp/src/install/teste/share/teste/hook/cmake_prefix_path.dsv'
[13.909s] INFO:colcon.colcon_core.shell:Creating environment hook '/home/otavio/scicobot_rasp/src/install/teste/share/teste/hook/cmake_prefix_path.sh'
[13.910s] Level 1:colcon.colcon_core.environment:checking '/home/otavio/scicobot_rasp/src/install/teste/lib'
[13.910s] Level 1:colcon.colcon_core.environment:checking '/home/otavio/scicobot_rasp/src/install/teste/bin'
[13.910s] Level 1:colcon.colcon_core.environment:checking '/home/otavio/scicobot_rasp/src/install/teste/lib/pkgconfig/teste.pc'
[13.910s] Level 1:colcon.colcon_core.environment:checking '/home/otavio/scicobot_rasp/src/install/teste/lib/python3.8/site-packages'
[13.911s] INFO:colcon.colcon_core.shell:Creating package script '/home/otavio/scicobot_rasp/src/install/teste/share/teste/package.ps1'
[13.911s] INFO:colcon.colcon_core.shell:Creating package descriptor '/home/otavio/scicobot_rasp/src/install/teste/share/teste/package.dsv'
[13.912s] INFO:colcon.colcon_core.shell:Creating package script '/home/otavio/scicobot_rasp/src/install/teste/share/teste/package.sh'
[13.912s] INFO:colcon.colcon_core.shell:Creating package script '/home/otavio/scicobot_rasp/src/install/teste/share/teste/package.bash'
[13.913s] INFO:colcon.colcon_core.shell:Creating package script '/home/otavio/scicobot_rasp/src/install/teste/share/teste/package.zsh'
[13.913s] Level 1:colcon.colcon_core.environment:create_file_with_runtime_dependencies(/home/otavio/scicobot_rasp/src/install/teste/share/colcon-core/packages/teste)
[15.777s] DEBUG:colcon.colcon_core.event_handler.log_command:Invoked command in '/home/otavio/scicobot_rasp/src/build/test_cooperation_scicobot' returned '0': CMAKE_PREFIX_PATH=/opt/ros/foxy /usr/bin/cmake --build /home/otavio/scicobot_rasp/src/build/test_cooperation_scicobot -- -j4 -l4
[15.798s] DEBUG:colcon.colcon_core.event_handler.log_command:Invoking command in '/home/otavio/scicobot_rasp/src/build/test_cooperation_scicobot': CMAKE_PREFIX_PATH=/opt/ros/foxy /usr/bin/cmake --install /home/otavio/scicobot_rasp/src/build/test_cooperation_scicobot
[15.812s] Level 1:colcon.colcon_core.environment:create_environment_scripts_only(test_cooperation_scicobot)
[15.813s] Level 1:colcon.colcon_core.environment:checking '/home/otavio/scicobot_rasp/src/install/test_cooperation_scicobot' for CMake module files
[15.814s] DEBUG:colcon.colcon_core.event_handler.log_command:Invoked command in '/home/otavio/scicobot_rasp/src/build/test_cooperation_scicobot' returned '0': CMAKE_PREFIX_PATH=/opt/ros/foxy /usr/bin/cmake --install /home/otavio/scicobot_rasp/src/build/test_cooperation_scicobot
[15.814s] Level 1:colcon.colcon_core.environment:checking '/home/otavio/scicobot_rasp/src/install/test_cooperation_scicobot' for CMake config files
[15.814s] Level 1:colcon.colcon_core.shell:create_environment_hook('test_cooperation_scicobot', 'cmake_prefix_path')
[15.815s] INFO:colcon.colcon_core.shell:Creating environment hook '/home/otavio/scicobot_rasp/src/install/test_cooperation_scicobot/share/test_cooperation_scicobot/hook/cmake_prefix_path.ps1'
[15.815s] INFO:colcon.colcon_core.shell:Creating environment descriptor '/home/otavio/scicobot_rasp/src/install/test_cooperation_scicobot/share/test_cooperation_scicobot/hook/cmake_prefix_path.dsv'
[15.815s] INFO:colcon.colcon_core.shell:Creating environment hook '/home/otavio/scicobot_rasp/src/install/test_cooperation_scicobot/share/test_cooperation_scicobot/hook/cmake_prefix_path.sh'
[15.816s] Level 1:colcon.colcon_core.environment:checking '/home/otavio/scicobot_rasp/src/install/test_cooperation_scicobot/lib'
[15.816s] Level 1:colcon.colcon_core.environment:checking '/home/otavio/scicobot_rasp/src/install/test_cooperation_scicobot/bin'
[15.816s] Level 1:colcon.colcon_core.environment:checking '/home/otavio/scicobot_rasp/src/install/test_cooperation_scicobot/lib/pkgconfig/test_cooperation_scicobot.pc'
[15.816s] Level 1:colcon.colcon_core.environment:checking '/home/otavio/scicobot_rasp/src/install/test_cooperation_scicobot/lib/python3.8/site-packages'
[15.817s] INFO:colcon.colcon_core.shell:Creating package script '/home/otavio/scicobot_rasp/src/install/test_cooperation_scicobot/share/test_cooperation_scicobot/package.ps1'
[15.817s] INFO:colcon.colcon_core.shell:Creating package descriptor '/home/otavio/scicobot_rasp/src/install/test_cooperation_scicobot/share/test_cooperation_scicobot/package.dsv'
[15.817s] INFO:colcon.colcon_core.shell:Creating package script '/home/otavio/scicobot_rasp/src/install/test_cooperation_scicobot/share/test_cooperation_scicobot/package.sh'
[15.818s] INFO:colcon.colcon_core.shell:Creating package script '/home/otavio/scicobot_rasp/src/install/test_cooperation_scicobot/share/test_cooperation_scicobot/package.bash'
[15.818s] INFO:colcon.colcon_core.shell:Creating package script '/home/otavio/scicobot_rasp/src/install/test_cooperation_scicobot/share/test_cooperation_scicobot/package.zsh'
[15.818s] Level 1:colcon.colcon_core.environment:create_file_with_runtime_dependencies(/home/otavio/scicobot_rasp/src/install/test_cooperation_scicobot/share/colcon-core/packages/test_cooperation_scicobot)
[15.838s] Level 1:colcon.colcon_core.environment:create_environment_scripts_only(test_cooperation_scicobot)
[15.839s] Level 1:colcon.colcon_core.environment:checking '/home/otavio/scicobot_rasp/src/install/test_cooperation_scicobot' for CMake module files
[15.839s] Level 1:colcon.colcon_core.environment:checking '/home/otavio/scicobot_rasp/src/install/test_cooperation_scicobot' for CMake config files
[15.840s] Level 1:colcon.colcon_core.shell:create_environment_hook('test_cooperation_scicobot', 'cmake_prefix_path')
[15.840s] INFO:colcon.colcon_core.shell:Creating environment hook '/home/otavio/scicobot_rasp/src/install/test_cooperation_scicobot/share/test_cooperation_scicobot/hook/cmake_prefix_path.ps1'
[15.841s] INFO:colcon.colcon_core.shell:Creating environment descriptor '/home/otavio/scicobot_rasp/src/install/test_cooperation_scicobot/share/test_cooperation_scicobot/hook/cmake_prefix_path.dsv'
[15.841s] INFO:colcon.colcon_core.shell:Creating environment hook '/home/otavio/scicobot_rasp/src/install/test_cooperation_scicobot/share/test_cooperation_scicobot/hook/cmake_prefix_path.sh'
[15.841s] Level 1:colcon.colcon_core.environment:checking '/home/otavio/scicobot_rasp/src/install/test_cooperation_scicobot/lib'
[15.841s] Level 1:colcon.colcon_core.environment:checking '/home/otavio/scicobot_rasp/src/install/test_cooperation_scicobot/bin'
[15.841s] Level 1:colcon.colcon_core.environment:checking '/home/otavio/scicobot_rasp/src/install/test_cooperation_scicobot/lib/pkgconfig/test_cooperation_scicobot.pc'
[15.842s] Level 1:colcon.colcon_core.environment:checking '/home/otavio/scicobot_rasp/src/install/test_cooperation_scicobot/lib/python3.8/site-packages'
[15.842s] INFO:colcon.colcon_core.shell:Creating package script '/home/otavio/scicobot_rasp/src/install/test_cooperation_scicobot/share/test_cooperation_scicobot/package.ps1'
[15.843s] INFO:colcon.colcon_core.shell:Creating package descriptor '/home/otavio/scicobot_rasp/src/install/test_cooperation_scicobot/share/test_cooperation_scicobot/package.dsv'
[15.843s] INFO:colcon.colcon_core.shell:Creating package script '/home/otavio/scicobot_rasp/src/install/test_cooperation_scicobot/share/test_cooperation_scicobot/package.sh'
[15.843s] INFO:colcon.colcon_core.shell:Creating package script '/home/otavio/scicobot_rasp/src/install/test_cooperation_scicobot/share/test_cooperation_scicobot/package.bash'
[15.844s] INFO:colcon.colcon_core.shell:Creating package script '/home/otavio/scicobot_rasp/src/install/test_cooperation_scicobot/share/test_cooperation_scicobot/package.zsh'
[15.844s] Level 1:colcon.colcon_core.environment:create_file_with_runtime_dependencies(/home/otavio/scicobot_rasp/src/install/test_cooperation_scicobot/share/colcon-core/packages/test_cooperation_scicobot)
[15.844s] DEBUG:colcon.colcon_parallel_executor.executor.parallel:closing loop
[15.844s] DEBUG:colcon.colcon_parallel_executor.executor.parallel:loop closed
[15.844s] DEBUG:colcon.colcon_parallel_executor.executor.parallel:run_until_complete finished with '0'
[15.844s] DEBUG:colcon.colcon_core.event_reactor:joining thread
[15.872s] INFO:colcon.colcon_core.plugin_system:Skipping extension 'colcon_notification.desktop_notification.terminal_notifier': Not used on non-Darwin systems
[15.873s] INFO:colcon.colcon_core.plugin_system:Skipping extension 'colcon_notification.desktop_notification.win32': Not used on non-Windows systems
[15.873s] INFO:colcon.colcon_notification.desktop_notification:Sending desktop notification using 'notify2'
[15.895s] DEBUG:colcon.colcon_core.event_reactor:joined thread
[15.896s] INFO:colcon.colcon_core.shell:Creating prefix script '/home/otavio/scicobot_rasp/src/install/local_setup.ps1'
[15.897s] INFO:colcon.colcon_core.shell:Creating prefix util module '/home/otavio/scicobot_rasp/src/install/_local_setup_util_ps1.py'
[15.898s] INFO:colcon.colcon_core.shell:Creating prefix chain script '/home/otavio/scicobot_rasp/src/install/setup.ps1'
[15.912s] INFO:colcon.colcon_core.shell:Creating prefix script '/home/otavio/scicobot_rasp/src/install/local_setup.sh'
[15.912s] INFO:colcon.colcon_core.shell:Creating prefix util module '/home/otavio/scicobot_rasp/src/install/_local_setup_util_sh.py'
[15.913s] INFO:colcon.colcon_core.shell:Creating prefix chain script '/home/otavio/scicobot_rasp/src/install/setup.sh'
[15.913s] INFO:colcon.colcon_core.shell:Creating prefix script '/home/otavio/scicobot_rasp/src/install/local_setup.bash'
[15.914s] INFO:colcon.colcon_core.shell:Creating prefix chain script '/home/otavio/scicobot_rasp/src/install/setup.bash'
[15.915s] INFO:colcon.colcon_core.shell:Creating prefix script '/home/otavio/scicobot_rasp/src/install/local_setup.zsh'
[15.915s] INFO:colcon.colcon_core.shell:Creating prefix chain script '/home/otavio/scicobot_rasp/src/install/setup.zsh'
