[0.057s] Invoking command in '/home/otavio/excluir/scicobot_rasp/build/scicobot_ultrasonic': CMAKE_PREFIX_PATH=/opt/ros/foxy /usr/bin/cmake --build /home/otavio/excluir/scicobot_rasp/build/scicobot_ultrasonic -- -j4 -l4
[0.155s] [100%] Built target listener_ultrasonic
[0.193s] Invoked command in '/home/otavio/excluir/scicobot_rasp/build/scicobot_ultrasonic' returned '0': CMAKE_PREFIX_PATH=/opt/ros/foxy /usr/bin/cmake --build /home/otavio/excluir/scicobot_rasp/build/scicobot_ultrasonic -- -j4 -l4
[0.247s] Invoking command in '/home/otavio/excluir/scicobot_rasp/build/scicobot_ultrasonic': CMAKE_PREFIX_PATH=/opt/ros/foxy /usr/bin/cmake --install /home/otavio/excluir/scicobot_rasp/build/scicobot_ultrasonic
[0.257s] -- Install configuration: ""
[0.257s] -- Up-to-date: /home/otavio/excluir/scicobot_rasp/install/scicobot_ultrasonic/lib/scicobot_ultrasonic/listener_ultrasonic
[0.257s] -- Up-to-date: /home/otavio/excluir/scicobot_rasp/install/scicobot_ultrasonic/share/ament_index/resource_index/package_run_dependencies/scicobot_ultrasonic
[0.258s] -- Up-to-date: /home/otavio/excluir/scicobot_rasp/install/scicobot_ultrasonic/share/ament_index/resource_index/parent_prefix_path/scicobot_ultrasonic
[0.258s] -- Up-to-date: /home/otavio/excluir/scicobot_rasp/install/scicobot_ultrasonic/share/scicobot_ultrasonic/environment/ament_prefix_path.sh
[0.258s] -- Up-to-date: /home/otavio/excluir/scicobot_rasp/install/scicobot_ultrasonic/share/scicobot_ultrasonic/environment/ament_prefix_path.dsv
[0.258s] -- Up-to-date: /home/otavio/excluir/scicobot_rasp/install/scicobot_ultrasonic/share/scicobot_ultrasonic/environment/path.sh
[0.258s] -- Up-to-date: /home/otavio/excluir/scicobot_rasp/install/scicobot_ultrasonic/share/scicobot_ultrasonic/environment/path.dsv
[0.259s] -- Up-to-date: /home/otavio/excluir/scicobot_rasp/install/scicobot_ultrasonic/share/scicobot_ultrasonic/local_setup.bash
[0.259s] -- Up-to-date: /home/otavio/excluir/scicobot_rasp/install/scicobot_ultrasonic/share/scicobot_ultrasonic/local_setup.sh
[0.259s] -- Up-to-date: /home/otavio/excluir/scicobot_rasp/install/scicobot_ultrasonic/share/scicobot_ultrasonic/local_setup.zsh
[0.259s] -- Up-to-date: /home/otavio/excluir/scicobot_rasp/install/scicobot_ultrasonic/share/scicobot_ultrasonic/local_setup.dsv
[0.259s] -- Installing: /home/otavio/excluir/scicobot_rasp/install/scicobot_ultrasonic/share/scicobot_ultrasonic/package.dsv
[0.259s] -- Up-to-date: /home/otavio/excluir/scicobot_rasp/install/scicobot_ultrasonic/share/ament_index/resource_index/packages/scicobot_ultrasonic
[0.259s] -- Up-to-date: /home/otavio/excluir/scicobot_rasp/install/scicobot_ultrasonic/share/scicobot_ultrasonic/cmake/scicobot_ultrasonicConfig.cmake
[0.259s] -- Up-to-date: /home/otavio/excluir/scicobot_rasp/install/scicobot_ultrasonic/share/scicobot_ultrasonic/cmake/scicobot_ultrasonicConfig-version.cmake
[0.260s] -- Up-to-date: /home/otavio/excluir/scicobot_rasp/install/scicobot_ultrasonic/share/scicobot_ultrasonic/package.xml
[0.286s] Invoked command in '/home/otavio/excluir/scicobot_rasp/build/scicobot_ultrasonic' returned '0': CMAKE_PREFIX_PATH=/opt/ros/foxy /usr/bin/cmake --install /home/otavio/excluir/scicobot_rasp/build/scicobot_ultrasonic
