[0.035s] Invoking command in '/home/otavio/excluir/scicobot_rasp/build/scicobot_move_on': CMAKE_PREFIX_PATH=/opt/ros/foxy /usr/bin/cmake /home/otavio/excluir/scicobot_rasp/src/scicobot_move_on -DCMAKE_INSTALL_PREFIX=/home/otavio/excluir/scicobot_rasp/install/scicobot_move_on
[1.019s] -- The C compiler identification is GNU 9.3.0
[1.745s] -- The CXX compiler identification is GNU 9.3.0
[1.823s] -- Check for working C compiler: /usr/bin/cc
[2.087s] -- Check for working C compiler: /usr/bin/cc -- works
[2.089s] -- Detecting C compiler ABI info
[2.183s] -- Detecting C compiler ABI info - done
[2.203s] -- Detecting C compile features
[2.204s] -- Detecting C compile features - done
[2.208s] -- Check for working CXX compiler: /usr/bin/c++
[2.324s] -- Check for working CXX compiler: /usr/bin/c++ -- works
[2.326s] -- Detecting CXX compiler ABI info
[2.459s] -- Detecting CXX compiler ABI info - done
[2.473s] -- Detecting CXX compile features
[2.474s] -- Detecting CXX compile features - done
[2.515s] -- Found ament_cmake: 0.9.9 (/opt/ros/foxy/share/ament_cmake/cmake)
[2.563s] -- Found PythonInterp: /usr/bin/python3 (found suitable version "3.8.10", minimum required is "3") 
[2.563s] -- Using PYTHON_EXECUTABLE: /usr/bin/python3
[2.973s] -- Found rclcpp: 2.4.0 (/opt/ros/foxy/share/rclcpp/cmake)
[3.262s] -- Using all available rosidl_typesupport_c: rosidl_typesupport_fastrtps_c;rosidl_typesupport_introspection_c
[3.327s] -- Found rosidl_adapter: 1.2.1 (/opt/ros/foxy/share/rosidl_adapter/cmake)
[3.864s] -- Found OpenSSL: /usr/lib/x86_64-linux-gnu/libcrypto.so (found version "1.1.1f")  
[3.907s] -- Found FastRTPS: /opt/ros/foxy/include  
[4.494s] -- Using all available rosidl_typesupport_cpp: rosidl_typesupport_fastrtps_cpp;rosidl_typesupport_introspection_cpp
[4.789s] -- Found rmw_implementation_cmake: 1.0.3 (/opt/ros/foxy/share/rmw_implementation_cmake/cmake)
[4.794s] -- Using RMW implementation 'rmw_fastrtps_cpp' as default
[4.821s] -- Looking for pthread.h
[5.162s] -- Looking for pthread.h - found
[5.162s] -- Performing Test CMAKE_HAVE_LIBC_PTHREAD
[5.275s] -- Performing Test CMAKE_HAVE_LIBC_PTHREAD - Failed
[5.275s] -- Looking for pthread_create in pthreads
[5.353s] -- Looking for pthread_create in pthreads - not found
[5.353s] -- Looking for pthread_create in pthread
[5.459s] -- Looking for pthread_create in pthread - found
[5.461s] -- Found Threads: TRUE  
[5.997s] -- Configuring done
[6.006s] -- Generating done
[6.008s] -- Build files have been written to: /home/otavio/excluir/scicobot_rasp/build/scicobot_move_on
[6.016s] Invoked command in '/home/otavio/excluir/scicobot_rasp/build/scicobot_move_on' returned '0': CMAKE_PREFIX_PATH=/opt/ros/foxy /usr/bin/cmake /home/otavio/excluir/scicobot_rasp/src/scicobot_move_on -DCMAKE_INSTALL_PREFIX=/home/otavio/excluir/scicobot_rasp/install/scicobot_move_on
[6.019s] Invoking command in '/home/otavio/excluir/scicobot_rasp/build/scicobot_move_on': CMAKE_PREFIX_PATH=/opt/ros/foxy /usr/bin/cmake --build /home/otavio/excluir/scicobot_rasp/build/scicobot_move_on -- -j4 -l4
[6.069s] [35m[1mScanning dependencies of target move_on[0m
[6.601s] [ 50%] [32mBuilding CXX object CMakeFiles/move_on.dir/src/scicobot_publisher_move_on.cpp.o[0m
[17.106s] [100%] [32m[1mLinking CXX executable move_on[0m
[17.604s] [100%] Built target move_on
[17.620s] Invoked command in '/home/otavio/excluir/scicobot_rasp/build/scicobot_move_on' returned '0': CMAKE_PREFIX_PATH=/opt/ros/foxy /usr/bin/cmake --build /home/otavio/excluir/scicobot_rasp/build/scicobot_move_on -- -j4 -l4
[17.658s] Invoking command in '/home/otavio/excluir/scicobot_rasp/build/scicobot_move_on': CMAKE_PREFIX_PATH=/opt/ros/foxy /usr/bin/cmake --install /home/otavio/excluir/scicobot_rasp/build/scicobot_move_on
[17.672s] -- Install configuration: ""
[17.672s] -- Installing: /home/otavio/excluir/scicobot_rasp/install/scicobot_move_on/lib/scicobot_move_on/move_on
[17.676s] -- Set runtime path of "/home/otavio/excluir/scicobot_rasp/install/scicobot_move_on/lib/scicobot_move_on/move_on" to ""
[17.676s] -- Installing: /home/otavio/excluir/scicobot_rasp/install/scicobot_move_on/share/ament_index/resource_index/package_run_dependencies/scicobot_move_on
[17.676s] -- Installing: /home/otavio/excluir/scicobot_rasp/install/scicobot_move_on/share/ament_index/resource_index/parent_prefix_path/scicobot_move_on
[17.676s] -- Installing: /home/otavio/excluir/scicobot_rasp/install/scicobot_move_on/share/scicobot_move_on/environment/ament_prefix_path.sh
[17.676s] -- Installing: /home/otavio/excluir/scicobot_rasp/install/scicobot_move_on/share/scicobot_move_on/environment/ament_prefix_path.dsv
[17.677s] -- Installing: /home/otavio/excluir/scicobot_rasp/install/scicobot_move_on/share/scicobot_move_on/environment/path.sh
[17.677s] -- Installing: /home/otavio/excluir/scicobot_rasp/install/scicobot_move_on/share/scicobot_move_on/environment/path.dsv
[17.677s] -- Installing: /home/otavio/excluir/scicobot_rasp/install/scicobot_move_on/share/scicobot_move_on/local_setup.bash
[17.677s] -- Installing: /home/otavio/excluir/scicobot_rasp/install/scicobot_move_on/share/scicobot_move_on/local_setup.sh
[17.677s] -- Installing: /home/otavio/excluir/scicobot_rasp/install/scicobot_move_on/share/scicobot_move_on/local_setup.zsh
[17.678s] -- Installing: /home/otavio/excluir/scicobot_rasp/install/scicobot_move_on/share/scicobot_move_on/local_setup.dsv
[17.678s] -- Installing: /home/otavio/excluir/scicobot_rasp/install/scicobot_move_on/share/scicobot_move_on/package.dsv
[17.678s] -- Installing: /home/otavio/excluir/scicobot_rasp/install/scicobot_move_on/share/ament_index/resource_index/packages/scicobot_move_on
[17.678s] -- Installing: /home/otavio/excluir/scicobot_rasp/install/scicobot_move_on/share/scicobot_move_on/cmake/scicobot_move_onConfig.cmake
[17.678s] -- Installing: /home/otavio/excluir/scicobot_rasp/install/scicobot_move_on/share/scicobot_move_on/cmake/scicobot_move_onConfig-version.cmake
[17.679s] -- Installing: /home/otavio/excluir/scicobot_rasp/install/scicobot_move_on/share/scicobot_move_on/package.xml
[17.688s] Invoked command in '/home/otavio/excluir/scicobot_rasp/build/scicobot_move_on' returned '0': CMAKE_PREFIX_PATH=/opt/ros/foxy /usr/bin/cmake --install /home/otavio/excluir/scicobot_rasp/build/scicobot_move_on
