[0.030s] Invoking command in '/home/otavio/scicobot_rasp/src/build/scicobot_encoder': CMAKE_PREFIX_PATH=/opt/ros/foxy /usr/bin/cmake /home/otavio/scicobot_rasp/src/scicobot_encoder -DCMAKE_INSTALL_PREFIX=/home/otavio/scicobot_rasp/src/install/scicobot_encoder
[0.078s] -- Found ament_cmake: 0.9.9 (/opt/ros/foxy/share/ament_cmake/cmake)
[0.083s] -- Found PythonInterp: /usr/bin/python3 (found suitable version "3.8.10", minimum required is "3") 
[0.083s] -- Using PYTHON_EXECUTABLE: /usr/bin/python3
[0.399s] -- Found rclcpp: 2.4.0 (/opt/ros/foxy/share/rclcpp/cmake)
[0.463s] -- Using all available rosidl_typesupport_c: rosidl_typesupport_fastrtps_c;rosidl_typesupport_introspection_c
[0.472s] -- Found rosidl_adapter: 1.2.1 (/opt/ros/foxy/share/rosidl_adapter/cmake)
[0.583s] -- Found OpenSSL: /usr/lib/x86_64-linux-gnu/libcrypto.so (found version "1.1.1f")  
[0.631s] -- Found FastRTPS: /opt/ros/foxy/include  
[0.737s] -- Using all available rosidl_typesupport_cpp: rosidl_typesupport_fastrtps_cpp;rosidl_typesupport_introspection_cpp
[0.837s] -- Found rmw_implementation_cmake: 1.0.3 (/opt/ros/foxy/share/rmw_implementation_cmake/cmake)
[0.839s] -- Using RMW implementation 'rmw_fastrtps_cpp' as default
[0.840s] -- Looking for pthread.h
[0.952s] -- Looking for pthread.h - found
[0.952s] -- Performing Test CMAKE_HAVE_LIBC_PTHREAD
[1.061s] -- Performing Test CMAKE_HAVE_LIBC_PTHREAD - Failed
[1.062s] -- Looking for pthread_create in pthreads
[1.142s] -- Looking for pthread_create in pthreads - not found
[1.142s] -- Looking for pthread_create in pthread
[1.243s] -- Looking for pthread_create in pthread - found
[1.244s] -- Found Threads: TRUE  
[1.587s] -- Configuring done
[1.597s] -- Generating done
[1.599s] -- Build files have been written to: /home/otavio/scicobot_rasp/src/build/scicobot_encoder
[1.617s] Invoked command in '/home/otavio/scicobot_rasp/src/build/scicobot_encoder' returned '0': CMAKE_PREFIX_PATH=/opt/ros/foxy /usr/bin/cmake /home/otavio/scicobot_rasp/src/scicobot_encoder -DCMAKE_INSTALL_PREFIX=/home/otavio/scicobot_rasp/src/install/scicobot_encoder
[1.618s] Invoking command in '/home/otavio/scicobot_rasp/src/build/scicobot_encoder': CMAKE_PREFIX_PATH=/opt/ros/foxy /usr/bin/cmake --build /home/otavio/scicobot_rasp/src/build/scicobot_encoder -- -j4 -l4
[1.676s] [35m[1mScanning dependencies of target listener_encoder[0m
[1.727s] [ 50%] [32mBuilding CXX object CMakeFiles/listener_encoder.dir/src/scicobot_subscriber_encoder.cpp.o[0m
[9.078s] [100%] [32m[1mLinking CXX executable listener_encoder[0m
[9.528s] [100%] Built target listener_encoder
[9.553s] Invoked command in '/home/otavio/scicobot_rasp/src/build/scicobot_encoder' returned '0': CMAKE_PREFIX_PATH=/opt/ros/foxy /usr/bin/cmake --build /home/otavio/scicobot_rasp/src/build/scicobot_encoder -- -j4 -l4
[9.591s] Invoking command in '/home/otavio/scicobot_rasp/src/build/scicobot_encoder': CMAKE_PREFIX_PATH=/opt/ros/foxy /usr/bin/cmake --install /home/otavio/scicobot_rasp/src/build/scicobot_encoder
[9.604s] -- Install configuration: ""
[9.605s] -- Installing: /home/otavio/scicobot_rasp/src/install/scicobot_encoder/lib/scicobot_encoder/listener_encoder
[9.607s] -- Set runtime path of "/home/otavio/scicobot_rasp/src/install/scicobot_encoder/lib/scicobot_encoder/listener_encoder" to ""
[9.607s] -- Installing: /home/otavio/scicobot_rasp/src/install/scicobot_encoder/share/ament_index/resource_index/package_run_dependencies/scicobot_encoder
[9.608s] -- Installing: /home/otavio/scicobot_rasp/src/install/scicobot_encoder/share/ament_index/resource_index/parent_prefix_path/scicobot_encoder
[9.609s] -- Installing: /home/otavio/scicobot_rasp/src/install/scicobot_encoder/share/scicobot_encoder/environment/ament_prefix_path.sh
[9.609s] -- Installing: /home/otavio/scicobot_rasp/src/install/scicobot_encoder/share/scicobot_encoder/environment/ament_prefix_path.dsv
[9.609s] -- Installing: /home/otavio/scicobot_rasp/src/install/scicobot_encoder/share/scicobot_encoder/environment/path.sh
[9.609s] -- Installing: /home/otavio/scicobot_rasp/src/install/scicobot_encoder/share/scicobot_encoder/environment/path.dsv
[9.610s] -- Installing: /home/otavio/scicobot_rasp/src/install/scicobot_encoder/share/scicobot_encoder/local_setup.bash
[9.610s] -- Installing: /home/otavio/scicobot_rasp/src/install/scicobot_encoder/share/scicobot_encoder/local_setup.sh
[9.611s] -- Installing: /home/otavio/scicobot_rasp/src/install/scicobot_encoder/share/scicobot_encoder/local_setup.zsh
[9.611s] -- Installing: /home/otavio/scicobot_rasp/src/install/scicobot_encoder/share/scicobot_encoder/local_setup.dsv
[9.611s] -- Installing: /home/otavio/scicobot_rasp/src/install/scicobot_encoder/share/scicobot_encoder/package.dsv
[9.612s] -- Installing: /home/otavio/scicobot_rasp/src/install/scicobot_encoder/share/ament_index/resource_index/packages/scicobot_encoder
[9.612s] -- Installing: /home/otavio/scicobot_rasp/src/install/scicobot_encoder/share/scicobot_encoder/cmake/scicobot_encoderConfig.cmake
[9.612s] -- Installing: /home/otavio/scicobot_rasp/src/install/scicobot_encoder/share/scicobot_encoder/cmake/scicobot_encoderConfig-version.cmake
[9.613s] -- Installing: /home/otavio/scicobot_rasp/src/install/scicobot_encoder/share/scicobot_encoder/package.xml
[9.621s] Invoked command in '/home/otavio/scicobot_rasp/src/build/scicobot_encoder' returned '0': CMAKE_PREFIX_PATH=/opt/ros/foxy /usr/bin/cmake --install /home/otavio/scicobot_rasp/src/build/scicobot_encoder
