[0.128s] DEBUG:colcon:Command line arguments: ['/usr/bin/colcon', 'build']
[0.128s] DEBUG:colcon:Parsed command line arguments: Namespace(allow_overriding=[], ament_cmake_args=None, base_paths=['.'], build_base='build', catkin_cmake_args=None, catkin_skip_building_tests=False, cmake_args=None, cmake_clean_cache=False, cmake_clean_first=False, cmake_force_configure=False, cmake_target=None, cmake_target_skip_unavailable=False, continue_on_error=False, event_handlers=None, executor='parallel', ignore_user_meta=False, install_base='install', log_base=None, log_level=None, main=<bound method BuildVerb.main of <colcon_core.verb.build.BuildVerb object at 0x7f20fac5e310>>, merge_install=False, metas=['./colcon.meta'], packages_above=None, packages_above_and_dependencies=None, packages_above_depth=None, packages_end=None, packages_ignore=None, packages_ignore_regex=None, packages_select=None, packages_select_build_failed=False, packages_select_by_dep=None, packages_select_regex=None, packages_select_test_failures=False, packages_skip=None, packages_skip_build_finished=False, packages_skip_by_dep=None, packages_skip_regex=None, packages_skip_test_passed=False, packages_skip_up_to=None, packages_start=None, packages_up_to=None, packages_up_to_regex=None, parallel_workers=4, paths=None, symlink_install=False, test_result_base=None, verb_extension=<colcon_core.verb.build.BuildVerb object at 0x7f20fac5e310>, verb_name='build', verb_parser=<colcon_defaults.argument_parser.defaults.DefaultArgumentsDecorator object at 0x7f20fac5e850>)
[0.132s] Level 1:colcon.colcon_core.package_discovery:discover_packages(colcon_meta) check parameters
[0.132s] Level 1:colcon.colcon_core.package_discovery:discover_packages(recursive) check parameters
[0.132s] Level 1:colcon.colcon_core.package_discovery:discover_packages(ignore) check parameters
[0.132s] Level 1:colcon.colcon_core.package_discovery:discover_packages(path) check parameters
[0.132s] Level 1:colcon.colcon_core.package_discovery:discover_packages(colcon_meta) discover
[0.133s] Level 1:colcon.colcon_core.package_discovery:discover_packages(recursive) discover
[0.133s] INFO:colcon.colcon_core.package_discovery:Crawling recursively for packages in '/home/otavio/scicobot_rasp'
[0.133s] Level 1:colcon.colcon_core.package_identification:_identify(.) by extensions ['ignore', 'ignore_ament_install']
[0.133s] Level 1:colcon.colcon_core.package_identification:_identify(.) by extension 'ignore'
[0.133s] Level 1:colcon.colcon_core.package_identification:_identify(.) by extension 'ignore_ament_install'
[0.133s] Level 1:colcon.colcon_core.package_identification:_identify(.) by extensions ['colcon_pkg']
[0.133s] Level 1:colcon.colcon_core.package_identification:_identify(.) by extension 'colcon_pkg'
[0.133s] Level 1:colcon.colcon_core.package_identification:_identify(.) by extensions ['colcon_meta']
[0.133s] Level 1:colcon.colcon_core.package_identification:_identify(.) by extension 'colcon_meta'
[0.133s] Level 1:colcon.colcon_core.package_identification:_identify(.) by extensions ['ros']
[0.133s] Level 1:colcon.colcon_core.package_identification:_identify(.) by extension 'ros'
[0.143s] Level 1:colcon.colcon_core.package_identification:_identify(.) by extensions ['cmake', 'python']
[0.143s] Level 1:colcon.colcon_core.package_identification:_identify(.) by extension 'cmake'
[0.144s] Level 1:colcon.colcon_core.package_identification:_identify(.) by extension 'python'
[0.144s] Level 1:colcon.colcon_core.package_identification:_identify(.) by extensions ['python_setup_py']
[0.144s] Level 1:colcon.colcon_core.package_identification:_identify(.) by extension 'python_setup_py'
[0.144s] Level 1:colcon.colcon_core.package_identification:_identify(build) by extensions ['ignore', 'ignore_ament_install']
[0.144s] Level 1:colcon.colcon_core.package_identification:_identify(build) by extension 'ignore'
[0.144s] Level 1:colcon.colcon_core.package_identification:_identify(build) ignored
[0.144s] Level 1:colcon.colcon_core.package_identification:_identify(install) by extensions ['ignore', 'ignore_ament_install']
[0.144s] Level 1:colcon.colcon_core.package_identification:_identify(install) by extension 'ignore'
[0.144s] Level 1:colcon.colcon_core.package_identification:_identify(install) ignored
[0.144s] Level 1:colcon.colcon_core.package_identification:_identify(log) by extensions ['ignore', 'ignore_ament_install']
[0.144s] Level 1:colcon.colcon_core.package_identification:_identify(log) by extension 'ignore'
[0.144s] Level 1:colcon.colcon_core.package_identification:_identify(log) ignored
[0.144s] Level 1:colcon.colcon_core.package_identification:_identify(src) by extensions ['ignore', 'ignore_ament_install']
[0.144s] Level 1:colcon.colcon_core.package_identification:_identify(src) by extension 'ignore'
[0.145s] Level 1:colcon.colcon_core.package_identification:_identify(src) by extension 'ignore_ament_install'
[0.145s] Level 1:colcon.colcon_core.package_identification:_identify(src) by extensions ['colcon_pkg']
[0.145s] Level 1:colcon.colcon_core.package_identification:_identify(src) by extension 'colcon_pkg'
[0.145s] Level 1:colcon.colcon_core.package_identification:_identify(src) by extensions ['colcon_meta']
[0.145s] Level 1:colcon.colcon_core.package_identification:_identify(src) by extension 'colcon_meta'
[0.145s] Level 1:colcon.colcon_core.package_identification:_identify(src) by extensions ['ros']
[0.145s] Level 1:colcon.colcon_core.package_identification:_identify(src) by extension 'ros'
[0.145s] Level 1:colcon.colcon_core.package_identification:_identify(src) by extensions ['cmake', 'python']
[0.145s] Level 1:colcon.colcon_core.package_identification:_identify(src) by extension 'cmake'
[0.145s] Level 1:colcon.colcon_core.package_identification:_identify(src) by extension 'python'
[0.145s] Level 1:colcon.colcon_core.package_identification:_identify(src) by extensions ['python_setup_py']
[0.145s] Level 1:colcon.colcon_core.package_identification:_identify(src) by extension 'python_setup_py'
[0.145s] Level 1:colcon.colcon_core.package_identification:_identify(src/publisher_teste) by extensions ['ignore', 'ignore_ament_install']
[0.145s] Level 1:colcon.colcon_core.package_identification:_identify(src/publisher_teste) by extension 'ignore'
[0.145s] Level 1:colcon.colcon_core.package_identification:_identify(src/publisher_teste) by extension 'ignore_ament_install'
[0.145s] Level 1:colcon.colcon_core.package_identification:_identify(src/publisher_teste) by extensions ['colcon_pkg']
[0.145s] Level 1:colcon.colcon_core.package_identification:_identify(src/publisher_teste) by extension 'colcon_pkg'
[0.145s] Level 1:colcon.colcon_core.package_identification:_identify(src/publisher_teste) by extensions ['colcon_meta']
[0.145s] Level 1:colcon.colcon_core.package_identification:_identify(src/publisher_teste) by extension 'colcon_meta'
[0.145s] Level 1:colcon.colcon_core.package_identification:_identify(src/publisher_teste) by extensions ['ros']
[0.145s] Level 1:colcon.colcon_core.package_identification:_identify(src/publisher_teste) by extension 'ros'
[0.148s] DEBUG:colcon.colcon_core.package_identification:Package 'src/publisher_teste' with type 'ros.ament_cmake' and name 'publisher_teste'
[0.148s] Level 1:colcon.colcon_core.package_identification:_identify(src/scicobot_encoder) by extensions ['ignore', 'ignore_ament_install']
[0.148s] Level 1:colcon.colcon_core.package_identification:_identify(src/scicobot_encoder) by extension 'ignore'
[0.148s] Level 1:colcon.colcon_core.package_identification:_identify(src/scicobot_encoder) by extension 'ignore_ament_install'
[0.148s] Level 1:colcon.colcon_core.package_identification:_identify(src/scicobot_encoder) by extensions ['colcon_pkg']
[0.148s] Level 1:colcon.colcon_core.package_identification:_identify(src/scicobot_encoder) by extension 'colcon_pkg'
[0.148s] Level 1:colcon.colcon_core.package_identification:_identify(src/scicobot_encoder) by extensions ['colcon_meta']
[0.148s] Level 1:colcon.colcon_core.package_identification:_identify(src/scicobot_encoder) by extension 'colcon_meta'
[0.148s] Level 1:colcon.colcon_core.package_identification:_identify(src/scicobot_encoder) by extensions ['ros']
[0.148s] Level 1:colcon.colcon_core.package_identification:_identify(src/scicobot_encoder) by extension 'ros'
[0.149s] DEBUG:colcon.colcon_core.package_identification:Package 'src/scicobot_encoder' with type 'ros.ament_cmake' and name 'scicobot_encoder'
[0.149s] Level 1:colcon.colcon_core.package_identification:_identify(src/scicobot_move_on) by extensions ['ignore', 'ignore_ament_install']
[0.149s] Level 1:colcon.colcon_core.package_identification:_identify(src/scicobot_move_on) by extension 'ignore'
[0.149s] Level 1:colcon.colcon_core.package_identification:_identify(src/scicobot_move_on) by extension 'ignore_ament_install'
[0.149s] Level 1:colcon.colcon_core.package_identification:_identify(src/scicobot_move_on) by extensions ['colcon_pkg']
[0.149s] Level 1:colcon.colcon_core.package_identification:_identify(src/scicobot_move_on) by extension 'colcon_pkg'
[0.149s] Level 1:colcon.colcon_core.package_identification:_identify(src/scicobot_move_on) by extensions ['colcon_meta']
[0.149s] Level 1:colcon.colcon_core.package_identification:_identify(src/scicobot_move_on) by extension 'colcon_meta'
[0.149s] Level 1:colcon.colcon_core.package_identification:_identify(src/scicobot_move_on) by extensions ['ros']
[0.149s] Level 1:colcon.colcon_core.package_identification:_identify(src/scicobot_move_on) by extension 'ros'
[0.150s] DEBUG:colcon.colcon_core.package_identification:Package 'src/scicobot_move_on' with type 'ros.ament_cmake' and name 'scicobot_move_on'
[0.150s] Level 1:colcon.colcon_core.package_identification:_identify(src/scicobot_ultrasonic) by extensions ['ignore', 'ignore_ament_install']
[0.150s] Level 1:colcon.colcon_core.package_identification:_identify(src/scicobot_ultrasonic) by extension 'ignore'
[0.150s] Level 1:colcon.colcon_core.package_identification:_identify(src/scicobot_ultrasonic) by extension 'ignore_ament_install'
[0.150s] Level 1:colcon.colcon_core.package_identification:_identify(src/scicobot_ultrasonic) by extensions ['colcon_pkg']
[0.150s] Level 1:colcon.colcon_core.package_identification:_identify(src/scicobot_ultrasonic) by extension 'colcon_pkg'
[0.150s] Level 1:colcon.colcon_core.package_identification:_identify(src/scicobot_ultrasonic) by extensions ['colcon_meta']
[0.150s] Level 1:colcon.colcon_core.package_identification:_identify(src/scicobot_ultrasonic) by extension 'colcon_meta'
[0.150s] Level 1:colcon.colcon_core.package_identification:_identify(src/scicobot_ultrasonic) by extensions ['ros']
[0.150s] Level 1:colcon.colcon_core.package_identification:_identify(src/scicobot_ultrasonic) by extension 'ros'
[0.151s] DEBUG:colcon.colcon_core.package_identification:Package 'src/scicobot_ultrasonic' with type 'ros.ament_cmake' and name 'scicobot_ultrasonic'
[0.151s] Level 1:colcon.colcon_core.package_identification:_identify(src/test_cooperation_scicobot) by extensions ['ignore', 'ignore_ament_install']
[0.151s] Level 1:colcon.colcon_core.package_identification:_identify(src/test_cooperation_scicobot) by extension 'ignore'
[0.151s] Level 1:colcon.colcon_core.package_identification:_identify(src/test_cooperation_scicobot) by extension 'ignore_ament_install'
[0.151s] Level 1:colcon.colcon_core.package_identification:_identify(src/test_cooperation_scicobot) by extensions ['colcon_pkg']
[0.151s] Level 1:colcon.colcon_core.package_identification:_identify(src/test_cooperation_scicobot) by extension 'colcon_pkg'
[0.151s] Level 1:colcon.colcon_core.package_identification:_identify(src/test_cooperation_scicobot) by extensions ['colcon_meta']
[0.151s] Level 1:colcon.colcon_core.package_identification:_identify(src/test_cooperation_scicobot) by extension 'colcon_meta'
[0.151s] Level 1:colcon.colcon_core.package_identification:_identify(src/test_cooperation_scicobot) by extensions ['ros']
[0.151s] Level 1:colcon.colcon_core.package_identification:_identify(src/test_cooperation_scicobot) by extension 'ros'
[0.152s] DEBUG:colcon.colcon_core.package_identification:Package 'src/test_cooperation_scicobot' with type 'ros.ament_cmake' and name 'test_cooperation_scicobot'
[0.152s] Level 1:colcon.colcon_core.package_identification:_identify(src/teste) by extensions ['ignore', 'ignore_ament_install']
[0.152s] Level 1:colcon.colcon_core.package_identification:_identify(src/teste) by extension 'ignore'
[0.152s] Level 1:colcon.colcon_core.package_identification:_identify(src/teste) by extension 'ignore_ament_install'
[0.152s] Level 1:colcon.colcon_core.package_identification:_identify(src/teste) by extensions ['colcon_pkg']
[0.152s] Level 1:colcon.colcon_core.package_identification:_identify(src/teste) by extension 'colcon_pkg'
[0.152s] Level 1:colcon.colcon_core.package_identification:_identify(src/teste) by extensions ['colcon_meta']
[0.152s] Level 1:colcon.colcon_core.package_identification:_identify(src/teste) by extension 'colcon_meta'
[0.152s] Level 1:colcon.colcon_core.package_identification:_identify(src/teste) by extensions ['ros']
[0.152s] Level 1:colcon.colcon_core.package_identification:_identify(src/teste) by extension 'ros'
[0.153s] DEBUG:colcon.colcon_core.package_identification:Package 'src/teste' with type 'ros.ament_cmake' and name 'teste'
[0.153s] Level 1:colcon.colcon_core.package_discovery:discover_packages(recursive) using defaults
[0.153s] Level 1:colcon.colcon_core.package_discovery:discover_packages(ignore) discover
[0.153s] Level 1:colcon.colcon_core.package_discovery:discover_packages(ignore) using defaults
[0.153s] Level 1:colcon.colcon_core.package_discovery:discover_packages(path) discover
[0.153s] Level 1:colcon.colcon_core.package_discovery:discover_packages(path) using defaults
[0.169s] Level 5:colcon.colcon_core.verb:set package 'publisher_teste' build argument 'cmake_args' from command line to 'None'
[0.169s] Level 5:colcon.colcon_core.verb:set package 'publisher_teste' build argument 'cmake_target' from command line to 'None'
[0.169s] Level 5:colcon.colcon_core.verb:set package 'publisher_teste' build argument 'cmake_target_skip_unavailable' from command line to 'False'
[0.169s] Level 5:colcon.colcon_core.verb:set package 'publisher_teste' build argument 'cmake_clean_cache' from command line to 'False'
[0.169s] Level 5:colcon.colcon_core.verb:set package 'publisher_teste' build argument 'cmake_clean_first' from command line to 'False'
[0.169s] Level 5:colcon.colcon_core.verb:set package 'publisher_teste' build argument 'cmake_force_configure' from command line to 'False'
[0.169s] Level 5:colcon.colcon_core.verb:set package 'publisher_teste' build argument 'ament_cmake_args' from command line to 'None'
[0.169s] Level 5:colcon.colcon_core.verb:set package 'publisher_teste' build argument 'catkin_cmake_args' from command line to 'None'
[0.169s] Level 5:colcon.colcon_core.verb:set package 'publisher_teste' build argument 'catkin_skip_building_tests' from command line to 'False'
[0.169s] DEBUG:colcon.colcon_core.verb:Building package 'publisher_teste' with the following arguments: {'ament_cmake_args': None, 'build_base': '/home/otavio/scicobot_rasp/build/publisher_teste', 'catkin_cmake_args': None, 'catkin_skip_building_tests': False, 'cmake_args': None, 'cmake_clean_cache': False, 'cmake_clean_first': False, 'cmake_force_configure': False, 'cmake_target': None, 'cmake_target_skip_unavailable': False, 'install_base': '/home/otavio/scicobot_rasp/install/publisher_teste', 'merge_install': False, 'path': '/home/otavio/scicobot_rasp/src/publisher_teste', 'symlink_install': False, 'test_result_base': None}
[0.170s] Level 5:colcon.colcon_core.verb:set package 'scicobot_encoder' build argument 'cmake_args' from command line to 'None'
[0.170s] Level 5:colcon.colcon_core.verb:set package 'scicobot_encoder' build argument 'cmake_target' from command line to 'None'
[0.170s] Level 5:colcon.colcon_core.verb:set package 'scicobot_encoder' build argument 'cmake_target_skip_unavailable' from command line to 'False'
[0.170s] Level 5:colcon.colcon_core.verb:set package 'scicobot_encoder' build argument 'cmake_clean_cache' from command line to 'False'
[0.170s] Level 5:colcon.colcon_core.verb:set package 'scicobot_encoder' build argument 'cmake_clean_first' from command line to 'False'
[0.170s] Level 5:colcon.colcon_core.verb:set package 'scicobot_encoder' build argument 'cmake_force_configure' from command line to 'False'
[0.170s] Level 5:colcon.colcon_core.verb:set package 'scicobot_encoder' build argument 'ament_cmake_args' from command line to 'None'
[0.170s] Level 5:colcon.colcon_core.verb:set package 'scicobot_encoder' build argument 'catkin_cmake_args' from command line to 'None'
[0.170s] Level 5:colcon.colcon_core.verb:set package 'scicobot_encoder' build argument 'catkin_skip_building_tests' from command line to 'False'
[0.170s] DEBUG:colcon.colcon_core.verb:Building package 'scicobot_encoder' with the following arguments: {'ament_cmake_args': None, 'build_base': '/home/otavio/scicobot_rasp/build/scicobot_encoder', 'catkin_cmake_args': None, 'catkin_skip_building_tests': False, 'cmake_args': None, 'cmake_clean_cache': False, 'cmake_clean_first': False, 'cmake_force_configure': False, 'cmake_target': None, 'cmake_target_skip_unavailable': False, 'install_base': '/home/otavio/scicobot_rasp/install/scicobot_encoder', 'merge_install': False, 'path': '/home/otavio/scicobot_rasp/src/scicobot_encoder', 'symlink_install': False, 'test_result_base': None}
[0.171s] Level 5:colcon.colcon_core.verb:set package 'scicobot_move_on' build argument 'cmake_args' from command line to 'None'
[0.171s] Level 5:colcon.colcon_core.verb:set package 'scicobot_move_on' build argument 'cmake_target' from command line to 'None'
[0.171s] Level 5:colcon.colcon_core.verb:set package 'scicobot_move_on' build argument 'cmake_target_skip_unavailable' from command line to 'False'
[0.171s] Level 5:colcon.colcon_core.verb:set package 'scicobot_move_on' build argument 'cmake_clean_cache' from command line to 'False'
[0.171s] Level 5:colcon.colcon_core.verb:set package 'scicobot_move_on' build argument 'cmake_clean_first' from command line to 'False'
[0.171s] Level 5:colcon.colcon_core.verb:set package 'scicobot_move_on' build argument 'cmake_force_configure' from command line to 'False'
[0.171s] Level 5:colcon.colcon_core.verb:set package 'scicobot_move_on' build argument 'ament_cmake_args' from command line to 'None'
[0.171s] Level 5:colcon.colcon_core.verb:set package 'scicobot_move_on' build argument 'catkin_cmake_args' from command line to 'None'
[0.171s] Level 5:colcon.colcon_core.verb:set package 'scicobot_move_on' build argument 'catkin_skip_building_tests' from command line to 'False'
[0.171s] DEBUG:colcon.colcon_core.verb:Building package 'scicobot_move_on' with the following arguments: {'ament_cmake_args': None, 'build_base': '/home/otavio/scicobot_rasp/build/scicobot_move_on', 'catkin_cmake_args': None, 'catkin_skip_building_tests': False, 'cmake_args': None, 'cmake_clean_cache': False, 'cmake_clean_first': False, 'cmake_force_configure': False, 'cmake_target': None, 'cmake_target_skip_unavailable': False, 'install_base': '/home/otavio/scicobot_rasp/install/scicobot_move_on', 'merge_install': False, 'path': '/home/otavio/scicobot_rasp/src/scicobot_move_on', 'symlink_install': False, 'test_result_base': None}
[0.171s] Level 5:colcon.colcon_core.verb:set package 'scicobot_ultrasonic' build argument 'cmake_args' from command line to 'None'
[0.171s] Level 5:colcon.colcon_core.verb:set package 'scicobot_ultrasonic' build argument 'cmake_target' from command line to 'None'
[0.171s] Level 5:colcon.colcon_core.verb:set package 'scicobot_ultrasonic' build argument 'cmake_target_skip_unavailable' from command line to 'False'
[0.172s] Level 5:colcon.colcon_core.verb:set package 'scicobot_ultrasonic' build argument 'cmake_clean_cache' from command line to 'False'
[0.172s] Level 5:colcon.colcon_core.verb:set package 'scicobot_ultrasonic' build argument 'cmake_clean_first' from command line to 'False'
[0.172s] Level 5:colcon.colcon_core.verb:set package 'scicobot_ultrasonic' build argument 'cmake_force_configure' from command line to 'False'
[0.172s] Level 5:colcon.colcon_core.verb:set package 'scicobot_ultrasonic' build argument 'ament_cmake_args' from command line to 'None'
[0.172s] Level 5:colcon.colcon_core.verb:set package 'scicobot_ultrasonic' build argument 'catkin_cmake_args' from command line to 'None'
[0.172s] Level 5:colcon.colcon_core.verb:set package 'scicobot_ultrasonic' build argument 'catkin_skip_building_tests' from command line to 'False'
[0.172s] DEBUG:colcon.colcon_core.verb:Building package 'scicobot_ultrasonic' with the following arguments: {'ament_cmake_args': None, 'build_base': '/home/otavio/scicobot_rasp/build/scicobot_ultrasonic', 'catkin_cmake_args': None, 'catkin_skip_building_tests': False, 'cmake_args': None, 'cmake_clean_cache': False, 'cmake_clean_first': False, 'cmake_force_configure': False, 'cmake_target': None, 'cmake_target_skip_unavailable': False, 'install_base': '/home/otavio/scicobot_rasp/install/scicobot_ultrasonic', 'merge_install': False, 'path': '/home/otavio/scicobot_rasp/src/scicobot_ultrasonic', 'symlink_install': False, 'test_result_base': None}
[0.172s] Level 5:colcon.colcon_core.verb:set package 'test_cooperation_scicobot' build argument 'cmake_args' from command line to 'None'
[0.172s] Level 5:colcon.colcon_core.verb:set package 'test_cooperation_scicobot' build argument 'cmake_target' from command line to 'None'
[0.172s] Level 5:colcon.colcon_core.verb:set package 'test_cooperation_scicobot' build argument 'cmake_target_skip_unavailable' from command line to 'False'
[0.172s] Level 5:colcon.colcon_core.verb:set package 'test_cooperation_scicobot' build argument 'cmake_clean_cache' from command line to 'False'
[0.172s] Level 5:colcon.colcon_core.verb:set package 'test_cooperation_scicobot' build argument 'cmake_clean_first' from command line to 'False'
[0.172s] Level 5:colcon.colcon_core.verb:set package 'test_cooperation_scicobot' build argument 'cmake_force_configure' from command line to 'False'
[0.172s] Level 5:colcon.colcon_core.verb:set package 'test_cooperation_scicobot' build argument 'ament_cmake_args' from command line to 'None'
[0.172s] Level 5:colcon.colcon_core.verb:set package 'test_cooperation_scicobot' build argument 'catkin_cmake_args' from command line to 'None'
[0.172s] Level 5:colcon.colcon_core.verb:set package 'test_cooperation_scicobot' build argument 'catkin_skip_building_tests' from command line to 'False'
[0.172s] DEBUG:colcon.colcon_core.verb:Building package 'test_cooperation_scicobot' with the following arguments: {'ament_cmake_args': None, 'build_base': '/home/otavio/scicobot_rasp/build/test_cooperation_scicobot', 'catkin_cmake_args': None, 'catkin_skip_building_tests': False, 'cmake_args': None, 'cmake_clean_cache': False, 'cmake_clean_first': False, 'cmake_force_configure': False, 'cmake_target': None, 'cmake_target_skip_unavailable': False, 'install_base': '/home/otavio/scicobot_rasp/install/test_cooperation_scicobot', 'merge_install': False, 'path': '/home/otavio/scicobot_rasp/src/test_cooperation_scicobot', 'symlink_install': False, 'test_result_base': None}
[0.173s] Level 5:colcon.colcon_core.verb:set package 'teste' build argument 'cmake_args' from command line to 'None'
[0.173s] Level 5:colcon.colcon_core.verb:set package 'teste' build argument 'cmake_target' from command line to 'None'
[0.173s] Level 5:colcon.colcon_core.verb:set package 'teste' build argument 'cmake_target_skip_unavailable' from command line to 'False'
[0.173s] Level 5:colcon.colcon_core.verb:set package 'teste' build argument 'cmake_clean_cache' from command line to 'False'
[0.173s] Level 5:colcon.colcon_core.verb:set package 'teste' build argument 'cmake_clean_first' from command line to 'False'
[0.173s] Level 5:colcon.colcon_core.verb:set package 'teste' build argument 'cmake_force_configure' from command line to 'False'
[0.173s] Level 5:colcon.colcon_core.verb:set package 'teste' build argument 'ament_cmake_args' from command line to 'None'
[0.173s] Level 5:colcon.colcon_core.verb:set package 'teste' build argument 'catkin_cmake_args' from command line to 'None'
[0.173s] Level 5:colcon.colcon_core.verb:set package 'teste' build argument 'catkin_skip_building_tests' from command line to 'False'
[0.173s] DEBUG:colcon.colcon_core.verb:Building package 'teste' with the following arguments: {'ament_cmake_args': None, 'build_base': '/home/otavio/scicobot_rasp/build/teste', 'catkin_cmake_args': None, 'catkin_skip_building_tests': False, 'cmake_args': None, 'cmake_clean_cache': False, 'cmake_clean_first': False, 'cmake_force_configure': False, 'cmake_target': None, 'cmake_target_skip_unavailable': False, 'install_base': '/home/otavio/scicobot_rasp/install/teste', 'merge_install': False, 'path': '/home/otavio/scicobot_rasp/src/teste', 'symlink_install': False, 'test_result_base': None}
[0.176s] INFO:colcon.colcon_core.executor:Executing jobs using 'parallel' executor
[0.178s] DEBUG:colcon.colcon_parallel_executor.executor.parallel:run_until_complete
[0.178s] INFO:colcon.colcon_ros.task.ament_cmake.build:Building ROS package in '/home/otavio/scicobot_rasp/src/publisher_teste' with build type 'ament_cmake'
[0.178s] INFO:colcon.colcon_cmake.task.cmake.build:Building CMake package in '/home/otavio/scicobot_rasp/src/publisher_teste'
[0.181s] INFO:colcon.colcon_core.plugin_system:Skipping extension 'colcon_core.shell.bat': Not used on non-Windows systems
[0.182s] INFO:colcon.colcon_core.shell:Skip shell extension 'powershell' for command environment: Not usable outside of PowerShell
[0.182s] DEBUG:colcon.colcon_core.shell:Skip shell extension 'dsv' for command environment
[0.185s] INFO:colcon.colcon_ros.task.ament_cmake.build:Building ROS package in '/home/otavio/scicobot_rasp/src/scicobot_encoder' with build type 'ament_cmake'
[0.186s] INFO:colcon.colcon_cmake.task.cmake.build:Building CMake package in '/home/otavio/scicobot_rasp/src/scicobot_encoder'
[0.187s] INFO:colcon.colcon_core.shell:Skip shell extension 'powershell' for command environment: Not usable outside of PowerShell
[0.187s] DEBUG:colcon.colcon_core.shell:Skip shell extension 'dsv' for command environment
[0.191s] INFO:colcon.colcon_ros.task.ament_cmake.build:Building ROS package in '/home/otavio/scicobot_rasp/src/scicobot_move_on' with build type 'ament_cmake'
[0.192s] INFO:colcon.colcon_cmake.task.cmake.build:Building CMake package in '/home/otavio/scicobot_rasp/src/scicobot_move_on'
[0.193s] INFO:colcon.colcon_core.shell:Skip shell extension 'powershell' for command environment: Not usable outside of PowerShell
[0.193s] DEBUG:colcon.colcon_core.shell:Skip shell extension 'dsv' for command environment
[0.198s] INFO:colcon.colcon_ros.task.ament_cmake.build:Building ROS package in '/home/otavio/scicobot_rasp/src/scicobot_ultrasonic' with build type 'ament_cmake'
[0.198s] INFO:colcon.colcon_cmake.task.cmake.build:Building CMake package in '/home/otavio/scicobot_rasp/src/scicobot_ultrasonic'
[0.199s] INFO:colcon.colcon_core.shell:Skip shell extension 'powershell' for command environment: Not usable outside of PowerShell
[0.199s] DEBUG:colcon.colcon_core.shell:Skip shell extension 'dsv' for command environment
[0.210s] DEBUG:colcon.colcon_core.event_handler.log_command:Invoking command in '/home/otavio/scicobot_rasp/build/publisher_teste': CMAKE_PREFIX_PATH=/opt/ros/foxy /usr/bin/cmake --build /home/otavio/scicobot_rasp/build/publisher_teste -- -j4 -l4
[0.223s] DEBUG:colcon.colcon_core.event_handler.log_command:Invoking command in '/home/otavio/scicobot_rasp/build/scicobot_encoder': CMAKE_PREFIX_PATH=/opt/ros/foxy /usr/bin/cmake --build /home/otavio/scicobot_rasp/build/scicobot_encoder -- -j4 -l4
[0.228s] DEBUG:colcon.colcon_core.event_handler.log_command:Invoking command in '/home/otavio/scicobot_rasp/build/scicobot_move_on': CMAKE_PREFIX_PATH=/opt/ros/foxy /usr/bin/cmake --build /home/otavio/scicobot_rasp/build/scicobot_move_on -- -j4 -l4
[0.244s] DEBUG:colcon.colcon_core.event_handler.log_command:Invoking command in '/home/otavio/scicobot_rasp/build/scicobot_ultrasonic': CMAKE_PREFIX_PATH=/opt/ros/foxy /usr/bin/cmake --build /home/otavio/scicobot_rasp/build/scicobot_ultrasonic -- -j4 -l4
[0.314s] DEBUG:colcon.colcon_core.event_handler.log_command:Invoked command in '/home/otavio/scicobot_rasp/build/scicobot_encoder' returned '0': CMAKE_PREFIX_PATH=/opt/ros/foxy /usr/bin/cmake --build /home/otavio/scicobot_rasp/build/scicobot_encoder -- -j4 -l4
[0.320s] DEBUG:colcon.colcon_core.event_handler.log_command:Invoked command in '/home/otavio/scicobot_rasp/build/publisher_teste' returned '0': CMAKE_PREFIX_PATH=/opt/ros/foxy /usr/bin/cmake --build /home/otavio/scicobot_rasp/build/publisher_teste -- -j4 -l4
[0.338s] DEBUG:colcon.colcon_core.event_handler.log_command:Invoked command in '/home/otavio/scicobot_rasp/build/scicobot_move_on' returned '0': CMAKE_PREFIX_PATH=/opt/ros/foxy /usr/bin/cmake --build /home/otavio/scicobot_rasp/build/scicobot_move_on -- -j4 -l4
[0.352s] DEBUG:colcon.colcon_core.event_handler.log_command:Invoked command in '/home/otavio/scicobot_rasp/build/scicobot_ultrasonic' returned '0': CMAKE_PREFIX_PATH=/opt/ros/foxy /usr/bin/cmake --build /home/otavio/scicobot_rasp/build/scicobot_ultrasonic -- -j4 -l4
[0.367s] DEBUG:colcon.colcon_core.event_handler.log_command:Invoking command in '/home/otavio/scicobot_rasp/build/publisher_teste': CMAKE_PREFIX_PATH=/opt/ros/foxy /usr/bin/cmake --install /home/otavio/scicobot_rasp/build/publisher_teste
[0.371s] DEBUG:colcon.colcon_core.event_handler.log_command:Invoking command in '/home/otavio/scicobot_rasp/build/scicobot_encoder': CMAKE_PREFIX_PATH=/opt/ros/foxy /usr/bin/cmake --install /home/otavio/scicobot_rasp/build/scicobot_encoder
[0.377s] DEBUG:colcon.colcon_core.event_handler.log_command:Invoking command in '/home/otavio/scicobot_rasp/build/scicobot_move_on': CMAKE_PREFIX_PATH=/opt/ros/foxy /usr/bin/cmake --install /home/otavio/scicobot_rasp/build/scicobot_move_on
[0.381s] Level 1:colcon.colcon_core.environment:create_environment_scripts_only(publisher_teste)
[0.382s] DEBUG:colcon.colcon_core.event_handler.log_command:Invoked command in '/home/otavio/scicobot_rasp/build/publisher_teste' returned '0': CMAKE_PREFIX_PATH=/opt/ros/foxy /usr/bin/cmake --install /home/otavio/scicobot_rasp/build/publisher_teste
[0.389s] Level 1:colcon.colcon_core.environment:checking '/home/otavio/scicobot_rasp/install/publisher_teste' for CMake module files
[0.389s] Level 1:colcon.colcon_core.environment:checking '/home/otavio/scicobot_rasp/install/publisher_teste' for CMake config files
[0.390s] Level 1:colcon.colcon_core.shell:create_environment_hook('publisher_teste', 'cmake_prefix_path')
[0.390s] INFO:colcon.colcon_core.shell:Creating environment hook '/home/otavio/scicobot_rasp/install/publisher_teste/share/publisher_teste/hook/cmake_prefix_path.ps1'
[0.392s] INFO:colcon.colcon_core.shell:Creating environment descriptor '/home/otavio/scicobot_rasp/install/publisher_teste/share/publisher_teste/hook/cmake_prefix_path.dsv'
[0.392s] INFO:colcon.colcon_core.shell:Creating environment hook '/home/otavio/scicobot_rasp/install/publisher_teste/share/publisher_teste/hook/cmake_prefix_path.sh'
[0.393s] Level 1:colcon.colcon_core.environment:checking '/home/otavio/scicobot_rasp/install/publisher_teste/lib'
[0.394s] Level 1:colcon.colcon_core.environment:checking '/home/otavio/scicobot_rasp/install/publisher_teste/bin'
[0.394s] Level 1:colcon.colcon_core.environment:checking '/home/otavio/scicobot_rasp/install/publisher_teste/lib/pkgconfig/publisher_teste.pc'
[0.394s] Level 1:colcon.colcon_core.environment:checking '/home/otavio/scicobot_rasp/install/publisher_teste/lib/python3.8/site-packages'
[0.394s] INFO:colcon.colcon_core.shell:Creating package script '/home/otavio/scicobot_rasp/install/publisher_teste/share/publisher_teste/package.ps1'
[0.395s] INFO:colcon.colcon_core.shell:Creating package descriptor '/home/otavio/scicobot_rasp/install/publisher_teste/share/publisher_teste/package.dsv'
[0.396s] INFO:colcon.colcon_core.shell:Creating package script '/home/otavio/scicobot_rasp/install/publisher_teste/share/publisher_teste/package.sh'
[0.397s] INFO:colcon.colcon_core.shell:Creating package script '/home/otavio/scicobot_rasp/install/publisher_teste/share/publisher_teste/package.bash'
[0.397s] INFO:colcon.colcon_core.shell:Creating package script '/home/otavio/scicobot_rasp/install/publisher_teste/share/publisher_teste/package.zsh'
[0.398s] Level 1:colcon.colcon_core.environment:create_file_with_runtime_dependencies(/home/otavio/scicobot_rasp/install/publisher_teste/share/colcon-core/packages/publisher_teste)
[0.401s] Level 1:colcon.colcon_core.environment:create_environment_scripts_only(scicobot_encoder)
[0.402s] Level 1:colcon.colcon_core.environment:checking '/home/otavio/scicobot_rasp/install/scicobot_encoder' for CMake module files
[0.403s] DEBUG:colcon.colcon_core.event_handler.log_command:Invoked command in '/home/otavio/scicobot_rasp/build/scicobot_encoder' returned '0': CMAKE_PREFIX_PATH=/opt/ros/foxy /usr/bin/cmake --install /home/otavio/scicobot_rasp/build/scicobot_encoder
[0.404s] Level 1:colcon.colcon_core.environment:checking '/home/otavio/scicobot_rasp/install/scicobot_encoder' for CMake config files
[0.404s] Level 1:colcon.colcon_core.shell:create_environment_hook('scicobot_encoder', 'cmake_prefix_path')
[0.405s] INFO:colcon.colcon_core.shell:Creating environment hook '/home/otavio/scicobot_rasp/install/scicobot_encoder/share/scicobot_encoder/hook/cmake_prefix_path.ps1'
[0.405s] INFO:colcon.colcon_core.shell:Creating environment descriptor '/home/otavio/scicobot_rasp/install/scicobot_encoder/share/scicobot_encoder/hook/cmake_prefix_path.dsv'
[0.405s] INFO:colcon.colcon_core.shell:Creating environment hook '/home/otavio/scicobot_rasp/install/scicobot_encoder/share/scicobot_encoder/hook/cmake_prefix_path.sh'
[0.406s] Level 1:colcon.colcon_core.environment:checking '/home/otavio/scicobot_rasp/install/scicobot_encoder/lib'
[0.406s] Level 1:colcon.colcon_core.environment:checking '/home/otavio/scicobot_rasp/install/scicobot_encoder/bin'
[0.406s] Level 1:colcon.colcon_core.environment:checking '/home/otavio/scicobot_rasp/install/scicobot_encoder/lib/pkgconfig/scicobot_encoder.pc'
[0.406s] Level 1:colcon.colcon_core.environment:checking '/home/otavio/scicobot_rasp/install/scicobot_encoder/lib/python3.8/site-packages'
[0.407s] INFO:colcon.colcon_core.shell:Creating package script '/home/otavio/scicobot_rasp/install/scicobot_encoder/share/scicobot_encoder/package.ps1'
[0.407s] INFO:colcon.colcon_core.shell:Creating package descriptor '/home/otavio/scicobot_rasp/install/scicobot_encoder/share/scicobot_encoder/package.dsv'
[0.408s] INFO:colcon.colcon_core.shell:Creating package script '/home/otavio/scicobot_rasp/install/scicobot_encoder/share/scicobot_encoder/package.sh'
[0.408s] INFO:colcon.colcon_core.shell:Creating package script '/home/otavio/scicobot_rasp/install/scicobot_encoder/share/scicobot_encoder/package.bash'
[0.408s] INFO:colcon.colcon_core.shell:Creating package script '/home/otavio/scicobot_rasp/install/scicobot_encoder/share/scicobot_encoder/package.zsh'
[0.409s] Level 1:colcon.colcon_core.environment:create_file_with_runtime_dependencies(/home/otavio/scicobot_rasp/install/scicobot_encoder/share/colcon-core/packages/scicobot_encoder)
[0.412s] Level 1:colcon.colcon_core.environment:create_environment_scripts_only(scicobot_move_on)
[0.414s] Level 1:colcon.colcon_core.environment:checking '/home/otavio/scicobot_rasp/install/scicobot_move_on' for CMake module files
[0.414s] DEBUG:colcon.colcon_core.event_handler.log_command:Invoked command in '/home/otavio/scicobot_rasp/build/scicobot_move_on' returned '0': CMAKE_PREFIX_PATH=/opt/ros/foxy /usr/bin/cmake --install /home/otavio/scicobot_rasp/build/scicobot_move_on
[0.415s] Level 1:colcon.colcon_core.environment:checking '/home/otavio/scicobot_rasp/install/scicobot_move_on' for CMake config files
[0.415s] Level 1:colcon.colcon_core.shell:create_environment_hook('scicobot_move_on', 'cmake_prefix_path')
[0.416s] INFO:colcon.colcon_core.shell:Creating environment hook '/home/otavio/scicobot_rasp/install/scicobot_move_on/share/scicobot_move_on/hook/cmake_prefix_path.ps1'
[0.417s] INFO:colcon.colcon_core.shell:Creating environment descriptor '/home/otavio/scicobot_rasp/install/scicobot_move_on/share/scicobot_move_on/hook/cmake_prefix_path.dsv'
[0.417s] INFO:colcon.colcon_core.shell:Creating environment hook '/home/otavio/scicobot_rasp/install/scicobot_move_on/share/scicobot_move_on/hook/cmake_prefix_path.sh'
[0.418s] Level 1:colcon.colcon_core.environment:checking '/home/otavio/scicobot_rasp/install/scicobot_move_on/lib'
[0.418s] Level 1:colcon.colcon_core.environment:checking '/home/otavio/scicobot_rasp/install/scicobot_move_on/bin'
[0.419s] Level 1:colcon.colcon_core.environment:checking '/home/otavio/scicobot_rasp/install/scicobot_move_on/lib/pkgconfig/scicobot_move_on.pc'
[0.419s] Level 1:colcon.colcon_core.environment:checking '/home/otavio/scicobot_rasp/install/scicobot_move_on/lib/python3.8/site-packages'
[0.419s] INFO:colcon.colcon_core.shell:Creating package script '/home/otavio/scicobot_rasp/install/scicobot_move_on/share/scicobot_move_on/package.ps1'
[0.420s] INFO:colcon.colcon_core.shell:Creating package descriptor '/home/otavio/scicobot_rasp/install/scicobot_move_on/share/scicobot_move_on/package.dsv'
[0.421s] INFO:colcon.colcon_core.shell:Creating package script '/home/otavio/scicobot_rasp/install/scicobot_move_on/share/scicobot_move_on/package.sh'
[0.421s] INFO:colcon.colcon_core.shell:Creating package script '/home/otavio/scicobot_rasp/install/scicobot_move_on/share/scicobot_move_on/package.bash'
[0.422s] INFO:colcon.colcon_core.shell:Creating package script '/home/otavio/scicobot_rasp/install/scicobot_move_on/share/scicobot_move_on/package.zsh'
[0.422s] Level 1:colcon.colcon_core.environment:create_file_with_runtime_dependencies(/home/otavio/scicobot_rasp/install/scicobot_move_on/share/colcon-core/packages/scicobot_move_on)
[0.428s] DEBUG:colcon.colcon_core.event_handler.log_command:Invoking command in '/home/otavio/scicobot_rasp/build/scicobot_ultrasonic': CMAKE_PREFIX_PATH=/opt/ros/foxy /usr/bin/cmake --install /home/otavio/scicobot_rasp/build/scicobot_ultrasonic
[0.431s] Level 1:colcon.colcon_core.environment:create_environment_scripts_only(publisher_teste)
[0.431s] Level 1:colcon.colcon_core.environment:checking '/home/otavio/scicobot_rasp/install/publisher_teste' for CMake module files
[0.432s] Level 1:colcon.colcon_core.environment:checking '/home/otavio/scicobot_rasp/install/publisher_teste' for CMake config files
[0.432s] Level 1:colcon.colcon_core.shell:create_environment_hook('publisher_teste', 'cmake_prefix_path')
[0.433s] INFO:colcon.colcon_core.shell:Creating environment hook '/home/otavio/scicobot_rasp/install/publisher_teste/share/publisher_teste/hook/cmake_prefix_path.ps1'
[0.433s] INFO:colcon.colcon_core.shell:Creating environment descriptor '/home/otavio/scicobot_rasp/install/publisher_teste/share/publisher_teste/hook/cmake_prefix_path.dsv'
[0.434s] INFO:colcon.colcon_core.shell:Creating environment hook '/home/otavio/scicobot_rasp/install/publisher_teste/share/publisher_teste/hook/cmake_prefix_path.sh'
[0.434s] Level 1:colcon.colcon_core.environment:checking '/home/otavio/scicobot_rasp/install/publisher_teste/lib'
[0.435s] Level 1:colcon.colcon_core.environment:checking '/home/otavio/scicobot_rasp/install/publisher_teste/bin'
[0.435s] Level 1:colcon.colcon_core.environment:checking '/home/otavio/scicobot_rasp/install/publisher_teste/lib/pkgconfig/publisher_teste.pc'
[0.435s] Level 1:colcon.colcon_core.environment:checking '/home/otavio/scicobot_rasp/install/publisher_teste/lib/python3.8/site-packages'
[0.436s] INFO:colcon.colcon_core.shell:Creating package script '/home/otavio/scicobot_rasp/install/publisher_teste/share/publisher_teste/package.ps1'
[0.437s] INFO:colcon.colcon_core.shell:Creating package descriptor '/home/otavio/scicobot_rasp/install/publisher_teste/share/publisher_teste/package.dsv'
[0.437s] INFO:colcon.colcon_core.shell:Creating package script '/home/otavio/scicobot_rasp/install/publisher_teste/share/publisher_teste/package.sh'
[0.438s] INFO:colcon.colcon_core.shell:Creating package script '/home/otavio/scicobot_rasp/install/publisher_teste/share/publisher_teste/package.bash'
[0.438s] INFO:colcon.colcon_core.shell:Creating package script '/home/otavio/scicobot_rasp/install/publisher_teste/share/publisher_teste/package.zsh'
[0.439s] Level 1:colcon.colcon_core.environment:create_file_with_runtime_dependencies(/home/otavio/scicobot_rasp/install/publisher_teste/share/colcon-core/packages/publisher_teste)
[0.440s] INFO:colcon.colcon_ros.task.ament_cmake.build:Building ROS package in '/home/otavio/scicobot_rasp/src/test_cooperation_scicobot' with build type 'ament_cmake'
[0.441s] INFO:colcon.colcon_cmake.task.cmake.build:Building CMake package in '/home/otavio/scicobot_rasp/src/test_cooperation_scicobot'
[0.441s] INFO:colcon.colcon_core.shell:Skip shell extension 'powershell' for command environment: Not usable outside of PowerShell
[0.441s] DEBUG:colcon.colcon_core.shell:Skip shell extension 'dsv' for command environment
[0.451s] Level 1:colcon.colcon_core.environment:create_environment_scripts_only(scicobot_encoder)
[0.452s] Level 1:colcon.colcon_core.environment:checking '/home/otavio/scicobot_rasp/install/scicobot_encoder' for CMake module files
[0.452s] Level 1:colcon.colcon_core.environment:checking '/home/otavio/scicobot_rasp/install/scicobot_encoder' for CMake config files
[0.452s] Level 1:colcon.colcon_core.shell:create_environment_hook('scicobot_encoder', 'cmake_prefix_path')
[0.453s] INFO:colcon.colcon_core.shell:Creating environment hook '/home/otavio/scicobot_rasp/install/scicobot_encoder/share/scicobot_encoder/hook/cmake_prefix_path.ps1'
[0.453s] INFO:colcon.colcon_core.shell:Creating environment descriptor '/home/otavio/scicobot_rasp/install/scicobot_encoder/share/scicobot_encoder/hook/cmake_prefix_path.dsv'
[0.454s] INFO:colcon.colcon_core.shell:Creating environment hook '/home/otavio/scicobot_rasp/install/scicobot_encoder/share/scicobot_encoder/hook/cmake_prefix_path.sh'
[0.454s] Level 1:colcon.colcon_core.environment:checking '/home/otavio/scicobot_rasp/install/scicobot_encoder/lib'
[0.454s] Level 1:colcon.colcon_core.environment:checking '/home/otavio/scicobot_rasp/install/scicobot_encoder/bin'
[0.454s] Level 1:colcon.colcon_core.environment:checking '/home/otavio/scicobot_rasp/install/scicobot_encoder/lib/pkgconfig/scicobot_encoder.pc'
[0.455s] Level 1:colcon.colcon_core.environment:checking '/home/otavio/scicobot_rasp/install/scicobot_encoder/lib/python3.8/site-packages'
[0.455s] INFO:colcon.colcon_core.shell:Creating package script '/home/otavio/scicobot_rasp/install/scicobot_encoder/share/scicobot_encoder/package.ps1'
[0.456s] INFO:colcon.colcon_core.shell:Creating package descriptor '/home/otavio/scicobot_rasp/install/scicobot_encoder/share/scicobot_encoder/package.dsv'
[0.456s] INFO:colcon.colcon_core.shell:Creating package script '/home/otavio/scicobot_rasp/install/scicobot_encoder/share/scicobot_encoder/package.sh'
[0.456s] INFO:colcon.colcon_core.shell:Creating package script '/home/otavio/scicobot_rasp/install/scicobot_encoder/share/scicobot_encoder/package.bash'
[0.457s] INFO:colcon.colcon_core.shell:Creating package script '/home/otavio/scicobot_rasp/install/scicobot_encoder/share/scicobot_encoder/package.zsh'
[0.457s] Level 1:colcon.colcon_core.environment:create_file_with_runtime_dependencies(/home/otavio/scicobot_rasp/install/scicobot_encoder/share/colcon-core/packages/scicobot_encoder)
[0.458s] INFO:colcon.colcon_ros.task.ament_cmake.build:Building ROS package in '/home/otavio/scicobot_rasp/src/teste' with build type 'ament_cmake'
[0.458s] INFO:colcon.colcon_cmake.task.cmake.build:Building CMake package in '/home/otavio/scicobot_rasp/src/teste'
[0.458s] INFO:colcon.colcon_core.shell:Skip shell extension 'powershell' for command environment: Not usable outside of PowerShell
[0.459s] DEBUG:colcon.colcon_core.shell:Skip shell extension 'dsv' for command environment
[0.463s] Level 1:colcon.colcon_core.environment:create_environment_scripts_only(scicobot_ultrasonic)
[0.464s] Level 1:colcon.colcon_core.environment:checking '/home/otavio/scicobot_rasp/install/scicobot_ultrasonic' for CMake module files
[0.465s] DEBUG:colcon.colcon_core.event_handler.log_command:Invoked command in '/home/otavio/scicobot_rasp/build/scicobot_ultrasonic' returned '0': CMAKE_PREFIX_PATH=/opt/ros/foxy /usr/bin/cmake --install /home/otavio/scicobot_rasp/build/scicobot_ultrasonic
[0.466s] Level 1:colcon.colcon_core.environment:checking '/home/otavio/scicobot_rasp/install/scicobot_ultrasonic' for CMake config files
[0.466s] Level 1:colcon.colcon_core.shell:create_environment_hook('scicobot_ultrasonic', 'cmake_prefix_path')
[0.467s] INFO:colcon.colcon_core.shell:Creating environment hook '/home/otavio/scicobot_rasp/install/scicobot_ultrasonic/share/scicobot_ultrasonic/hook/cmake_prefix_path.ps1'
[0.468s] INFO:colcon.colcon_core.shell:Creating environment descriptor '/home/otavio/scicobot_rasp/install/scicobot_ultrasonic/share/scicobot_ultrasonic/hook/cmake_prefix_path.dsv'
[0.468s] INFO:colcon.colcon_core.shell:Creating environment hook '/home/otavio/scicobot_rasp/install/scicobot_ultrasonic/share/scicobot_ultrasonic/hook/cmake_prefix_path.sh'
[0.469s] Level 1:colcon.colcon_core.environment:checking '/home/otavio/scicobot_rasp/install/scicobot_ultrasonic/lib'
[0.469s] Level 1:colcon.colcon_core.environment:checking '/home/otavio/scicobot_rasp/install/scicobot_ultrasonic/bin'
[0.469s] Level 1:colcon.colcon_core.environment:checking '/home/otavio/scicobot_rasp/install/scicobot_ultrasonic/lib/pkgconfig/scicobot_ultrasonic.pc'
[0.469s] Level 1:colcon.colcon_core.environment:checking '/home/otavio/scicobot_rasp/install/scicobot_ultrasonic/lib/python3.8/site-packages'
[0.470s] INFO:colcon.colcon_core.shell:Creating package script '/home/otavio/scicobot_rasp/install/scicobot_ultrasonic/share/scicobot_ultrasonic/package.ps1'
[0.470s] INFO:colcon.colcon_core.shell:Creating package descriptor '/home/otavio/scicobot_rasp/install/scicobot_ultrasonic/share/scicobot_ultrasonic/package.dsv'
[0.470s] INFO:colcon.colcon_core.shell:Creating package script '/home/otavio/scicobot_rasp/install/scicobot_ultrasonic/share/scicobot_ultrasonic/package.sh'
[0.471s] INFO:colcon.colcon_core.shell:Creating package script '/home/otavio/scicobot_rasp/install/scicobot_ultrasonic/share/scicobot_ultrasonic/package.bash'
[0.471s] INFO:colcon.colcon_core.shell:Creating package script '/home/otavio/scicobot_rasp/install/scicobot_ultrasonic/share/scicobot_ultrasonic/package.zsh'
[0.472s] Level 1:colcon.colcon_core.environment:create_file_with_runtime_dependencies(/home/otavio/scicobot_rasp/install/scicobot_ultrasonic/share/colcon-core/packages/scicobot_ultrasonic)
[0.479s] DEBUG:colcon.colcon_core.event_handler.log_command:Invoking command in '/home/otavio/scicobot_rasp/build/test_cooperation_scicobot': CMAKE_PREFIX_PATH=/opt/ros/foxy /usr/bin/cmake --build /home/otavio/scicobot_rasp/build/test_cooperation_scicobot -- -j4 -l4
[0.485s] Level 1:colcon.colcon_core.environment:create_environment_scripts_only(scicobot_move_on)
[0.486s] Level 1:colcon.colcon_core.environment:checking '/home/otavio/scicobot_rasp/install/scicobot_move_on' for CMake module files
[0.487s] Level 1:colcon.colcon_core.environment:checking '/home/otavio/scicobot_rasp/install/scicobot_move_on' for CMake config files
[0.487s] Level 1:colcon.colcon_core.shell:create_environment_hook('scicobot_move_on', 'cmake_prefix_path')
[0.488s] INFO:colcon.colcon_core.shell:Creating environment hook '/home/otavio/scicobot_rasp/install/scicobot_move_on/share/scicobot_move_on/hook/cmake_prefix_path.ps1'
[0.489s] INFO:colcon.colcon_core.shell:Creating environment descriptor '/home/otavio/scicobot_rasp/install/scicobot_move_on/share/scicobot_move_on/hook/cmake_prefix_path.dsv'
[0.489s] INFO:colcon.colcon_core.shell:Creating environment hook '/home/otavio/scicobot_rasp/install/scicobot_move_on/share/scicobot_move_on/hook/cmake_prefix_path.sh'
[0.490s] Level 1:colcon.colcon_core.environment:checking '/home/otavio/scicobot_rasp/install/scicobot_move_on/lib'
[0.490s] Level 1:colcon.colcon_core.environment:checking '/home/otavio/scicobot_rasp/install/scicobot_move_on/bin'
[0.490s] Level 1:colcon.colcon_core.environment:checking '/home/otavio/scicobot_rasp/install/scicobot_move_on/lib/pkgconfig/scicobot_move_on.pc'
[0.490s] Level 1:colcon.colcon_core.environment:checking '/home/otavio/scicobot_rasp/install/scicobot_move_on/lib/python3.8/site-packages'
[0.491s] INFO:colcon.colcon_core.shell:Creating package script '/home/otavio/scicobot_rasp/install/scicobot_move_on/share/scicobot_move_on/package.ps1'
[0.492s] INFO:colcon.colcon_core.shell:Creating package descriptor '/home/otavio/scicobot_rasp/install/scicobot_move_on/share/scicobot_move_on/package.dsv'
[0.493s] INFO:colcon.colcon_core.shell:Creating package script '/home/otavio/scicobot_rasp/install/scicobot_move_on/share/scicobot_move_on/package.sh'
[0.493s] INFO:colcon.colcon_core.shell:Creating package script '/home/otavio/scicobot_rasp/install/scicobot_move_on/share/scicobot_move_on/package.bash'
[0.494s] INFO:colcon.colcon_core.shell:Creating package script '/home/otavio/scicobot_rasp/install/scicobot_move_on/share/scicobot_move_on/package.zsh'
[0.494s] Level 1:colcon.colcon_core.environment:create_file_with_runtime_dependencies(/home/otavio/scicobot_rasp/install/scicobot_move_on/share/colcon-core/packages/scicobot_move_on)
[0.502s] DEBUG:colcon.colcon_core.event_handler.log_command:Invoking command in '/home/otavio/scicobot_rasp/build/teste': CMAKE_PREFIX_PATH=/opt/ros/foxy /usr/bin/cmake --build /home/otavio/scicobot_rasp/build/teste -- -j4 -l4
[0.506s] Level 1:colcon.colcon_core.environment:create_environment_scripts_only(scicobot_ultrasonic)
[0.507s] Level 1:colcon.colcon_core.environment:checking '/home/otavio/scicobot_rasp/install/scicobot_ultrasonic' for CMake module files
[0.507s] Level 1:colcon.colcon_core.environment:checking '/home/otavio/scicobot_rasp/install/scicobot_ultrasonic' for CMake config files
[0.508s] Level 1:colcon.colcon_core.shell:create_environment_hook('scicobot_ultrasonic', 'cmake_prefix_path')
[0.508s] INFO:colcon.colcon_core.shell:Creating environment hook '/home/otavio/scicobot_rasp/install/scicobot_ultrasonic/share/scicobot_ultrasonic/hook/cmake_prefix_path.ps1'
[0.509s] INFO:colcon.colcon_core.shell:Creating environment descriptor '/home/otavio/scicobot_rasp/install/scicobot_ultrasonic/share/scicobot_ultrasonic/hook/cmake_prefix_path.dsv'
[0.510s] INFO:colcon.colcon_core.shell:Creating environment hook '/home/otavio/scicobot_rasp/install/scicobot_ultrasonic/share/scicobot_ultrasonic/hook/cmake_prefix_path.sh'
[0.510s] Level 1:colcon.colcon_core.environment:checking '/home/otavio/scicobot_rasp/install/scicobot_ultrasonic/lib'
[0.511s] Level 1:colcon.colcon_core.environment:checking '/home/otavio/scicobot_rasp/install/scicobot_ultrasonic/bin'
[0.511s] Level 1:colcon.colcon_core.environment:checking '/home/otavio/scicobot_rasp/install/scicobot_ultrasonic/lib/pkgconfig/scicobot_ultrasonic.pc'
[0.511s] Level 1:colcon.colcon_core.environment:checking '/home/otavio/scicobot_rasp/install/scicobot_ultrasonic/lib/python3.8/site-packages'
[0.512s] INFO:colcon.colcon_core.shell:Creating package script '/home/otavio/scicobot_rasp/install/scicobot_ultrasonic/share/scicobot_ultrasonic/package.ps1'
[0.512s] INFO:colcon.colcon_core.shell:Creating package descriptor '/home/otavio/scicobot_rasp/install/scicobot_ultrasonic/share/scicobot_ultrasonic/package.dsv'
[0.513s] INFO:colcon.colcon_core.shell:Creating package script '/home/otavio/scicobot_rasp/install/scicobot_ultrasonic/share/scicobot_ultrasonic/package.sh'
[0.514s] INFO:colcon.colcon_core.shell:Creating package script '/home/otavio/scicobot_rasp/install/scicobot_ultrasonic/share/scicobot_ultrasonic/package.bash'
[0.515s] INFO:colcon.colcon_core.shell:Creating package script '/home/otavio/scicobot_rasp/install/scicobot_ultrasonic/share/scicobot_ultrasonic/package.zsh'
[0.515s] Level 1:colcon.colcon_core.environment:create_file_with_runtime_dependencies(/home/otavio/scicobot_rasp/install/scicobot_ultrasonic/share/colcon-core/packages/scicobot_ultrasonic)
[0.576s] DEBUG:colcon.colcon_core.event_handler.log_command:Invoked command in '/home/otavio/scicobot_rasp/build/teste' returned '0': CMAKE_PREFIX_PATH=/opt/ros/foxy /usr/bin/cmake --build /home/otavio/scicobot_rasp/build/teste -- -j4 -l4
[0.600s] DEBUG:colcon.colcon_core.event_handler.log_command:Invoking command in '/home/otavio/scicobot_rasp/build/teste': CMAKE_PREFIX_PATH=/opt/ros/foxy /usr/bin/cmake --install /home/otavio/scicobot_rasp/build/teste
[0.616s] Level 1:colcon.colcon_core.environment:create_environment_scripts_only(teste)
[0.617s] Level 1:colcon.colcon_core.environment:checking '/home/otavio/scicobot_rasp/install/teste' for CMake module files
[0.618s] DEBUG:colcon.colcon_core.event_handler.log_command:Invoked command in '/home/otavio/scicobot_rasp/build/teste' returned '0': CMAKE_PREFIX_PATH=/opt/ros/foxy /usr/bin/cmake --install /home/otavio/scicobot_rasp/build/teste
[0.618s] Level 1:colcon.colcon_core.environment:checking '/home/otavio/scicobot_rasp/install/teste' for CMake config files
[0.618s] Level 1:colcon.colcon_core.shell:create_environment_hook('teste', 'cmake_prefix_path')
[0.619s] INFO:colcon.colcon_core.shell:Creating environment hook '/home/otavio/scicobot_rasp/install/teste/share/teste/hook/cmake_prefix_path.ps1'
[0.619s] INFO:colcon.colcon_core.shell:Creating environment descriptor '/home/otavio/scicobot_rasp/install/teste/share/teste/hook/cmake_prefix_path.dsv'
[0.620s] INFO:colcon.colcon_core.shell:Creating environment hook '/home/otavio/scicobot_rasp/install/teste/share/teste/hook/cmake_prefix_path.sh'
[0.620s] Level 1:colcon.colcon_core.environment:checking '/home/otavio/scicobot_rasp/install/teste/lib'
[0.620s] Level 1:colcon.colcon_core.environment:checking '/home/otavio/scicobot_rasp/install/teste/bin'
[0.620s] Level 1:colcon.colcon_core.environment:checking '/home/otavio/scicobot_rasp/install/teste/lib/pkgconfig/teste.pc'
[0.620s] Level 1:colcon.colcon_core.environment:checking '/home/otavio/scicobot_rasp/install/teste/lib/python3.8/site-packages'
[0.621s] INFO:colcon.colcon_core.shell:Creating package script '/home/otavio/scicobot_rasp/install/teste/share/teste/package.ps1'
[0.621s] INFO:colcon.colcon_core.shell:Creating package descriptor '/home/otavio/scicobot_rasp/install/teste/share/teste/package.dsv'
[0.622s] INFO:colcon.colcon_core.shell:Creating package script '/home/otavio/scicobot_rasp/install/teste/share/teste/package.sh'
[0.622s] INFO:colcon.colcon_core.shell:Creating package script '/home/otavio/scicobot_rasp/install/teste/share/teste/package.bash'
[0.622s] INFO:colcon.colcon_core.shell:Creating package script '/home/otavio/scicobot_rasp/install/teste/share/teste/package.zsh'
[0.623s] Level 1:colcon.colcon_core.environment:create_file_with_runtime_dependencies(/home/otavio/scicobot_rasp/install/teste/share/colcon-core/packages/teste)
[0.644s] Level 1:colcon.colcon_core.environment:create_environment_scripts_only(teste)
[0.645s] Level 1:colcon.colcon_core.environment:checking '/home/otavio/scicobot_rasp/install/teste' for CMake module files
[0.645s] Level 1:colcon.colcon_core.environment:checking '/home/otavio/scicobot_rasp/install/teste' for CMake config files
[0.646s] Level 1:colcon.colcon_core.shell:create_environment_hook('teste', 'cmake_prefix_path')
[0.646s] INFO:colcon.colcon_core.shell:Creating environment hook '/home/otavio/scicobot_rasp/install/teste/share/teste/hook/cmake_prefix_path.ps1'
[0.647s] INFO:colcon.colcon_core.shell:Creating environment descriptor '/home/otavio/scicobot_rasp/install/teste/share/teste/hook/cmake_prefix_path.dsv'
[0.647s] INFO:colcon.colcon_core.shell:Creating environment hook '/home/otavio/scicobot_rasp/install/teste/share/teste/hook/cmake_prefix_path.sh'
[0.648s] Level 1:colcon.colcon_core.environment:checking '/home/otavio/scicobot_rasp/install/teste/lib'
[0.648s] Level 1:colcon.colcon_core.environment:checking '/home/otavio/scicobot_rasp/install/teste/bin'
[0.648s] Level 1:colcon.colcon_core.environment:checking '/home/otavio/scicobot_rasp/install/teste/lib/pkgconfig/teste.pc'
[0.648s] Level 1:colcon.colcon_core.environment:checking '/home/otavio/scicobot_rasp/install/teste/lib/python3.8/site-packages'
[0.649s] INFO:colcon.colcon_core.shell:Creating package script '/home/otavio/scicobot_rasp/install/teste/share/teste/package.ps1'
[0.650s] INFO:colcon.colcon_core.shell:Creating package descriptor '/home/otavio/scicobot_rasp/install/teste/share/teste/package.dsv'
[0.650s] INFO:colcon.colcon_core.shell:Creating package script '/home/otavio/scicobot_rasp/install/teste/share/teste/package.sh'
[0.651s] INFO:colcon.colcon_core.shell:Creating package script '/home/otavio/scicobot_rasp/install/teste/share/teste/package.bash'
[0.651s] INFO:colcon.colcon_core.shell:Creating package script '/home/otavio/scicobot_rasp/install/teste/share/teste/package.zsh'
[0.652s] Level 1:colcon.colcon_core.environment:create_file_with_runtime_dependencies(/home/otavio/scicobot_rasp/install/teste/share/colcon-core/packages/teste)
[3.034s] DEBUG:colcon.colcon_core.event_handler.log_command:Invoked command in '/home/otavio/scicobot_rasp/build/test_cooperation_scicobot' returned '2': CMAKE_PREFIX_PATH=/opt/ros/foxy /usr/bin/cmake --build /home/otavio/scicobot_rasp/build/test_cooperation_scicobot -- -j4 -l4
[3.054s] Level 1:colcon.colcon_core.environment:create_environment_scripts_only(test_cooperation_scicobot)
[3.055s] Level 1:colcon.colcon_core.environment:checking '/home/otavio/scicobot_rasp/install/test_cooperation_scicobot' for CMake module files
[3.055s] Level 1:colcon.colcon_core.environment:checking '/home/otavio/scicobot_rasp/install/test_cooperation_scicobot' for CMake config files
[3.056s] Level 1:colcon.colcon_core.environment:checking '/home/otavio/scicobot_rasp/install/test_cooperation_scicobot/bin'
[3.056s] Level 1:colcon.colcon_core.environment:checking '/home/otavio/scicobot_rasp/install/test_cooperation_scicobot/lib/pkgconfig/test_cooperation_scicobot.pc'
[3.056s] Level 1:colcon.colcon_core.environment:checking '/home/otavio/scicobot_rasp/install/test_cooperation_scicobot/lib/python3.8/site-packages'
[3.056s] INFO:colcon.colcon_core.shell:Creating package script '/home/otavio/scicobot_rasp/install/test_cooperation_scicobot/share/test_cooperation_scicobot/package.ps1'
[3.057s] INFO:colcon.colcon_core.shell:Creating package descriptor '/home/otavio/scicobot_rasp/install/test_cooperation_scicobot/share/test_cooperation_scicobot/package.dsv'
[3.057s] INFO:colcon.colcon_core.shell:Creating package script '/home/otavio/scicobot_rasp/install/test_cooperation_scicobot/share/test_cooperation_scicobot/package.sh'
[3.057s] INFO:colcon.colcon_core.shell:Creating package script '/home/otavio/scicobot_rasp/install/test_cooperation_scicobot/share/test_cooperation_scicobot/package.bash'
[3.058s] INFO:colcon.colcon_core.shell:Creating package script '/home/otavio/scicobot_rasp/install/test_cooperation_scicobot/share/test_cooperation_scicobot/package.zsh'
[3.058s] Level 1:colcon.colcon_core.environment:create_file_with_runtime_dependencies(/home/otavio/scicobot_rasp/install/test_cooperation_scicobot/share/colcon-core/packages/test_cooperation_scicobot)
[3.069s] DEBUG:colcon.colcon_parallel_executor.executor.parallel:closing loop
[3.069s] DEBUG:colcon.colcon_parallel_executor.executor.parallel:loop closed
[3.069s] DEBUG:colcon.colcon_parallel_executor.executor.parallel:run_until_complete finished with '2'
[3.069s] DEBUG:colcon.colcon_core.event_reactor:joining thread
[3.076s] INFO:colcon.colcon_core.plugin_system:Skipping extension 'colcon_notification.desktop_notification.terminal_notifier': Not used on non-Darwin systems
[3.076s] INFO:colcon.colcon_core.plugin_system:Skipping extension 'colcon_notification.desktop_notification.win32': Not used on non-Windows systems
[3.076s] INFO:colcon.colcon_notification.desktop_notification:Sending desktop notification using 'notify2'
[3.094s] DEBUG:colcon.colcon_core.event_reactor:joined thread
[3.094s] INFO:colcon.colcon_core.shell:Creating prefix script '/home/otavio/scicobot_rasp/install/local_setup.ps1'
[3.096s] INFO:colcon.colcon_core.shell:Creating prefix util module '/home/otavio/scicobot_rasp/install/_local_setup_util_ps1.py'
[3.098s] INFO:colcon.colcon_core.shell:Creating prefix chain script '/home/otavio/scicobot_rasp/install/setup.ps1'
[3.099s] INFO:colcon.colcon_core.shell:Creating prefix script '/home/otavio/scicobot_rasp/install/local_setup.sh'
[3.099s] INFO:colcon.colcon_core.shell:Creating prefix util module '/home/otavio/scicobot_rasp/install/_local_setup_util_sh.py'
[3.100s] INFO:colcon.colcon_core.shell:Creating prefix chain script '/home/otavio/scicobot_rasp/install/setup.sh'
[3.101s] INFO:colcon.colcon_core.shell:Creating prefix script '/home/otavio/scicobot_rasp/install/local_setup.bash'
[3.101s] INFO:colcon.colcon_core.shell:Creating prefix chain script '/home/otavio/scicobot_rasp/install/setup.bash'
[3.113s] INFO:colcon.colcon_core.shell:Creating prefix script '/home/otavio/scicobot_rasp/install/local_setup.zsh'
[3.114s] INFO:colcon.colcon_core.shell:Creating prefix chain script '/home/otavio/scicobot_rasp/install/setup.zsh'
