Performing C SOURCE FILE Test CMAKE_HAVE_LIBC_PTHREAD failed with the following output:
Change Dir: /home/otavio/scicobot_rasp/src/build/scicobot_move_on/CMakeFiles/CMakeTmp

Run Build Command(s):/usr/bin/make cmTC_91a56/fast && /usr/bin/make -f CMakeFiles/cmTC_91a56.dir/build.make CMakeFiles/cmTC_91a56.dir/build
make[1]: Entrando no diretório '/home/otavio/scicobot_rasp/src/build/scicobot_move_on/CMakeFiles/CMakeTmp'
Building C object CMakeFiles/cmTC_91a56.dir/src.c.o
/usr/bin/cc   -DCMAKE_HAVE_LIBC_PTHREAD   -o CMakeFiles/cmTC_91a56.dir/src.c.o   -c /home/otavio/scicobot_rasp/src/build/scicobot_move_on/CMakeFiles/CMakeTmp/src.c
Linking C executable cmTC_91a56
/usr/bin/cmake -E cmake_link_script CMakeFiles/cmTC_91a56.dir/link.txt --verbose=1
/usr/bin/cc  -DCMAKE_HAVE_LIBC_PTHREAD    CMakeFiles/cmTC_91a56.dir/src.c.o  -o cmTC_91a56 
/usr/bin/ld: CMakeFiles/cmTC_91a56.dir/src.c.o: na função "main":
src.c:(.text+0x46): referência não definida para "pthread_create"
/usr/bin/ld: src.c:(.text+0x52): referência não definida para "pthread_detach"
/usr/bin/ld: src.c:(.text+0x63): referência não definida para "pthread_join"
collect2: error: ld returned 1 exit status
make[1]: *** [CMakeFiles/cmTC_91a56.dir/build.make:87: cmTC_91a56] Erro 1
make[1]: Saindo do diretório '/home/otavio/scicobot_rasp/src/build/scicobot_move_on/CMakeFiles/CMakeTmp'
make: *** [Makefile:121: cmTC_91a56/fast] Erro 2


Source file was:
#include <pthread.h>

void* test_func(void* data)
{
  return data;
}

int main(void)
{
  pthread_t thread;
  pthread_create(&thread, NULL, test_func, NULL);
  pthread_detach(thread);
  pthread_join(thread, NULL);
  pthread_atfork(NULL, NULL, NULL);
  pthread_exit(NULL);

  return 0;
}

Determining if the function pthread_create exists in the pthreads failed with the following output:
Change Dir: /home/otavio/scicobot_rasp/src/build/scicobot_move_on/CMakeFiles/CMakeTmp

Run Build Command(s):/usr/bin/make cmTC_ee600/fast && /usr/bin/make -f CMakeFiles/cmTC_ee600.dir/build.make CMakeFiles/cmTC_ee600.dir/build
make[1]: Entrando no diretório '/home/otavio/scicobot_rasp/src/build/scicobot_move_on/CMakeFiles/CMakeTmp'
Building C object CMakeFiles/cmTC_ee600.dir/CheckFunctionExists.c.o
/usr/bin/cc   -DCHECK_FUNCTION_EXISTS=pthread_create   -o CMakeFiles/cmTC_ee600.dir/CheckFunctionExists.c.o   -c /usr/share/cmake-3.16/Modules/CheckFunctionExists.c
Linking C executable cmTC_ee600
/usr/bin/cmake -E cmake_link_script CMakeFiles/cmTC_ee600.dir/link.txt --verbose=1
/usr/bin/cc  -DCHECK_FUNCTION_EXISTS=pthread_create    CMakeFiles/cmTC_ee600.dir/CheckFunctionExists.c.o  -o cmTC_ee600  -lpthreads 
/usr/bin/ld: não foi possível localizar -lpthreads
collect2: error: ld returned 1 exit status
make[1]: *** [CMakeFiles/cmTC_ee600.dir/build.make:87: cmTC_ee600] Erro 1
make[1]: Saindo do diretório '/home/otavio/scicobot_rasp/src/build/scicobot_move_on/CMakeFiles/CMakeTmp'
make: *** [Makefile:121: cmTC_ee600/fast] Erro 2



